Model: "sequential"
┏━━━━━━━━━━━━━━━━━━━━━━━━━━━━━━━━━┳━━━━━━━━━━━━━━━━━━━━━━━━┳━━━━━━━━━━━━━━━┓
┃ Layer (type)                    ┃ Output Shape           ┃       Param # ┃
┡━━━━━━━━━━━━━━━━━━━━━━━━━━━━━━━━━╇━━━━━━━━━━━━━━━━━━━━━━━━╇━━━━━━━━━━━━━━━┩
│ conv2d (Conv2D)                 │ (None, 62, 62, 9)      │            90 │
├─────────────────────────────────┼────────────────────────┼───────────────┤
│ conv2d_1 (Conv2D)               │ (None, 60, 60, 9)      │           738 │
├─────────────────────────────────┼────────────────────────┼───────────────┤
│ conv2d_2 (Conv2D)               │ (None, 58, 58, 9)      │           738 │
├─────────────────────────────────┼────────────────────────┼───────────────┤
│ max_pooling2d (MaxPooling2D)    │ (None, 29, 29, 9)      │             0 │
├─────────────────────────────────┼────────────────────────┼───────────────┤
│ conv2d_3 (Conv2D)               │ (None, 27, 27, 9)      │           738 │
├─────────────────────────────────┼────────────────────────┼───────────────┤
│ max_pooling2d_1 (MaxPooling2D)  │ (None, 13, 13, 9)      │             0 │
├─────────────────────────────────┼────────────────────────┼───────────────┤
│ dropout (Dropout)               │ (None, 13, 13, 9)      │             0 │
├─────────────────────────────────┼────────────────────────┼───────────────┤
│ conv2d_4 (Conv2D)               │ (None, 11, 11, 9)      │           738 │
├─────────────────────────────────┼────────────────────────┼───────────────┤
│ max_pooling2d_2 (MaxPooling2D)  │ (None, 5, 5, 9)        │             0 │
├─────────────────────────────────┼────────────────────────┼───────────────┤
│ dropout_1 (Dropout)             │ (None, 5, 5, 9)        │             0 │
├─────────────────────────────────┼────────────────────────┼───────────────┤
│ flatten (Flatten)               │ (None, 225)            │             0 │
├─────────────────────────────────┼────────────────────────┼───────────────┤
│ dense (Dense)                   │ (None, 4096)           │       925,696 │
├─────────────────────────────────┼────────────────────────┼───────────────┤
│ dropout_2 (Dropout)             │ (None, 4096)           │             0 │
├─────────────────────────────────┼────────────────────────┼───────────────┤
│ dense_1 (Dense)                 │ (None, 4096)           │    16,781,312 │
├─────────────────────────────────┼────────────────────────┼───────────────┤
│ dropout_3 (Dropout)             │ (None, 4096)           │             0 │
├─────────────────────────────────┼────────────────────────┼───────────────┤
│ dense_2 (Dense)                 │ (None, 6583)           │    26,970,551 │
└─────────────────────────────────┴────────────────────────┴───────────────┘
 Total params: 44,680,601 (170.44 MB)
 Trainable params: 44,680,601 (170.44 MB)
 Non-trainable params: 0 (0.00 B)
None
Epoch 1/100
322/322 - 55s - 172ms/step - accuracy: 0.0017 - loss: 8.5534
Epoch 2/100
322/322 - 14s - 44ms/step - accuracy: 0.0481 - loss: 6.1052
Epoch 3/100
322/322 - 14s - 44ms/step - accuracy: 0.1734 - loss: 4.2741
Epoch 4/100
322/322 - 14s - 44ms/step - accuracy: 0.3012 - loss: 3.2444
Epoch 5/100
322/322 - 14s - 45ms/step - accuracy: 0.4015 - loss: 2.6142
Epoch 6/100
322/322 - 14s - 44ms/step - accuracy: 0.4785 - loss: 2.1843
Epoch 7/100
322/322 - 14s - 45ms/step - accuracy: 0.5365 - loss: 1.8818
Epoch 8/100
322/322 - 14s - 45ms/step - accuracy: 0.5806 - loss: 1.6633
Epoch 9/100
322/322 - 14s - 45ms/step - accuracy: 0.6100 - loss: 1.5322
Epoch 10/100
322/322 - 15s - 45ms/step - accuracy: 0.6476 - loss: 1.3548
Epoch 11/100
322/322 - 14s - 45ms/step - accuracy: 0.6724 - loss: 1.2392
Epoch 12/100
322/322 - 14s - 45ms/step - accuracy: 0.6917 - loss: 1.1540
Epoch 13/100
322/322 - 15s - 45ms/step - accuracy: 0.7094 - loss: 1.0766
Epoch 14/100
322/322 - 14s - 45ms/step - accuracy: 0.7163 - loss: 1.0491
Epoch 15/100
322/322 - 15s - 45ms/step - accuracy: 0.7395 - loss: 0.9444
Epoch 16/100
322/322 - 15s - 45ms/step - accuracy: 0.7510 - loss: 0.8974
Epoch 17/100
322/322 - 15s - 45ms/step - accuracy: 0.7624 - loss: 0.8488
Epoch 18/100
322/322 - 15s - 45ms/step - accuracy: 0.7721 - loss: 0.8116
Epoch 19/100
322/322 - 14s - 45ms/step - accuracy: 0.7795 - loss: 0.7808
Epoch 20/100
322/322 - 15s - 45ms/step - accuracy: 0.7898 - loss: 0.7399
Epoch 21/100
322/322 - 15s - 45ms/step - accuracy: 0.7961 - loss: 0.7149
Epoch 22/100
322/322 - 14s - 45ms/step - accuracy: 0.8038 - loss: 0.6854
Epoch 23/100
322/322 - 14s - 45ms/step - accuracy: 0.8096 - loss: 0.6617
Epoch 24/100
322/322 - 14s - 45ms/step - accuracy: 0.8175 - loss: 0.6278
Epoch 25/100
322/322 - 14s - 45ms/step - accuracy: 0.8225 - loss: 0.6098
Epoch 26/100
322/322 - 15s - 45ms/step - accuracy: 0.8277 - loss: 0.5895
Epoch 27/100
322/322 - 14s - 45ms/step - accuracy: 0.8324 - loss: 0.5709
Epoch 28/100
322/322 - 14s - 45ms/step - accuracy: 0.8378 - loss: 0.5499
Epoch 29/100
322/322 - 14s - 45ms/step - accuracy: 0.8397 - loss: 0.5423
Epoch 30/100
322/322 - 14s - 45ms/step - accuracy: 0.8461 - loss: 0.5182
Epoch 31/100
322/322 - 14s - 45ms/step - accuracy: 0.8500 - loss: 0.5032
Epoch 32/100
322/322 - 14s - 45ms/step - accuracy: 0.8533 - loss: 0.4907
Epoch 33/100
322/322 - 15s - 45ms/step - accuracy: 0.8574 - loss: 0.4742
Epoch 34/100
322/322 - 15s - 45ms/step - accuracy: 0.8632 - loss: 0.4575
Epoch 35/100
322/322 - 15s - 45ms/step - accuracy: 0.8648 - loss: 0.4466
Epoch 36/100
322/322 - 15s - 45ms/step - accuracy: 0.8686 - loss: 0.4354
Epoch 37/100
322/322 - 14s - 45ms/step - accuracy: 0.8723 - loss: 0.4191
Epoch 38/100
322/322 - 15s - 45ms/step - accuracy: 0.8740 - loss: 0.4140
Epoch 39/100
322/322 - 15s - 45ms/step - accuracy: 0.8774 - loss: 0.4009
Epoch 40/100
322/322 - 14s - 45ms/step - accuracy: 0.8787 - loss: 0.3976
Epoch 41/100
322/322 - 14s - 45ms/step - accuracy: 0.8823 - loss: 0.3852
Epoch 42/100
322/322 - 14s - 45ms/step - accuracy: 0.8856 - loss: 0.3735
Epoch 43/100
322/322 - 14s - 45ms/step - accuracy: 0.8878 - loss: 0.3685
Epoch 44/100
322/322 - 14s - 45ms/step - accuracy: 0.8880 - loss: 0.3652
Epoch 45/100
322/322 - 14s - 45ms/step - accuracy: 0.8905 - loss: 0.3552
Epoch 46/100
322/322 - 14s - 45ms/step - accuracy: 0.8919 - loss: 0.3520
Epoch 47/100
322/322 - 15s - 45ms/step - accuracy: 0.8947 - loss: 0.3427
Epoch 48/100
322/322 - 14s - 45ms/step - accuracy: 0.8968 - loss: 0.3354
Epoch 49/100
322/322 - 14s - 45ms/step - accuracy: 0.8983 - loss: 0.3282
Epoch 50/100
322/322 - 14s - 45ms/step - accuracy: 0.8999 - loss: 0.3236
Epoch 51/100
322/322 - 14s - 45ms/step - accuracy: 0.9024 - loss: 0.3146
Epoch 52/100
322/322 - 15s - 45ms/step - accuracy: 0.9042 - loss: 0.3102
Epoch 53/100
322/322 - 14s - 45ms/step - accuracy: 0.9051 - loss: 0.3051
Epoch 54/100
322/322 - 15s - 45ms/step - accuracy: 0.9061 - loss: 0.3021
Epoch 55/100
322/322 - 15s - 45ms/step - accuracy: 0.9081 - loss: 0.2961
Epoch 56/100
322/322 - 15s - 45ms/step - accuracy: 0.9108 - loss: 0.2869
Epoch 57/100
322/322 - 14s - 45ms/step - accuracy: 0.9108 - loss: 0.2870
Epoch 58/100
322/322 - 14s - 45ms/step - accuracy: 0.9127 - loss: 0.2813
Epoch 59/100
322/322 - 14s - 45ms/step - accuracy: 0.9143 - loss: 0.2749
Epoch 60/100
322/322 - 14s - 45ms/step - accuracy: 0.9164 - loss: 0.2679
Epoch 61/100
322/322 - 14s - 45ms/step - accuracy: 0.9170 - loss: 0.2670
Epoch 62/100
322/322 - 14s - 45ms/step - accuracy: 0.9179 - loss: 0.2619
Epoch 63/100
322/322 - 15s - 45ms/step - accuracy: 0.9185 - loss: 0.2588
Epoch 64/100
322/322 - 14s - 45ms/step - accuracy: 0.9219 - loss: 0.2502
Epoch 65/100
322/322 - 14s - 45ms/step - accuracy: 0.9224 - loss: 0.2501
Epoch 66/100
322/322 - 14s - 45ms/step - accuracy: 0.9227 - loss: 0.2456
Epoch 67/100
322/322 - 14s - 45ms/step - accuracy: 0.9234 - loss: 0.2439
Epoch 68/100
322/322 - 14s - 45ms/step - accuracy: 0.9241 - loss: 0.2410
Epoch 69/100
322/322 - 15s - 45ms/step - accuracy: 0.9258 - loss: 0.2362
Epoch 70/100
322/322 - 15s - 45ms/step - accuracy: 0.9261 - loss: 0.2339
Epoch 71/100
322/322 - 15s - 45ms/step - accuracy: 0.9259 - loss: 0.2359
Epoch 72/100
322/322 - 14s - 45ms/step - accuracy: 0.9276 - loss: 0.2306
Epoch 73/100
322/322 - 14s - 45ms/step - accuracy: 0.9284 - loss: 0.2292
Epoch 74/100
322/322 - 15s - 45ms/step - accuracy: 0.9290 - loss: 0.2269
Epoch 75/100
322/322 - 14s - 45ms/step - accuracy: 0.9295 - loss: 0.2249
Epoch 76/100
322/322 - 14s - 45ms/step - accuracy: 0.9305 - loss: 0.2216
Epoch 77/100
322/322 - 14s - 45ms/step - accuracy: 0.9314 - loss: 0.2185
Epoch 78/100
322/322 - 14s - 45ms/step - accuracy: 0.9316 - loss: 0.2178
Epoch 79/100
322/322 - 14s - 45ms/step - accuracy: 0.9331 - loss: 0.2122
Epoch 80/100
322/322 - 15s - 45ms/step - accuracy: 0.9326 - loss: 0.2158
Epoch 81/100
322/322 - 14s - 45ms/step - accuracy: 0.9327 - loss: 0.2128
Epoch 82/100
322/322 - 15s - 45ms/step - accuracy: 0.9344 - loss: 0.2092
Epoch 83/100
322/322 - 15s - 45ms/step - accuracy: 0.9353 - loss: 0.2025
Epoch 84/100
322/322 - 14s - 45ms/step - accuracy: 0.9353 - loss: 0.2040
Epoch 85/100
322/322 - 14s - 45ms/step - accuracy: 0.9361 - loss: 0.2025
Epoch 86/100
322/322 - 14s - 45ms/step - accuracy: 0.9364 - loss: 0.2014
Epoch 87/100
322/322 - 15s - 45ms/step - accuracy: 0.9372 - loss: 0.1980
Epoch 88/100
322/322 - 14s - 45ms/step - accuracy: 0.9377 - loss: 0.1971
Epoch 89/100
322/322 - 14s - 45ms/step - accuracy: 0.9377 - loss: 0.1977
Epoch 90/100
322/322 - 14s - 45ms/step - accuracy: 0.9390 - loss: 0.1932
Epoch 91/100
322/322 - 14s - 45ms/step - accuracy: 0.9407 - loss: 0.1873
Epoch 92/100
322/322 - 15s - 45ms/step - accuracy: 0.9406 - loss: 0.1872
Epoch 93/100
322/322 - 15s - 45ms/step - accuracy: 0.9413 - loss: 0.1849
Epoch 94/100
322/322 - 14s - 45ms/step - accuracy: 0.9408 - loss: 0.1886
Epoch 95/100
322/322 - 15s - 45ms/step - accuracy: 0.9416 - loss: 0.1858
Epoch 96/100
322/322 - 14s - 45ms/step - accuracy: 0.9433 - loss: 0.1788
Epoch 97/100
322/322 - 14s - 45ms/step - accuracy: 0.9427 - loss: 0.1810
Epoch 98/100
322/322 - 14s - 45ms/step - accuracy: 0.9440 - loss: 0.1775
Epoch 99/100
322/322 - 14s - 45ms/step - accuracy: 0.9445 - loss: 0.1743
Epoch 100/100
322/322 - 15s - 45ms/step - accuracy: 0.9444 - loss: 0.1772
322/322 - 13s - 40ms/step - accuracy: 0.9916 - loss: 0.0265
loss: 0.02645738236606121
acc: 0.9916451573371887
