Model: "sequential"
┏━━━━━━━━━━━━━━━━━━━━━━━━━━━━━━━━━┳━━━━━━━━━━━━━━━━━━━━━━━━┳━━━━━━━━━━━━━━━┓
┃ Layer (type)                    ┃ Output Shape           ┃       Param # ┃
┡━━━━━━━━━━━━━━━━━━━━━━━━━━━━━━━━━╇━━━━━━━━━━━━━━━━━━━━━━━━╇━━━━━━━━━━━━━━━┩
│ conv2d (Conv2D)                 │ (None, 62, 62, 9)      │            90 │
├─────────────────────────────────┼────────────────────────┼───────────────┤
│ max_pooling2d (MaxPooling2D)    │ (None, 31, 31, 9)      │             0 │
├─────────────────────────────────┼────────────────────────┼───────────────┤
│ conv2d_1 (Conv2D)               │ (None, 29, 29, 18)     │         1,476 │
├─────────────────────────────────┼────────────────────────┼───────────────┤
│ max_pooling2d_1 (MaxPooling2D)  │ (None, 14, 14, 18)     │             0 │
├─────────────────────────────────┼────────────────────────┼───────────────┤
│ conv2d_2 (Conv2D)               │ (None, 12, 12, 27)     │         4,401 │
├─────────────────────────────────┼────────────────────────┼───────────────┤
│ max_pooling2d_2 (MaxPooling2D)  │ (None, 6, 6, 27)       │             0 │
├─────────────────────────────────┼────────────────────────┼───────────────┤
│ dropout (Dropout)               │ (None, 6, 6, 27)       │             0 │
├─────────────────────────────────┼────────────────────────┼───────────────┤
│ flatten (Flatten)               │ (None, 972)            │             0 │
├─────────────────────────────────┼────────────────────────┼───────────────┤
│ dense (Dense)                   │ (None, 4096)           │     3,985,408 │
├─────────────────────────────────┼────────────────────────┼───────────────┤
│ dropout_1 (Dropout)             │ (None, 4096)           │             0 │
├─────────────────────────────────┼────────────────────────┼───────────────┤
│ dense_1 (Dense)                 │ (None, 4096)           │    16,781,312 │
├─────────────────────────────────┼────────────────────────┼───────────────┤
│ dropout_2 (Dropout)             │ (None, 4096)           │             0 │
├─────────────────────────────────┼────────────────────────┼───────────────┤
│ dense_2 (Dense)                 │ (None, 6583)           │    26,970,551 │
└─────────────────────────────────┴────────────────────────┴───────────────┘
 Total params: 47,743,238 (182.13 MB)
 Trainable params: 47,743,238 (182.13 MB)
 Non-trainable params: 0 (0.00 B)
None
Epoch 1/20
643/643 - 81s - 126ms/step - accuracy: 0.0066 - loss: 8.2331
Epoch 2/20
643/643 - 15s - 24ms/step - accuracy: 0.1495 - loss: 5.9016
Epoch 3/20
643/643 - 15s - 24ms/step - accuracy: 0.4228 - loss: 4.2119
Epoch 4/20
643/643 - 15s - 24ms/step - accuracy: 0.6193 - loss: 3.2992
Epoch 5/20
643/643 - 15s - 24ms/step - accuracy: 0.7270 - loss: 2.8083
Epoch 6/20
643/643 - 15s - 24ms/step - accuracy: 0.7902 - loss: 2.5091
Epoch 7/20
643/643 - 16s - 24ms/step - accuracy: 0.8322 - loss: 2.3018
Epoch 8/20
643/643 - 15s - 24ms/step - accuracy: 0.8612 - loss: 2.1502
Epoch 9/20
643/643 - 15s - 24ms/step - accuracy: 0.8838 - loss: 2.0355
Epoch 10/20
643/643 - 16s - 24ms/step - accuracy: 0.9012 - loss: 1.9441
Epoch 11/20
643/643 - 17s - 27ms/step - accuracy: 0.9149 - loss: 1.8705
Epoch 12/20
643/643 - 22s - 35ms/step - accuracy: 0.9257 - loss: 1.8112
Epoch 13/20
643/643 - 15s - 24ms/step - accuracy: 0.9349 - loss: 1.7612
Epoch 14/20
643/643 - 15s - 24ms/step - accuracy: 0.9426 - loss: 1.7186
Epoch 15/20
643/643 - 15s - 24ms/step - accuracy: 0.9492 - loss: 1.6827
Epoch 16/20
643/643 - 15s - 24ms/step - accuracy: 0.9549 - loss: 1.6507
Epoch 17/20
643/643 - 15s - 24ms/step - accuracy: 0.9594 - loss: 1.6248
Epoch 18/20
643/643 - 15s - 24ms/step - accuracy: 0.9639 - loss: 1.5997
Epoch 19/20
643/643 - 15s - 24ms/step - accuracy: 0.9675 - loss: 1.5788
Epoch 20/20
643/643 - 15s - 24ms/step - accuracy: 0.9708 - loss: 1.5597
643/643 - 13s - 21ms/step - accuracy: 0.9930 - loss: 1.4272
loss: 1.4272459745407104
acc: 0.9930366277694702
