Model: "sequential"
┏━━━━━━━━━━━━━━━━━━━━━━━━━━━━━━━━━┳━━━━━━━━━━━━━━━━━━━━━━━━┳━━━━━━━━━━━━━━━┓
┃ Layer (type)                    ┃ Output Shape           ┃       Param # ┃
┡━━━━━━━━━━━━━━━━━━━━━━━━━━━━━━━━━╇━━━━━━━━━━━━━━━━━━━━━━━━╇━━━━━━━━━━━━━━━┩
│ conv2d (Conv2D)                 │ (None, 62, 62, 128)    │         1,280 │
├─────────────────────────────────┼────────────────────────┼───────────────┤
│ max_pooling2d (MaxPooling2D)    │ (None, 31, 31, 128)    │             0 │
├─────────────────────────────────┼────────────────────────┼───────────────┤
│ conv2d_1 (Conv2D)               │ (None, 29, 29, 192)    │       221,376 │
├─────────────────────────────────┼────────────────────────┼───────────────┤
│ max_pooling2d_1 (MaxPooling2D)  │ (None, 14, 14, 192)    │             0 │
├─────────────────────────────────┼────────────────────────┼───────────────┤
│ dropout (Dropout)               │ (None, 14, 14, 192)    │             0 │
├─────────────────────────────────┼────────────────────────┼───────────────┤
│ conv2d_2 (Conv2D)               │ (None, 12, 12, 256)    │       442,624 │
├─────────────────────────────────┼────────────────────────┼───────────────┤
│ max_pooling2d_2 (MaxPooling2D)  │ (None, 6, 6, 256)      │             0 │
├─────────────────────────────────┼────────────────────────┼───────────────┤
│ dropout_1 (Dropout)             │ (None, 6, 6, 256)      │             0 │
├─────────────────────────────────┼────────────────────────┼───────────────┤
│ conv2d_3 (Conv2D)               │ (None, 4, 4, 256)      │       590,080 │
├─────────────────────────────────┼────────────────────────┼───────────────┤
│ max_pooling2d_3 (MaxPooling2D)  │ (None, 2, 2, 256)      │             0 │
├─────────────────────────────────┼────────────────────────┼───────────────┤
│ dropout_2 (Dropout)             │ (None, 2, 2, 256)      │             0 │
├─────────────────────────────────┼────────────────────────┼───────────────┤
│ flatten (Flatten)               │ (None, 1024)           │             0 │
├─────────────────────────────────┼────────────────────────┼───────────────┤
│ dense (Dense)                   │ (None, 4096)           │     4,198,400 │
├─────────────────────────────────┼────────────────────────┼───────────────┤
│ dropout_3 (Dropout)             │ (None, 4096)           │             0 │
├─────────────────────────────────┼────────────────────────┼───────────────┤
│ dense_1 (Dense)                 │ (None, 4096)           │    16,781,312 │
├─────────────────────────────────┼────────────────────────┼───────────────┤
│ dropout_4 (Dropout)             │ (None, 4096)           │             0 │
├─────────────────────────────────┼────────────────────────┼───────────────┤
│ dense_2 (Dense)                 │ (None, 4096)           │    16,781,312 │
├─────────────────────────────────┼────────────────────────┼───────────────┤
│ dropout_5 (Dropout)             │ (None, 4096)           │             0 │
├─────────────────────────────────┼────────────────────────┼───────────────┤
│ dense_3 (Dense)                 │ (None, 6584)           │    26,974,648 │
└─────────────────────────────────┴────────────────────────┴───────────────┘
 Total params: 65,991,032 (251.74 MB)
 Trainable params: 65,991,032 (251.74 MB)
 Non-trainable params: 0 (0.00 B)
None
Epoch 1/100
2100/2100 - 57s - 27ms/step - accuracy: 0.0270 - loss: 6.8624
Epoch 2/100
2100/2100 - 45s - 21ms/step - accuracy: 0.1982 - loss: 4.5911
Epoch 3/100
2100/2100 - 45s - 21ms/step - accuracy: 0.3209 - loss: 3.4082
Epoch 4/100
2100/2100 - 45s - 21ms/step - accuracy: 0.4184 - loss: 2.7562
Epoch 5/100
2100/2100 - 44s - 21ms/step - accuracy: 0.4924 - loss: 2.3565
Epoch 6/100
2100/2100 - 44s - 21ms/step - accuracy: 0.5385 - loss: 2.1320
Epoch 7/100
2100/2100 - 44s - 21ms/step - accuracy: 0.5718 - loss: 1.9845
Epoch 8/100
2100/2100 - 44s - 21ms/step - accuracy: 0.5973 - loss: 1.8678
Epoch 9/100
2100/2100 - 45s - 21ms/step - accuracy: 0.6142 - loss: 1.7984
Epoch 10/100
2100/2100 - 44s - 21ms/step - accuracy: 0.6280 - loss: 1.7427
Epoch 11/100
2100/2100 - 44s - 21ms/step - accuracy: 0.6363 - loss: 1.7082
Epoch 12/100
2100/2100 - 44s - 21ms/step - accuracy: 0.6446 - loss: 1.6839
Epoch 13/100
2100/2100 - 44s - 21ms/step - accuracy: 0.6510 - loss: 1.6486
Epoch 14/100
2100/2100 - 45s - 21ms/step - accuracy: 0.6572 - loss: 1.6306
Epoch 15/100
2100/2100 - 44s - 21ms/step - accuracy: 0.6616 - loss: 1.6263
Epoch 16/100
2100/2100 - 44s - 21ms/step - accuracy: 0.6643 - loss: 1.6081
Epoch 17/100
2100/2100 - 44s - 21ms/step - accuracy: 0.6681 - loss: 1.6008
Epoch 18/100
2100/2100 - 44s - 21ms/step - accuracy: 0.6713 - loss: 1.5949
Epoch 19/100
2100/2100 - 44s - 21ms/step - accuracy: 0.6730 - loss: 1.5825
Epoch 20/100
2100/2100 - 44s - 21ms/step - accuracy: 0.6759 - loss: 1.5851
Epoch 21/100
2100/2100 - 44s - 21ms/step - accuracy: 0.6744 - loss: 1.5856
Epoch 22/100
2100/2100 - 44s - 21ms/step - accuracy: 0.6782 - loss: 1.6080
Epoch 23/100
2100/2100 - 44s - 21ms/step - accuracy: 0.6749 - loss: 1.6117
Epoch 24/100
2100/2100 - 44s - 21ms/step - accuracy: 0.6795 - loss: 1.5918
Epoch 25/100
2100/2100 - 44s - 21ms/step - accuracy: 0.6798 - loss: 1.6200
Epoch 26/100
2100/2100 - 44s - 21ms/step - accuracy: 0.6777 - loss: 1.7181
Epoch 27/100
2100/2100 - 44s - 21ms/step - accuracy: 0.6810 - loss: 1.6970
Epoch 28/100
2100/2100 - 44s - 21ms/step - accuracy: 0.6825 - loss: 1.7213
Epoch 29/100
2100/2100 - 44s - 21ms/step - accuracy: 0.6807 - loss: 1.6968
Epoch 30/100
2100/2100 - 44s - 21ms/step - accuracy: 0.6819 - loss: 1.7222
Epoch 31/100
2100/2100 - 44s - 21ms/step - accuracy: 0.6830 - loss: 1.7199
Epoch 32/100
2100/2100 - 44s - 21ms/step - accuracy: 0.6829 - loss: 1.7160
Epoch 33/100
