2025-02-16 09:51:02.408106: I tensorflow/core/util/port.cc:153] oneDNN custom operations are on. You may see slightly different numerical results due to floating-point round-off errors from different computation orders. To turn them off, set the environment variable `TF_ENABLE_ONEDNN_OPTS=0`.
2025-02-16 09:51:02.416724: E external/local_xla/xla/stream_executor/cuda/cuda_fft.cc:477] Unable to register cuFFT factory: Attempting to register factory for plugin cuFFT when one has already been registered
WARNING: All log messages before absl::InitializeLog() is called are written to STDERR
E0000 00:00:1739699462.426161  361257 cuda_dnn.cc:8310] Unable to register cuDNN factory: Attempting to register factory for plugin cuDNN when one has already been registered
E0000 00:00:1739699462.429049  361257 cuda_blas.cc:1418] Unable to register cuBLAS factory: Attempting to register factory for plugin cuBLAS when one has already been registered
2025-02-16 09:51:02.441220: I tensorflow/core/platform/cpu_feature_guard.cc:210] This TensorFlow binary is optimized to use available CPU instructions in performance-critical operations.
To enable the following instructions: AVX2 AVX512F AVX512_VNNI FMA, in other operations, rebuild TensorFlow with the appropriate compiler flags.
I0000 00:00:1739699465.726525  361257 gpu_device.cc:2022] Created device /job:localhost/replica:0/task:0/device:GPU:0 with 22497 MB memory:  -> device: 0, name: NVIDIA RTX A5000, pci bus id: 0000:01:00.0, compute capability: 8.6
2025-02-16 09:51:07.357338: E tensorflow/core/util/util.cc:131] oneDNN supports DT_HALF only on platforms with AVX-512. Falling back to the default Eigen-based implementation if present.
WARNING: All log messages before absl::InitializeLog() is called are written to STDERR
I0000 00:00:1739699467.373316  361302 service.cc:148] XLA service 0x7f8a3c011b20 initialized for platform CUDA (this does not guarantee that XLA will be used). Devices:
I0000 00:00:1739699467.373340  361302 service.cc:156]   StreamExecutor device (0): NVIDIA RTX A5000, Compute Capability 8.6
2025-02-16 09:51:07.403395: I tensorflow/compiler/mlir/tensorflow/utils/dump_mlir_util.cc:268] disabling MLIR crash reproducer, set env var `MLIR_CRASH_REPRODUCER_DIRECTORY` to enable.
I0000 00:00:1739699467.560709  361302 cuda_dnn.cc:529] Loaded cuDNN version 90501
2025-02-16 09:51:08.334937: I external/local_xla/xla/stream_executor/cuda/cuda_asm_compiler.cc:397] ptxas warning : Registers are spilled to local memory in function 'gemm_fusion_dot_3174', 88 bytes spill stores, 88 bytes spill loads

2025-02-16 09:51:08.524758: I external/local_xla/xla/stream_executor/cuda/cuda_asm_compiler.cc:397] ptxas warning : Registers are spilled to local memory in function 'gemm_fusion_dot_3174_0', 692 bytes spill stores, 636 bytes spill loads

2025-02-16 09:51:08.958680: I external/local_xla/xla/stream_executor/cuda/cuda_asm_compiler.cc:397] ptxas warning : Registers are spilled to local memory in function 'gemm_fusion_dot_3174', 312 bytes spill stores, 312 bytes spill loads

2025-02-16 09:51:09.064659: I external/local_xla/xla/stream_executor/cuda/cuda_asm_compiler.cc:397] ptxas warning : Registers are spilled to local memory in function 'gemm_fusion_dot_3174', 80 bytes spill stores, 80 bytes spill loads

2025-02-16 09:51:09.163957: I external/local_xla/xla/stream_executor/cuda/cuda_asm_compiler.cc:397] ptxas warning : Registers are spilled to local memory in function 'gemm_fusion_dot_3174', 52 bytes spill stores, 52 bytes spill loads

2025-02-16 09:51:09.258809: I external/local_xla/xla/stream_executor/cuda/cuda_asm_compiler.cc:397] ptxas warning : Registers are spilled to local memory in function 'gemm_fusion_dot_3174', 1140 bytes spill stores, 1112 bytes spill loads

2025-02-16 09:51:09.286999: I external/local_xla/xla/stream_executor/cuda/cuda_asm_compiler.cc:397] ptxas warning : Registers are spilled to local memory in function 'gemm_fusion_dot_3469', 1204 bytes spill stores, 932 bytes spill loads

I0000 00:00:1739699473.663024  361302 device_compiler.h:188] Compiled cluster using XLA!  This line is logged at most once for the lifetime of the process.
2025-02-16 09:51:59.091308: I external/local_xla/xla/stream_executor/cuda/cuda_asm_compiler.cc:397] ptxas warning : Registers are spilled to local memory in function 'gemm_fusion_dot_3174', 80 bytes spill stores, 80 bytes spill loads

2025-02-16 09:51:59.300459: I external/local_xla/xla/stream_executor/cuda/cuda_asm_compiler.cc:397] ptxas warning : Registers are spilled to local memory in function 'gemm_fusion_dot_3174', 68 bytes spill stores, 68 bytes spill loads

2025-02-16 09:51:59.304162: I external/local_xla/xla/stream_executor/cuda/cuda_asm_compiler.cc:397] ptxas warning : Registers are spilled to local memory in function 'gemm_fusion_dot_3174', 56 bytes spill stores, 56 bytes spill loads

2025-02-16 09:51:59.305914: I external/local_xla/xla/stream_executor/cuda/cuda_asm_compiler.cc:397] ptxas warning : Registers are spilled to local memory in function 'gemm_fusion_dot_3174', 344 bytes spill stores, 344 bytes spill loads

2025-02-16 09:51:59.435363: I external/local_xla/xla/stream_executor/cuda/cuda_asm_compiler.cc:397] ptxas warning : Registers are spilled to local memory in function 'gemm_fusion_dot_3174_0', 944 bytes spill stores, 644 bytes spill loads

2025-02-16 09:51:59.646766: I external/local_xla/xla/stream_executor/cuda/cuda_asm_compiler.cc:397] ptxas warning : Registers are spilled to local memory in function 'gemm_fusion_dot_3174', 1524 bytes spill stores, 1108 bytes spill loads

2025-02-16 09:51:59.937041: I external/local_xla/xla/stream_executor/cuda/cuda_asm_compiler.cc:397] ptxas warning : Registers are spilled to local memory in function 'gemm_fusion_dot_3469', 68 bytes spill stores, 68 bytes spill loads

2025-02-16 09:52:00.174896: I external/local_xla/xla/stream_executor/cuda/cuda_asm_compiler.cc:397] ptxas warning : Registers are spilled to local memory in function 'gemm_fusion_dot_3469', 736 bytes spill stores, 744 bytes spill loads

2025-02-16 09:52:00.270801: I external/local_xla/xla/stream_executor/cuda/cuda_asm_compiler.cc:397] ptxas warning : Registers are spilled to local memory in function 'gemm_fusion_dot_3469', 48 bytes spill stores, 48 bytes spill loads

2025-02-16 09:52:00.298692: I external/local_xla/xla/stream_executor/cuda/cuda_asm_compiler.cc:397] ptxas warning : Registers are spilled to local memory in function 'gemm_fusion_dot_3469', 4 bytes spill stores, 4 bytes spill loads

slurmstepd: error: *** JOB 1067901 ON falcon-02 CANCELLED AT 2025-02-16T10:04:05 ***
