Model: "sequential"
┏━━━━━━━━━━━━━━━━━━━━━━━━━━━━━━━━━┳━━━━━━━━━━━━━━━━━━━━━━━━┳━━━━━━━━━━━━━━━┓
┃ Layer (type)                    ┃ Output Shape           ┃       Param # ┃
┡━━━━━━━━━━━━━━━━━━━━━━━━━━━━━━━━━╇━━━━━━━━━━━━━━━━━━━━━━━━╇━━━━━━━━━━━━━━━┩
│ conv2d (Conv2D)                 │ (None, 62, 62, 64)     │           640 │
├─────────────────────────────────┼────────────────────────┼───────────────┤
│ max_pooling2d (MaxPooling2D)    │ (None, 31, 31, 64)     │             0 │
├─────────────────────────────────┼────────────────────────┼───────────────┤
│ conv2d_1 (Conv2D)               │ (None, 29, 29, 128)    │        73,856 │
├─────────────────────────────────┼────────────────────────┼───────────────┤
│ max_pooling2d_1 (MaxPooling2D)  │ (None, 14, 14, 128)    │             0 │
├─────────────────────────────────┼────────────────────────┼───────────────┤
│ dropout (Dropout)               │ (None, 14, 14, 128)    │             0 │
├─────────────────────────────────┼────────────────────────┼───────────────┤
│ conv2d_2 (Conv2D)               │ (None, 12, 12, 192)    │       221,376 │
├─────────────────────────────────┼────────────────────────┼───────────────┤
│ max_pooling2d_2 (MaxPooling2D)  │ (None, 6, 6, 192)      │             0 │
├─────────────────────────────────┼────────────────────────┼───────────────┤
│ dropout_1 (Dropout)             │ (None, 6, 6, 192)      │             0 │
├─────────────────────────────────┼────────────────────────┼───────────────┤
│ conv2d_3 (Conv2D)               │ (None, 4, 4, 256)      │       442,624 │
├─────────────────────────────────┼────────────────────────┼───────────────┤
│ max_pooling2d_3 (MaxPooling2D)  │ (None, 2, 2, 256)      │             0 │
├─────────────────────────────────┼────────────────────────┼───────────────┤
│ dropout_2 (Dropout)             │ (None, 2, 2, 256)      │             0 │
├─────────────────────────────────┼────────────────────────┼───────────────┤
│ flatten (Flatten)               │ (None, 1024)           │             0 │
├─────────────────────────────────┼────────────────────────┼───────────────┤
│ dense (Dense)                   │ (None, 2048)           │     2,099,200 │
├─────────────────────────────────┼────────────────────────┼───────────────┤
│ dropout_3 (Dropout)             │ (None, 2048)           │             0 │
├─────────────────────────────────┼────────────────────────┼───────────────┤
│ dense_1 (Dense)                 │ (None, 2048)           │     4,196,352 │
├─────────────────────────────────┼────────────────────────┼───────────────┤
│ dropout_4 (Dropout)             │ (None, 2048)           │             0 │
├─────────────────────────────────┼────────────────────────┼───────────────┤
│ dense_2 (Dense)                 │ (None, 2048)           │     4,196,352 │
├─────────────────────────────────┼────────────────────────┼───────────────┤
│ dense_3 (Dense)                 │ (None, 6584)           │    13,490,616 │
└─────────────────────────────────┴────────────────────────┴───────────────┘
 Total params: 24,721,016 (94.30 MB)
 Trainable params: 24,721,016 (94.30 MB)
 Non-trainable params: 0 (0.00 B)
None
Epoch 1/20
2761/2761 - 48s - 17ms/step - accuracy: 0.0619 - loss: 6.7806
Epoch 2/20
2761/2761 - 31s - 11ms/step - accuracy: 0.2111 - loss: 4.4407
Epoch 3/20
2761/2761 - 32s - 11ms/step - accuracy: 0.3066 - loss: 3.3913
Epoch 4/20
2761/2761 - 32s - 11ms/step - accuracy: 0.3739 - loss: 2.8580
Epoch 5/20
2761/2761 - 31s - 11ms/step - accuracy: 0.4249 - loss: 2.5147
Epoch 6/20
2761/2761 - 31s - 11ms/step - accuracy: 0.4623 - loss: 2.2812
Epoch 7/20
2761/2761 - 31s - 11ms/step - accuracy: 0.4915 - loss: 2.1068
Epoch 8/20
2761/2761 - 31s - 11ms/step - accuracy: 0.5184 - loss: 1.9625
Epoch 9/20
2761/2761 - 31s - 11ms/step - accuracy: 0.5382 - loss: 1.8577
Epoch 10/20
2761/2761 - 32s - 11ms/step - accuracy: 0.5551 - loss: 1.7618
Epoch 11/20
2761/2761 - 31s - 11ms/step - accuracy: 0.5687 - loss: 1.6931
Epoch 12/20
2761/2761 - 32s - 11ms/step - accuracy: 0.5781 - loss: 1.6471
Epoch 13/20
2761/2761 - 31s - 11ms/step - accuracy: 0.5897 - loss: 1.5919
Epoch 14/20
2761/2761 - 31s - 11ms/step - accuracy: 0.5933 - loss: 1.5719
Epoch 15/20
2761/2761 - 31s - 11ms/step - accuracy: 0.6037 - loss: 1.5228
Epoch 16/20
2761/2761 - 31s - 11ms/step - accuracy: 0.6099 - loss: 1.4941
Epoch 17/20
2761/2761 - 31s - 11ms/step - accuracy: 0.6146 - loss: 1.4699
Epoch 18/20
2761/2761 - 31s - 11ms/step - accuracy: 0.6197 - loss: 1.4507
Epoch 19/20
2761/2761 - 31s - 11ms/step - accuracy: 0.6202 - loss: 1.4493
Epoch 20/20
2761/2761 - 31s - 11ms/step - accuracy: 0.6250 - loss: 1.4310
2761/2761 - 13s - 5ms/step - accuracy: 0.8667 - loss: 0.5015
loss: 0.5014665722846985
acc: 0.8667390942573547
