Model: "sequential"
┏━━━━━━━━━━━━━━━━━━━━━━━━━━━━━━━━━┳━━━━━━━━━━━━━━━━━━━━━━━━┳━━━━━━━━━━━━━━━┓
┃ Layer (type)                    ┃ Output Shape           ┃       Param # ┃
┡━━━━━━━━━━━━━━━━━━━━━━━━━━━━━━━━━╇━━━━━━━━━━━━━━━━━━━━━━━━╇━━━━━━━━━━━━━━━┩
│ conv2d (Conv2D)                 │ (None, 62, 62, 9)      │            90 │
├─────────────────────────────────┼────────────────────────┼───────────────┤
│ max_pooling2d (MaxPooling2D)    │ (None, 31, 31, 9)      │             0 │
├─────────────────────────────────┼────────────────────────┼───────────────┤
│ conv2d_1 (Conv2D)               │ (None, 29, 29, 18)     │         1,476 │
├─────────────────────────────────┼────────────────────────┼───────────────┤
│ max_pooling2d_1 (MaxPooling2D)  │ (None, 14, 14, 18)     │             0 │
├─────────────────────────────────┼────────────────────────┼───────────────┤
│ conv2d_2 (Conv2D)               │ (None, 12, 12, 27)     │         4,401 │
├─────────────────────────────────┼────────────────────────┼───────────────┤
│ max_pooling2d_2 (MaxPooling2D)  │ (None, 6, 6, 27)       │             0 │
├─────────────────────────────────┼────────────────────────┼───────────────┤
│ dropout (Dropout)               │ (None, 6, 6, 27)       │             0 │
├─────────────────────────────────┼────────────────────────┼───────────────┤
│ flatten (Flatten)               │ (None, 972)            │             0 │
├─────────────────────────────────┼────────────────────────┼───────────────┤
│ dense (Dense)                   │ (None, 4096)           │     3,985,408 │
├─────────────────────────────────┼────────────────────────┼───────────────┤
│ dropout_1 (Dropout)             │ (None, 4096)           │             0 │
├─────────────────────────────────┼────────────────────────┼───────────────┤
│ dense_1 (Dense)                 │ (None, 4096)           │    16,781,312 │
├─────────────────────────────────┼────────────────────────┼───────────────┤
│ dropout_2 (Dropout)             │ (None, 4096)           │             0 │
├─────────────────────────────────┼────────────────────────┼───────────────┤
│ dense_2 (Dense)                 │ (None, 6583)           │    26,970,551 │
└─────────────────────────────────┴────────────────────────┴───────────────┘
 Total params: 47,743,238 (182.13 MB)
 Trainable params: 47,743,238 (182.13 MB)
 Non-trainable params: 0 (0.00 B)
None
Epoch 1/20
643/643 - 75s - 117ms/step - accuracy: 0.0028 - loss: 2.0651
Epoch 2/20
643/643 - 15s - 24ms/step - accuracy: 0.0893 - loss: 1.3469
Epoch 3/20
643/643 - 16s - 24ms/step - accuracy: 0.3279 - loss: 0.7393
Epoch 4/20
643/643 - 16s - 24ms/step - accuracy: 0.5276 - loss: 0.4375
Epoch 5/20
643/643 - 16s - 24ms/step - accuracy: 0.6400 - loss: 0.3014
Epoch 6/20
643/643 - 16s - 24ms/step - accuracy: 0.7081 - loss: 0.2279
Epoch 7/20
643/643 - 16s - 25ms/step - accuracy: 0.7551 - loss: 0.1810
Epoch 8/20
643/643 - 16s - 25ms/step - accuracy: 0.7894 - loss: 0.1484
Epoch 9/20
643/643 - 16s - 24ms/step - accuracy: 0.8162 - loss: 0.1239
Epoch 10/20
643/643 - 16s - 25ms/step - accuracy: 0.8370 - loss: 0.1057
Epoch 11/20
643/643 - 16s - 25ms/step - accuracy: 0.8553 - loss: 0.0907
Epoch 12/20
643/643 - 16s - 24ms/step - accuracy: 0.8699 - loss: 0.0789
Epoch 13/20
643/643 - 16s - 24ms/step - accuracy: 0.8822 - loss: 0.0691
Epoch 14/20
643/643 - 16s - 25ms/step - accuracy: 0.8927 - loss: 0.0610
Epoch 15/20
643/643 - 16s - 25ms/step - accuracy: 0.9024 - loss: 0.0540
Epoch 16/20
643/643 - 16s - 25ms/step - accuracy: 0.9102 - loss: 0.0480
Epoch 17/20
643/643 - 16s - 25ms/step - accuracy: 0.9175 - loss: 0.0429
Epoch 18/20
643/643 - 16s - 25ms/step - accuracy: 0.9239 - loss: 0.0389
Epoch 19/20
643/643 - 16s - 24ms/step - accuracy: 0.9297 - loss: 0.0350
Epoch 20/20
643/643 - 16s - 25ms/step - accuracy: 0.9342 - loss: 0.0318
643/643 - 14s - 22ms/step - accuracy: 0.9835 - loss: 0.0081
loss: 0.008139434270560741
acc: 0.9835379123687744
