2025-02-17 20:29:20.086922: I tensorflow/core/util/port.cc:153] oneDNN custom operations are on. You may see slightly different numerical results due to floating-point round-off errors from different computation orders. To turn them off, set the environment variable `TF_ENABLE_ONEDNN_OPTS=0`.
2025-02-17 20:29:20.479359: E external/local_xla/xla/stream_executor/cuda/cuda_fft.cc:477] Unable to register cuFFT factory: Attempting to register factory for plugin cuFFT when one has already been registered
WARNING: All log messages before absl::InitializeLog() is called are written to STDERR
E0000 00:00:1739824160.620497   88257 cuda_dnn.cc:8310] Unable to register cuDNN factory: Attempting to register factory for plugin cuDNN when one has already been registered
E0000 00:00:1739824160.660982   88257 cuda_blas.cc:1418] Unable to register cuBLAS factory: Attempting to register factory for plugin cuBLAS when one has already been registered
2025-02-17 20:29:21.034527: I tensorflow/core/platform/cpu_feature_guard.cc:210] This TensorFlow binary is optimized to use available CPU instructions in performance-critical operations.
To enable the following instructions: AVX2 AVX512F AVX512_VNNI FMA, in other operations, rebuild TensorFlow with the appropriate compiler flags.
I0000 00:00:1739824166.228344   88257 gpu_device.cc:2022] Created device /job:localhost/replica:0/task:0/device:GPU:0 with 22497 MB memory:  -> device: 0, name: NVIDIA RTX A5000, pci bus id: 0000:01:00.0, compute capability: 8.6
2025-02-17 20:29:28.154631: E tensorflow/core/util/util.cc:131] oneDNN supports DT_HALF only on platforms with AVX-512. Falling back to the default Eigen-based implementation if present.
WARNING: All log messages before absl::InitializeLog() is called are written to STDERR
I0000 00:00:1739824168.179033   88363 service.cc:148] XLA service 0x7f4f84011c40 initialized for platform CUDA (this does not guarantee that XLA will be used). Devices:
I0000 00:00:1739824168.180291   88363 service.cc:156]   StreamExecutor device (0): NVIDIA RTX A5000, Compute Capability 8.6
2025-02-17 20:29:28.443412: I tensorflow/compiler/mlir/tensorflow/utils/dump_mlir_util.cc:268] disabling MLIR crash reproducer, set env var `MLIR_CRASH_REPRODUCER_DIRECTORY` to enable.
I0000 00:00:1739824168.632806   88363 cuda_dnn.cc:529] Loaded cuDNN version 90501
2025-02-17 20:29:29.429457: I external/local_xla/xla/stream_executor/cuda/cuda_asm_compiler.cc:397] ptxas warning : Registers are spilled to local memory in function 'gemm_fusion_dot_2801', 300 bytes spill stores, 300 bytes spill loads

2025-02-17 20:29:29.684786: I external/local_xla/xla/stream_executor/cuda/cuda_asm_compiler.cc:397] ptxas warning : Registers are spilled to local memory in function 'gemm_fusion_dot_2801', 72 bytes spill stores, 72 bytes spill loads

2025-02-17 20:29:29.807870: I external/local_xla/xla/stream_executor/cuda/cuda_asm_compiler.cc:397] ptxas warning : Registers are spilled to local memory in function 'gemm_fusion_dot_2801', 16 bytes spill stores, 16 bytes spill loads

2025-02-17 20:29:29.851485: I external/local_xla/xla/stream_executor/cuda/cuda_asm_compiler.cc:397] ptxas warning : Registers are spilled to local memory in function 'gemm_fusion_dot_2801_0', 308 bytes spill stores, 308 bytes spill loads

2025-02-17 20:29:29.963516: I external/local_xla/xla/stream_executor/cuda/cuda_asm_compiler.cc:397] ptxas warning : Registers are spilled to local memory in function 'gemm_fusion_dot_2801', 204 bytes spill stores, 204 bytes spill loads

2025-02-17 20:29:30.011828: I external/local_xla/xla/stream_executor/cuda/cuda_asm_compiler.cc:397] ptxas warning : Registers are spilled to local memory in function 'gemm_fusion_dot_2801', 876 bytes spill stores, 880 bytes spill loads

2025-02-17 20:29:30.061839: I external/local_xla/xla/stream_executor/cuda/cuda_asm_compiler.cc:397] ptxas warning : Registers are spilled to local memory in function 'gemm_fusion_dot_2801_0', 292 bytes spill stores, 296 bytes spill loads

2025-02-17 20:29:30.156702: I external/local_xla/xla/stream_executor/cuda/cuda_asm_compiler.cc:397] ptxas warning : Registers are spilled to local memory in function 'gemm_fusion_dot_2801', 1196 bytes spill stores, 1200 bytes spill loads

2025-02-17 20:29:30.610963: I external/local_xla/xla/stream_executor/cuda/cuda_asm_compiler.cc:397] ptxas warning : Registers are spilled to local memory in function 'gemm_fusion_dot_2801', 276 bytes spill stores, 276 bytes spill loads

2025-02-17 20:29:30.887460: I external/local_xla/xla/stream_executor/cuda/cuda_asm_compiler.cc:397] ptxas warning : Registers are spilled to local memory in function 'gemm_fusion_dot_3096', 56 bytes spill stores, 56 bytes spill loads

2025-02-17 20:29:31.101027: I external/local_xla/xla/stream_executor/cuda/cuda_asm_compiler.cc:397] ptxas warning : Registers are spilled to local memory in function 'gemm_fusion_dot_3096', 660 bytes spill stores, 608 bytes spill loads

I0000 00:00:1739824174.464889   88363 device_compiler.h:188] Compiled cluster using XLA!  This line is logged at most once for the lifetime of the process.
2025-02-17 20:30:31.849015: I external/local_xla/xla/stream_executor/cuda/cuda_asm_compiler.cc:397] ptxas warning : Registers are spilled to local memory in function 'gemm_fusion_dot_2801', 20 bytes spill stores, 20 bytes spill loads

2025-02-17 20:30:32.224735: I external/local_xla/xla/stream_executor/cuda/cuda_asm_compiler.cc:397] ptxas warning : Registers are spilled to local memory in function 'gemm_fusion_dot_2801', 100 bytes spill stores, 100 bytes spill loads

2025-02-17 20:30:32.224793: I external/local_xla/xla/stream_executor/cuda/cuda_asm_compiler.cc:397] ptxas warning : Registers are spilled to local memory in function 'gemm_fusion_dot_2801', 1740 bytes spill stores, 1208 bytes spill loads

2025-02-17 20:30:32.280685: I external/local_xla/xla/stream_executor/cuda/cuda_asm_compiler.cc:397] ptxas warning : Registers are spilled to local memory in function 'gemm_fusion_dot_2801', 304 bytes spill stores, 304 bytes spill loads

2025-02-17 20:30:32.303824: I external/local_xla/xla/stream_executor/cuda/cuda_asm_compiler.cc:397] ptxas warning : Registers are spilled to local memory in function 'gemm_fusion_dot_2801_0', 400 bytes spill stores, 372 bytes spill loads

2025-02-17 20:30:32.493866: I external/local_xla/xla/stream_executor/cuda/cuda_asm_compiler.cc:397] ptxas warning : Registers are spilled to local memory in function 'gemm_fusion_dot_2801', 228 bytes spill stores, 220 bytes spill loads

2025-02-17 20:30:32.579683: I external/local_xla/xla/stream_executor/cuda/cuda_asm_compiler.cc:397] ptxas warning : Registers are spilled to local memory in function 'gemm_fusion_dot_2801_0', 572 bytes spill stores, 416 bytes spill loads

2025-02-17 20:30:36.263989: I external/local_xla/xla/stream_executor/cuda/cuda_asm_compiler.cc:397] ptxas warning : Registers are spilled to local memory in function 'gemm_fusion_dot_3096', 44 bytes spill stores, 44 bytes spill loads

2025-02-17 20:30:36.264024: I external/local_xla/xla/stream_executor/cuda/cuda_asm_compiler.cc:397] ptxas warning : Registers are spilled to local memory in function 'gemm_fusion_dot_2801', 452 bytes spill stores, 304 bytes spill loads

2025-02-17 20:30:36.264041: I external/local_xla/xla/stream_executor/cuda/cuda_asm_compiler.cc:397] ptxas warning : Registers are spilled to local memory in function 'gemm_fusion_dot_2801', 1220 bytes spill stores, 888 bytes spill loads

2025-02-17 20:30:36.718033: I external/local_xla/xla/stream_executor/cuda/cuda_asm_compiler.cc:397] ptxas warning : Registers are spilled to local memory in function 'gemm_fusion_dot_3096', 112 bytes spill stores, 112 bytes spill loads

2025-02-17 20:30:37.002987: I external/local_xla/xla/stream_executor/cuda/cuda_asm_compiler.cc:397] ptxas warning : Registers are spilled to local memory in function 'gemm_fusion_dot_3096', 360 bytes spill stores, 376 bytes spill loads

WARNING:absl:You are saving your model as an HDF5 file via `model.save()` or `keras.saving.save_model(model)`. This file format is considered legacy. We recommend using instead the native Keras format, e.g. `model.save('my_model.keras')` or `keras.saving.save_model(model, 'my_model.keras')`. 
2025-02-17 20:39:19.737776: I external/local_xla/xla/stream_executor/cuda/cuda_asm_compiler.cc:397] ptxas warning : Registers are spilled to local memory in function 'gemm_fusion_dot_116', 196 bytes spill stores, 196 bytes spill loads

2025-02-17 20:39:19.834512: I external/local_xla/xla/stream_executor/cuda/cuda_asm_compiler.cc:397] ptxas warning : Registers are spilled to local memory in function 'gemm_fusion_dot_130', 336 bytes spill stores, 336 bytes spill loads

2025-02-17 20:39:19.882181: I external/local_xla/xla/stream_executor/cuda/cuda_asm_compiler.cc:397] ptxas warning : Registers are spilled to local memory in function 'gemm_fusion_dot_116_0', 776 bytes spill stores, 724 bytes spill loads

2025-02-17 20:39:19.973187: I external/local_xla/xla/stream_executor/cuda/cuda_asm_compiler.cc:397] ptxas warning : Registers are spilled to local memory in function 'gemm_fusion_dot_116', 236 bytes spill stores, 236 bytes spill loads

2025-02-17 20:39:20.007829: I external/local_xla/xla/stream_executor/cuda/cuda_asm_compiler.cc:397] ptxas warning : Registers are spilled to local memory in function 'gemm_fusion_dot_130', 364 bytes spill stores, 364 bytes spill loads

2025-02-17 20:39:20.137125: I external/local_xla/xla/stream_executor/cuda/cuda_asm_compiler.cc:397] ptxas warning : Registers are spilled to local memory in function 'gemm_fusion_dot_116', 8 bytes spill stores, 8 bytes spill loads

2025-02-17 20:39:20.640707: I external/local_xla/xla/stream_executor/cuda/cuda_asm_compiler.cc:397] ptxas warning : Registers are spilled to local memory in function 'gemm_fusion_dot_130', 872 bytes spill stores, 872 bytes spill loads

2025-02-17 20:39:20.645311: I external/local_xla/xla/stream_executor/cuda/cuda_asm_compiler.cc:397] ptxas warning : Registers are spilled to local memory in function 'gemm_fusion_dot_130', 196 bytes spill stores, 196 bytes spill loads

2025-02-17 20:39:20.700815: I external/local_xla/xla/stream_executor/cuda/cuda_asm_compiler.cc:397] ptxas warning : Registers are spilled to local memory in function 'gemm_fusion_dot_130_0', 368 bytes spill stores, 364 bytes spill loads

2025-02-17 20:39:38.811532: I external/local_xla/xla/stream_executor/cuda/cuda_asm_compiler.cc:397] ptxas warning : Registers are spilled to local memory in function 'gemm_fusion_dot_116', 248 bytes spill stores, 248 bytes spill loads

2025-02-17 20:39:39.128042: I external/local_xla/xla/stream_executor/cuda/cuda_asm_compiler.cc:397] ptxas warning : Registers are spilled to local memory in function 'gemm_fusion_dot_130', 568 bytes spill stores, 400 bytes spill loads

2025-02-17 20:39:39.209574: I external/local_xla/xla/stream_executor/cuda/cuda_asm_compiler.cc:397] ptxas warning : Registers are spilled to local memory in function 'gemm_fusion_dot_116_0', 756 bytes spill stores, 444 bytes spill loads

2025-02-17 20:39:39.210516: I external/local_xla/xla/stream_executor/cuda/cuda_asm_compiler.cc:397] ptxas warning : Registers are spilled to local memory in function 'gemm_fusion_dot_116', 244 bytes spill stores, 244 bytes spill loads

2025-02-17 20:39:39.881251: I external/local_xla/xla/stream_executor/cuda/cuda_asm_compiler.cc:397] ptxas warning : Registers are spilled to local memory in function 'gemm_fusion_dot_130_0', 388 bytes spill stores, 240 bytes spill loads

2025-02-17 20:39:39.920525: I external/local_xla/xla/stream_executor/cuda/cuda_asm_compiler.cc:397] ptxas warning : Registers are spilled to local memory in function 'gemm_fusion_dot_130', 192 bytes spill stores, 192 bytes spill loads

2025-02-17 20:39:39.954831: I external/local_xla/xla/stream_executor/cuda/cuda_asm_compiler.cc:397] ptxas warning : Registers are spilled to local memory in function 'gemm_fusion_dot_130', 540 bytes spill stores, 352 bytes spill loads

2025-02-17 20:39:40.190347: I external/local_xla/xla/stream_executor/cuda/cuda_asm_compiler.cc:397] ptxas warning : Registers are spilled to local memory in function 'gemm_fusion_dot_130', 996 bytes spill stores, 664 bytes spill loads

