Model: "sequential"
┏━━━━━━━━━━━━━━━━━━━━━━━━━━━━━━━━━┳━━━━━━━━━━━━━━━━━━━━━━━━┳━━━━━━━━━━━━━━━┓
┃ Layer (type)                    ┃ Output Shape           ┃       Param # ┃
┡━━━━━━━━━━━━━━━━━━━━━━━━━━━━━━━━━╇━━━━━━━━━━━━━━━━━━━━━━━━╇━━━━━━━━━━━━━━━┩
│ conv2d (Conv2D)                 │ (None, 62, 62, 64)     │           640 │
├─────────────────────────────────┼────────────────────────┼───────────────┤
│ max_pooling2d (MaxPooling2D)    │ (None, 31, 31, 64)     │             0 │
├─────────────────────────────────┼────────────────────────┼───────────────┤
│ conv2d_1 (Conv2D)               │ (None, 29, 29, 128)    │        73,856 │
├─────────────────────────────────┼────────────────────────┼───────────────┤
│ max_pooling2d_1 (MaxPooling2D)  │ (None, 14, 14, 128)    │             0 │
├─────────────────────────────────┼────────────────────────┼───────────────┤
│ dropout (Dropout)               │ (None, 14, 14, 128)    │             0 │
├─────────────────────────────────┼────────────────────────┼───────────────┤
│ conv2d_2 (Conv2D)               │ (None, 12, 12, 192)    │       221,376 │
├─────────────────────────────────┼────────────────────────┼───────────────┤
│ max_pooling2d_2 (MaxPooling2D)  │ (None, 6, 6, 192)      │             0 │
├─────────────────────────────────┼────────────────────────┼───────────────┤
│ dropout_1 (Dropout)             │ (None, 6, 6, 192)      │             0 │
├─────────────────────────────────┼────────────────────────┼───────────────┤
│ conv2d_3 (Conv2D)               │ (None, 4, 4, 256)      │       442,624 │
├─────────────────────────────────┼────────────────────────┼───────────────┤
│ max_pooling2d_3 (MaxPooling2D)  │ (None, 2, 2, 256)      │             0 │
├─────────────────────────────────┼────────────────────────┼───────────────┤
│ dropout_2 (Dropout)             │ (None, 2, 2, 256)      │             0 │
├─────────────────────────────────┼────────────────────────┼───────────────┤
│ flatten (Flatten)               │ (None, 1024)           │             0 │
├─────────────────────────────────┼────────────────────────┼───────────────┤
│ dense (Dense)                   │ (None, 2048)           │     2,099,200 │
├─────────────────────────────────┼────────────────────────┼───────────────┤
│ dropout_3 (Dropout)             │ (None, 2048)           │             0 │
├─────────────────────────────────┼────────────────────────┼───────────────┤
│ dense_1 (Dense)                 │ (None, 2048)           │     4,196,352 │
├─────────────────────────────────┼────────────────────────┼───────────────┤
│ dropout_4 (Dropout)             │ (None, 2048)           │             0 │
├─────────────────────────────────┼────────────────────────┼───────────────┤
│ dense_2 (Dense)                 │ (None, 2048)           │     4,196,352 │
├─────────────────────────────────┼────────────────────────┼───────────────┤
│ dropout_5 (Dropout)             │ (None, 2048)           │             0 │
├─────────────────────────────────┼────────────────────────┼───────────────┤
│ dense_3 (Dense)                 │ (None, 6584)           │    13,490,616 │
└─────────────────────────────────┴────────────────────────┴───────────────┘
 Total params: 24,721,016 (94.30 MB)
 Trainable params: 24,721,016 (94.30 MB)
 Non-trainable params: 0 (0.00 B)
None
Epoch 1/100
2100/2100 - 41s - 19ms/step - accuracy: 0.0418 - loss: 6.8988
Epoch 2/100
2100/2100 - 24s - 11ms/step - accuracy: 0.1894 - loss: 5.1284
Epoch 3/100
2100/2100 - 24s - 11ms/step - accuracy: 0.2536 - loss: 4.2215
Epoch 4/100
2100/2100 - 24s - 11ms/step - accuracy: 0.3047 - loss: 3.6544
Epoch 5/100
2100/2100 - 24s - 11ms/step - accuracy: 0.3486 - loss: 3.2813
Epoch 6/100
2100/2100 - 24s - 11ms/step - accuracy: 0.3872 - loss: 3.0195
Epoch 7/100
2100/2100 - 24s - 11ms/step - accuracy: 0.4165 - loss: 2.8410
Epoch 8/100
2100/2100 - 24s - 11ms/step - accuracy: 0.4491 - loss: 2.6707
Epoch 9/100
2100/2100 - 24s - 11ms/step - accuracy: 0.4704 - loss: 2.5679
Epoch 10/100
2100/2100 - 24s - 11ms/step - accuracy: 0.4869 - loss: 2.4962
Epoch 11/100
2100/2100 - 24s - 11ms/step - accuracy: 0.4996 - loss: 2.4287
Epoch 12/100
2100/2100 - 24s - 11ms/step - accuracy: 0.5093 - loss: 2.3898
Epoch 13/100
2100/2100 - 24s - 11ms/step - accuracy: 0.5208 - loss: 2.3403
Epoch 14/100
2100/2100 - 24s - 11ms/step - accuracy: 0.5279 - loss: 2.3109
Epoch 15/100
2100/2100 - 24s - 11ms/step - accuracy: 0.5334 - loss: 2.2969
Epoch 16/100
2100/2100 - 24s - 11ms/step - accuracy: 0.5407 - loss: 2.2664
Epoch 17/100
2100/2100 - 24s - 11ms/step - accuracy: 0.5460 - loss: 2.2526
Epoch 18/100
2100/2100 - 24s - 11ms/step - accuracy: 0.5498 - loss: 2.2293
Epoch 19/100
2100/2100 - 24s - 11ms/step - accuracy: 0.5527 - loss: 2.2292
Epoch 20/100
2100/2100 - 24s - 11ms/step - accuracy: 0.5554 - loss: 2.2212
Epoch 21/100
2100/2100 - 24s - 11ms/step - accuracy: 0.5538 - loss: 2.2315
Epoch 22/100
2100/2100 - 24s - 11ms/step - accuracy: 0.5611 - loss: 2.2061
Epoch 23/100
2100/2100 - 24s - 11ms/step - accuracy: 0.5600 - loss: 2.2111
Epoch 24/100
2100/2100 - 24s - 11ms/step - accuracy: 0.5618 - loss: 2.2129
Epoch 25/100
2100/2100 - 24s - 11ms/step - accuracy: 0.5546 - loss: 2.2527
Epoch 26/100
2100/2100 - 23s - 11ms/step - accuracy: 0.5535 - loss: 2.2619
Epoch 27/100
2100/2100 - 24s - 11ms/step - accuracy: 0.5622 - loss: 2.2221
Epoch 28/100
2100/2100 - 24s - 11ms/step - accuracy: 0.5635 - loss: 2.2192
Epoch 29/100
2100/2100 - 24s - 11ms/step - accuracy: 0.5642 - loss: 2.2298
Epoch 30/100
2100/2100 - 24s - 11ms/step - accuracy: 0.5663 - loss: 2.2200
Epoch 31/100
2100/2100 - 24s - 11ms/step - accuracy: 0.5527 - loss: 2.2864
Epoch 32/100
2100/2100 - 24s - 11ms/step - accuracy: 0.5583 - loss: 2.2718
Epoch 33/100
2100/2100 - 24s - 11ms/step - accuracy: 0.5677 - loss: 2.2176
Epoch 34/100
2100/2100 - 24s - 11ms/step - accuracy: 0.5675 - loss: 2.2203
Epoch 35/100
2100/2100 - 24s - 11ms/step - accuracy: 0.5678 - loss: 2.2201
Epoch 36/100
2100/2100 - 24s - 11ms/step - accuracy: 0.5686 - loss: 2.2195
Epoch 37/100
2100/2100 - 24s - 11ms/step - accuracy: 0.5681 - loss: 2.2236
Epoch 38/100
2100/2100 - 24s - 11ms/step - accuracy: 0.5678 - loss: 2.2370
Epoch 39/100
2100/2100 - 24s - 11ms/step - accuracy: 0.5665 - loss: 2.2383
Epoch 40/100
2100/2100 - 24s - 11ms/step - accuracy: 0.5679 - loss: 2.2411
Epoch 41/100
2100/2100 - 24s - 11ms/step - accuracy: 0.5661 - loss: 2.2475
Epoch 42/100
2100/2100 - 24s - 11ms/step - accuracy: 0.5699 - loss: 2.2375
Epoch 43/100
2100/2100 - 24s - 11ms/step - accuracy: 0.5671 - loss: 2.2454
Epoch 44/100
2100/2100 - 23s - 11ms/step - accuracy: 0.5547 - loss: 2.3219
Epoch 45/100
2100/2100 - 24s - 11ms/step - accuracy: 0.5666 - loss: 2.2531
Epoch 46/100
2100/2100 - 24s - 11ms/step - accuracy: 0.5609 - loss: 2.2900
Epoch 47/100
2100/2100 - 24s - 11ms/step - accuracy: 0.5559 - loss: 2.3127
Epoch 48/100
2100/2100 - 24s - 11ms/step - accuracy: 0.5644 - loss: 2.2692
Epoch 49/100
2100/2100 - 23s - 11ms/step - accuracy: 0.5546 - loss: 2.3320
Epoch 50/100
2100/2100 - 24s - 11ms/step - accuracy: 0.5601 - loss: 2.2929
Epoch 51/100
2100/2100 - 24s - 11ms/step - accuracy: 0.5611 - loss: 2.2939
Epoch 52/100
2100/2100 - 24s - 11ms/step - accuracy: 0.5540 - loss: 2.3328
Epoch 53/100
2100/2100 - 24s - 11ms/step - accuracy: 0.5602 - loss: 2.3112
Epoch 54/100
2100/2100 - 24s - 11ms/step - accuracy: 0.5627 - loss: 2.2925
Epoch 55/100
2100/2100 - 24s - 11ms/step - accuracy: 0.5565 - loss: 2.3238
Epoch 56/100
2100/2100 - 24s - 11ms/step - accuracy: 0.5569 - loss: 2.3191
Epoch 57/100
2100/2100 - 24s - 11ms/step - accuracy: 0.5430 - loss: 2.4042
Epoch 58/100
2100/2100 - 24s - 11ms/step - accuracy: 0.5569 - loss: 2.3154
Epoch 59/100
2100/2100 - 24s - 11ms/step - accuracy: 0.5549 - loss: 2.3373
Epoch 60/100
2100/2100 - 24s - 11ms/step - accuracy: 0.5577 - loss: 2.3303
Epoch 61/100
2100/2100 - 24s - 11ms/step - accuracy: 0.5547 - loss: 2.3409
Epoch 62/100
2100/2100 - 24s - 11ms/step - accuracy: 0.5484 - loss: 2.3788
Epoch 63/100
2100/2100 - 24s - 11ms/step - accuracy: 0.5568 - loss: 2.3290
Epoch 64/100
