Model: "sequential"
┏━━━━━━━━━━━━━━━━━━━━━━━━━━━━━━━━━┳━━━━━━━━━━━━━━━━━━━━━━━━┳━━━━━━━━━━━━━━━┓
┃ Layer (type)                    ┃ Output Shape           ┃       Param # ┃
┡━━━━━━━━━━━━━━━━━━━━━━━━━━━━━━━━━╇━━━━━━━━━━━━━━━━━━━━━━━━╇━━━━━━━━━━━━━━━┩
│ conv2d (Conv2D)                 │ (None, 62, 62, 3)      │            30 │
├─────────────────────────────────┼────────────────────────┼───────────────┤
│ max_pooling2d (MaxPooling2D)    │ (None, 31, 31, 3)      │             0 │
├─────────────────────────────────┼────────────────────────┼───────────────┤
│ conv2d_1 (Conv2D)               │ (None, 29, 29, 3)      │            84 │
├─────────────────────────────────┼────────────────────────┼───────────────┤
│ max_pooling2d_1 (MaxPooling2D)  │ (None, 14, 14, 3)      │             0 │
├─────────────────────────────────┼────────────────────────┼───────────────┤
│ dropout (Dropout)               │ (None, 14, 14, 3)      │             0 │
├─────────────────────────────────┼────────────────────────┼───────────────┤
│ conv2d_2 (Conv2D)               │ (None, 12, 12, 3)      │            84 │
├─────────────────────────────────┼────────────────────────┼───────────────┤
│ max_pooling2d_2 (MaxPooling2D)  │ (None, 6, 6, 3)        │             0 │
├─────────────────────────────────┼────────────────────────┼───────────────┤
│ dropout_1 (Dropout)             │ (None, 6, 6, 3)        │             0 │
├─────────────────────────────────┼────────────────────────┼───────────────┤
│ flatten (Flatten)               │ (None, 108)            │             0 │
├─────────────────────────────────┼────────────────────────┼───────────────┤
│ dense (Dense)                   │ (None, 4096)           │       446,464 │
├─────────────────────────────────┼────────────────────────┼───────────────┤
│ dropout_2 (Dropout)             │ (None, 4096)           │             0 │
├─────────────────────────────────┼────────────────────────┼───────────────┤
│ dense_1 (Dense)                 │ (None, 4096)           │    16,781,312 │
├─────────────────────────────────┼────────────────────────┼───────────────┤
│ dropout_3 (Dropout)             │ (None, 4096)           │             0 │
├─────────────────────────────────┼────────────────────────┼───────────────┤
│ dense_2 (Dense)                 │ (None, 3192)           │    13,077,624 │
└─────────────────────────────────┴────────────────────────┴───────────────┘
 Total params: 30,305,598 (115.61 MB)
 Trainable params: 30,305,598 (115.61 MB)
 Non-trainable params: 0 (0.00 B)
None
Epoch 1/100
1835/1835 - 16s - 9ms/step - accuracy: 0.0120 - loss: 7.9453
Epoch 2/100
1835/1835 - 8s - 5ms/step - accuracy: 0.0743 - loss: 6.5700
Epoch 3/100
1835/1835 - 8s - 4ms/step - accuracy: 0.1004 - loss: 6.3082
Epoch 4/100
1835/1835 - 8s - 4ms/step - accuracy: 0.1116 - loss: 6.1474
Epoch 5/100
1835/1835 - 8s - 4ms/step - accuracy: 0.1105 - loss: 6.1926
Epoch 6/100
1835/1835 - 8s - 4ms/step - accuracy: 0.1166 - loss: 6.0654
Epoch 7/100
1835/1835 - 8s - 4ms/step - accuracy: 0.1444 - loss: 5.5671
Epoch 8/100
1835/1835 - 8s - 5ms/step - accuracy: 0.1454 - loss: 5.5566
Epoch 9/100
1835/1835 - 8s - 5ms/step - accuracy: 0.1673 - loss: 5.1455
Epoch 10/100
1835/1835 - 8s - 4ms/step - accuracy: 0.1490 - loss: 5.4942
Epoch 11/100
1835/1835 - 8s - 5ms/step - accuracy: 0.1513 - loss: 5.4900
Epoch 12/100
1835/1835 - 8s - 4ms/step - accuracy: 0.1931 - loss: 4.7635
Epoch 13/100
1835/1835 - 8s - 4ms/step - accuracy: 0.2068 - loss: 4.5841
Epoch 14/100
1835/1835 - 8s - 4ms/step - accuracy: 0.2106 - loss: 4.5207
Epoch 15/100
1835/1835 - 8s - 4ms/step - accuracy: 0.2232 - loss: 4.3588
Epoch 16/100
1835/1835 - 8s - 4ms/step - accuracy: 0.2358 - loss: 4.2238
Epoch 17/100
1835/1835 - 8s - 4ms/step - accuracy: 0.2493 - loss: 4.0770
Epoch 18/100
1835/1835 - 8s - 4ms/step - accuracy: 0.2607 - loss: 3.9586
Epoch 19/100
1835/1835 - 8s - 4ms/step - accuracy: 0.2727 - loss: 3.8360
Epoch 20/100
1835/1835 - 8s - 4ms/step - accuracy: 0.2789 - loss: 3.7708
Epoch 21/100
1835/1835 - 8s - 4ms/step - accuracy: 0.2900 - loss: 3.6646
Epoch 22/100
1835/1835 - 8s - 4ms/step - accuracy: 0.3007 - loss: 3.5642
Epoch 23/100
1835/1835 - 8s - 4ms/step - accuracy: 0.3020 - loss: 3.5405
Epoch 24/100
1835/1835 - 8s - 4ms/step - accuracy: 0.3088 - loss: 3.4835
Epoch 25/100
1835/1835 - 8s - 4ms/step - accuracy: 0.3193 - loss: 3.3921
Epoch 26/100
1835/1835 - 8s - 4ms/step - accuracy: 0.3294 - loss: 3.3046
Epoch 27/100
1835/1835 - 8s - 4ms/step - accuracy: 0.3287 - loss: 3.3099
Epoch 28/100
1835/1835 - 8s - 4ms/step - accuracy: 0.3417 - loss: 3.2047
Epoch 29/100
1835/1835 - 8s - 4ms/step - accuracy: 0.3474 - loss: 3.1517
Epoch 30/100
1835/1835 - 8s - 4ms/step - accuracy: 0.3544 - loss: 3.0937
Epoch 31/100
1835/1835 - 8s - 4ms/step - accuracy: 0.3588 - loss: 3.0590
Epoch 32/100
1835/1835 - 8s - 4ms/step - accuracy: 0.3586 - loss: 3.0605
Epoch 33/100
1835/1835 - 8s - 4ms/step - accuracy: 0.3690 - loss: 2.9771
Epoch 34/100
1835/1835 - 8s - 4ms/step - accuracy: 0.3729 - loss: 2.9524
Epoch 35/100
1835/1835 - 8s - 4ms/step - accuracy: 0.3736 - loss: 2.9537
Epoch 36/100
1835/1835 - 8s - 4ms/step - accuracy: 0.3736 - loss: 2.9515
Epoch 37/100
1835/1835 - 8s - 4ms/step - accuracy: 0.3921 - loss: 2.8094
Epoch 38/100
1835/1835 - 8s - 4ms/step - accuracy: 0.3929 - loss: 2.8115
Epoch 39/100
1835/1835 - 8s - 4ms/step - accuracy: 0.3965 - loss: 2.7834
Epoch 40/100
1835/1835 - 8s - 4ms/step - accuracy: 0.3995 - loss: 2.7469
Epoch 41/100
1835/1835 - 8s - 4ms/step - accuracy: 0.3961 - loss: 2.7818
Epoch 42/100
1835/1835 - 8s - 4ms/step - accuracy: 0.4125 - loss: 2.6629
Epoch 43/100
1835/1835 - 8s - 4ms/step - accuracy: 0.4068 - loss: 2.7118
Epoch 44/100
1835/1835 - 8s - 4ms/step - accuracy: 0.4095 - loss: 2.6921
Epoch 45/100
1835/1835 - 8s - 4ms/step - accuracy: 0.4250 - loss: 2.5803
Epoch 46/100
1835/1835 - 8s - 4ms/step - accuracy: 0.4254 - loss: 2.5928
Epoch 47/100
1835/1835 - 8s - 4ms/step - accuracy: 0.4282 - loss: 2.5597
Epoch 48/100
1835/1835 - 8s - 4ms/step - accuracy: 0.4367 - loss: 2.5045
Epoch 49/100
1835/1835 - 8s - 4ms/step - accuracy: 0.4253 - loss: 2.5995
Epoch 50/100
1835/1835 - 8s - 4ms/step - accuracy: 0.4417 - loss: 2.4732
Epoch 51/100
1835/1835 - 8s - 4ms/step - accuracy: 0.4391 - loss: 2.4933
Epoch 52/100
1835/1835 - 8s - 4ms/step - accuracy: 0.4473 - loss: 2.4492
Epoch 53/100
1835/1835 - 8s - 4ms/step - accuracy: 0.4390 - loss: 2.5042
Epoch 54/100
1835/1835 - 8s - 4ms/step - accuracy: 0.4510 - loss: 2.4212
Epoch 55/100
1835/1835 - 8s - 4ms/step - accuracy: 0.4472 - loss: 2.4496
Epoch 56/100
1835/1835 - 8s - 4ms/step - accuracy: 0.4531 - loss: 2.4046
Epoch 57/100
1835/1835 - 8s - 4ms/step - accuracy: 0.4590 - loss: 2.3694
Epoch 58/100
1835/1835 - 8s - 4ms/step - accuracy: 0.4598 - loss: 2.3693
Epoch 59/100
1835/1835 - 8s - 4ms/step - accuracy: 0.4550 - loss: 2.4117
Epoch 60/100
1835/1835 - 8s - 4ms/step - accuracy: 0.4705 - loss: 2.3003
Epoch 61/100
1835/1835 - 8s - 4ms/step - accuracy: 0.4709 - loss: 2.3045
Epoch 62/100
1835/1835 - 8s - 4ms/step - accuracy: 0.4718 - loss: 2.2950
Epoch 63/100
1835/1835 - 8s - 4ms/step - accuracy: 0.4670 - loss: 2.3393
Epoch 64/100
1835/1835 - 8s - 4ms/step - accuracy: 0.4727 - loss: 2.2869
Epoch 65/100
1835/1835 - 8s - 4ms/step - accuracy: 0.4753 - loss: 2.2739
Epoch 66/100
1835/1835 - 8s - 4ms/step - accuracy: 0.4771 - loss: 2.2539
Epoch 67/100
1835/1835 - 8s - 4ms/step - accuracy: 0.4795 - loss: 2.2407
Epoch 68/100
1835/1835 - 8s - 4ms/step - accuracy: 0.4689 - loss: 2.3354
Epoch 69/100
1835/1835 - 8s - 4ms/step - accuracy: 0.4853 - loss: 2.2131
Epoch 70/100
1835/1835 - 8s - 4ms/step - accuracy: 0.4754 - loss: 2.2814
Epoch 71/100
1835/1835 - 8s - 4ms/step - accuracy: 0.4744 - loss: 2.2885
Epoch 72/100
1835/1835 - 8s - 4ms/step - accuracy: 0.4907 - loss: 2.1755
Epoch 73/100
1835/1835 - 8s - 4ms/step - accuracy: 0.4928 - loss: 2.1685
Epoch 74/100
1835/1835 - 8s - 4ms/step - accuracy: 0.4786 - loss: 2.2765
Epoch 75/100
1835/1835 - 8s - 4ms/step - accuracy: 0.4962 - loss: 2.1456
Epoch 76/100
1835/1835 - 8s - 4ms/step - accuracy: 0.4958 - loss: 2.1559
Epoch 77/100
1835/1835 - 8s - 4ms/step - accuracy: 0.5015 - loss: 2.1197
Epoch 78/100
