2025-02-18 14:33:52.309324: I tensorflow/core/util/port.cc:153] oneDNN custom operations are on. You may see slightly different numerical results due to floating-point round-off errors from different computation orders. To turn them off, set the environment variable `TF_ENABLE_ONEDNN_OPTS=0`.
2025-02-18 14:33:52.317868: E external/local_xla/xla/stream_executor/cuda/cuda_fft.cc:477] Unable to register cuFFT factory: Attempting to register factory for plugin cuFFT when one has already been registered
WARNING: All log messages before absl::InitializeLog() is called are written to STDERR
E0000 00:00:1739889232.327386  178209 cuda_dnn.cc:8310] Unable to register cuDNN factory: Attempting to register factory for plugin cuDNN when one has already been registered
E0000 00:00:1739889232.330300  178209 cuda_blas.cc:1418] Unable to register cuBLAS factory: Attempting to register factory for plugin cuBLAS when one has already been registered
2025-02-18 14:33:52.341873: I tensorflow/core/platform/cpu_feature_guard.cc:210] This TensorFlow binary is optimized to use available CPU instructions in performance-critical operations.
To enable the following instructions: AVX2 AVX512F AVX512_VNNI FMA, in other operations, rebuild TensorFlow with the appropriate compiler flags.
I0000 00:00:1739889235.363187  178209 gpu_device.cc:2022] Created device /job:localhost/replica:0/task:0/device:GPU:0 with 22494 MB memory:  -> device: 0, name: NVIDIA RTX A5000, pci bus id: 0000:01:00.0, compute capability: 8.6
2025-02-18 14:33:56.944873: E tensorflow/core/util/util.cc:131] oneDNN supports DT_HALF only on platforms with AVX-512. Falling back to the default Eigen-based implementation if present.
WARNING: All log messages before absl::InitializeLog() is called are written to STDERR
I0000 00:00:1739889236.976991  178255 service.cc:148] XLA service 0x7f777c0102b0 initialized for platform CUDA (this does not guarantee that XLA will be used). Devices:
I0000 00:00:1739889236.977014  178255 service.cc:156]   StreamExecutor device (0): NVIDIA RTX A5000, Compute Capability 8.6
2025-02-18 14:33:57.008380: I tensorflow/compiler/mlir/tensorflow/utils/dump_mlir_util.cc:268] disabling MLIR crash reproducer, set env var `MLIR_CRASH_REPRODUCER_DIRECTORY` to enable.
I0000 00:00:1739889237.165866  178255 cuda_dnn.cc:529] Loaded cuDNN version 90501
2025-02-18 14:33:57.747046: I external/local_xla/xla/stream_executor/cuda/cuda_asm_compiler.cc:397] ptxas warning : Registers are spilled to local memory in function 'gemm_fusion_dot_2800', 16 bytes spill stores, 16 bytes spill loads

2025-02-18 14:33:57.864649: I external/local_xla/xla/stream_executor/cuda/cuda_asm_compiler.cc:397] ptxas warning : Registers are spilled to local memory in function 'gemm_fusion_dot_3095', 4 bytes spill stores, 4 bytes spill loads

2025-02-18 14:33:58.112652: I external/local_xla/xla/stream_executor/cuda/cuda_asm_compiler.cc:397] ptxas warning : Registers are spilled to local memory in function 'gemm_fusion_dot_2800', 1196 bytes spill stores, 1200 bytes spill loads

2025-02-18 14:33:58.182699: I external/local_xla/xla/stream_executor/cuda/cuda_asm_compiler.cc:397] ptxas warning : Registers are spilled to local memory in function 'gemm_fusion_dot_2800', 412 bytes spill stores, 412 bytes spill loads

2025-02-18 14:33:58.256998: I external/local_xla/xla/stream_executor/cuda/cuda_asm_compiler.cc:397] ptxas warning : Registers are spilled to local memory in function 'gemm_fusion_dot_2800', 300 bytes spill stores, 300 bytes spill loads

2025-02-18 14:33:58.308027: I external/local_xla/xla/stream_executor/cuda/cuda_asm_compiler.cc:397] ptxas warning : Registers are spilled to local memory in function 'gemm_fusion_dot_2800', 376 bytes spill stores, 396 bytes spill loads

2025-02-18 14:33:59.252090: I external/local_xla/xla/stream_executor/cuda/cuda_asm_compiler.cc:397] ptxas warning : Registers are spilled to local memory in function 'gemm_fusion_dot_2800', 876 bytes spill stores, 880 bytes spill loads

2025-02-18 14:33:59.500182: I external/local_xla/xla/stream_executor/cuda/cuda_asm_compiler.cc:397] ptxas warning : Registers are spilled to local memory in function 'gemm_fusion_dot_3095', 2672 bytes spill stores, 2668 bytes spill loads

2025-02-18 14:35:01.008211: I external/local_xla/xla/stream_executor/cuda/cuda_asm_compiler.cc:397] ptxas warning : Registers are spilled to local memory in function 'gemm_fusion_dot_2800', 72 bytes spill stores, 72 bytes spill loads

2025-02-18 14:35:01.018459: I external/local_xla/xla/stream_executor/cuda/cuda_asm_compiler.cc:397] ptxas warning : Registers are spilled to local memory in function 'gemm_fusion_dot_2800', 1196 bytes spill stores, 1200 bytes spill loads

2025-02-18 14:35:01.018499: I external/local_xla/xla/stream_executor/cuda/cuda_asm_compiler.cc:397] ptxas warning : Registers are spilled to local memory in function 'gemm_fusion_dot_3095', 2684 bytes spill stores, 2652 bytes spill loads

2025-02-18 14:35:01.018518: I external/local_xla/xla/stream_executor/cuda/cuda_asm_compiler.cc:397] ptxas warning : Registers are spilled to local memory in function 'gemm_fusion_dot_2800', 276 bytes spill stores, 276 bytes spill loads

2025-02-18 14:35:01.276470: I external/local_xla/xla/stream_executor/cuda/cuda_asm_compiler.cc:397] ptxas warning : Registers are spilled to local memory in function 'gemm_fusion_dot_3095', 544 bytes spill stores, 544 bytes spill loads

2025-02-18 14:35:01.544910: I external/local_xla/xla/stream_executor/cuda/cuda_asm_compiler.cc:397] ptxas warning : Registers are spilled to local memory in function 'gemm_fusion_dot_2800', 272 bytes spill stores, 276 bytes spill loads

2025-02-18 14:35:01.544992: I external/local_xla/xla/stream_executor/cuda/cuda_asm_compiler.cc:397] ptxas warning : Registers are spilled to local memory in function 'gemm_fusion_dot_3095', 56 bytes spill stores, 56 bytes spill loads

2025-02-18 14:35:01.758185: I external/local_xla/xla/stream_executor/cuda/cuda_asm_compiler.cc:397] ptxas warning : Registers are spilled to local memory in function 'gemm_fusion_dot_3095', 4044 bytes spill stores, 4036 bytes spill loads

2025-02-18 14:35:02.152581: I external/local_xla/xla/stream_executor/cuda/cuda_asm_compiler.cc:397] ptxas warning : Registers are spilled to local memory in function 'gemm_fusion_dot_3095', 692 bytes spill stores, 612 bytes spill loads

2025-02-18 14:35:08.819257: I external/local_xla/xla/stream_executor/cuda/cuda_asm_compiler.cc:397] ptxas warning : Registers are spilled to local memory in function 'input_multiply_reduce_fusion', 8 bytes spill stores, 4 bytes spill loads

I0000 00:00:1739889308.842609  178255 device_compiler.h:188] Compiled cluster using XLA!  This line is logged at most once for the lifetime of the process.
2025-02-18 14:35:39.467495: I external/local_xla/xla/stream_executor/cuda/cuda_asm_compiler.cc:397] ptxas warning : Registers are spilled to local memory in function 'gemm_fusion_dot_2800', 360 bytes spill stores, 284 bytes spill loads

2025-02-18 14:35:39.499195: I external/local_xla/xla/stream_executor/cuda/cuda_asm_compiler.cc:397] ptxas warning : Registers are spilled to local memory in function 'gemm_fusion_dot_2800', 1740 bytes spill stores, 1208 bytes spill loads

2025-02-18 14:35:39.641521: I external/local_xla/xla/stream_executor/cuda/cuda_asm_compiler.cc:397] ptxas warning : Registers are spilled to local memory in function 'gemm_fusion_dot_2800', 452 bytes spill stores, 304 bytes spill loads

2025-02-18 14:35:39.695550: I external/local_xla/xla/stream_executor/cuda/cuda_asm_compiler.cc:397] ptxas warning : Registers are spilled to local memory in function 'gemm_fusion_dot_2800', 528 bytes spill stores, 516 bytes spill loads

2025-02-18 14:35:39.798050: I external/local_xla/xla/stream_executor/cuda/cuda_asm_compiler.cc:397] ptxas warning : Registers are spilled to local memory in function 'gemm_fusion_dot_2800', 100 bytes spill stores, 100 bytes spill loads

2025-02-18 14:35:39.885773: I external/local_xla/xla/stream_executor/cuda/cuda_asm_compiler.cc:397] ptxas warning : Registers are spilled to local memory in function 'gemm_fusion_dot_2800', 304 bytes spill stores, 304 bytes spill loads

2025-02-18 14:35:39.927842: I external/local_xla/xla/stream_executor/cuda/cuda_asm_compiler.cc:397] ptxas warning : Registers are spilled to local memory in function 'gemm_fusion_dot_2800', 1744 bytes spill stores, 1212 bytes spill loads

2025-02-18 14:35:39.949301: I external/local_xla/xla/stream_executor/cuda/cuda_asm_compiler.cc:397] ptxas warning : Registers are spilled to local memory in function 'gemm_fusion_dot_2800', 1220 bytes spill stores, 888 bytes spill loads

2025-02-18 14:35:39.989349: I external/local_xla/xla/stream_executor/cuda/cuda_asm_compiler.cc:397] ptxas warning : Registers are spilled to local memory in function 'gemm_fusion_dot_2800', 4 bytes spill stores, 4 bytes spill loads

2025-02-18 14:35:40.116141: I external/local_xla/xla/stream_executor/cuda/cuda_asm_compiler.cc:397] ptxas warning : Registers are spilled to local memory in function 'gemm_fusion_dot_3095', 492 bytes spill stores, 492 bytes spill loads

2025-02-18 14:35:40.122861: I external/local_xla/xla/stream_executor/cuda/cuda_asm_compiler.cc:397] ptxas warning : Registers are spilled to local memory in function 'gemm_fusion_dot_2800', 580 bytes spill stores, 432 bytes spill loads

2025-02-18 14:35:40.307639: I external/local_xla/xla/stream_executor/cuda/cuda_asm_compiler.cc:397] ptxas warning : Registers are spilled to local memory in function 'gemm_fusion_dot_2800', 20 bytes spill stores, 20 bytes spill loads

2025-02-18 14:35:40.345548: I external/local_xla/xla/stream_executor/cuda/cuda_asm_compiler.cc:397] ptxas warning : Registers are spilled to local memory in function 'gemm_fusion_dot_3095', 44 bytes spill stores, 44 bytes spill loads

2025-02-18 14:35:40.758489: I external/local_xla/xla/stream_executor/cuda/cuda_asm_compiler.cc:397] ptxas warning : Registers are spilled to local memory in function 'gemm_fusion_dot_3095', 36 bytes spill stores, 36 bytes spill loads

2025-02-18 14:35:40.898919: I external/local_xla/xla/stream_executor/cuda/cuda_asm_compiler.cc:397] ptxas warning : Registers are spilled to local memory in function 'gemm_fusion_dot_3095', 412 bytes spill stores, 412 bytes spill loads

2025-02-18 14:35:40.987558: I external/local_xla/xla/stream_executor/cuda/cuda_asm_compiler.cc:397] ptxas warning : Registers are spilled to local memory in function 'gemm_fusion_dot_3095', 672 bytes spill stores, 832 bytes spill loads

2025-02-18 14:35:41.290911: I external/local_xla/xla/stream_executor/cuda/cuda_asm_compiler.cc:397] ptxas warning : Registers are spilled to local memory in function 'gemm_fusion_dot_3095', 112 bytes spill stores, 112 bytes spill loads

2025-02-18 14:35:41.436642: I external/local_xla/xla/stream_executor/cuda/cuda_asm_compiler.cc:397] ptxas warning : Registers are spilled to local memory in function 'gemm_fusion_dot_3095', 324 bytes spill stores, 332 bytes spill loads

2025-02-18 14:35:46.522149: I external/local_xla/xla/stream_executor/cuda/cuda_asm_compiler.cc:397] ptxas warning : Registers are spilled to local memory in function 'input_multiply_reduce_subtract_fusion', 132 bytes spill stores, 132 bytes spill loads

WARNING:absl:You are saving your model as an HDF5 file via `model.save()` or `keras.saving.save_model(model)`. This file format is considered legacy. We recommend using instead the native Keras format, e.g. `model.save('my_model.keras')` or `keras.saving.save_model(model, 'my_model.keras')`. 
2025-02-18 14:55:44.608602: I external/local_xla/xla/stream_executor/cuda/cuda_asm_compiler.cc:397] ptxas warning : Registers are spilled to local memory in function 'gemm_fusion_dot_115', 196 bytes spill stores, 196 bytes spill loads

2025-02-18 14:55:44.777479: I external/local_xla/xla/stream_executor/cuda/cuda_asm_compiler.cc:397] ptxas warning : Registers are spilled to local memory in function 'gemm_fusion_dot_129', 336 bytes spill stores, 336 bytes spill loads

2025-02-18 14:55:44.933799: I external/local_xla/xla/stream_executor/cuda/cuda_asm_compiler.cc:397] ptxas warning : Registers are spilled to local memory in function 'gemm_fusion_dot_115', 236 bytes spill stores, 236 bytes spill loads

2025-02-18 14:55:45.150664: I external/local_xla/xla/stream_executor/cuda/cuda_asm_compiler.cc:397] ptxas warning : Registers are spilled to local memory in function 'gemm_fusion_dot_129', 364 bytes spill stores, 364 bytes spill loads

2025-02-18 14:55:45.430843: I external/local_xla/xla/stream_executor/cuda/cuda_asm_compiler.cc:397] ptxas warning : Registers are spilled to local memory in function 'gemm_fusion_dot_115', 760 bytes spill stores, 708 bytes spill loads

2025-02-18 14:55:45.535094: I external/local_xla/xla/stream_executor/cuda/cuda_asm_compiler.cc:397] ptxas warning : Registers are spilled to local memory in function 'gemm_fusion_dot_129', 872 bytes spill stores, 872 bytes spill loads

2025-02-18 14:55:45.723359: I external/local_xla/xla/stream_executor/cuda/cuda_asm_compiler.cc:397] ptxas warning : Registers are spilled to local memory in function 'gemm_fusion_dot_129', 196 bytes spill stores, 196 bytes spill loads

2025-02-18 14:55:45.772309: I external/local_xla/xla/stream_executor/cuda/cuda_asm_compiler.cc:397] ptxas warning : Registers are spilled to local memory in function 'gemm_fusion_dot_129', 360 bytes spill stores, 356 bytes spill loads

2025-02-18 14:55:58.088403: I external/local_xla/xla/stream_executor/cuda/cuda_asm_compiler.cc:397] ptxas warning : Registers are spilled to local memory in function 'gemm_fusion_dot_115', 248 bytes spill stores, 248 bytes spill loads

2025-02-18 14:55:58.088459: I external/local_xla/xla/stream_executor/cuda/cuda_asm_compiler.cc:397] ptxas warning : Registers are spilled to local memory in function 'gemm_fusion_dot_115', 744 bytes spill stores, 440 bytes spill loads

2025-02-18 14:55:58.101481: I external/local_xla/xla/stream_executor/cuda/cuda_asm_compiler.cc:397] ptxas warning : Registers are spilled to local memory in function 'gemm_fusion_dot_129', 192 bytes spill stores, 192 bytes spill loads

2025-02-18 14:55:58.288105: I external/local_xla/xla/stream_executor/cuda/cuda_asm_compiler.cc:397] ptxas warning : Registers are spilled to local memory in function 'gemm_fusion_dot_129', 568 bytes spill stores, 400 bytes spill loads

2025-02-18 14:55:58.362796: I external/local_xla/xla/stream_executor/cuda/cuda_asm_compiler.cc:397] ptxas warning : Registers are spilled to local memory in function 'gemm_fusion_dot_129', 996 bytes spill stores, 664 bytes spill loads

2025-02-18 14:55:58.455265: I external/local_xla/xla/stream_executor/cuda/cuda_asm_compiler.cc:397] ptxas warning : Registers are spilled to local memory in function 'gemm_fusion_dot_129', 540 bytes spill stores, 352 bytes spill loads

2025-02-18 14:55:58.799627: I external/local_xla/xla/stream_executor/cuda/cuda_asm_compiler.cc:397] ptxas warning : Registers are spilled to local memory in function 'gemm_fusion_dot_115', 244 bytes spill stores, 244 bytes spill loads

2025-02-18 14:55:58.840657: I external/local_xla/xla/stream_executor/cuda/cuda_asm_compiler.cc:397] ptxas warning : Registers are spilled to local memory in function 'gemm_fusion_dot_129', 364 bytes spill stores, 224 bytes spill loads

