2025-02-19 16:13:33.877410: E external/local_xla/xla/stream_executor/cuda/cuda_fft.cc:477] Unable to register cuFFT factory: Attempting to register factory for plugin cuFFT when one has already been registered
WARNING: All log messages before absl::InitializeLog() is called are written to STDERR
E0000 00:00:1739981613.889074  218584 cuda_dnn.cc:8310] Unable to register cuDNN factory: Attempting to register factory for plugin cuDNN when one has already been registered
E0000 00:00:1739981613.892838  218584 cuda_blas.cc:1418] Unable to register cuBLAS factory: Attempting to register factory for plugin cuBLAS when one has already been registered
2025-02-19 16:13:33.907910: I tensorflow/core/platform/cpu_feature_guard.cc:210] This TensorFlow binary is optimized to use available CPU instructions in performance-critical operations.
To enable the following instructions: AVX2 FMA, in other operations, rebuild TensorFlow with the appropriate compiler flags.
I0000 00:00:1739981617.088818  218584 gpu_device.cc:2022] Created device /job:localhost/replica:0/task:0/device:GPU:0 with 20732 MB memory:  -> device: 0, name: NVIDIA A10, pci bus id: 0000:81:00.0, compute capability: 8.6
Traceback (most recent call last):
  File "/dcs/21/u2104990/Documents/324/runondcs/run.py", line 117, in <module>
    model = M1(6512)
            ^^^^^^^^
  File "/dcs/21/u2104990/Documents/324/runondcs/run.py", line 51, in M1
    tf.keras.applications.EfficientNetB0(
  File "/dcs/21/u2104990/.local/lib/python3.12/site-packages/keras/src/applications/efficientnet.py", line 571, in EfficientNetB0
    return EfficientNet(
           ^^^^^^^^^^^^^
  File "/dcs/21/u2104990/.local/lib/python3.12/site-packages/keras/src/applications/efficientnet.py", line 289, in EfficientNet
    input_shape = imagenet_utils.obtain_input_shape(
                  ^^^^^^^^^^^^^^^^^^^^^^^^^^^^^^^^^^
  File "/dcs/21/u2104990/.local/lib/python3.12/site-packages/keras/src/applications/imagenet_utils.py", line 379, in obtain_input_shape
    raise ValueError(
ValueError: `input_shape` must be a tuple of three integers.
