2025-02-24 18:40:35.369477: I tensorflow/core/util/port.cc:153] oneDNN custom operations are on. You may see slightly different numerical results due to floating-point round-off errors from different computation orders. To turn them off, set the environment variable `TF_ENABLE_ONEDNN_OPTS=0`.
2025-02-24 18:40:35.378108: E external/local_xla/xla/stream_executor/cuda/cuda_fft.cc:477] Unable to register cuFFT factory: Attempting to register factory for plugin cuFFT when one has already been registered
WARNING: All log messages before absl::InitializeLog() is called are written to STDERR
E0000 00:00:1740422435.387036   61127 cuda_dnn.cc:8310] Unable to register cuDNN factory: Attempting to register factory for plugin cuDNN when one has already been registered
E0000 00:00:1740422435.389789   61127 cuda_blas.cc:1418] Unable to register cuBLAS factory: Attempting to register factory for plugin cuBLAS when one has already been registered
2025-02-24 18:40:35.401177: I tensorflow/core/platform/cpu_feature_guard.cc:210] This TensorFlow binary is optimized to use available CPU instructions in performance-critical operations.
To enable the following instructions: AVX2 AVX512F AVX512_VNNI FMA, in other operations, rebuild TensorFlow with the appropriate compiler flags.
I0000 00:00:1740422439.255597   61127 gpu_device.cc:2022] Created device /job:localhost/replica:0/task:0/device:GPU:0 with 22497 MB memory:  -> device: 0, name: NVIDIA RTX A5000, pci bus id: 0000:01:00.0, compute capability: 8.6
WARNING: All log messages before absl::InitializeLog() is called are written to STDERR
I0000 00:00:1740422440.886207   61173 service.cc:148] XLA service 0x7fe2980165f0 initialized for platform CUDA (this does not guarantee that XLA will be used). Devices:
I0000 00:00:1740422440.886238   61173 service.cc:156]   StreamExecutor device (0): NVIDIA RTX A5000, Compute Capability 8.6
2025-02-24 18:40:40.913786: I tensorflow/compiler/mlir/tensorflow/utils/dump_mlir_util.cc:268] disabling MLIR crash reproducer, set env var `MLIR_CRASH_REPRODUCER_DIRECTORY` to enable.
I0000 00:00:1740422441.046355   61173 cuda_dnn.cc:529] Loaded cuDNN version 90501
2025-02-24 18:40:41.810504: I external/local_xla/xla/stream_executor/cuda/cuda_asm_compiler.cc:397] ptxas warning : Registers are spilled to local memory in function 'gemm_fusion_dot_2022', 80 bytes spill stores, 80 bytes spill loads

2025-02-24 18:40:41.873220: I external/local_xla/xla/stream_executor/cuda/cuda_asm_compiler.cc:397] ptxas warning : Registers are spilled to local memory in function 'gemm_fusion_dot_2022', 664 bytes spill stores, 632 bytes spill loads

2025-02-24 18:40:41.901099: I external/local_xla/xla/stream_executor/cuda/cuda_asm_compiler.cc:397] ptxas warning : Registers are spilled to local memory in function 'gemm_fusion_dot_2022', 108 bytes spill stores, 108 bytes spill loads

2025-02-24 18:40:41.901143: I external/local_xla/xla/stream_executor/cuda/cuda_asm_compiler.cc:397] ptxas warning : Registers are spilled to local memory in function 'gemm_fusion_dot_2022', 312 bytes spill stores, 312 bytes spill loads

2025-02-24 18:40:42.065312: I external/local_xla/xla/stream_executor/cuda/cuda_asm_compiler.cc:397] ptxas warning : Registers are spilled to local memory in function 'gemm_fusion_dot_2022', 88 bytes spill stores, 88 bytes spill loads

2025-02-24 18:40:42.065421: I external/local_xla/xla/stream_executor/cuda/cuda_asm_compiler.cc:397] ptxas warning : Registers are spilled to local memory in function 'gemm_fusion_dot_2245', 156 bytes spill stores, 156 bytes spill loads

2025-02-24 18:40:42.298508: I external/local_xla/xla/stream_executor/cuda/cuda_asm_compiler.cc:397] ptxas warning : Registers are spilled to local memory in function 'gemm_fusion_dot_2022', 52 bytes spill stores, 52 bytes spill loads

2025-02-24 18:40:42.548031: I external/local_xla/xla/stream_executor/cuda/cuda_asm_compiler.cc:397] ptxas warning : Registers are spilled to local memory in function 'gemm_fusion_dot_2245', 3496 bytes spill stores, 3492 bytes spill loads

2025-02-24 18:40:42.564073: I external/local_xla/xla/stream_executor/cuda/cuda_asm_compiler.cc:397] ptxas warning : Registers are spilled to local memory in function 'gemm_fusion_dot_2245', 732 bytes spill stores, 700 bytes spill loads

2025-02-24 18:40:42.658189: I external/local_xla/xla/stream_executor/cuda/cuda_asm_compiler.cc:397] ptxas warning : Registers are spilled to local memory in function 'gemm_fusion_dot_2245', 2900 bytes spill stores, 2884 bytes spill loads

2025-02-24 18:40:42.943763: I external/local_xla/xla/stream_executor/cuda/cuda_asm_compiler.cc:397] ptxas warning : Registers are spilled to local memory in function 'gemm_fusion_dot_2245', 1212 bytes spill stores, 936 bytes spill loads

I0000 00:00:1740422447.203198   61173 device_compiler.h:188] Compiled cluster using XLA!  This line is logged at most once for the lifetime of the process.
2025-02-24 18:41:01.475570: I external/local_xla/xla/stream_executor/cuda/cuda_asm_compiler.cc:397] ptxas warning : Registers are spilled to local memory in function 'gemm_fusion_dot_2022', 312 bytes spill stores, 312 bytes spill loads

2025-02-24 18:41:01.547748: I external/local_xla/xla/stream_executor/cuda/cuda_asm_compiler.cc:397] ptxas warning : Registers are spilled to local memory in function 'gemm_fusion_dot_2022_0', 944 bytes spill stores, 644 bytes spill loads

2025-02-24 18:41:01.805546: I external/local_xla/xla/stream_executor/cuda/cuda_asm_compiler.cc:397] ptxas warning : Registers are spilled to local memory in function 'gemm_fusion_dot_2022', 64 bytes spill stores, 64 bytes spill loads

2025-02-24 18:41:02.249357: I external/local_xla/xla/stream_executor/cuda/cuda_asm_compiler.cc:397] ptxas warning : Registers are spilled to local memory in function 'gemm_fusion_dot_2022', 80 bytes spill stores, 80 bytes spill loads

2025-02-24 18:41:02.745931: I external/local_xla/xla/stream_executor/cuda/cuda_asm_compiler.cc:397] ptxas warning : Registers are spilled to local memory in function 'gemm_fusion_dot_2022', 52 bytes spill stores, 52 bytes spill loads

2025-02-24 18:41:02.745964: I external/local_xla/xla/stream_executor/cuda/cuda_asm_compiler.cc:397] ptxas warning : Registers are spilled to local memory in function 'gemm_fusion_dot_2245', 728 bytes spill stores, 728 bytes spill loads

slurmstepd: error: *** JOB 1076180 ON falcon-05 CANCELLED AT 2025-02-24T18:41:08 ***
