Model: "sequential"
┏━━━━━━━━━━━━━━━━━━━━━━━━━━━━━━━━━┳━━━━━━━━━━━━━━━━━━━━━━━━┳━━━━━━━━━━━━━━━┓
┃ Layer (type)                    ┃ Output Shape           ┃       Param # ┃
┡━━━━━━━━━━━━━━━━━━━━━━━━━━━━━━━━━╇━━━━━━━━━━━━━━━━━━━━━━━━╇━━━━━━━━━━━━━━━┩
│ conv2d (Conv2D)                 │ (None, 62, 62, 3)      │            30 │
├─────────────────────────────────┼────────────────────────┼───────────────┤
│ max_pooling2d (MaxPooling2D)    │ (None, 31, 31, 3)      │             0 │
├─────────────────────────────────┼────────────────────────┼───────────────┤
│ conv2d_1 (Conv2D)               │ (None, 29, 29, 3)      │            84 │
├─────────────────────────────────┼────────────────────────┼───────────────┤
│ max_pooling2d_1 (MaxPooling2D)  │ (None, 14, 14, 3)      │             0 │
├─────────────────────────────────┼────────────────────────┼───────────────┤
│ dropout (Dropout)               │ (None, 14, 14, 3)      │             0 │
├─────────────────────────────────┼────────────────────────┼───────────────┤
│ conv2d_2 (Conv2D)               │ (None, 12, 12, 3)      │            84 │
├─────────────────────────────────┼────────────────────────┼───────────────┤
│ max_pooling2d_2 (MaxPooling2D)  │ (None, 6, 6, 3)        │             0 │
├─────────────────────────────────┼────────────────────────┼───────────────┤
│ dropout_1 (Dropout)             │ (None, 6, 6, 3)        │             0 │
├─────────────────────────────────┼────────────────────────┼───────────────┤
│ flatten (Flatten)               │ (None, 108)            │             0 │
├─────────────────────────────────┼────────────────────────┼───────────────┤
│ dense (Dense)                   │ (None, 1024)           │       111,616 │
├─────────────────────────────────┼────────────────────────┼───────────────┤
│ dropout_2 (Dropout)             │ (None, 1024)           │             0 │
├─────────────────────────────────┼────────────────────────┼───────────────┤
│ dense_1 (Dense)                 │ (None, 1024)           │     1,049,600 │
├─────────────────────────────────┼────────────────────────┼───────────────┤
│ dropout_3 (Dropout)             │ (None, 1024)           │             0 │
├─────────────────────────────────┼────────────────────────┼───────────────┤
│ dense_2 (Dense)                 │ (None, 1024)           │     1,049,600 │
├─────────────────────────────────┼────────────────────────┼───────────────┤
│ dropout_4 (Dropout)             │ (None, 1024)           │             0 │
├─────────────────────────────────┼────────────────────────┼───────────────┤
│ dense_3 (Dense)                 │ (None, 6583)           │     6,747,575 │
└─────────────────────────────────┴────────────────────────┴───────────────┘
 Total params: 8,958,589 (34.17 MB)
 Trainable params: 8,958,589 (34.17 MB)
 Non-trainable params: 0 (0.00 B)
None
Epoch 1/10
5143/5143 - 77s - 15ms/step - accuracy: 5.6813e-04 - loss: 8.5969
Epoch 2/10
5143/5143 - 17s - 3ms/step - accuracy: 0.0124 - loss: 7.1003
Epoch 3/10
5143/5143 - 17s - 3ms/step - accuracy: 0.0350 - loss: 6.1737
Epoch 4/10
5143/5143 - 17s - 3ms/step - accuracy: 0.0607 - loss: 5.6725
Epoch 5/10
5143/5143 - 17s - 3ms/step - accuracy: 0.0874 - loss: 5.2790
Epoch 6/10
5143/5143 - 17s - 3ms/step - accuracy: 0.1159 - loss: 4.9591
Epoch 7/10
5143/5143 - 17s - 3ms/step - accuracy: 0.1431 - loss: 4.6744
Epoch 8/10
5143/5143 - 17s - 3ms/step - accuracy: 0.1723 - loss: 4.4200
Epoch 9/10
5143/5143 - 17s - 3ms/step - accuracy: 0.1977 - loss: 4.2056
Epoch 10/10
5143/5143 - 17s - 3ms/step - accuracy: 0.2204 - loss: 4.0240
5143/5143 - 14s - 3ms/step - accuracy: 0.1962 - loss: 4.4529
loss: 4.452904224395752
acc: 0.1962084174156189
