Model: "sequential"
┏━━━━━━━━━━━━━━━━━━━━━━━━━━━━━━━━━┳━━━━━━━━━━━━━━━━━━━━━━━━┳━━━━━━━━━━━━━━━┓
┃ Layer (type)                    ┃ Output Shape           ┃       Param # ┃
┡━━━━━━━━━━━━━━━━━━━━━━━━━━━━━━━━━╇━━━━━━━━━━━━━━━━━━━━━━━━╇━━━━━━━━━━━━━━━┩
│ efficientnetb0 (Functional)     │ (None, 6512)           │    12,390,863 │
└─────────────────────────────────┴────────────────────────┴───────────────┘
 Total params: 12,390,863 (47.27 MB)
 Trainable params: 12,348,844 (47.11 MB)
 Non-trainable params: 42,019 (164.14 KB)
None
Epoch 1/100
318/318 - 128s - 401ms/step - accuracy: 0.0015 - loss: 8.0356
Epoch 2/100
318/318 - 45s - 143ms/step - accuracy: 0.0445 - loss: 5.6123
Epoch 3/100
318/318 - 46s - 144ms/step - accuracy: 0.3435 - loss: 2.8254
Epoch 4/100
318/318 - 45s - 143ms/step - accuracy: 0.6635 - loss: 1.2892
Epoch 5/100
318/318 - 46s - 144ms/step - accuracy: 0.8015 - loss: 0.7297
Epoch 6/100
318/318 - 46s - 144ms/step - accuracy: 0.8642 - loss: 0.4886
Epoch 7/100
318/318 - 46s - 144ms/step - accuracy: 0.8975 - loss: 0.3611
Epoch 8/100
318/318 - 46s - 144ms/step - accuracy: 0.9205 - loss: 0.2738
Epoch 9/100
318/318 - 46s - 144ms/step - accuracy: 0.9330 - loss: 0.2271
Epoch 10/100
318/318 - 46s - 144ms/step - accuracy: 0.9452 - loss: 0.1834
Epoch 11/100
318/318 - 46s - 144ms/step - accuracy: 0.9559 - loss: 0.1465
Epoch 12/100
318/318 - 46s - 144ms/step - accuracy: 0.9611 - loss: 0.1271
Epoch 13/100
318/318 - 46s - 144ms/step - accuracy: 0.9638 - loss: 0.1173
Epoch 14/100
318/318 - 46s - 144ms/step - accuracy: 0.9687 - loss: 0.1004
Epoch 15/100
318/318 - 46s - 144ms/step - accuracy: 0.9650 - loss: 0.1153
Epoch 16/100
318/318 - 46s - 144ms/step - accuracy: 0.9700 - loss: 0.0999
Epoch 17/100
318/318 - 46s - 145ms/step - accuracy: 0.9745 - loss: 0.0848
Epoch 18/100
318/318 - 46s - 145ms/step - accuracy: 0.9770 - loss: 0.0755
Epoch 19/100
318/318 - 46s - 145ms/step - accuracy: 0.9766 - loss: 0.0774
Epoch 20/100
318/318 - 46s - 145ms/step - accuracy: 0.9787 - loss: 0.0696
Epoch 21/100
318/318 - 46s - 145ms/step - accuracy: 0.9748 - loss: 0.0839
Epoch 22/100
318/318 - 46s - 145ms/step - accuracy: 0.9812 - loss: 0.0630
Epoch 23/100
318/318 - 46s - 145ms/step - accuracy: 0.9721 - loss: 0.0936
Epoch 24/100
318/318 - 46s - 145ms/step - accuracy: 0.9730 - loss: 0.0895
Epoch 25/100
318/318 - 46s - 144ms/step - accuracy: 0.9846 - loss: 0.0502
Epoch 26/100
318/318 - 46s - 145ms/step - accuracy: 0.9867 - loss: 0.0434
Epoch 27/100
318/318 - 46s - 145ms/step - accuracy: 0.9889 - loss: 0.0355
Epoch 28/100
