Model: "sequential"
┏━━━━━━━━━━━━━━━━━━━━━━━━━━━━━━━━━┳━━━━━━━━━━━━━━━━━━━━━━━━┳━━━━━━━━━━━━━━━┓
┃ Layer (type)                    ┃ Output Shape           ┃       Param # ┃
┡━━━━━━━━━━━━━━━━━━━━━━━━━━━━━━━━━╇━━━━━━━━━━━━━━━━━━━━━━━━╇━━━━━━━━━━━━━━━┩
│ conv2d (Conv2D)                 │ (None, 62, 62, 3)      │            30 │
├─────────────────────────────────┼────────────────────────┼───────────────┤
│ max_pooling2d (MaxPooling2D)    │ (None, 31, 31, 3)      │             0 │
├─────────────────────────────────┼────────────────────────┼───────────────┤
│ conv2d_1 (Conv2D)               │ (None, 29, 29, 3)      │            84 │
├─────────────────────────────────┼────────────────────────┼───────────────┤
│ max_pooling2d_1 (MaxPooling2D)  │ (None, 14, 14, 3)      │             0 │
├─────────────────────────────────┼────────────────────────┼───────────────┤
│ dropout (Dropout)               │ (None, 14, 14, 3)      │             0 │
├─────────────────────────────────┼────────────────────────┼───────────────┤
│ conv2d_2 (Conv2D)               │ (None, 12, 12, 3)      │            84 │
├─────────────────────────────────┼────────────────────────┼───────────────┤
│ max_pooling2d_2 (MaxPooling2D)  │ (None, 6, 6, 3)        │             0 │
├─────────────────────────────────┼────────────────────────┼───────────────┤
│ dropout_1 (Dropout)             │ (None, 6, 6, 3)        │             0 │
├─────────────────────────────────┼────────────────────────┼───────────────┤
│ flatten (Flatten)               │ (None, 108)            │             0 │
├─────────────────────────────────┼────────────────────────┼───────────────┤
│ dense (Dense)                   │ (None, 4096)           │       446,464 │
├─────────────────────────────────┼────────────────────────┼───────────────┤
│ dropout_2 (Dropout)             │ (None, 4096)           │             0 │
├─────────────────────────────────┼────────────────────────┼───────────────┤
│ dense_1 (Dense)                 │ (None, 4096)           │    16,781,312 │
├─────────────────────────────────┼────────────────────────┼───────────────┤
│ dropout_3 (Dropout)             │ (None, 4096)           │             0 │
├─────────────────────────────────┼────────────────────────┼───────────────┤
│ dense_2 (Dense)                 │ (None, 6583)           │    26,970,551 │
└─────────────────────────────────┴────────────────────────┴───────────────┘
 Total params: 44,198,525 (168.60 MB)
 Trainable params: 44,198,525 (168.60 MB)
 Non-trainable params: 0 (0.00 B)
None
Epoch 1/10
322/322 - 29s - 90ms/step - accuracy: 3.2812e-04 - loss: 8.8520
Epoch 2/10
322/322 - 10s - 32ms/step - accuracy: 0.0033 - loss: 8.3633
Epoch 3/10
322/322 - 11s - 35ms/step - accuracy: 0.0088 - loss: 7.8702
Epoch 4/10
322/322 - 10s - 32ms/step - accuracy: 0.0160 - loss: 7.4862
Epoch 5/10
322/322 - 9s - 28ms/step - accuracy: 0.0247 - loss: 7.1647
Epoch 6/10
322/322 - 8s - 24ms/step - accuracy: 0.0346 - loss: 6.8820
Epoch 7/10
322/322 - 9s - 27ms/step - accuracy: 0.0461 - loss: 6.6234
Epoch 8/10
322/322 - 10s - 30ms/step - accuracy: 0.0577 - loss: 6.3813
Epoch 9/10
322/322 - 10s - 31ms/step - accuracy: 0.0708 - loss: 6.1505
Epoch 10/10
322/322 - 8s - 25ms/step - accuracy: 0.0848 - loss: 5.9261
322/322 - 16s - 51ms/step - accuracy: 0.2901 - loss: 5.2088
loss: 5.208808898925781
acc: 0.29013824462890625
