Model: "sequential"
┏━━━━━━━━━━━━━━━━━━━━━━━━━━━━━━━━━┳━━━━━━━━━━━━━━━━━━━━━━━━┳━━━━━━━━━━━━━━━┓
┃ Layer (type)                    ┃ Output Shape           ┃       Param # ┃
┡━━━━━━━━━━━━━━━━━━━━━━━━━━━━━━━━━╇━━━━━━━━━━━━━━━━━━━━━━━━╇━━━━━━━━━━━━━━━┩
│ random_contrast                 │ (None, 64, 64, 1)      │             0 │
│ (RandomContrast)                │                        │               │
├─────────────────────────────────┼────────────────────────┼───────────────┤
│ conv2d (Conv2D)                 │ (None, 62, 62, 3)      │            30 │
├─────────────────────────────────┼────────────────────────┼───────────────┤
│ max_pooling2d (MaxPooling2D)    │ (None, 31, 31, 3)      │             0 │
├─────────────────────────────────┼────────────────────────┼───────────────┤
│ conv2d_1 (Conv2D)               │ (None, 29, 29, 3)      │            84 │
├─────────────────────────────────┼────────────────────────┼───────────────┤
│ max_pooling2d_1 (MaxPooling2D)  │ (None, 14, 14, 3)      │             0 │
├─────────────────────────────────┼────────────────────────┼───────────────┤
│ dropout (Dropout)               │ (None, 14, 14, 3)      │             0 │
├─────────────────────────────────┼────────────────────────┼───────────────┤
│ conv2d_2 (Conv2D)               │ (None, 12, 12, 3)      │            84 │
├─────────────────────────────────┼────────────────────────┼───────────────┤
│ max_pooling2d_2 (MaxPooling2D)  │ (None, 6, 6, 3)        │             0 │
├─────────────────────────────────┼────────────────────────┼───────────────┤
│ dropout_1 (Dropout)             │ (None, 6, 6, 3)        │             0 │
├─────────────────────────────────┼────────────────────────┼───────────────┤
│ flatten (Flatten)               │ (None, 108)            │             0 │
├─────────────────────────────────┼────────────────────────┼───────────────┤
│ dense (Dense)                   │ (None, 4096)           │       446,464 │
├─────────────────────────────────┼────────────────────────┼───────────────┤
│ dropout_2 (Dropout)             │ (None, 4096)           │             0 │
├─────────────────────────────────┼────────────────────────┼───────────────┤
│ dense_1 (Dense)                 │ (None, 4096)           │    16,781,312 │
├─────────────────────────────────┼────────────────────────┼───────────────┤
│ dropout_3 (Dropout)             │ (None, 4096)           │             0 │
├─────────────────────────────────┼────────────────────────┼───────────────┤
│ dense_2 (Dense)                 │ (None, 4096)           │    16,781,312 │
├─────────────────────────────────┼────────────────────────┼───────────────┤
│ dropout_4 (Dropout)             │ (None, 4096)           │             0 │
├─────────────────────────────────┼────────────────────────┼───────────────┤
│ dense_3 (Dense)                 │ (None, 6584)           │    26,974,648 │
└─────────────────────────────────┴────────────────────────┴───────────────┘
 Total params: 60,983,934 (232.64 MB)
 Trainable params: 60,983,934 (232.64 MB)
 Non-trainable params: 0 (0.00 B)
None
Epoch 1/100
2100/2100 - 25s - 12ms/step - accuracy: 0.0590 - loss: 6.6836
Epoch 2/100
2100/2100 - 15s - 7ms/step - accuracy: 0.1332 - loss: 5.6012
Epoch 3/100
2100/2100 - 15s - 7ms/step - accuracy: 0.1697 - loss: 5.0539
Epoch 4/100
2100/2100 - 15s - 7ms/step - accuracy: 0.1923 - loss: 4.7436
Epoch 5/100
2100/2100 - 15s - 7ms/step - accuracy: 0.2098 - loss: 4.5337
Epoch 6/100
2100/2100 - 15s - 7ms/step - accuracy: 0.2263 - loss: 4.3509
Epoch 7/100
2100/2100 - 15s - 7ms/step - accuracy: 0.2405 - loss: 4.2139
Epoch 8/100
2100/2100 - 15s - 7ms/step - accuracy: 0.2513 - loss: 4.0958
Epoch 9/100
2100/2100 - 15s - 7ms/step - accuracy: 0.2637 - loss: 4.0047
Epoch 10/100
2100/2100 - 15s - 7ms/step - accuracy: 0.2700 - loss: 3.9384
Epoch 11/100
2100/2100 - 15s - 7ms/step - accuracy: 0.2786 - loss: 3.8770
Epoch 12/100
2100/2100 - 15s - 7ms/step - accuracy: 0.2858 - loss: 3.8249
Epoch 13/100
2100/2100 - 15s - 7ms/step - accuracy: 0.2898 - loss: 3.7916
Epoch 14/100
2100/2100 - 15s - 7ms/step - accuracy: 0.2947 - loss: 3.7532
Epoch 15/100
2100/2100 - 15s - 7ms/step - accuracy: 0.2985 - loss: 3.7376
Epoch 16/100
2100/2100 - 15s - 7ms/step - accuracy: 0.3012 - loss: 3.7145
Epoch 17/100
2100/2100 - 15s - 7ms/step - accuracy: 0.3032 - loss: 3.6886
Epoch 18/100
2100/2100 - 15s - 7ms/step - accuracy: 0.3061 - loss: 3.6790
Epoch 19/100
2100/2100 - 15s - 7ms/step - accuracy: 0.3075 - loss: 3.6659
Epoch 20/100
2100/2100 - 15s - 7ms/step - accuracy: 0.3079 - loss: 3.6671
Epoch 21/100
2100/2100 - 15s - 7ms/step - accuracy: 0.3122 - loss: 3.6467
Epoch 22/100
2100/2100 - 15s - 7ms/step - accuracy: 0.3141 - loss: 3.6307
Epoch 23/100
2100/2100 - 15s - 7ms/step - accuracy: 0.3140 - loss: 3.6296
Epoch 24/100
2100/2100 - 15s - 7ms/step - accuracy: 0.3154 - loss: 3.6243
Epoch 25/100
2100/2100 - 15s - 7ms/step - accuracy: 0.3155 - loss: 3.6301
Epoch 26/100
2100/2100 - 15s - 7ms/step - accuracy: 0.3177 - loss: 3.6054
Epoch 27/100
2100/2100 - 15s - 7ms/step - accuracy: 0.3171 - loss: 3.6148
Epoch 28/100
2100/2100 - 15s - 7ms/step - accuracy: 0.3167 - loss: 3.6191
Epoch 29/100
2100/2100 - 15s - 7ms/step - accuracy: 0.3163 - loss: 3.6107
Epoch 30/100
2100/2100 - 15s - 7ms/step - accuracy: 0.3191 - loss: 3.6018
Epoch 31/100
2100/2100 - 15s - 7ms/step - accuracy: 0.3205 - loss: 3.5969
Epoch 32/100
2100/2100 - 15s - 7ms/step - accuracy: 0.3177 - loss: 3.6130
Epoch 33/100
2100/2100 - 15s - 7ms/step - accuracy: 0.3190 - loss: 3.6120
Epoch 34/100
2100/2100 - 15s - 7ms/step - accuracy: 0.3198 - loss: 3.6068
Epoch 35/100
2100/2100 - 15s - 7ms/step - accuracy: 0.3189 - loss: 3.6121
Epoch 36/100
2100/2100 - 15s - 7ms/step - accuracy: 0.3199 - loss: 3.6003
Epoch 37/100
2100/2100 - 15s - 7ms/step - accuracy: 0.3194 - loss: 3.6184
Epoch 38/100
2100/2100 - 15s - 7ms/step - accuracy: 0.3207 - loss: 3.6043
Epoch 39/100
2100/2100 - 15s - 7ms/step - accuracy: 0.3214 - loss: 3.6030
Epoch 40/100
2100/2100 - 15s - 7ms/step - accuracy: 0.3198 - loss: 3.6149
Epoch 41/100
2100/2100 - 15s - 7ms/step - accuracy: 0.3185 - loss: 3.6206
Epoch 42/100
2100/2100 - 15s - 7ms/step - accuracy: 0.3189 - loss: 3.6079
Epoch 43/100
2100/2100 - 15s - 7ms/step - accuracy: 0.3193 - loss: 3.6202
Epoch 44/100
2100/2100 - 15s - 7ms/step - accuracy: 0.3187 - loss: 3.6240
Epoch 45/100
2100/2100 - 15s - 7ms/step - accuracy: 0.3196 - loss: 3.6143
Epoch 46/100
2100/2100 - 15s - 7ms/step - accuracy: 0.3189 - loss: 3.6223
Epoch 47/100
2100/2100 - 15s - 7ms/step - accuracy: 0.3210 - loss: 3.6139
Epoch 48/100
