Model: "sequential"
┏━━━━━━━━━━━━━━━━━━━━━━━━━━━━━━━━━┳━━━━━━━━━━━━━━━━━━━━━━━━┳━━━━━━━━━━━━━━━┓
┃ Layer (type)                    ┃ Output Shape           ┃       Param # ┃
┡━━━━━━━━━━━━━━━━━━━━━━━━━━━━━━━━━╇━━━━━━━━━━━━━━━━━━━━━━━━╇━━━━━━━━━━━━━━━┩
│ conv2d (Conv2D)                 │ (None, 62, 62, 3)      │            30 │
├─────────────────────────────────┼────────────────────────┼───────────────┤
│ max_pooling2d (MaxPooling2D)    │ (None, 31, 31, 3)      │             0 │
├─────────────────────────────────┼────────────────────────┼───────────────┤
│ conv2d_1 (Conv2D)               │ (None, 29, 29, 3)      │            84 │
├─────────────────────────────────┼────────────────────────┼───────────────┤
│ max_pooling2d_1 (MaxPooling2D)  │ (None, 14, 14, 3)      │             0 │
├─────────────────────────────────┼────────────────────────┼───────────────┤
│ conv2d_2 (Conv2D)               │ (None, 12, 12, 3)      │            84 │
├─────────────────────────────────┼────────────────────────┼───────────────┤
│ max_pooling2d_2 (MaxPooling2D)  │ (None, 6, 6, 3)        │             0 │
├─────────────────────────────────┼────────────────────────┼───────────────┤
│ dropout (Dropout)               │ (None, 6, 6, 3)        │             0 │
├─────────────────────────────────┼────────────────────────┼───────────────┤
│ flatten (Flatten)               │ (None, 108)            │             0 │
├─────────────────────────────────┼────────────────────────┼───────────────┤
│ dense (Dense)                   │ (None, 4096)           │       446,464 │
├─────────────────────────────────┼────────────────────────┼───────────────┤
│ dropout_1 (Dropout)             │ (None, 4096)           │             0 │
├─────────────────────────────────┼────────────────────────┼───────────────┤
│ dense_1 (Dense)                 │ (None, 4096)           │    16,781,312 │
├─────────────────────────────────┼────────────────────────┼───────────────┤
│ dropout_2 (Dropout)             │ (None, 4096)           │             0 │
├─────────────────────────────────┼────────────────────────┼───────────────┤
│ dense_2 (Dense)                 │ (None, 6583)           │    26,970,551 │
└─────────────────────────────────┴────────────────────────┴───────────────┘
 Total params: 44,198,525 (168.60 MB)
 Trainable params: 44,198,525 (168.60 MB)
 Non-trainable params: 0 (0.00 B)
None
Epoch 1/10
322/322 - 18s - 57ms/step - accuracy: 1.7925e-04 - loss: 9.0009
Epoch 2/10
322/322 - 10s - 30ms/step - accuracy: 1.6710e-04 - loss: 8.7935
Epoch 3/10
322/322 - 12s - 36ms/step - accuracy: 1.8836e-04 - loss: 8.7927
Epoch 4/10
322/322 - 10s - 30ms/step - accuracy: 1.9140e-04 - loss: 8.7921
Epoch 5/10
322/322 - 10s - 32ms/step - accuracy: 2.3697e-04 - loss: 8.7913
Epoch 6/10
322/322 - 9s - 28ms/step - accuracy: 2.7343e-04 - loss: 8.7845
Epoch 7/10
322/322 - 11s - 35ms/step - accuracy: 2.8558e-04 - loss: 8.7645
Epoch 8/10
322/322 - 10s - 30ms/step - accuracy: 3.6458e-04 - loss: 8.7391
Epoch 9/10
322/322 - 10s - 32ms/step - accuracy: 4.1622e-04 - loss: 8.7157
Epoch 10/10
322/322 - 10s - 30ms/step - accuracy: 4.9825e-04 - loss: 8.6896
322/322 - 15s - 45ms/step - accuracy: 0.0012 - loss: 8.6049
loss: 8.604866027832031
acc: 0.0012425945606082678
complete
