Model: "sequential"
┏━━━━━━━━━━━━━━━━━━━━━━━━━━━━━━━━━┳━━━━━━━━━━━━━━━━━━━━━━━━┳━━━━━━━━━━━━━━━┓
┃ Layer (type)                    ┃ Output Shape           ┃       Param # ┃
┡━━━━━━━━━━━━━━━━━━━━━━━━━━━━━━━━━╇━━━━━━━━━━━━━━━━━━━━━━━━╇━━━━━━━━━━━━━━━┩
│ random_zoom (RandomZoom)        │ (None, 64, 64, 1)      │             0 │
├─────────────────────────────────┼────────────────────────┼───────────────┤
│ random_translation              │ (None, 64, 64, 1)      │             0 │
│ (RandomTranslation)             │                        │               │
├─────────────────────────────────┼────────────────────────┼───────────────┤
│ random_rotation                 │ (None, 64, 64, 1)      │             0 │
│ (RandomRotation)                │                        │               │
├─────────────────────────────────┼────────────────────────┼───────────────┤
│ conv2d (Conv2D)                 │ (None, 62, 62, 9)      │            90 │
├─────────────────────────────────┼────────────────────────┼───────────────┤
│ conv2d_1 (Conv2D)               │ (None, 60, 60, 9)      │           738 │
├─────────────────────────────────┼────────────────────────┼───────────────┤
│ conv2d_2 (Conv2D)               │ (None, 58, 58, 9)      │           738 │
├─────────────────────────────────┼────────────────────────┼───────────────┤
│ max_pooling2d (MaxPooling2D)    │ (None, 29, 29, 9)      │             0 │
├─────────────────────────────────┼────────────────────────┼───────────────┤
│ conv2d_3 (Conv2D)               │ (None, 27, 27, 9)      │           738 │
├─────────────────────────────────┼────────────────────────┼───────────────┤
│ max_pooling2d_1 (MaxPooling2D)  │ (None, 13, 13, 9)      │             0 │
├─────────────────────────────────┼────────────────────────┼───────────────┤
│ dropout (Dropout)               │ (None, 13, 13, 9)      │             0 │
├─────────────────────────────────┼────────────────────────┼───────────────┤
│ conv2d_4 (Conv2D)               │ (None, 11, 11, 9)      │           738 │
├─────────────────────────────────┼────────────────────────┼───────────────┤
│ max_pooling2d_2 (MaxPooling2D)  │ (None, 5, 5, 9)        │             0 │
├─────────────────────────────────┼────────────────────────┼───────────────┤
│ dropout_1 (Dropout)             │ (None, 5, 5, 9)        │             0 │
├─────────────────────────────────┼────────────────────────┼───────────────┤
│ flatten (Flatten)               │ (None, 225)            │             0 │
├─────────────────────────────────┼────────────────────────┼───────────────┤
│ dense (Dense)                   │ (None, 4096)           │       925,696 │
├─────────────────────────────────┼────────────────────────┼───────────────┤
│ dropout_2 (Dropout)             │ (None, 4096)           │             0 │
├─────────────────────────────────┼────────────────────────┼───────────────┤
│ dense_1 (Dense)                 │ (None, 4096)           │    16,781,312 │
├─────────────────────────────────┼────────────────────────┼───────────────┤
│ dropout_3 (Dropout)             │ (None, 4096)           │             0 │
├─────────────────────────────────┼────────────────────────┼───────────────┤
│ dense_2 (Dense)                 │ (None, 6512)           │    26,679,664 │
└─────────────────────────────────┴────────────────────────┴───────────────┘
 Total params: 44,389,714 (169.33 MB)
 Trainable params: 44,389,714 (169.33 MB)
 Non-trainable params: 0 (0.00 B)
None
Epoch 1/100
318/318 - 31s - 97ms/step - accuracy: 1.6585e-04 - loss: 9.0964
Epoch 2/100
318/318 - 21s - 67ms/step - accuracy: 3.3784e-04 - loss: 8.6147
Epoch 3/100
318/318 - 21s - 67ms/step - accuracy: 4.1155e-04 - loss: 8.5253
Epoch 4/100
318/318 - 21s - 67ms/step - accuracy: 5.7125e-04 - loss: 8.4514
Epoch 5/100
318/318 - 21s - 67ms/step - accuracy: 9.1830e-04 - loss: 8.3577
Epoch 6/100
318/318 - 22s - 68ms/step - accuracy: 0.0012 - loss: 8.2561
Epoch 7/100
318/318 - 22s - 68ms/step - accuracy: 0.0016 - loss: 8.1504
Epoch 8/100
318/318 - 22s - 68ms/step - accuracy: 0.0020 - loss: 8.0469
Epoch 9/100
318/318 - 22s - 68ms/step - accuracy: 0.0026 - loss: 7.9414
Epoch 10/100
318/318 - 22s - 68ms/step - accuracy: 0.0034 - loss: 7.8260
Epoch 11/100
318/318 - 22s - 68ms/step - accuracy: 0.0040 - loss: 7.7181
Epoch 12/100
318/318 - 22s - 69ms/step - accuracy: 0.0049 - loss: 7.6162
Epoch 13/100
318/318 - 22s - 69ms/step - accuracy: 0.0057 - loss: 7.5184
Epoch 14/100
318/318 - 22s - 69ms/step - accuracy: 0.0067 - loss: 7.4221
Epoch 15/100
318/318 - 22s - 69ms/step - accuracy: 0.0079 - loss: 7.3298
Epoch 16/100
318/318 - 22s - 69ms/step - accuracy: 0.0095 - loss: 7.2398
Epoch 17/100
318/318 - 22s - 69ms/step - accuracy: 0.0105 - loss: 7.1566
Epoch 18/100
318/318 - 22s - 69ms/step - accuracy: 0.0119 - loss: 7.0767
Epoch 19/100
318/318 - 22s - 69ms/step - accuracy: 0.0135 - loss: 6.9932
Epoch 20/100
318/318 - 22s - 69ms/step - accuracy: 0.0148 - loss: 6.9246
Epoch 21/100
318/318 - 22s - 69ms/step - accuracy: 0.0166 - loss: 6.8491
Epoch 22/100
318/318 - 22s - 69ms/step - accuracy: 0.0178 - loss: 6.7833
Epoch 23/100
318/318 - 22s - 69ms/step - accuracy: 0.0198 - loss: 6.7212
Epoch 24/100
318/318 - 22s - 69ms/step - accuracy: 0.0207 - loss: 6.6659
Epoch 25/100
318/318 - 22s - 69ms/step - accuracy: 0.0226 - loss: 6.6120
Epoch 26/100
318/318 - 22s - 69ms/step - accuracy: 0.0244 - loss: 6.5599
Epoch 27/100
318/318 - 22s - 69ms/step - accuracy: 0.0256 - loss: 6.5081
Epoch 28/100
318/318 - 22s - 69ms/step - accuracy: 0.0266 - loss: 6.4642
Epoch 29/100
318/318 - 22s - 69ms/step - accuracy: 0.0286 - loss: 6.4150
Epoch 30/100
318/318 - 22s - 69ms/step - accuracy: 0.0313 - loss: 6.3682
Epoch 31/100
318/318 - 22s - 69ms/step - accuracy: 0.0317 - loss: 6.3293
Epoch 32/100
318/318 - 22s - 69ms/step - accuracy: 0.0335 - loss: 6.2913
Epoch 33/100
318/318 - 22s - 69ms/step - accuracy: 0.0357 - loss: 6.2476
Epoch 34/100
318/318 - 22s - 69ms/step - accuracy: 0.0373 - loss: 6.2020
Epoch 35/100
318/318 - 22s - 69ms/step - accuracy: 0.0386 - loss: 6.1746
Epoch 36/100
318/318 - 22s - 69ms/step - accuracy: 0.0402 - loss: 6.1365
Epoch 37/100
318/318 - 22s - 69ms/step - accuracy: 0.0412 - loss: 6.1064
Epoch 38/100
318/318 - 22s - 69ms/step - accuracy: 0.0432 - loss: 6.0698
Epoch 39/100
318/318 - 22s - 69ms/step - accuracy: 0.0445 - loss: 6.0482
Epoch 40/100
318/318 - 22s - 69ms/step - accuracy: 0.0465 - loss: 6.0072
Epoch 41/100
318/318 - 22s - 69ms/step - accuracy: 0.0476 - loss: 5.9835
Epoch 42/100
318/318 - 22s - 69ms/step - accuracy: 0.0486 - loss: 5.9659
Epoch 43/100
318/318 - 22s - 69ms/step - accuracy: 0.0510 - loss: 5.9266
Epoch 44/100
318/318 - 22s - 69ms/step - accuracy: 0.0514 - loss: 5.9077
Epoch 45/100
318/318 - 22s - 69ms/step - accuracy: 0.0538 - loss: 5.8820
Epoch 46/100
318/318 - 22s - 69ms/step - accuracy: 0.0547 - loss: 5.8555
Epoch 47/100
318/318 - 22s - 69ms/step - accuracy: 0.0560 - loss: 5.8315
Epoch 48/100
318/318 - 22s - 69ms/step - accuracy: 0.0572 - loss: 5.8074
Epoch 49/100
318/318 - 22s - 69ms/step - accuracy: 0.0593 - loss: 5.7797
Epoch 50/100
318/318 - 22s - 69ms/step - accuracy: 0.0596 - loss: 5.7589
Epoch 51/100
318/318 - 22s - 69ms/step - accuracy: 0.0617 - loss: 5.7402
Epoch 52/100
318/318 - 22s - 69ms/step - accuracy: 0.0632 - loss: 5.7152
Epoch 53/100
318/318 - 22s - 69ms/step - accuracy: 0.0645 - loss: 5.6997
Epoch 54/100
318/318 - 22s - 69ms/step - accuracy: 0.0660 - loss: 5.6764
Epoch 55/100
318/318 - 22s - 69ms/step - accuracy: 0.0663 - loss: 5.6586
Epoch 56/100
