2025-02-11 14:01:22.738843: I tensorflow/core/util/port.cc:153] oneDNN custom operations are on. You may see slightly different numerical results due to floating-point round-off errors from different computation orders. To turn them off, set the environment variable `TF_ENABLE_ONEDNN_OPTS=0`.
2025-02-11 14:01:23.137752: E external/local_xla/xla/stream_executor/cuda/cuda_fft.cc:477] Unable to register cuFFT factory: Attempting to register factory for plugin cuFFT when one has already been registered
WARNING: All log messages before absl::InitializeLog() is called are written to STDERR
E0000 00:00:1739282483.280947   85526 cuda_dnn.cc:8310] Unable to register cuDNN factory: Attempting to register factory for plugin cuDNN when one has already been registered
E0000 00:00:1739282483.320343   85526 cuda_blas.cc:1418] Unable to register cuBLAS factory: Attempting to register factory for plugin cuBLAS when one has already been registered
2025-02-11 14:01:23.683502: I tensorflow/core/platform/cpu_feature_guard.cc:210] This TensorFlow binary is optimized to use available CPU instructions in performance-critical operations.
To enable the following instructions: AVX2 AVX512F AVX512_VNNI FMA, in other operations, rebuild TensorFlow with the appropriate compiler flags.
I0000 00:00:1739282488.892112   85526 gpu_device.cc:2022] Created device /job:localhost/replica:0/task:0/device:GPU:0 with 22497 MB memory:  -> device: 0, name: NVIDIA RTX A5000, pci bus id: 0000:01:00.0, compute capability: 8.6
2025-02-11 14:01:30.534741: E tensorflow/core/util/util.cc:131] oneDNN supports DT_HALF only on platforms with AVX-512. Falling back to the default Eigen-based implementation if present.
WARNING: All log messages before absl::InitializeLog() is called are written to STDERR
I0000 00:00:1739282490.550929   85566 service.cc:148] XLA service 0x7f5f94004fb0 initialized for platform CUDA (this does not guarantee that XLA will be used). Devices:
I0000 00:00:1739282490.553943   85566 service.cc:156]   StreamExecutor device (0): NVIDIA RTX A5000, Compute Capability 8.6
2025-02-11 14:01:30.611113: I tensorflow/compiler/mlir/tensorflow/utils/dump_mlir_util.cc:268] disabling MLIR crash reproducer, set env var `MLIR_CRASH_REPRODUCER_DIRECTORY` to enable.
I0000 00:00:1739282490.759388   85566 cuda_dnn.cc:529] Loaded cuDNN version 90501
2025-02-11 14:01:31.512016: I external/local_xla/xla/stream_executor/cuda/cuda_asm_compiler.cc:397] ptxas warning : Registers are spilled to local memory in function 'gemm_fusion_dot_1956', 80 bytes spill stores, 80 bytes spill loads

2025-02-11 14:01:31.621609: I external/local_xla/xla/stream_executor/cuda/cuda_asm_compiler.cc:397] ptxas warning : Registers are spilled to local memory in function 'gemm_fusion_dot_1956_0', 692 bytes spill stores, 636 bytes spill loads

2025-02-11 14:01:31.692391: I external/local_xla/xla/stream_executor/cuda/cuda_asm_compiler.cc:397] ptxas warning : Registers are spilled to local memory in function 'gemm_fusion_dot_1956', 312 bytes spill stores, 312 bytes spill loads

2025-02-11 14:01:32.100300: I external/local_xla/xla/stream_executor/cuda/cuda_asm_compiler.cc:397] ptxas warning : Registers are spilled to local memory in function 'gemm_fusion_dot_1956', 88 bytes spill stores, 88 bytes spill loads

2025-02-11 14:01:32.259848: I external/local_xla/xla/stream_executor/cuda/cuda_asm_compiler.cc:397] ptxas warning : Registers are spilled to local memory in function 'gemm_fusion_dot_1956', 52 bytes spill stores, 52 bytes spill loads

2025-02-11 14:01:32.314042: I external/local_xla/xla/stream_executor/cuda/cuda_asm_compiler.cc:397] ptxas warning : Registers are spilled to local memory in function 'gemm_fusion_dot_1956', 1140 bytes spill stores, 1112 bytes spill loads

2025-02-11 14:01:32.500163: I external/local_xla/xla/stream_executor/cuda/cuda_asm_compiler.cc:397] ptxas warning : Registers are spilled to local memory in function 'gemm_fusion_dot_2164', 1204 bytes spill stores, 932 bytes spill loads

I0000 00:00:1739282494.616929   85566 device_compiler.h:188] Compiled cluster using XLA!  This line is logged at most once for the lifetime of the process.
2025-02-11 14:01:48.098201: I external/local_xla/xla/stream_executor/cuda/cuda_asm_compiler.cc:397] ptxas warning : Registers are spilled to local memory in function 'gemm_fusion_dot_1956', 80 bytes spill stores, 80 bytes spill loads

2025-02-11 14:01:48.124020: I external/local_xla/xla/stream_executor/cuda/cuda_asm_compiler.cc:397] ptxas warning : Registers are spilled to local memory in function 'gemm_fusion_dot_1956', 56 bytes spill stores, 56 bytes spill loads

2025-02-11 14:01:48.304411: I external/local_xla/xla/stream_executor/cuda/cuda_asm_compiler.cc:397] ptxas warning : Registers are spilled to local memory in function 'gemm_fusion_dot_1956_0', 944 bytes spill stores, 644 bytes spill loads

2025-02-11 14:01:48.304442: I external/local_xla/xla/stream_executor/cuda/cuda_asm_compiler.cc:397] ptxas warning : Registers are spilled to local memory in function 'gemm_fusion_dot_1956', 1524 bytes spill stores, 1108 bytes spill loads

2025-02-11 14:01:48.471541: I external/local_xla/xla/stream_executor/cuda/cuda_asm_compiler.cc:397] ptxas warning : Registers are spilled to local memory in function 'gemm_fusion_dot_2164', 68 bytes spill stores, 68 bytes spill loads

2025-02-11 14:01:48.471580: I external/local_xla/xla/stream_executor/cuda/cuda_asm_compiler.cc:397] ptxas warning : Registers are spilled to local memory in function 'gemm_fusion_dot_1956', 68 bytes spill stores, 68 bytes spill loads

2025-02-11 14:01:48.496031: I external/local_xla/xla/stream_executor/cuda/cuda_asm_compiler.cc:397] ptxas warning : Registers are spilled to local memory in function 'gemm_fusion_dot_2164', 48 bytes spill stores, 48 bytes spill loads

2025-02-11 14:01:48.550248: I external/local_xla/xla/stream_executor/cuda/cuda_asm_compiler.cc:397] ptxas warning : Registers are spilled to local memory in function 'gemm_fusion_dot_1956', 344 bytes spill stores, 344 bytes spill loads

2025-02-11 14:01:49.060584: I external/local_xla/xla/stream_executor/cuda/cuda_asm_compiler.cc:397] ptxas warning : Registers are spilled to local memory in function 'gemm_fusion_dot_2164', 4 bytes spill stores, 4 bytes spill loads

2025-02-11 14:01:49.265915: I external/local_xla/xla/stream_executor/cuda/cuda_asm_compiler.cc:397] ptxas warning : Registers are spilled to local memory in function 'gemm_fusion_dot_2164', 736 bytes spill stores, 744 bytes spill loads

WARNING:absl:You are saving your model as an HDF5 file via `model.save()` or `keras.saving.save_model(model)`. This file format is considered legacy. We recommend using instead the native Keras format, e.g. `model.save('my_model.keras')` or `keras.saving.save_model(model, 'my_model.keras')`. 
2025-02-11 14:01:59.261520: I external/local_xla/xla/stream_executor/cuda/cuda_asm_compiler.cc:397] ptxas warning : Registers are spilled to local memory in function 'gemm_fusion_dot_98', 196 bytes spill stores, 196 bytes spill loads

2025-02-11 14:01:59.739688: I external/local_xla/xla/stream_executor/cuda/cuda_asm_compiler.cc:397] ptxas warning : Registers are spilled to local memory in function 'gemm_fusion_dot_105', 200 bytes spill stores, 200 bytes spill loads

2025-02-11 14:01:59.739727: I external/local_xla/xla/stream_executor/cuda/cuda_asm_compiler.cc:397] ptxas warning : Registers are spilled to local memory in function 'gemm_fusion_dot_98_0', 776 bytes spill stores, 724 bytes spill loads

2025-02-11 14:01:59.887821: I external/local_xla/xla/stream_executor/cuda/cuda_asm_compiler.cc:397] ptxas warning : Registers are spilled to local memory in function 'gemm_fusion_dot_105_0', 776 bytes spill stores, 724 bytes spill loads

2025-02-11 14:02:00.049094: I external/local_xla/xla/stream_executor/cuda/cuda_asm_compiler.cc:397] ptxas warning : Registers are spilled to local memory in function 'gemm_fusion_dot_105', 248 bytes spill stores, 248 bytes spill loads

2025-02-11 14:02:00.108127: I external/local_xla/xla/stream_executor/cuda/cuda_asm_compiler.cc:397] ptxas warning : Registers are spilled to local memory in function 'gemm_fusion_dot_98', 236 bytes spill stores, 236 bytes spill loads

2025-02-11 14:02:12.800022: I external/local_xla/xla/stream_executor/cuda/cuda_asm_compiler.cc:397] ptxas warning : Registers are spilled to local memory in function 'gemm_fusion_dot_98', 248 bytes spill stores, 248 bytes spill loads

2025-02-11 14:02:13.118393: I external/local_xla/xla/stream_executor/cuda/cuda_asm_compiler.cc:397] ptxas warning : Registers are spilled to local memory in function 'gemm_fusion_dot_105', 248 bytes spill stores, 248 bytes spill loads

2025-02-11 14:02:13.142903: I external/local_xla/xla/stream_executor/cuda/cuda_asm_compiler.cc:397] ptxas warning : Registers are spilled to local memory in function 'gemm_fusion_dot_98_0', 756 bytes spill stores, 444 bytes spill loads

2025-02-11 14:02:13.414952: I external/local_xla/xla/stream_executor/cuda/cuda_asm_compiler.cc:397] ptxas warning : Registers are spilled to local memory in function 'gemm_fusion_dot_105', 260 bytes spill stores, 260 bytes spill loads

2025-02-11 14:02:13.619234: I external/local_xla/xla/stream_executor/cuda/cuda_asm_compiler.cc:397] ptxas warning : Registers are spilled to local memory in function 'gemm_fusion_dot_98', 244 bytes spill stores, 244 bytes spill loads

2025-02-11 14:02:13.714985: I external/local_xla/xla/stream_executor/cuda/cuda_asm_compiler.cc:397] ptxas warning : Registers are spilled to local memory in function 'gemm_fusion_dot_105_0', 756 bytes spill stores, 444 bytes spill loads

