Model: "sequential"
┏━━━━━━━━━━━━━━━━━━━━━━━━━━━━━━━━━┳━━━━━━━━━━━━━━━━━━━━━━━━┳━━━━━━━━━━━━━━━┓
┃ Layer (type)                    ┃ Output Shape           ┃       Param # ┃
┡━━━━━━━━━━━━━━━━━━━━━━━━━━━━━━━━━╇━━━━━━━━━━━━━━━━━━━━━━━━╇━━━━━━━━━━━━━━━┩
│ random_zoom (RandomZoom)        │ (None, None, None, 1)  │             0 │
├─────────────────────────────────┼────────────────────────┼───────────────┤
│ random_translation              │ (None, None, None, 1)  │             0 │
│ (RandomTranslation)             │                        │               │
├─────────────────────────────────┼────────────────────────┼───────────────┤
│ random_rotation                 │ (None, None, None, 1)  │             0 │
│ (RandomRotation)                │                        │               │
├─────────────────────────────────┼────────────────────────┼───────────────┤
│ efficientnetb4 (Functional)     │ (None, 6512)           │    29,348,971 │
└─────────────────────────────────┴────────────────────────┴───────────────┘
 Total params: 29,348,971 (111.96 MB)
 Trainable params: 29,223,768 (111.48 MB)
 Non-trainable params: 125,203 (489.08 KB)
None
Epoch 1/100
318/318 - 334s - 1s/step - accuracy: 2.3649e-04 - loss: 8.7371
Epoch 2/100
318/318 - 294s - 924ms/step - accuracy: 7.1867e-04 - loss: 8.3421
Epoch 3/100
