Model: "sequential"
┏━━━━━━━━━━━━━━━━━━━━━━━━━━━━━━━━━┳━━━━━━━━━━━━━━━━━━━━━━━━┳━━━━━━━━━━━━━━━┓
┃ Layer (type)                    ┃ Output Shape           ┃       Param # ┃
┡━━━━━━━━━━━━━━━━━━━━━━━━━━━━━━━━━╇━━━━━━━━━━━━━━━━━━━━━━━━╇━━━━━━━━━━━━━━━┩
│ conv2d (Conv2D)                 │ (None, 62, 62, 9)      │            90 │
├─────────────────────────────────┼────────────────────────┼───────────────┤
│ conv2d_1 (Conv2D)               │ (None, 60, 60, 9)      │           738 │
├─────────────────────────────────┼────────────────────────┼───────────────┤
│ max_pooling2d (MaxPooling2D)    │ (None, 30, 30, 9)      │             0 │
├─────────────────────────────────┼────────────────────────┼───────────────┤
│ conv2d_2 (Conv2D)               │ (None, 28, 28, 9)      │           738 │
├─────────────────────────────────┼────────────────────────┼───────────────┤
│ max_pooling2d_1 (MaxPooling2D)  │ (None, 14, 14, 9)      │             0 │
├─────────────────────────────────┼────────────────────────┼───────────────┤
│ dropout (Dropout)               │ (None, 14, 14, 9)      │             0 │
├─────────────────────────────────┼────────────────────────┼───────────────┤
│ conv2d_3 (Conv2D)               │ (None, 12, 12, 9)      │           738 │
├─────────────────────────────────┼────────────────────────┼───────────────┤
│ max_pooling2d_2 (MaxPooling2D)  │ (None, 6, 6, 9)        │             0 │
├─────────────────────────────────┼────────────────────────┼───────────────┤
│ dropout_1 (Dropout)             │ (None, 6, 6, 9)        │             0 │
├─────────────────────────────────┼────────────────────────┼───────────────┤
│ flatten (Flatten)               │ (None, 324)            │             0 │
├─────────────────────────────────┼────────────────────────┼───────────────┤
│ dense (Dense)                   │ (None, 4096)           │     1,331,200 │
├─────────────────────────────────┼────────────────────────┼───────────────┤
│ dropout_2 (Dropout)             │ (None, 4096)           │             0 │
├─────────────────────────────────┼────────────────────────┼───────────────┤
│ dense_1 (Dense)                 │ (None, 4096)           │    16,781,312 │
├─────────────────────────────────┼────────────────────────┼───────────────┤
│ dropout_3 (Dropout)             │ (None, 4096)           │             0 │
├─────────────────────────────────┼────────────────────────┼───────────────┤
│ dense_2 (Dense)                 │ (None, 6512)           │    26,679,664 │
└─────────────────────────────────┴────────────────────────┴───────────────┘
 Total params: 44,794,480 (170.88 MB)
 Trainable params: 44,794,480 (170.88 MB)
 Non-trainable params: 0 (0.00 B)
None
Epoch 1/100
318/318 - 42s - 131ms/step - accuracy: 5.8354e-04 - loss: 8.6161
Epoch 2/100
318/318 - 11s - 36ms/step - accuracy: 0.0148 - loss: 7.0862
Epoch 3/100
318/318 - 12s - 36ms/step - accuracy: 0.0887 - loss: 5.2311
Epoch 4/100
318/318 - 12s - 36ms/step - accuracy: 0.2100 - loss: 3.9045
Epoch 5/100
318/318 - 12s - 36ms/step - accuracy: 0.3266 - loss: 3.0415
Epoch 6/100
318/318 - 12s - 36ms/step - accuracy: 0.4171 - loss: 2.4906
Epoch 7/100
318/318 - 12s - 37ms/step - accuracy: 0.4893 - loss: 2.1017
Epoch 8/100
318/318 - 12s - 37ms/step - accuracy: 0.5442 - loss: 1.8241
Epoch 9/100
318/318 - 12s - 36ms/step - accuracy: 0.5886 - loss: 1.6123
Epoch 10/100
318/318 - 12s - 36ms/step - accuracy: 0.6237 - loss: 1.4502
Epoch 11/100
318/318 - 12s - 36ms/step - accuracy: 0.6539 - loss: 1.3128
Epoch 12/100
318/318 - 12s - 37ms/step - accuracy: 0.6788 - loss: 1.2006
Epoch 13/100
318/318 - 12s - 37ms/step - accuracy: 0.7004 - loss: 1.1070
Epoch 14/100
318/318 - 12s - 37ms/step - accuracy: 0.7187 - loss: 1.0284
Epoch 15/100
318/318 - 12s - 37ms/step - accuracy: 0.7372 - loss: 0.9526
Epoch 16/100
318/318 - 12s - 36ms/step - accuracy: 0.7503 - loss: 0.8964
Epoch 17/100
318/318 - 12s - 37ms/step - accuracy: 0.7642 - loss: 0.8402
Epoch 18/100
318/318 - 12s - 36ms/step - accuracy: 0.7772 - loss: 0.7886
Epoch 19/100
318/318 - 12s - 37ms/step - accuracy: 0.7889 - loss: 0.7382
Epoch 20/100
318/318 - 12s - 37ms/step - accuracy: 0.7992 - loss: 0.6980
Epoch 21/100
318/318 - 12s - 37ms/step - accuracy: 0.8080 - loss: 0.6653
Epoch 22/100
318/318 - 12s - 36ms/step - accuracy: 0.8149 - loss: 0.6359
Epoch 23/100
318/318 - 12s - 37ms/step - accuracy: 0.8232 - loss: 0.6065
Epoch 24/100
318/318 - 12s - 37ms/step - accuracy: 0.8307 - loss: 0.5800
Epoch 25/100
318/318 - 12s - 37ms/step - accuracy: 0.8375 - loss: 0.5498
Epoch 26/100
318/318 - 12s - 37ms/step - accuracy: 0.8442 - loss: 0.5248
Epoch 27/100
318/318 - 12s - 37ms/step - accuracy: 0.8518 - loss: 0.4969
Epoch 28/100
318/318 - 12s - 37ms/step - accuracy: 0.8558 - loss: 0.4833
Epoch 29/100
318/318 - 12s - 37ms/step - accuracy: 0.8613 - loss: 0.4613
Epoch 30/100
318/318 - 12s - 36ms/step - accuracy: 0.8676 - loss: 0.4408
Epoch 31/100
318/318 - 12s - 37ms/step - accuracy: 0.8712 - loss: 0.4248
Epoch 32/100
