2025-02-18 13:42:01.451555: I tensorflow/core/util/port.cc:153] oneDNN custom operations are on. You may see slightly different numerical results due to floating-point round-off errors from different computation orders. To turn them off, set the environment variable `TF_ENABLE_ONEDNN_OPTS=0`.
2025-02-18 13:42:01.827326: E external/local_xla/xla/stream_executor/cuda/cuda_fft.cc:477] Unable to register cuFFT factory: Attempting to register factory for plugin cuFFT when one has already been registered
WARNING: All log messages before absl::InitializeLog() is called are written to STDERR
E0000 00:00:1739886121.963718  165727 cuda_dnn.cc:8310] Unable to register cuDNN factory: Attempting to register factory for plugin cuDNN when one has already been registered
E0000 00:00:1739886122.002679  165727 cuda_blas.cc:1418] Unable to register cuBLAS factory: Attempting to register factory for plugin cuBLAS when one has already been registered
2025-02-18 13:42:02.367992: I tensorflow/core/platform/cpu_feature_guard.cc:210] This TensorFlow binary is optimized to use available CPU instructions in performance-critical operations.
To enable the following instructions: AVX2 AVX512F AVX512_VNNI FMA, in other operations, rebuild TensorFlow with the appropriate compiler flags.
I0000 00:00:1739886127.408016  165727 gpu_device.cc:2022] Created device /job:localhost/replica:0/task:0/device:GPU:0 with 22494 MB memory:  -> device: 0, name: NVIDIA RTX A5000, pci bus id: 0000:01:00.0, compute capability: 8.6
2025-02-18 13:42:09.306921: E tensorflow/core/util/util.cc:131] oneDNN supports DT_HALF only on platforms with AVX-512. Falling back to the default Eigen-based implementation if present.
WARNING: All log messages before absl::InitializeLog() is called are written to STDERR
I0000 00:00:1739886129.535315  165832 service.cc:148] XLA service 0x55ec39810360 initialized for platform CUDA (this does not guarantee that XLA will be used). Devices:
I0000 00:00:1739886129.536356  165832 service.cc:156]   StreamExecutor device (0): NVIDIA RTX A5000, Compute Capability 8.6
2025-02-18 13:42:09.813437: I tensorflow/compiler/mlir/tensorflow/utils/dump_mlir_util.cc:268] disabling MLIR crash reproducer, set env var `MLIR_CRASH_REPRODUCER_DIRECTORY` to enable.
I0000 00:00:1739886130.046659  165832 cuda_dnn.cc:529] Loaded cuDNN version 90501
2025-02-18 13:42:10.805506: I external/local_xla/xla/stream_executor/cuda/cuda_asm_compiler.cc:397] ptxas warning : Registers are spilled to local memory in function 'gemm_fusion_dot_2800', 300 bytes spill stores, 300 bytes spill loads

2025-02-18 13:42:10.890237: I external/local_xla/xla/stream_executor/cuda/cuda_asm_compiler.cc:397] ptxas warning : Registers are spilled to local memory in function 'gemm_fusion_dot_2800_0', 292 bytes spill stores, 296 bytes spill loads

2025-02-18 13:42:10.922120: I external/local_xla/xla/stream_executor/cuda/cuda_asm_compiler.cc:397] ptxas warning : Registers are spilled to local memory in function 'gemm_fusion_dot_3095', 4 bytes spill stores, 4 bytes spill loads

2025-02-18 13:42:11.032058: I external/local_xla/xla/stream_executor/cuda/cuda_asm_compiler.cc:397] ptxas warning : Registers are spilled to local memory in function 'gemm_fusion_dot_2800', 1196 bytes spill stores, 1200 bytes spill loads

2025-02-18 13:42:11.050378: I external/local_xla/xla/stream_executor/cuda/cuda_asm_compiler.cc:397] ptxas warning : Registers are spilled to local memory in function 'gemm_fusion_dot_3095', 2684 bytes spill stores, 2652 bytes spill loads

2025-02-18 13:42:11.167547: I external/local_xla/xla/stream_executor/cuda/cuda_asm_compiler.cc:397] ptxas warning : Registers are spilled to local memory in function 'gemm_fusion_dot_2800', 412 bytes spill stores, 412 bytes spill loads

2025-02-18 13:42:11.228569: I external/local_xla/xla/stream_executor/cuda/cuda_asm_compiler.cc:397] ptxas warning : Registers are spilled to local memory in function 'gemm_fusion_dot_2800', 876 bytes spill stores, 880 bytes spill loads

2025-02-18 13:42:11.291878: I external/local_xla/xla/stream_executor/cuda/cuda_asm_compiler.cc:397] ptxas warning : Registers are spilled to local memory in function 'gemm_fusion_dot_2800_0', 384 bytes spill stores, 404 bytes spill loads

2025-02-18 13:42:11.905406: I external/local_xla/xla/stream_executor/cuda/cuda_asm_compiler.cc:397] ptxas warning : Registers are spilled to local memory in function 'gemm_fusion_dot_3095', 692 bytes spill stores, 612 bytes spill loads

2025-02-18 13:42:11.921896: I external/local_xla/xla/stream_executor/cuda/cuda_asm_compiler.cc:397] ptxas warning : Registers are spilled to local memory in function 'gemm_fusion_dot_2800', 1196 bytes spill stores, 1200 bytes spill loads

2025-02-18 13:42:11.924363: I external/local_xla/xla/stream_executor/cuda/cuda_asm_compiler.cc:397] ptxas warning : Registers are spilled to local memory in function 'gemm_fusion_dot_2800', 72 bytes spill stores, 72 bytes spill loads

2025-02-18 13:42:12.167805: I external/local_xla/xla/stream_executor/cuda/cuda_asm_compiler.cc:397] ptxas warning : Registers are spilled to local memory in function 'gemm_fusion_dot_3095', 2672 bytes spill stores, 2668 bytes spill loads

2025-02-18 13:42:12.233830: I external/local_xla/xla/stream_executor/cuda/cuda_asm_compiler.cc:397] ptxas warning : Registers are spilled to local memory in function 'gemm_fusion_dot_3095', 544 bytes spill stores, 544 bytes spill loads

2025-02-18 13:42:12.376364: I external/local_xla/xla/stream_executor/cuda/cuda_asm_compiler.cc:397] ptxas warning : Registers are spilled to local memory in function 'gemm_fusion_dot_2800', 16 bytes spill stores, 16 bytes spill loads

2025-02-18 13:42:12.475056: I external/local_xla/xla/stream_executor/cuda/cuda_asm_compiler.cc:397] ptxas warning : Registers are spilled to local memory in function 'gemm_fusion_dot_3095', 56 bytes spill stores, 56 bytes spill loads

2025-02-18 13:42:12.606498: I external/local_xla/xla/stream_executor/cuda/cuda_asm_compiler.cc:397] ptxas warning : Registers are spilled to local memory in function 'gemm_fusion_dot_2800', 276 bytes spill stores, 276 bytes spill loads

2025-02-18 13:42:12.606721: I external/local_xla/xla/stream_executor/cuda/cuda_asm_compiler.cc:397] ptxas warning : Registers are spilled to local memory in function 'gemm_fusion_dot_3095', 4044 bytes spill stores, 4036 bytes spill loads

2025-02-18 13:42:16.408931: I external/local_xla/xla/stream_executor/cuda/cuda_asm_compiler.cc:397] ptxas warning : Registers are spilled to local memory in function 'input_multiply_reduce_subtract_fusion', 8 bytes spill stores, 4 bytes spill loads

I0000 00:00:1739886136.432032  165832 device_compiler.h:188] Compiled cluster using XLA!  This line is logged at most once for the lifetime of the process.
2025-02-18 13:43:32.675739: I external/local_xla/xla/stream_executor/cuda/cuda_asm_compiler.cc:397] ptxas warning : Registers are spilled to local memory in function 'gemm_fusion_dot_2800', 20 bytes spill stores, 20 bytes spill loads

2025-02-18 13:43:32.822848: I external/local_xla/xla/stream_executor/cuda/cuda_asm_compiler.cc:397] ptxas warning : Registers are spilled to local memory in function 'gemm_fusion_dot_2800', 452 bytes spill stores, 304 bytes spill loads

2025-02-18 13:43:32.846729: I external/local_xla/xla/stream_executor/cuda/cuda_asm_compiler.cc:397] ptxas warning : Registers are spilled to local memory in function 'gemm_fusion_dot_2800', 580 bytes spill stores, 432 bytes spill loads

2025-02-18 13:43:33.286048: I external/local_xla/xla/stream_executor/cuda/cuda_asm_compiler.cc:397] ptxas warning : Registers are spilled to local memory in function 'gemm_fusion_dot_2800', 1220 bytes spill stores, 888 bytes spill loads

2025-02-18 13:43:33.333301: I external/local_xla/xla/stream_executor/cuda/cuda_asm_compiler.cc:397] ptxas warning : Registers are spilled to local memory in function 'gemm_fusion_dot_2800', 304 bytes spill stores, 304 bytes spill loads

2025-02-18 13:43:33.431751: I external/local_xla/xla/stream_executor/cuda/cuda_asm_compiler.cc:397] ptxas warning : Registers are spilled to local memory in function 'gemm_fusion_dot_2800', 100 bytes spill stores, 100 bytes spill loads

2025-02-18 13:43:33.814323: I external/local_xla/xla/stream_executor/cuda/cuda_asm_compiler.cc:397] ptxas warning : Registers are spilled to local memory in function 'gemm_fusion_dot_2800_0', 584 bytes spill stores, 568 bytes spill loads

2025-02-18 13:43:33.814346: I external/local_xla/xla/stream_executor/cuda/cuda_asm_compiler.cc:397] ptxas warning : Registers are spilled to local memory in function 'gemm_fusion_dot_2800', 1744 bytes spill stores, 1212 bytes spill loads

2025-02-18 13:43:34.073819: I external/local_xla/xla/stream_executor/cuda/cuda_asm_compiler.cc:397] ptxas warning : Registers are spilled to local memory in function 'gemm_fusion_dot_3095', 44 bytes spill stores, 44 bytes spill loads

2025-02-18 13:43:34.073862: I external/local_xla/xla/stream_executor/cuda/cuda_asm_compiler.cc:397] ptxas warning : Registers are spilled to local memory in function 'gemm_fusion_dot_3095', 36 bytes spill stores, 36 bytes spill loads

2025-02-18 13:43:34.073880: I external/local_xla/xla/stream_executor/cuda/cuda_asm_compiler.cc:397] ptxas warning : Registers are spilled to local memory in function 'gemm_fusion_dot_2800_0', 572 bytes spill stores, 416 bytes spill loads

2025-02-18 13:43:34.073900: I external/local_xla/xla/stream_executor/cuda/cuda_asm_compiler.cc:397] ptxas warning : Registers are spilled to local memory in function 'gemm_fusion_dot_3095', 672 bytes spill stores, 832 bytes spill loads

2025-02-18 13:43:34.073915: I external/local_xla/xla/stream_executor/cuda/cuda_asm_compiler.cc:397] ptxas warning : Registers are spilled to local memory in function 'gemm_fusion_dot_3095', 324 bytes spill stores, 332 bytes spill loads

2025-02-18 13:43:34.785171: I external/local_xla/xla/stream_executor/cuda/cuda_asm_compiler.cc:397] ptxas warning : Registers are spilled to local memory in function 'gemm_fusion_dot_2800', 1740 bytes spill stores, 1208 bytes spill loads

2025-02-18 13:43:34.900582: I external/local_xla/xla/stream_executor/cuda/cuda_asm_compiler.cc:397] ptxas warning : Registers are spilled to local memory in function 'gemm_fusion_dot_3095', 112 bytes spill stores, 112 bytes spill loads

2025-02-18 13:43:35.042662: I external/local_xla/xla/stream_executor/cuda/cuda_asm_compiler.cc:397] ptxas warning : Registers are spilled to local memory in function 'gemm_fusion_dot_3095', 492 bytes spill stores, 492 bytes spill loads

2025-02-18 13:43:35.080634: I external/local_xla/xla/stream_executor/cuda/cuda_asm_compiler.cc:397] ptxas warning : Registers are spilled to local memory in function 'gemm_fusion_dot_3095', 412 bytes spill stores, 412 bytes spill loads

2025-02-18 13:43:38.135137: I external/local_xla/xla/stream_executor/cuda/cuda_asm_compiler.cc:397] ptxas warning : Registers are spilled to local memory in function 'input_multiply_reduce_subtract_fusion', 20 bytes spill stores, 20 bytes spill loads

WARNING:absl:You are saving your model as an HDF5 file via `model.save()` or `keras.saving.save_model(model)`. This file format is considered legacy. We recommend using instead the native Keras format, e.g. `model.save('my_model.keras')` or `keras.saving.save_model(model, 'my_model.keras')`. 
2025-02-18 13:58:36.401663: I external/local_xla/xla/stream_executor/cuda/cuda_asm_compiler.cc:397] ptxas warning : Registers are spilled to local memory in function 'gemm_fusion_dot_115', 196 bytes spill stores, 196 bytes spill loads

2025-02-18 13:58:36.480769: I external/local_xla/xla/stream_executor/cuda/cuda_asm_compiler.cc:397] ptxas warning : Registers are spilled to local memory in function 'gemm_fusion_dot_129', 336 bytes spill stores, 336 bytes spill loads

2025-02-18 13:58:36.585609: I external/local_xla/xla/stream_executor/cuda/cuda_asm_compiler.cc:397] ptxas warning : Registers are spilled to local memory in function 'gemm_fusion_dot_115', 8 bytes spill stores, 8 bytes spill loads

2025-02-18 13:58:36.596058: I external/local_xla/xla/stream_executor/cuda/cuda_asm_compiler.cc:397] ptxas warning : Registers are spilled to local memory in function 'gemm_fusion_dot_115', 236 bytes spill stores, 236 bytes spill loads

2025-02-18 13:58:36.735924: I external/local_xla/xla/stream_executor/cuda/cuda_asm_compiler.cc:397] ptxas warning : Registers are spilled to local memory in function 'gemm_fusion_dot_115_0', 776 bytes spill stores, 724 bytes spill loads

2025-02-18 13:58:36.764709: I external/local_xla/xla/stream_executor/cuda/cuda_asm_compiler.cc:397] ptxas warning : Registers are spilled to local memory in function 'gemm_fusion_dot_129', 360 bytes spill stores, 356 bytes spill loads

2025-02-18 13:58:37.433536: I external/local_xla/xla/stream_executor/cuda/cuda_asm_compiler.cc:397] ptxas warning : Registers are spilled to local memory in function 'gemm_fusion_dot_129', 196 bytes spill stores, 196 bytes spill loads

2025-02-18 13:58:37.433572: I external/local_xla/xla/stream_executor/cuda/cuda_asm_compiler.cc:397] ptxas warning : Registers are spilled to local memory in function 'gemm_fusion_dot_129', 364 bytes spill stores, 364 bytes spill loads

2025-02-18 13:58:37.433592: I external/local_xla/xla/stream_executor/cuda/cuda_asm_compiler.cc:397] ptxas warning : Registers are spilled to local memory in function 'gemm_fusion_dot_129', 872 bytes spill stores, 872 bytes spill loads

2025-02-18 13:58:48.298766: I external/local_xla/xla/stream_executor/cuda/cuda_asm_compiler.cc:397] ptxas warning : Registers are spilled to local memory in function 'gemm_fusion_dot_115', 248 bytes spill stores, 248 bytes spill loads

2025-02-18 13:58:48.456917: I external/local_xla/xla/stream_executor/cuda/cuda_asm_compiler.cc:397] ptxas warning : Registers are spilled to local memory in function 'gemm_fusion_dot_115_0', 756 bytes spill stores, 444 bytes spill loads

2025-02-18 13:58:48.516409: I external/local_xla/xla/stream_executor/cuda/cuda_asm_compiler.cc:397] ptxas warning : Registers are spilled to local memory in function 'gemm_fusion_dot_129', 568 bytes spill stores, 400 bytes spill loads

2025-02-18 13:58:48.694342: I external/local_xla/xla/stream_executor/cuda/cuda_asm_compiler.cc:397] ptxas warning : Registers are spilled to local memory in function 'gemm_fusion_dot_115', 244 bytes spill stores, 244 bytes spill loads

2025-02-18 13:58:48.854373: I external/local_xla/xla/stream_executor/cuda/cuda_asm_compiler.cc:397] ptxas warning : Registers are spilled to local memory in function 'gemm_fusion_dot_129', 192 bytes spill stores, 192 bytes spill loads

2025-02-18 13:58:48.949110: I external/local_xla/xla/stream_executor/cuda/cuda_asm_compiler.cc:397] ptxas warning : Registers are spilled to local memory in function 'gemm_fusion_dot_129', 540 bytes spill stores, 352 bytes spill loads

2025-02-18 13:58:49.073997: I external/local_xla/xla/stream_executor/cuda/cuda_asm_compiler.cc:397] ptxas warning : Registers are spilled to local memory in function 'gemm_fusion_dot_129', 996 bytes spill stores, 664 bytes spill loads

2025-02-18 13:58:49.345634: I external/local_xla/xla/stream_executor/cuda/cuda_asm_compiler.cc:397] ptxas warning : Registers are spilled to local memory in function 'gemm_fusion_dot_129', 364 bytes spill stores, 224 bytes spill loads

