Model: "sequential"
┏━━━━━━━━━━━━━━━━━━━━━━━━━━━━━━━━━┳━━━━━━━━━━━━━━━━━━━━━━━━┳━━━━━━━━━━━━━━━┓
┃ Layer (type)                    ┃ Output Shape           ┃       Param # ┃
┡━━━━━━━━━━━━━━━━━━━━━━━━━━━━━━━━━╇━━━━━━━━━━━━━━━━━━━━━━━━╇━━━━━━━━━━━━━━━┩
│ conv2d (Conv2D)                 │ (None, 62, 62, 64)     │           640 │
├─────────────────────────────────┼────────────────────────┼───────────────┤
│ max_pooling2d (MaxPooling2D)    │ (None, 31, 31, 64)     │             0 │
├─────────────────────────────────┼────────────────────────┼───────────────┤
│ conv2d_1 (Conv2D)               │ (None, 29, 29, 128)    │        73,856 │
├─────────────────────────────────┼────────────────────────┼───────────────┤
│ max_pooling2d_1 (MaxPooling2D)  │ (None, 14, 14, 128)    │             0 │
├─────────────────────────────────┼────────────────────────┼───────────────┤
│ dropout (Dropout)               │ (None, 14, 14, 128)    │             0 │
├─────────────────────────────────┼────────────────────────┼───────────────┤
│ conv2d_2 (Conv2D)               │ (None, 12, 12, 192)    │       221,376 │
├─────────────────────────────────┼────────────────────────┼───────────────┤
│ max_pooling2d_2 (MaxPooling2D)  │ (None, 6, 6, 192)      │             0 │
├─────────────────────────────────┼────────────────────────┼───────────────┤
│ dropout_1 (Dropout)             │ (None, 6, 6, 192)      │             0 │
├─────────────────────────────────┼────────────────────────┼───────────────┤
│ conv2d_3 (Conv2D)               │ (None, 4, 4, 256)      │       442,624 │
├─────────────────────────────────┼────────────────────────┼───────────────┤
│ max_pooling2d_3 (MaxPooling2D)  │ (None, 2, 2, 256)      │             0 │
├─────────────────────────────────┼────────────────────────┼───────────────┤
│ dropout_2 (Dropout)             │ (None, 2, 2, 256)      │             0 │
├─────────────────────────────────┼────────────────────────┼───────────────┤
│ flatten (Flatten)               │ (None, 1024)           │             0 │
├─────────────────────────────────┼────────────────────────┼───────────────┤
│ dense (Dense)                   │ (None, 1024)           │     1,049,600 │
├─────────────────────────────────┼────────────────────────┼───────────────┤
│ dropout_3 (Dropout)             │ (None, 1024)           │             0 │
├─────────────────────────────────┼────────────────────────┼───────────────┤
│ dense_1 (Dense)                 │ (None, 1024)           │     1,049,600 │
├─────────────────────────────────┼────────────────────────┼───────────────┤
│ dropout_4 (Dropout)             │ (None, 1024)           │             0 │
├─────────────────────────────────┼────────────────────────┼───────────────┤
│ dense_2 (Dense)                 │ (None, 1024)           │     1,049,600 │
├─────────────────────────────────┼────────────────────────┼───────────────┤
│ dropout_5 (Dropout)             │ (None, 1024)           │             0 │
├─────────────────────────────────┼────────────────────────┼───────────────┤
│ dense_3 (Dense)                 │ (None, 6584)           │     6,748,600 │
└─────────────────────────────────┴────────────────────────┴───────────────┘
 Total params: 10,635,896 (40.57 MB)
 Trainable params: 10,635,896 (40.57 MB)
 Non-trainable params: 0 (0.00 B)
None
Epoch 1/100
2100/2100 - 62s - 30ms/step - accuracy: 0.0530 - loss: 6.8166
Epoch 2/100
2100/2100 - 21s - 10ms/step - accuracy: 0.1907 - loss: 5.1035
Epoch 3/100
2100/2100 - 21s - 10ms/step - accuracy: 0.2518 - loss: 4.1785
Epoch 4/100
2100/2100 - 21s - 10ms/step - accuracy: 0.3023 - loss: 3.6192
Epoch 5/100
2100/2100 - 21s - 10ms/step - accuracy: 0.3430 - loss: 3.2809
Epoch 6/100
2100/2100 - 22s - 10ms/step - accuracy: 0.3807 - loss: 3.0355
Epoch 7/100
2100/2100 - 21s - 10ms/step - accuracy: 0.4094 - loss: 2.8583
Epoch 8/100
2100/2100 - 21s - 10ms/step - accuracy: 0.4345 - loss: 2.7215
Epoch 9/100
2100/2100 - 21s - 10ms/step - accuracy: 0.4506 - loss: 2.6418
Epoch 10/100
2100/2100 - 21s - 10ms/step - accuracy: 0.4614 - loss: 2.5968
Epoch 11/100
2100/2100 - 21s - 10ms/step - accuracy: 0.4788 - loss: 2.5015
Epoch 12/100
2100/2100 - 21s - 10ms/step - accuracy: 0.4919 - loss: 2.4551
Epoch 13/100
2100/2100 - 21s - 10ms/step - accuracy: 0.5016 - loss: 2.4133
Epoch 14/100
2100/2100 - 21s - 10ms/step - accuracy: 0.5054 - loss: 2.4007
Epoch 15/100
2100/2100 - 21s - 10ms/step - accuracy: 0.5160 - loss: 2.3566
Epoch 16/100
2100/2100 - 21s - 10ms/step - accuracy: 0.5212 - loss: 2.3346
Epoch 17/100
2100/2100 - 21s - 10ms/step - accuracy: 0.5264 - loss: 2.3138
Epoch 18/100
2100/2100 - 21s - 10ms/step - accuracy: 0.5301 - loss: 2.3069
Epoch 19/100
2100/2100 - 21s - 10ms/step - accuracy: 0.5357 - loss: 2.2818
Epoch 20/100
2100/2100 - 21s - 10ms/step - accuracy: 0.5247 - loss: 2.3431
Epoch 21/100
2100/2100 - 21s - 10ms/step - accuracy: 0.5347 - loss: 2.2954
Epoch 22/100
2100/2100 - 21s - 10ms/step - accuracy: 0.5409 - loss: 2.2645
Epoch 23/100
2100/2100 - 21s - 10ms/step - accuracy: 0.5420 - loss: 2.2612
Epoch 24/100
2100/2100 - 21s - 10ms/step - accuracy: 0.5465 - loss: 2.2528
Epoch 25/100
2100/2100 - 21s - 10ms/step - accuracy: 0.5438 - loss: 2.2723
Epoch 26/100
2100/2100 - 21s - 10ms/step - accuracy: 0.5506 - loss: 2.2434
Epoch 27/100
2100/2100 - 21s - 10ms/step - accuracy: 0.5529 - loss: 2.2395
Epoch 28/100
2100/2100 - 21s - 10ms/step - accuracy: 0.5523 - loss: 2.2374
Epoch 29/100
2100/2100 - 21s - 10ms/step - accuracy: 0.5552 - loss: 2.2334
Epoch 30/100
2100/2100 - 21s - 10ms/step - accuracy: 0.5556 - loss: 2.2302
Epoch 31/100
2100/2100 - 21s - 10ms/step - accuracy: 0.5502 - loss: 2.2701
Epoch 32/100
2100/2100 - 21s - 10ms/step - accuracy: 0.5554 - loss: 2.2392
Epoch 33/100
2100/2100 - 21s - 10ms/step - accuracy: 0.5507 - loss: 2.2757
Epoch 34/100
2100/2100 - 21s - 10ms/step - accuracy: 0.5513 - loss: 2.2609
Epoch 35/100
2100/2100 - 21s - 10ms/step - accuracy: 0.5558 - loss: 2.2472
Epoch 36/100
2100/2100 - 21s - 10ms/step - accuracy: 0.5565 - loss: 2.2432
Epoch 37/100
2100/2100 - 21s - 10ms/step - accuracy: 0.5483 - loss: 2.2982
Epoch 38/100
2100/2100 - 21s - 10ms/step - accuracy: 0.5577 - loss: 2.2442
Epoch 39/100
2100/2100 - 21s - 10ms/step - accuracy: 0.5580 - loss: 2.2486
Epoch 40/100
2100/2100 - 21s - 10ms/step - accuracy: 0.5571 - loss: 2.2626
Epoch 41/100
2100/2100 - 21s - 10ms/step - accuracy: 0.5575 - loss: 2.2518
Epoch 42/100
2100/2100 - 21s - 10ms/step - accuracy: 0.5537 - loss: 2.2735
Epoch 43/100
2100/2100 - 21s - 10ms/step - accuracy: 0.5592 - loss: 2.2511
Epoch 44/100
2100/2100 - 21s - 10ms/step - accuracy: 0.5577 - loss: 2.2586
Epoch 45/100
2100/2100 - 21s - 10ms/step - accuracy: 0.5590 - loss: 2.2545
Epoch 46/100
