Model: "sequential"
┏━━━━━━━━━━━━━━━━━━━━━━━━━━━━━━━━━┳━━━━━━━━━━━━━━━━━━━━━━━━┳━━━━━━━━━━━━━━━┓
┃ Layer (type)                    ┃ Output Shape           ┃       Param # ┃
┡━━━━━━━━━━━━━━━━━━━━━━━━━━━━━━━━━╇━━━━━━━━━━━━━━━━━━━━━━━━╇━━━━━━━━━━━━━━━┩
│ conv2d (Conv2D)                 │ (None, 62, 62, 64)     │           640 │
├─────────────────────────────────┼────────────────────────┼───────────────┤
│ max_pooling2d (MaxPooling2D)    │ (None, 31, 31, 64)     │             0 │
├─────────────────────────────────┼────────────────────────┼───────────────┤
│ conv2d_1 (Conv2D)               │ (None, 29, 29, 128)    │        73,856 │
├─────────────────────────────────┼────────────────────────┼───────────────┤
│ max_pooling2d_1 (MaxPooling2D)  │ (None, 14, 14, 128)    │             0 │
├─────────────────────────────────┼────────────────────────┼───────────────┤
│ dropout (Dropout)               │ (None, 14, 14, 128)    │             0 │
├─────────────────────────────────┼────────────────────────┼───────────────┤
│ conv2d_2 (Conv2D)               │ (None, 12, 12, 192)    │       221,376 │
├─────────────────────────────────┼────────────────────────┼───────────────┤
│ max_pooling2d_2 (MaxPooling2D)  │ (None, 6, 6, 192)      │             0 │
├─────────────────────────────────┼────────────────────────┼───────────────┤
│ dropout_1 (Dropout)             │ (None, 6, 6, 192)      │             0 │
├─────────────────────────────────┼────────────────────────┼───────────────┤
│ conv2d_3 (Conv2D)               │ (None, 4, 4, 256)      │       442,624 │
├─────────────────────────────────┼────────────────────────┼───────────────┤
│ max_pooling2d_3 (MaxPooling2D)  │ (None, 2, 2, 256)      │             0 │
├─────────────────────────────────┼────────────────────────┼───────────────┤
│ dropout_2 (Dropout)             │ (None, 2, 2, 256)      │             0 │
├─────────────────────────────────┼────────────────────────┼───────────────┤
│ flatten (Flatten)               │ (None, 1024)           │             0 │
├─────────────────────────────────┼────────────────────────┼───────────────┤
│ dense (Dense)                   │ (None, 1024)           │     1,049,600 │
├─────────────────────────────────┼────────────────────────┼───────────────┤
│ dropout_3 (Dropout)             │ (None, 1024)           │             0 │
├─────────────────────────────────┼────────────────────────┼───────────────┤
│ dense_1 (Dense)                 │ (None, 1024)           │     1,049,600 │
├─────────────────────────────────┼────────────────────────┼───────────────┤
│ dropout_4 (Dropout)             │ (None, 1024)           │             0 │
├─────────────────────────────────┼────────────────────────┼───────────────┤
│ dense_2 (Dense)                 │ (None, 3192)           │     3,271,800 │
└─────────────────────────────────┴────────────────────────┴───────────────┘
 Total params: 6,109,496 (23.31 MB)
 Trainable params: 6,109,496 (23.31 MB)
 Non-trainable params: 0 (0.00 B)
None
Epoch 1/100
1835/1835 - 36s - 20ms/step - accuracy: 0.0164 - loss: 7.2853 - val_accuracy: 0.1452 - val_loss: 6.3117
Epoch 2/100
1835/1835 - 22s - 12ms/step - accuracy: 0.1398 - loss: 6.0720 - val_accuracy: 0.2573 - val_loss: 5.3179
Epoch 3/100
1835/1835 - 22s - 12ms/step - accuracy: 0.2277 - loss: 4.9746 - val_accuracy: 0.4029 - val_loss: 3.4731
Epoch 4/100
1835/1835 - 22s - 12ms/step - accuracy: 0.3222 - loss: 3.4609 - val_accuracy: 0.6253 - val_loss: 1.9681
Epoch 5/100
1835/1835 - 22s - 12ms/step - accuracy: 0.4353 - loss: 2.4458 - val_accuracy: 0.7882 - val_loss: 1.0666
Epoch 6/100
1835/1835 - 22s - 12ms/step - accuracy: 0.5418 - loss: 1.8027 - val_accuracy: 0.8704 - val_loss: 0.6569
Epoch 7/100
1835/1835 - 22s - 12ms/step - accuracy: 0.6313 - loss: 1.3675 - val_accuracy: 0.9078 - val_loss: 0.4346
Epoch 8/100
1835/1835 - 22s - 12ms/step - accuracy: 0.6960 - loss: 1.0875 - val_accuracy: 0.9332 - val_loss: 0.3103
Epoch 9/100
1835/1835 - 22s - 12ms/step - accuracy: 0.7449 - loss: 0.8903 - val_accuracy: 0.9490 - val_loss: 0.2312
Epoch 10/100
1835/1835 - 22s - 12ms/step - accuracy: 0.7825 - loss: 0.7455 - val_accuracy: 0.9576 - val_loss: 0.1841
Epoch 11/100
1835/1835 - 22s - 12ms/step - accuracy: 0.8102 - loss: 0.6437 - val_accuracy: 0.9644 - val_loss: 0.1544
Epoch 12/100
1835/1835 - 22s - 12ms/step - accuracy: 0.8309 - loss: 0.5640 - val_accuracy: 0.9702 - val_loss: 0.1265
Epoch 13/100
1835/1835 - 22s - 12ms/step - accuracy: 0.8503 - loss: 0.5000 - val_accuracy: 0.9734 - val_loss: 0.1105
Epoch 14/100
1835/1835 - 22s - 12ms/step - accuracy: 0.8639 - loss: 0.4499 - val_accuracy: 0.9774 - val_loss: 0.0972
Epoch 15/100
1835/1835 - 22s - 12ms/step - accuracy: 0.8752 - loss: 0.4118 - val_accuracy: 0.9791 - val_loss: 0.0867
Epoch 16/100
1835/1835 - 22s - 12ms/step - accuracy: 0.8856 - loss: 0.3746 - val_accuracy: 0.9817 - val_loss: 0.0738
Epoch 17/100
1835/1835 - 22s - 12ms/step - accuracy: 0.8935 - loss: 0.3473 - val_accuracy: 0.9826 - val_loss: 0.0693
Epoch 18/100
1835/1835 - 22s - 12ms/step - accuracy: 0.8996 - loss: 0.3250 - val_accuracy: 0.9849 - val_loss: 0.0608
Epoch 19/100
1835/1835 - 22s - 12ms/step - accuracy: 0.9063 - loss: 0.3035 - val_accuracy: 0.9857 - val_loss: 0.0569
Epoch 20/100
1835/1835 - 22s - 12ms/step - accuracy: 0.9114 - loss: 0.2862 - val_accuracy: 0.9868 - val_loss: 0.0515
Epoch 21/100
1835/1835 - 22s - 12ms/step - accuracy: 0.9172 - loss: 0.2673 - val_accuracy: 0.9869 - val_loss: 0.0475
Epoch 22/100
1835/1835 - 22s - 12ms/step - accuracy: 0.9210 - loss: 0.2555 - val_accuracy: 0.9885 - val_loss: 0.0443
Epoch 23/100
1835/1835 - 22s - 12ms/step - accuracy: 0.9240 - loss: 0.2433 - val_accuracy: 0.9891 - val_loss: 0.0419
Epoch 24/100
1835/1835 - 22s - 12ms/step - accuracy: 0.9273 - loss: 0.2305 - val_accuracy: 0.9896 - val_loss: 0.0391
Epoch 25/100
1835/1835 - 22s - 12ms/step - accuracy: 0.9299 - loss: 0.2221 - val_accuracy: 0.9905 - val_loss: 0.0377
Epoch 26/100
1835/1835 - 21s - 12ms/step - accuracy: 0.9334 - loss: 0.2116 - val_accuracy: 0.9906 - val_loss: 0.0370
Epoch 27/100
1835/1835 - 22s - 12ms/step - accuracy: 0.9347 - loss: 0.2077 - val_accuracy: 0.9909 - val_loss: 0.0348
Epoch 28/100
1835/1835 - 22s - 12ms/step - accuracy: 0.9377 - loss: 0.1971 - val_accuracy: 0.9914 - val_loss: 0.0326
Epoch 29/100
1835/1835 - 22s - 12ms/step - accuracy: 0.9399 - loss: 0.1902 - val_accuracy: 0.9919 - val_loss: 0.0311
Epoch 30/100
1835/1835 - 22s - 12ms/step - accuracy: 0.9413 - loss: 0.1863 - val_accuracy: 0.9919 - val_loss: 0.0294
Epoch 31/100
1835/1835 - 22s - 12ms/step - accuracy: 0.9430 - loss: 0.1802 - val_accuracy: 0.9920 - val_loss: 0.0296
Epoch 32/100
1835/1835 - 22s - 12ms/step - accuracy: 0.9449 - loss: 0.1742 - val_accuracy: 0.9920 - val_loss: 0.0288
Epoch 33/100
1835/1835 - 22s - 12ms/step - accuracy: 0.9462 - loss: 0.1689 - val_accuracy: 0.9929 - val_loss: 0.0258
Epoch 34/100
1835/1835 - 22s - 12ms/step - accuracy: 0.9478 - loss: 0.1635 - val_accuracy: 0.9932 - val_loss: 0.0250
Epoch 35/100
1835/1835 - 22s - 12ms/step - accuracy: 0.9493 - loss: 0.1579 - val_accuracy: 0.9934 - val_loss: 0.0231
Epoch 36/100
1835/1835 - 22s - 12ms/step - accuracy: 0.9498 - loss: 0.1588 - val_accuracy: 0.9933 - val_loss: 0.0250
Epoch 37/100
1835/1835 - 22s - 12ms/step - accuracy: 0.9511 - loss: 0.1529 - val_accuracy: 0.9939 - val_loss: 0.0233
Epoch 38/100
1835/1835 - 22s - 12ms/step - accuracy: 0.9525 - loss: 0.1482 - val_accuracy: 0.9942 - val_loss: 0.0215
Epoch 39/100
1835/1835 - 22s - 12ms/step - accuracy: 0.9532 - loss: 0.1447 - val_accuracy: 0.9941 - val_loss: 0.0214
Epoch 40/100
1835/1835 - 22s - 12ms/step - accuracy: 0.9546 - loss: 0.1417 - val_accuracy: 0.9945 - val_loss: 0.0202
Epoch 41/100
1835/1835 - 22s - 12ms/step - accuracy: 0.9552 - loss: 0.1395 - val_accuracy: 0.9939 - val_loss: 0.0217
Epoch 42/100
1835/1835 - 22s - 12ms/step - accuracy: 0.9558 - loss: 0.1371 - val_accuracy: 0.9947 - val_loss: 0.0198
Epoch 43/100
1835/1835 - 22s - 12ms/step - accuracy: 0.9573 - loss: 0.1337 - val_accuracy: 0.9948 - val_loss: 0.0186
Epoch 44/100
1835/1835 - 22s - 12ms/step - accuracy: 0.9570 - loss: 0.1339 - val_accuracy: 0.9947 - val_loss: 0.0188
Epoch 45/100
1835/1835 - 22s - 12ms/step - accuracy: 0.9580 - loss: 0.1311 - val_accuracy: 0.9945 - val_loss: 0.0202
Epoch 46/100
1835/1835 - 22s - 12ms/step - accuracy: 0.9585 - loss: 0.1283 - val_accuracy: 0.9951 - val_loss: 0.0164
Epoch 47/100
1835/1835 - 22s - 12ms/step - accuracy: 0.9606 - loss: 0.1232 - val_accuracy: 0.9950 - val_loss: 0.0176
Epoch 48/100
1835/1835 - 22s - 12ms/step - accuracy: 0.9605 - loss: 0.1230 - val_accuracy: 0.9954 - val_loss: 0.0171
Epoch 49/100
1835/1835 - 22s - 12ms/step - accuracy: 0.9605 - loss: 0.1219 - val_accuracy: 0.9955 - val_loss: 0.0159
Epoch 50/100
1835/1835 - 22s - 12ms/step - accuracy: 0.9612 - loss: 0.1202 - val_accuracy: 0.9952 - val_loss: 0.0161
Epoch 51/100
1835/1835 - 22s - 12ms/step - accuracy: 0.9619 - loss: 0.1183 - val_accuracy: 0.9956 - val_loss: 0.0152
Epoch 52/100
1835/1835 - 22s - 12ms/step - accuracy: 0.9625 - loss: 0.1162 - val_accuracy: 0.9957 - val_loss: 0.0156
Epoch 53/100
1835/1835 - 22s - 12ms/step - accuracy: 0.9631 - loss: 0.1154 - val_accuracy: 0.9956 - val_loss: 0.0154
Epoch 54/100
1835/1835 - 22s - 12ms/step - accuracy: 0.9631 - loss: 0.1132 - val_accuracy: 0.9960 - val_loss: 0.0137
Epoch 55/100
1835/1835 - 22s - 12ms/step - accuracy: 0.9641 - loss: 0.1119 - val_accuracy: 0.9960 - val_loss: 0.0139
Epoch 56/100
1835/1835 - 22s - 12ms/step - accuracy: 0.9643 - loss: 0.1117 - val_accuracy: 0.9961 - val_loss: 0.0142
Epoch 57/100
1835/1835 - 22s - 12ms/step - accuracy: 0.9648 - loss: 0.1091 - val_accuracy: 0.9960 - val_loss: 0.0139
Epoch 58/100
1835/1835 - 22s - 12ms/step - accuracy: 0.9657 - loss: 0.1056 - val_accuracy: 0.9957 - val_loss: 0.0143
Epoch 59/100
1835/1835 - 22s - 12ms/step - accuracy: 0.9651 - loss: 0.1086 - val_accuracy: 0.9965 - val_loss: 0.0126
Epoch 60/100
1835/1835 - 22s - 12ms/step - accuracy: 0.9661 - loss: 0.1045 - val_accuracy: 0.9960 - val_loss: 0.0130
Epoch 61/100
1835/1835 - 22s - 12ms/step - accuracy: 0.9655 - loss: 0.1069 - val_accuracy: 0.9964 - val_loss: 0.0134
Epoch 62/100
1835/1835 - 22s - 12ms/step - accuracy: 0.9670 - loss: 0.1024 - val_accuracy: 0.9967 - val_loss: 0.0114
Epoch 63/100
1835/1835 - 22s - 12ms/step - accuracy: 0.9667 - loss: 0.1033 - val_accuracy: 0.9966 - val_loss: 0.0122
Epoch 64/100
1835/1835 - 22s - 12ms/step - accuracy: 0.9669 - loss: 0.1032 - val_accuracy: 0.9966 - val_loss: 0.0116
Epoch 65/100
1835/1835 - 22s - 12ms/step - accuracy: 0.9675 - loss: 0.1010 - val_accuracy: 0.9965 - val_loss: 0.0122
Epoch 66/100
1835/1835 - 22s - 12ms/step - accuracy: 0.9686 - loss: 0.0978 - val_accuracy: 0.9965 - val_loss: 0.0125
Epoch 67/100
1835/1835 - 22s - 12ms/step - accuracy: 0.9679 - loss: 0.0981 - val_accuracy: 0.9964 - val_loss: 0.0115
Epoch 68/100
1835/1835 - 22s - 12ms/step - accuracy: 0.9683 - loss: 0.0983 - val_accuracy: 0.9966 - val_loss: 0.0120
Epoch 69/100
1835/1835 - 22s - 12ms/step - accuracy: 0.9694 - loss: 0.0947 - val_accuracy: 0.9963 - val_loss: 0.0117
Epoch 70/100
1835/1835 - 22s - 12ms/step - accuracy: 0.9680 - loss: 0.0990 - val_accuracy: 0.9969 - val_loss: 0.0104
Epoch 71/100
1835/1835 - 22s - 12ms/step - accuracy: 0.9690 - loss: 0.0965 - val_accuracy: 0.9968 - val_loss: 0.0115
Epoch 72/100
1835/1835 - 22s - 12ms/step - accuracy: 0.9693 - loss: 0.0946 - val_accuracy: 0.9967 - val_loss: 0.0113
Epoch 73/100
1835/1835 - 22s - 12ms/step - accuracy: 0.9700 - loss: 0.0935 - val_accuracy: 0.9969 - val_loss: 0.0105
Epoch 74/100
1835/1835 - 22s - 12ms/step - accuracy: 0.9698 - loss: 0.0940 - val_accuracy: 0.9968 - val_loss: 0.0101
Epoch 75/100
1835/1835 - 22s - 12ms/step - accuracy: 0.9700 - loss: 0.0921 - val_accuracy: 0.9971 - val_loss: 0.0106
Epoch 76/100
1835/1835 - 22s - 12ms/step - accuracy: 0.9708 - loss: 0.0910 - val_accuracy: 0.9971 - val_loss: 0.0097
Epoch 77/100
1835/1835 - 21s - 12ms/step - accuracy: 0.9704 - loss: 0.0922 - val_accuracy: 0.9969 - val_loss: 0.0104
Epoch 78/100
1835/1835 - 22s - 12ms/step - accuracy: 0.9709 - loss: 0.0886 - val_accuracy: 0.9969 - val_loss: 0.0104
Epoch 79/100
1835/1835 - 22s - 12ms/step - accuracy: 0.9710 - loss: 0.0907 - val_accuracy: 0.9968 - val_loss: 0.0101
Epoch 80/100
1835/1835 - 22s - 12ms/step - accuracy: 0.9713 - loss: 0.0892 - val_accuracy: 0.9973 - val_loss: 0.0096
Epoch 81/100
1835/1835 - 22s - 12ms/step - accuracy: 0.9713 - loss: 0.0883 - val_accuracy: 0.9974 - val_loss: 0.0095
Epoch 82/100
1835/1835 - 22s - 12ms/step - accuracy: 0.9710 - loss: 0.0893 - val_accuracy: 0.9971 - val_loss: 0.0105
Epoch 83/100
1835/1835 - 22s - 12ms/step - accuracy: 0.9717 - loss: 0.0879 - val_accuracy: 0.9970 - val_loss: 0.0102
Epoch 84/100
1835/1835 - 22s - 12ms/step - accuracy: 0.9719 - loss: 0.0878 - val_accuracy: 0.9970 - val_loss: 0.0099
Epoch 85/100
1835/1835 - 21s - 12ms/step - accuracy: 0.9719 - loss: 0.0875 - val_accuracy: 0.9973 - val_loss: 0.0094
Epoch 86/100
1835/1835 - 22s - 12ms/step - accuracy: 0.9723 - loss: 0.0865 - val_accuracy: 0.9973 - val_loss: 0.0091
Epoch 87/100
1835/1835 - 22s - 12ms/step - accuracy: 0.9725 - loss: 0.0860 - val_accuracy: 0.9975 - val_loss: 0.0085
Epoch 88/100
1835/1835 - 21s - 12ms/step - accuracy: 0.9728 - loss: 0.0835 - val_accuracy: 0.9975 - val_loss: 0.0091
Epoch 89/100
1835/1835 - 22s - 12ms/step - accuracy: 0.9731 - loss: 0.0841 - val_accuracy: 0.9975 - val_loss: 0.0095
Epoch 90/100
1835/1835 - 22s - 12ms/step - accuracy: 0.9728 - loss: 0.0839 - val_accuracy: 0.9974 - val_loss: 0.0099
Epoch 91/100
1835/1835 - 22s - 12ms/step - accuracy: 0.9737 - loss: 0.0823 - val_accuracy: 0.9971 - val_loss: 0.0096
Epoch 92/100
1835/1835 - 22s - 12ms/step - accuracy: 0.9732 - loss: 0.0828 - val_accuracy: 0.9974 - val_loss: 0.0094
Epoch 93/100
1835/1835 - 22s - 12ms/step - accuracy: 0.9725 - loss: 0.0843 - val_accuracy: 0.9974 - val_loss: 0.0086
Epoch 94/100
1835/1835 - 22s - 12ms/step - accuracy: 0.9740 - loss: 0.0798 - val_accuracy: 0.9974 - val_loss: 0.0084
Epoch 95/100
1835/1835 - 22s - 12ms/step - accuracy: 0.9738 - loss: 0.0815 - val_accuracy: 1.9976 - val_loss: 0.0083
Epoch 96/100
1835/1835 - 22s - 12ms/step - accuracy: 0.9732 - loss: 0.0811 - val_accuracy: 0.9976 - val_loss: 0.0083
Epoch 97/100
1835/1835 - 22s - 12ms/step - accuracy: 0.9737 - loss: 0.0812 - val_accuracy: 0.9974 - val_loss: 0.0081
Epoch 98/100
1835/1835 - 22s - 12ms/step - accuracy: 0.9739 - loss: 0.0799 - val_accuracy: 0.9975 - val_loss: 0.0082
Epoch 99/100
1835/1835 - 22s - 12ms/step - accuracy: 0.9742 - loss: 0.0809 - val_accuracy: 0.9974 - val_loss: 0.0086
Epoch 100/100
1835/1835 - 22s - 12ms/step - accuracy: 0.9744 - loss: 0.0803 - val_accuracy: 0.9973 - val_loss: 0.0089
918/918 - 5s - 5ms/step - accuracy: 0.9973 - loss: 0.0089
Test Loss: 0.008859863504767418
Test Accuracy: 0.9972747564315796
