Model: "sequential"
┏━━━━━━━━━━━━━━━━━━━━━━━━━━━━━━━━━┳━━━━━━━━━━━━━━━━━━━━━━━━┳━━━━━━━━━━━━━━━┓
┃ Layer (type)                    ┃ Output Shape           ┃       Param # ┃
┡━━━━━━━━━━━━━━━━━━━━━━━━━━━━━━━━━╇━━━━━━━━━━━━━━━━━━━━━━━━╇━━━━━━━━━━━━━━━┩
│ conv2d (Conv2D)                 │ (None, 62, 62, 64)     │           640 │
├─────────────────────────────────┼────────────────────────┼───────────────┤
│ max_pooling2d (MaxPooling2D)    │ (None, 31, 31, 64)     │             0 │
├─────────────────────────────────┼────────────────────────┼───────────────┤
│ conv2d_1 (Conv2D)               │ (None, 29, 29, 128)    │        73,856 │
├─────────────────────────────────┼────────────────────────┼───────────────┤
│ max_pooling2d_1 (MaxPooling2D)  │ (None, 14, 14, 128)    │             0 │
├─────────────────────────────────┼────────────────────────┼───────────────┤
│ dropout (Dropout)               │ (None, 14, 14, 128)    │             0 │
├─────────────────────────────────┼────────────────────────┼───────────────┤
│ conv2d_2 (Conv2D)               │ (None, 12, 12, 192)    │       221,376 │
├─────────────────────────────────┼────────────────────────┼───────────────┤
│ max_pooling2d_2 (MaxPooling2D)  │ (None, 6, 6, 192)      │             0 │
├─────────────────────────────────┼────────────────────────┼───────────────┤
│ dropout_1 (Dropout)             │ (None, 6, 6, 192)      │             0 │
├─────────────────────────────────┼────────────────────────┼───────────────┤
│ flatten (Flatten)               │ (None, 6912)           │             0 │
├─────────────────────────────────┼────────────────────────┼───────────────┤
│ dense (Dense)                   │ (None, 1024)           │     7,078,912 │
├─────────────────────────────────┼────────────────────────┼───────────────┤
│ dropout_2 (Dropout)             │ (None, 1024)           │             0 │
├─────────────────────────────────┼────────────────────────┼───────────────┤
│ dense_1 (Dense)                 │ (None, 1024)           │     1,049,600 │
├─────────────────────────────────┼────────────────────────┼───────────────┤
│ dropout_3 (Dropout)             │ (None, 1024)           │             0 │
├─────────────────────────────────┼────────────────────────┼───────────────┤
│ dense_2 (Dense)                 │ (None, 1024)           │     1,049,600 │
├─────────────────────────────────┼────────────────────────┼───────────────┤
│ dropout_4 (Dropout)             │ (None, 1024)           │             0 │
├─────────────────────────────────┼────────────────────────┼───────────────┤
│ dense_3 (Dense)                 │ (None, 6583)           │     6,747,575 │
└─────────────────────────────────┴────────────────────────┴───────────────┘
 Total params: 16,221,559 (61.88 MB)
 Trainable params: 16,221,559 (61.88 MB)
 Non-trainable params: 0 (0.00 B)
None
Epoch 1/10
5143/5143 - 63s - 12ms/step - accuracy: 1.3672e-04 - loss: 8.8086
Epoch 2/10
5143/5143 - 52s - 10ms/step - accuracy: 1.7925e-04 - loss: 8.7920
Epoch 3/10
5143/5143 - 52s - 10ms/step - accuracy: 1.8836e-04 - loss: 8.7904
Epoch 4/10
5143/5143 - 52s - 10ms/step - accuracy: 1.9140e-04 - loss: 8.7915
Epoch 5/10
5143/5143 - 52s - 10ms/step - accuracy: 1.7317e-04 - loss: 8.7919
Epoch 6/10
5143/5143 - 52s - 10ms/step - accuracy: 1.6406e-04 - loss: 8.7917
Epoch 7/10
5143/5143 - 51s - 10ms/step - accuracy: 1.7014e-04 - loss: 8.7917
Epoch 8/10
5143/5143 - 52s - 10ms/step - accuracy: 1.6710e-04 - loss: 8.7918
Epoch 9/10
5143/5143 - 52s - 10ms/step - accuracy: 1.7317e-04 - loss: 8.7924
Epoch 10/10
5143/5143 - 51s - 10ms/step - accuracy: 1.6862e-04 - loss: 8.7917
5143/5143 - 22s - 4ms/step - accuracy: 1.9900e-04 - loss: 8.7885
loss: 8.788491249084473
acc: 0.00019899741164408624
