Model: "sequential"
┏━━━━━━━━━━━━━━━━━━━━━━━━━━━━━━━━━┳━━━━━━━━━━━━━━━━━━━━━━━━┳━━━━━━━━━━━━━━━┓
┃ Layer (type)                    ┃ Output Shape           ┃       Param # ┃
┡━━━━━━━━━━━━━━━━━━━━━━━━━━━━━━━━━╇━━━━━━━━━━━━━━━━━━━━━━━━╇━━━━━━━━━━━━━━━┩
│ conv2d (Conv2D)                 │ (None, 62, 62, 9)      │            90 │
├─────────────────────────────────┼────────────────────────┼───────────────┤
│ max_pooling2d (MaxPooling2D)    │ (None, 31, 31, 9)      │             0 │
├─────────────────────────────────┼────────────────────────┼───────────────┤
│ conv2d_1 (Conv2D)               │ (None, 29, 29, 18)     │         1,476 │
├─────────────────────────────────┼────────────────────────┼───────────────┤
│ max_pooling2d_1 (MaxPooling2D)  │ (None, 14, 14, 18)     │             0 │
├─────────────────────────────────┼────────────────────────┼───────────────┤
│ dropout (Dropout)               │ (None, 14, 14, 18)     │             0 │
├─────────────────────────────────┼────────────────────────┼───────────────┤
│ conv2d_2 (Conv2D)               │ (None, 12, 12, 27)     │         4,401 │
├─────────────────────────────────┼────────────────────────┼───────────────┤
│ max_pooling2d_2 (MaxPooling2D)  │ (None, 6, 6, 27)       │             0 │
├─────────────────────────────────┼────────────────────────┼───────────────┤
│ dropout_1 (Dropout)             │ (None, 6, 6, 27)       │             0 │
├─────────────────────────────────┼────────────────────────┼───────────────┤
│ flatten (Flatten)               │ (None, 972)            │             0 │
├─────────────────────────────────┼────────────────────────┼───────────────┤
│ dense (Dense)                   │ (None, 4096)           │     3,985,408 │
├─────────────────────────────────┼────────────────────────┼───────────────┤
│ dropout_2 (Dropout)             │ (None, 4096)           │             0 │
├─────────────────────────────────┼────────────────────────┼───────────────┤
│ dense_1 (Dense)                 │ (None, 4096)           │    16,781,312 │
├─────────────────────────────────┼────────────────────────┼───────────────┤
│ dropout_3 (Dropout)             │ (None, 4096)           │             0 │
├─────────────────────────────────┼────────────────────────┼───────────────┤
│ dense_2 (Dense)                 │ (None, 6583)           │    26,970,551 │
└─────────────────────────────────┴────────────────────────┴───────────────┘
 Total params: 47,743,238 (182.13 MB)
 Trainable params: 47,743,238 (182.13 MB)
 Non-trainable params: 0 (0.00 B)
None
Epoch 1/20
643/643 - 29s - 44ms/step - accuracy: 0.0016 - loss: 8.3711
Epoch 2/20
643/643 - 15s - 24ms/step - accuracy: 0.0575 - loss: 5.9770
Epoch 3/20
643/643 - 16s - 24ms/step - accuracy: 0.2454 - loss: 3.7483
Epoch 4/20
643/643 - 16s - 24ms/step - accuracy: 0.4588 - loss: 2.3655
Epoch 5/20
643/643 - 16s - 24ms/step - accuracy: 0.5964 - loss: 1.6596
Epoch 6/20
643/643 - 16s - 24ms/step - accuracy: 0.6790 - loss: 1.2735
Epoch 7/20
643/643 - 16s - 24ms/step - accuracy: 0.7343 - loss: 1.0297
Epoch 8/20
643/643 - 16s - 24ms/step - accuracy: 0.7730 - loss: 0.8601
Epoch 9/20
643/643 - 16s - 24ms/step - accuracy: 0.8032 - loss: 0.7334
Epoch 10/20
643/643 - 16s - 24ms/step - accuracy: 0.8265 - loss: 0.6351
Epoch 11/20
643/643 - 16s - 24ms/step - accuracy: 0.8459 - loss: 0.5584
Epoch 12/20
643/643 - 16s - 24ms/step - accuracy: 0.8614 - loss: 0.4930
Epoch 13/20
643/643 - 16s - 24ms/step - accuracy: 0.8752 - loss: 0.4404
Epoch 14/20
643/643 - 16s - 24ms/step - accuracy: 0.8865 - loss: 0.3938
Epoch 15/20
643/643 - 15s - 24ms/step - accuracy: 0.8964 - loss: 0.3575
Epoch 16/20
643/643 - 15s - 24ms/step - accuracy: 0.9053 - loss: 0.3236
Epoch 17/20
643/643 - 16s - 24ms/step - accuracy: 0.9127 - loss: 0.2947
Epoch 18/20
643/643 - 16s - 24ms/step - accuracy: 0.9195 - loss: 0.2691
Epoch 19/20
643/643 - 16s - 24ms/step - accuracy: 0.9251 - loss: 0.2490
Epoch 20/20
643/643 - 16s - 24ms/step - accuracy: 0.9310 - loss: 0.2276
643/643 - 13s - 20ms/step - accuracy: 0.9851 - loss: 0.0608
loss: 0.060793858021497726
acc: 0.985101044178009
