Model: "sequential"
┏━━━━━━━━━━━━━━━━━━━━━━━━━━━━━━━━━┳━━━━━━━━━━━━━━━━━━━━━━━━┳━━━━━━━━━━━━━━━┓
┃ Layer (type)                    ┃ Output Shape           ┃       Param # ┃
┡━━━━━━━━━━━━━━━━━━━━━━━━━━━━━━━━━╇━━━━━━━━━━━━━━━━━━━━━━━━╇━━━━━━━━━━━━━━━┩
│ random_zoom (RandomZoom)        │ (None, None, None, 1)  │             0 │
├─────────────────────────────────┼────────────────────────┼───────────────┤
│ random_translation              │ (None, None, None, 1)  │             0 │
│ (RandomTranslation)             │                        │               │
├─────────────────────────────────┼────────────────────────┼───────────────┤
│ random_rotation                 │ (None, None, None, 1)  │             0 │
│ (RandomRotation)                │                        │               │
├─────────────────────────────────┼────────────────────────┼───────────────┤
│ efficientnetb0 (Functional)     │ (None, 6512)           │    12,390,863 │
└─────────────────────────────────┴────────────────────────┴───────────────┘
 Total params: 12,390,863 (47.27 MB)
 Trainable params: 12,348,844 (47.11 MB)
 Non-trainable params: 42,019 (164.14 KB)
None
Epoch 1/100
318/318 - 140s - 440ms/step - accuracy: 2.4570e-04 - loss: 8.6872
Epoch 2/100
318/318 - 119s - 375ms/step - accuracy: 0.0015 - loss: 7.9687
Epoch 3/100
318/318 - 120s - 376ms/step - accuracy: 0.0054 - loss: 7.1428
Epoch 4/100
318/318 - 120s - 376ms/step - accuracy: 0.0169 - loss: 6.3249
Epoch 5/100
318/318 - 120s - 376ms/step - accuracy: 0.0452 - loss: 5.5036
Epoch 6/100
318/318 - 119s - 376ms/step - accuracy: 0.1248 - loss: 4.4700
Epoch 7/100
318/318 - 120s - 376ms/step - accuracy: 0.2688 - loss: 3.3548
Epoch 8/100
318/318 - 120s - 376ms/step - accuracy: 0.4052 - loss: 2.5686
Epoch 9/100
318/318 - 120s - 376ms/step - accuracy: 0.5114 - loss: 2.0339
Epoch 10/100
318/318 - 120s - 376ms/step - accuracy: 0.6046 - loss: 1.5970
Epoch 11/100
318/318 - 120s - 376ms/step - accuracy: 0.6702 - loss: 1.3076
Epoch 12/100
318/318 - 119s - 376ms/step - accuracy: 0.7119 - loss: 1.1158
Epoch 13/100
318/318 - 120s - 376ms/step - accuracy: 0.7432 - loss: 0.9789
Epoch 14/100
318/318 - 119s - 376ms/step - accuracy: 0.7695 - loss: 0.8700
Epoch 15/100
318/318 - 120s - 376ms/step - accuracy: 0.7985 - loss: 0.7458
Epoch 16/100
318/318 - 119s - 376ms/step - accuracy: 0.8110 - loss: 0.6956
Epoch 17/100
318/318 - 120s - 376ms/step - accuracy: 0.8300 - loss: 0.6192
Epoch 18/100
318/318 - 119s - 376ms/step - accuracy: 0.8369 - loss: 0.5889
Epoch 19/100
318/318 - 119s - 376ms/step - accuracy: 0.8523 - loss: 0.5304
Epoch 20/100
318/318 - 119s - 376ms/step - accuracy: 0.8650 - loss: 0.4803
Epoch 21/100
318/318 - 119s - 376ms/step - accuracy: 0.8709 - loss: 0.4571
Epoch 22/100
318/318 - 119s - 375ms/step - accuracy: 0.8835 - loss: 0.4078
Epoch 23/100
318/318 - 119s - 376ms/step - accuracy: 0.8905 - loss: 0.3808
Epoch 24/100
318/318 - 119s - 375ms/step - accuracy: 0.8963 - loss: 0.3548
Epoch 25/100
318/318 - 119s - 376ms/step - accuracy: 0.9023 - loss: 0.3349
Epoch 26/100
318/318 - 119s - 376ms/step - accuracy: 0.9066 - loss: 0.3153
Epoch 27/100
318/318 - 119s - 375ms/step - accuracy: 0.9070 - loss: 0.3161
Epoch 28/100
318/318 - 139s - 436ms/step - accuracy: 0.9182 - loss: 0.2744
Epoch 29/100
318/318 - 119s - 375ms/step - accuracy: 0.9191 - loss: 0.2721
Epoch 30/100
318/318 - 119s - 375ms/step - accuracy: 0.9146 - loss: 0.2874
Epoch 31/100
318/318 - 119s - 375ms/step - accuracy: 0.9231 - loss: 0.2578
Epoch 32/100
318/318 - 119s - 376ms/step - accuracy: 0.9306 - loss: 0.2291
Epoch 33/100
318/318 - 119s - 375ms/step - accuracy: 0.9350 - loss: 0.2131
Epoch 34/100
318/318 - 119s - 376ms/step - accuracy: 0.9339 - loss: 0.2185
Epoch 35/100
318/318 - 119s - 376ms/step - accuracy: 0.9345 - loss: 0.2159
Epoch 36/100
318/318 - 119s - 376ms/step - accuracy: 0.9425 - loss: 0.1879
Epoch 37/100
318/318 - 119s - 375ms/step - accuracy: 0.9346 - loss: 0.2177
Epoch 38/100
318/318 - 120s - 376ms/step - accuracy: 0.9459 - loss: 0.1775
Epoch 39/100
318/318 - 119s - 375ms/step - accuracy: 0.9494 - loss: 0.1639
Epoch 40/100
318/318 - 119s - 376ms/step - accuracy: 0.9466 - loss: 0.1744
Epoch 41/100
318/318 - 119s - 375ms/step - accuracy: 0.9499 - loss: 0.1629
Epoch 42/100
318/318 - 119s - 375ms/step - accuracy: 0.9532 - loss: 0.1525
Epoch 43/100
318/318 - 119s - 375ms/step - accuracy: 0.9530 - loss: 0.1524
Epoch 44/100
318/318 - 119s - 375ms/step - accuracy: 0.9545 - loss: 0.1465
Epoch 45/100
318/318 - 120s - 376ms/step - accuracy: 0.9557 - loss: 0.1423
Epoch 46/100
318/318 - 119s - 375ms/step - accuracy: 0.9571 - loss: 0.1379
Epoch 47/100
318/318 - 119s - 376ms/step - accuracy: 0.9578 - loss: 0.1359
Epoch 48/100
318/318 - 119s - 376ms/step - accuracy: 0.9594 - loss: 0.1309
Epoch 49/100
318/318 - 119s - 375ms/step - accuracy: 0.9615 - loss: 0.1239
Epoch 50/100
318/318 - 119s - 376ms/step - accuracy: 0.9605 - loss: 0.1265
Epoch 51/100
318/318 - 120s - 376ms/step - accuracy: 0.9621 - loss: 0.1213
Epoch 52/100
318/318 - 119s - 376ms/step - accuracy: 0.9639 - loss: 0.1176
Epoch 53/100
318/318 - 120s - 376ms/step - accuracy: 0.9645 - loss: 0.1148
Epoch 54/100
318/318 - 119s - 376ms/step - accuracy: 0.9659 - loss: 0.1101
Epoch 55/100
318/318 - 119s - 376ms/step - accuracy: 0.9666 - loss: 0.1075
Epoch 56/100
318/318 - 120s - 376ms/step - accuracy: 0.9655 - loss: 0.1118
Epoch 57/100
318/318 - 119s - 376ms/step - accuracy: 0.9655 - loss: 0.1114
Epoch 58/100
318/318 - 119s - 375ms/step - accuracy: 0.9691 - loss: 0.0993
Epoch 59/100
318/318 - 119s - 376ms/step - accuracy: 0.9693 - loss: 0.0975
Epoch 60/100
318/318 - 120s - 376ms/step - accuracy: 0.9705 - loss: 0.0945
Epoch 61/100
318/318 - 119s - 376ms/step - accuracy: 0.9704 - loss: 0.0941
Epoch 62/100
318/318 - 119s - 376ms/step - accuracy: 0.9709 - loss: 0.0929
Epoch 63/100
318/318 - 120s - 376ms/step - accuracy: 0.9692 - loss: 0.0996
Epoch 64/100
318/318 - 119s - 376ms/step - accuracy: 0.9722 - loss: 0.0894
Epoch 65/100
318/318 - 119s - 376ms/step - accuracy: 0.9701 - loss: 0.0973
Epoch 66/100
318/318 - 119s - 375ms/step - accuracy: 0.9737 - loss: 0.0843
Epoch 67/100
318/318 - 120s - 376ms/step - accuracy: 0.9747 - loss: 0.0811
Epoch 68/100
318/318 - 119s - 376ms/step - accuracy: 0.9748 - loss: 0.0803
Epoch 69/100
318/318 - 120s - 376ms/step - accuracy: 0.9746 - loss: 0.0807
Epoch 70/100
318/318 - 120s - 376ms/step - accuracy: 0.9763 - loss: 0.0766
Epoch 71/100
318/318 - 120s - 376ms/step - accuracy: 0.9755 - loss: 0.0778
Epoch 72/100
318/318 - 120s - 377ms/step - accuracy: 0.9740 - loss: 0.0834
Epoch 73/100
318/318 - 119s - 376ms/step - accuracy: 0.9765 - loss: 0.0754
Epoch 74/100
318/318 - 120s - 376ms/step - accuracy: 0.9769 - loss: 0.0746
Epoch 75/100
318/318 - 120s - 376ms/step - accuracy: 0.9775 - loss: 0.0721
Epoch 76/100
318/318 - 120s - 376ms/step - accuracy: 0.9778 - loss: 0.0703
Epoch 77/100
318/318 - 120s - 376ms/step - accuracy: 0.9778 - loss: 0.0714
Epoch 78/100
318/318 - 120s - 376ms/step - accuracy: 0.9786 - loss: 0.0682
Epoch 79/100
318/318 - 120s - 376ms/step - accuracy: 0.9787 - loss: 0.0683
Epoch 80/100
318/318 - 120s - 376ms/step - accuracy: 0.9790 - loss: 0.0675
Epoch 81/100
318/318 - 120s - 376ms/step - accuracy: 0.9791 - loss: 0.0668
Epoch 82/100
318/318 - 119s - 376ms/step - accuracy: 0.9796 - loss: 0.0659
Epoch 83/100
318/318 - 119s - 376ms/step - accuracy: 0.9790 - loss: 0.0675
Epoch 84/100
318/318 - 119s - 376ms/step - accuracy: 0.9795 - loss: 0.0657
Epoch 85/100
318/318 - 119s - 376ms/step - accuracy: 0.9803 - loss: 0.0633
Epoch 86/100
318/318 - 120s - 376ms/step - accuracy: 0.9805 - loss: 0.0625
Epoch 87/100
318/318 - 119s - 376ms/step - accuracy: 0.9810 - loss: 0.0609
Epoch 88/100
318/318 - 119s - 376ms/step - accuracy: 0.9808 - loss: 0.0616
Epoch 89/100
318/318 - 120s - 376ms/step - accuracy: 0.9812 - loss: 0.0608
Epoch 90/100
318/318 - 119s - 376ms/step - accuracy: 0.9821 - loss: 0.0573
Epoch 91/100
318/318 - 119s - 375ms/step - accuracy: 0.9818 - loss: 0.0578
Epoch 92/100
318/318 - 120s - 376ms/step - accuracy: 0.9824 - loss: 0.0567
Epoch 93/100
318/318 - 120s - 376ms/step - accuracy: 0.9823 - loss: 0.0565
Epoch 94/100
318/318 - 119s - 376ms/step - accuracy: 0.9820 - loss: 0.0576
Epoch 95/100
318/318 - 119s - 376ms/step - accuracy: 0.9826 - loss: 0.0560
Epoch 96/100
318/318 - 119s - 375ms/step - accuracy: 0.9830 - loss: 0.0543
Epoch 97/100
318/318 - 119s - 376ms/step - accuracy: 0.9833 - loss: 0.0526
Epoch 98/100
318/318 - 119s - 376ms/step - accuracy: 0.9830 - loss: 0.0539
Epoch 99/100
318/318 - 119s - 376ms/step - accuracy: 0.9836 - loss: 0.0518
Epoch 100/100
318/318 - 119s - 376ms/step - accuracy: 0.9838 - loss: 0.0525
318/318 - 28s - 87ms/step - accuracy: 0.6659 - loss: 3.7085
loss: 3.7084808349609375
acc: 0.6659060120582581
