Model: "sequential"
┏━━━━━━━━━━━━━━━━━━━━━━━━━━━━━━━━━┳━━━━━━━━━━━━━━━━━━━━━━━━┳━━━━━━━━━━━━━━━┓
┃ Layer (type)                    ┃ Output Shape           ┃       Param # ┃
┡━━━━━━━━━━━━━━━━━━━━━━━━━━━━━━━━━╇━━━━━━━━━━━━━━━━━━━━━━━━╇━━━━━━━━━━━━━━━┩
│ conv2d (Conv2D)                 │ (None, 62, 62, 9)      │            90 │
├─────────────────────────────────┼────────────────────────┼───────────────┤
│ max_pooling2d (MaxPooling2D)    │ (None, 31, 31, 9)      │             0 │
├─────────────────────────────────┼────────────────────────┼───────────────┤
│ conv2d_1 (Conv2D)               │ (None, 29, 29, 9)      │           738 │
├─────────────────────────────────┼────────────────────────┼───────────────┤
│ max_pooling2d_1 (MaxPooling2D)  │ (None, 14, 14, 9)      │             0 │
├─────────────────────────────────┼────────────────────────┼───────────────┤
│ dropout (Dropout)               │ (None, 14, 14, 9)      │             0 │
├─────────────────────────────────┼────────────────────────┼───────────────┤
│ conv2d_2 (Conv2D)               │ (None, 12, 12, 9)      │           738 │
├─────────────────────────────────┼────────────────────────┼───────────────┤
│ max_pooling2d_2 (MaxPooling2D)  │ (None, 6, 6, 9)        │             0 │
├─────────────────────────────────┼────────────────────────┼───────────────┤
│ dropout_1 (Dropout)             │ (None, 6, 6, 9)        │             0 │
├─────────────────────────────────┼────────────────────────┼───────────────┤
│ conv2d_3 (Conv2D)               │ (None, 4, 4, 9)        │           738 │
├─────────────────────────────────┼────────────────────────┼───────────────┤
│ max_pooling2d_3 (MaxPooling2D)  │ (None, 2, 2, 9)        │             0 │
├─────────────────────────────────┼────────────────────────┼───────────────┤
│ dropout_2 (Dropout)             │ (None, 2, 2, 9)        │             0 │
├─────────────────────────────────┼────────────────────────┼───────────────┤
│ flatten (Flatten)               │ (None, 36)             │             0 │
├─────────────────────────────────┼────────────────────────┼───────────────┤
│ dense (Dense)                   │ (None, 2048)           │        75,776 │
├─────────────────────────────────┼────────────────────────┼───────────────┤
│ dropout_3 (Dropout)             │ (None, 2048)           │             0 │
├─────────────────────────────────┼────────────────────────┼───────────────┤
│ dense_1 (Dense)                 │ (None, 2048)           │     4,196,352 │
├─────────────────────────────────┼────────────────────────┼───────────────┤
│ dropout_4 (Dropout)             │ (None, 2048)           │             0 │
├─────────────────────────────────┼────────────────────────┼───────────────┤
│ dense_2 (Dense)                 │ (None, 2048)           │     4,196,352 │
├─────────────────────────────────┼────────────────────────┼───────────────┤
│ dropout_5 (Dropout)             │ (None, 2048)           │             0 │
├─────────────────────────────────┼────────────────────────┼───────────────┤
│ dense_3 (Dense)                 │ (None, 6583)           │    13,488,567 │
└─────────────────────────────────┴────────────────────────┴───────────────┘
 Total params: 21,959,351 (83.77 MB)
 Trainable params: 21,959,351 (83.77 MB)
 Non-trainable params: 0 (0.00 B)
None
Epoch 1/100
5143/5143 - 77s - 15ms/step - accuracy: 1.5343e-04 - loss: 8.7931
Epoch 2/100
5143/5143 - 24s - 5ms/step - accuracy: 1.7165e-04 - loss: 8.7914
Epoch 3/100
5143/5143 - 25s - 5ms/step - accuracy: 1.8381e-04 - loss: 8.7907
Epoch 4/100
5143/5143 - 24s - 5ms/step - accuracy: 1.9444e-04 - loss: 8.7903
Epoch 5/100
5143/5143 - 24s - 5ms/step - accuracy: 1.9900e-04 - loss: 8.7902
Epoch 6/100
5143/5143 - 24s - 5ms/step - accuracy: 1.9900e-04 - loss: 8.7880
Epoch 7/100
5143/5143 - 24s - 5ms/step - accuracy: 1.8836e-04 - loss: 8.7872
Epoch 8/100
5143/5143 - 24s - 5ms/step - accuracy: 1.9444e-04 - loss: 8.7889
Epoch 9/100
5143/5143 - 24s - 5ms/step - accuracy: 2.0052e-04 - loss: 8.7901
Epoch 10/100
5143/5143 - 24s - 5ms/step - accuracy: 2.0052e-04 - loss: 8.7901
Epoch 11/100
5143/5143 - 24s - 5ms/step - accuracy: 2.0052e-04 - loss: 8.7901
Epoch 12/100
5143/5143 - 24s - 5ms/step - accuracy: 2.0052e-04 - loss: 8.7900
Epoch 13/100
5143/5143 - 24s - 5ms/step - accuracy: 2.0052e-04 - loss: 8.7900
Epoch 14/100
5143/5143 - 24s - 5ms/step - accuracy: 2.0052e-04 - loss: 8.7900
Epoch 15/100
