Model: "sequential"
┏━━━━━━━━━━━━━━━━━━━━━━━━━━━━━━━━━┳━━━━━━━━━━━━━━━━━━━━━━━━┳━━━━━━━━━━━━━━━┓
┃ Layer (type)                    ┃ Output Shape           ┃       Param # ┃
┡━━━━━━━━━━━━━━━━━━━━━━━━━━━━━━━━━╇━━━━━━━━━━━━━━━━━━━━━━━━╇━━━━━━━━━━━━━━━┩
│ random_zoom (RandomZoom)        │ (None, 64, 64, 1)      │             0 │
├─────────────────────────────────┼────────────────────────┼───────────────┤
│ conv2d (Conv2D)                 │ (None, 62, 62, 128)    │         1,280 │
├─────────────────────────────────┼────────────────────────┼───────────────┤
│ max_pooling2d (MaxPooling2D)    │ (None, 31, 31, 128)    │             0 │
├─────────────────────────────────┼────────────────────────┼───────────────┤
│ conv2d_1 (Conv2D)               │ (None, 29, 29, 192)    │       221,376 │
├─────────────────────────────────┼────────────────────────┼───────────────┤
│ max_pooling2d_1 (MaxPooling2D)  │ (None, 14, 14, 192)    │             0 │
├─────────────────────────────────┼────────────────────────┼───────────────┤
│ dropout (Dropout)               │ (None, 14, 14, 192)    │             0 │
├─────────────────────────────────┼────────────────────────┼───────────────┤
│ conv2d_2 (Conv2D)               │ (None, 12, 12, 256)    │       442,624 │
├─────────────────────────────────┼────────────────────────┼───────────────┤
│ max_pooling2d_2 (MaxPooling2D)  │ (None, 6, 6, 256)      │             0 │
├─────────────────────────────────┼────────────────────────┼───────────────┤
│ dropout_1 (Dropout)             │ (None, 6, 6, 256)      │             0 │
├─────────────────────────────────┼────────────────────────┼───────────────┤
│ conv2d_3 (Conv2D)               │ (None, 4, 4, 256)      │       590,080 │
├─────────────────────────────────┼────────────────────────┼───────────────┤
│ max_pooling2d_3 (MaxPooling2D)  │ (None, 2, 2, 256)      │             0 │
├─────────────────────────────────┼────────────────────────┼───────────────┤
│ dropout_2 (Dropout)             │ (None, 2, 2, 256)      │             0 │
├─────────────────────────────────┼────────────────────────┼───────────────┤
│ flatten (Flatten)               │ (None, 1024)           │             0 │
├─────────────────────────────────┼────────────────────────┼───────────────┤
│ dense (Dense)                   │ (None, 4096)           │     4,198,400 │
├─────────────────────────────────┼────────────────────────┼───────────────┤
│ dropout_3 (Dropout)             │ (None, 4096)           │             0 │
├─────────────────────────────────┼────────────────────────┼───────────────┤
│ dense_1 (Dense)                 │ (None, 4096)           │    16,781,312 │
├─────────────────────────────────┼────────────────────────┼───────────────┤
│ dropout_4 (Dropout)             │ (None, 4096)           │             0 │
├─────────────────────────────────┼────────────────────────┼───────────────┤
│ dense_2 (Dense)                 │ (None, 4096)           │    16,781,312 │
├─────────────────────────────────┼────────────────────────┼───────────────┤
│ dropout_5 (Dropout)             │ (None, 4096)           │             0 │
├─────────────────────────────────┼────────────────────────┼───────────────┤
│ dense_3 (Dense)                 │ (None, 6584)           │    26,974,648 │
└─────────────────────────────────┴────────────────────────┴───────────────┘
 Total params: 65,991,032 (251.74 MB)
 Trainable params: 65,991,032 (251.74 MB)
 Non-trainable params: 0 (0.00 B)
None
Epoch 1/100
2100/2100 - 72s - 34ms/step - accuracy: 0.0145 - loss: 7.1261
Epoch 2/100
2100/2100 - 69s - 33ms/step - accuracy: 0.1519 - loss: 5.2811
Epoch 3/100
2100/2100 - 69s - 33ms/step - accuracy: 0.2528 - loss: 4.0035
Epoch 4/100
2100/2100 - 69s - 33ms/step - accuracy: 0.3233 - loss: 3.3745
Epoch 5/100
2100/2100 - 69s - 33ms/step - accuracy: 0.3798 - loss: 2.9861
Epoch 6/100
2100/2100 - 69s - 33ms/step - accuracy: 0.4224 - loss: 2.7396
Epoch 7/100
2100/2100 - 69s - 33ms/step - accuracy: 0.4547 - loss: 2.5608
Epoch 8/100
2100/2100 - 69s - 33ms/step - accuracy: 0.4772 - loss: 2.4555
Epoch 9/100
2100/2100 - 69s - 33ms/step - accuracy: 0.4936 - loss: 2.3743
Epoch 10/100
2100/2100 - 69s - 33ms/step - accuracy: 0.5098 - loss: 2.3025
Epoch 11/100
2100/2100 - 69s - 33ms/step - accuracy: 0.5229 - loss: 2.2438
Epoch 12/100
2100/2100 - 69s - 33ms/step - accuracy: 0.5321 - loss: 2.2017
Epoch 13/100
2100/2100 - 69s - 33ms/step - accuracy: 0.5398 - loss: 2.1950
Epoch 14/100
2100/2100 - 69s - 33ms/step - accuracy: 0.5439 - loss: 2.1572
Epoch 15/100
2100/2100 - 69s - 33ms/step - accuracy: 0.5523 - loss: 2.1162
Epoch 16/100
2100/2100 - 69s - 33ms/step - accuracy: 0.5560 - loss: 2.0961
Epoch 17/100
2100/2100 - 69s - 33ms/step - accuracy: 0.5584 - loss: 2.0914
Epoch 18/100
2100/2100 - 69s - 33ms/step - accuracy: 0.5613 - loss: 2.0906
Epoch 19/100
2100/2100 - 69s - 33ms/step - accuracy: 0.5656 - loss: 2.0712
Epoch 20/100
2100/2100 - 69s - 33ms/step - accuracy: 0.5676 - loss: 2.0663
Epoch 21/100
2100/2100 - 69s - 33ms/step - accuracy: 0.5706 - loss: 2.0632
Epoch 22/100
2100/2100 - 69s - 33ms/step - accuracy: 0.5727 - loss: 2.1244
Epoch 23/100
2100/2100 - 69s - 33ms/step - accuracy: 0.5739 - loss: 2.0705
Epoch 24/100
2100/2100 - 69s - 33ms/step - accuracy: 0.5737 - loss: 2.1135
Epoch 25/100
2100/2100 - 69s - 33ms/step - accuracy: 0.5765 - loss: 2.0785
Epoch 26/100
2100/2100 - 69s - 33ms/step - accuracy: 0.5771 - loss: 2.1131
Epoch 27/100
2100/2100 - 69s - 33ms/step - accuracy: 0.5792 - loss: 2.1044
Epoch 28/100
2100/2100 - 69s - 33ms/step - accuracy: 0.5757 - loss: 2.1330
Epoch 29/100
2100/2100 - 69s - 33ms/step - accuracy: 0.5742 - loss: 2.1395
Epoch 30/100
2100/2100 - 69s - 33ms/step - accuracy: 0.5749 - loss: 2.1441
Epoch 31/100
2100/2100 - 69s - 33ms/step - accuracy: 0.5749 - loss: 2.1788
Epoch 32/100
2100/2100 - 69s - 33ms/step - accuracy: 0.5772 - loss: 2.1725
Epoch 33/100
2100/2100 - 69s - 33ms/step - accuracy: 0.5768 - loss: 2.1760
Epoch 34/100
2100/2100 - 69s - 33ms/step - accuracy: 0.5788 - loss: 2.1725
Epoch 35/100
2100/2100 - 69s - 33ms/step - accuracy: 0.5770 - loss: 2.1802
Epoch 36/100
2100/2100 - 69s - 33ms/step - accuracy: 0.5772 - loss: 2.1744
Epoch 37/100
2100/2100 - 69s - 33ms/step - accuracy: 0.5791 - loss: 2.1704
Epoch 38/100
2100/2100 - 69s - 33ms/step - accuracy: 0.5772 - loss: 2.1864
Epoch 39/100
2100/2100 - 69s - 33ms/step - accuracy: 0.5768 - loss: 2.1835
Epoch 40/100
2100/2100 - 69s - 33ms/step - accuracy: 0.5800 - loss: 2.1728
Epoch 41/100
2100/2100 - 69s - 33ms/step - accuracy: 0.5776 - loss: 2.1771
Epoch 42/100
2100/2100 - 69s - 33ms/step - accuracy: 0.5784 - loss: 2.1829
Epoch 43/100
2100/2100 - 69s - 33ms/step - accuracy: 0.5782 - loss: 2.1860
Epoch 44/100
2100/2100 - 69s - 33ms/step - accuracy: 0.5758 - loss: 2.1964
Epoch 45/100
2100/2100 - 69s - 33ms/step - accuracy: 0.5773 - loss: 2.1915
Epoch 46/100
2100/2100 - 69s - 33ms/step - accuracy: 0.5744 - loss: 2.2090
Epoch 47/100
2100/2100 - 69s - 33ms/step - accuracy: 0.5793 - loss: 2.1805
Epoch 48/100
2100/2100 - 69s - 33ms/step - accuracy: 0.5773 - loss: 2.1986
Epoch 49/100
2100/2100 - 69s - 33ms/step - accuracy: 0.5781 - loss: 2.1942
Epoch 50/100
2100/2100 - 69s - 33ms/step - accuracy: 0.5780 - loss: 2.1952
Epoch 51/100
2100/2100 - 69s - 33ms/step - accuracy: 0.5748 - loss: 2.2100
Epoch 52/100
2100/2100 - 69s - 33ms/step - accuracy: 0.5754 - loss: 2.2042
Epoch 53/100
2100/2100 - 69s - 33ms/step - accuracy: 0.5754 - loss: 2.2101
Epoch 54/100
2100/2100 - 69s - 33ms/step - accuracy: 0.5748 - loss: 2.2179
Epoch 55/100
2100/2100 - 69s - 33ms/step - accuracy: 0.5731 - loss: 2.2199
Epoch 56/100
2100/2100 - 69s - 33ms/step - accuracy: 0.5764 - loss: 2.2041
Epoch 57/100
2100/2100 - 69s - 33ms/step - accuracy: 0.5721 - loss: 2.2308
Epoch 58/100
2100/2100 - 69s - 33ms/step - accuracy: 0.5696 - loss: 2.2430
Epoch 59/100
2100/2100 - 69s - 33ms/step - accuracy: 0.5729 - loss: 2.2190
Epoch 60/100
2100/2100 - 69s - 33ms/step - accuracy: 0.5715 - loss: 2.2360
Epoch 61/100
2100/2100 - 69s - 33ms/step - accuracy: 0.5675 - loss: 2.2556
Epoch 62/100
2100/2100 - 69s - 33ms/step - accuracy: 0.5734 - loss: 2.2215
Epoch 63/100
2100/2100 - 69s - 33ms/step - accuracy: 0.5695 - loss: 2.2429
Epoch 64/100
2100/2100 - 69s - 33ms/step - accuracy: 0.5703 - loss: 2.2427
Epoch 65/100
2100/2100 - 69s - 33ms/step - accuracy: 0.5708 - loss: 2.2478
Epoch 66/100
2100/2100 - 69s - 33ms/step - accuracy: 0.5725 - loss: 2.2375
Epoch 67/100
