Model: "sequential"
┏━━━━━━━━━━━━━━━━━━━━━━━━━━━━━━━━━┳━━━━━━━━━━━━━━━━━━━━━━━━┳━━━━━━━━━━━━━━━┓
┃ Layer (type)                    ┃ Output Shape           ┃       Param # ┃
┡━━━━━━━━━━━━━━━━━━━━━━━━━━━━━━━━━╇━━━━━━━━━━━━━━━━━━━━━━━━╇━━━━━━━━━━━━━━━┩
│ conv2d (Conv2D)                 │ (None, 62, 62, 3)      │            30 │
├─────────────────────────────────┼────────────────────────┼───────────────┤
│ max_pooling2d (MaxPooling2D)    │ (None, 31, 31, 3)      │             0 │
├─────────────────────────────────┼────────────────────────┼───────────────┤
│ conv2d_1 (Conv2D)               │ (None, 29, 29, 3)      │            84 │
├─────────────────────────────────┼────────────────────────┼───────────────┤
│ max_pooling2d_1 (MaxPooling2D)  │ (None, 14, 14, 3)      │             0 │
├─────────────────────────────────┼────────────────────────┼───────────────┤
│ dropout (Dropout)               │ (None, 14, 14, 3)      │             0 │
├─────────────────────────────────┼────────────────────────┼───────────────┤
│ conv2d_2 (Conv2D)               │ (None, 12, 12, 3)      │            84 │
├─────────────────────────────────┼────────────────────────┼───────────────┤
│ max_pooling2d_2 (MaxPooling2D)  │ (None, 6, 6, 3)        │             0 │
├─────────────────────────────────┼────────────────────────┼───────────────┤
│ dropout_1 (Dropout)             │ (None, 6, 6, 3)        │             0 │
├─────────────────────────────────┼────────────────────────┼───────────────┤
│ conv2d_3 (Conv2D)               │ (None, 4, 4, 3)        │            84 │
├─────────────────────────────────┼────────────────────────┼───────────────┤
│ max_pooling2d_3 (MaxPooling2D)  │ (None, 2, 2, 3)        │             0 │
├─────────────────────────────────┼────────────────────────┼───────────────┤
│ dropout_2 (Dropout)             │ (None, 2, 2, 3)        │             0 │
├─────────────────────────────────┼────────────────────────┼───────────────┤
│ flatten (Flatten)               │ (None, 12)             │             0 │
├─────────────────────────────────┼────────────────────────┼───────────────┤
│ dense (Dense)                   │ (None, 4096)           │        53,248 │
├─────────────────────────────────┼────────────────────────┼───────────────┤
│ dropout_3 (Dropout)             │ (None, 4096)           │             0 │
├─────────────────────────────────┼────────────────────────┼───────────────┤
│ dense_1 (Dense)                 │ (None, 4096)           │    16,781,312 │
├─────────────────────────────────┼────────────────────────┼───────────────┤
│ dropout_4 (Dropout)             │ (None, 4096)           │             0 │
├─────────────────────────────────┼────────────────────────┼───────────────┤
│ dense_2 (Dense)                 │ (None, 6583)           │    26,970,551 │
└─────────────────────────────────┴────────────────────────┴───────────────┘
 Total params: 43,805,393 (167.10 MB)
 Trainable params: 43,805,393 (167.10 MB)
 Non-trainable params: 0 (0.00 B)
None
Epoch 1/100
322/322 - 29s - 91ms/step - accuracy: 1.1545e-04 - loss: 9.2286
Epoch 2/100
322/322 - 8s - 25ms/step - accuracy: 1.8229e-04 - loss: 8.7909
Epoch 3/100
322/322 - 8s - 23ms/step - accuracy: 1.6102e-04 - loss: 8.7894
Epoch 4/100
322/322 - 9s - 27ms/step - accuracy: 1.7014e-04 - loss: 8.7883
Epoch 5/100
322/322 - 7s - 23ms/step - accuracy: 1.6406e-04 - loss: 8.7875
Epoch 6/100
322/322 - 8s - 24ms/step - accuracy: 1.7014e-04 - loss: 8.7870
Epoch 7/100
322/322 - 7s - 22ms/step - accuracy: 1.8229e-04 - loss: 8.7864
Epoch 8/100
322/322 - 8s - 25ms/step - accuracy: 1.8533e-04 - loss: 8.7860
Epoch 9/100
322/322 - 7s - 22ms/step - accuracy: 1.8229e-04 - loss: 8.7857
Epoch 10/100
322/322 - 7s - 22ms/step - accuracy: 1.7621e-04 - loss: 8.7854
Epoch 11/100
322/322 - 8s - 26ms/step - accuracy: 1.8533e-04 - loss: 8.7853
Epoch 12/100
322/322 - 8s - 26ms/step - accuracy: 1.8229e-04 - loss: 8.7851
Epoch 13/100
322/322 - 7s - 21ms/step - accuracy: 1.9444e-04 - loss: 8.7850
Epoch 14/100
322/322 - 8s - 26ms/step - accuracy: 1.8533e-04 - loss: 8.7849
Epoch 15/100
322/322 - 8s - 25ms/step - accuracy: 2.0052e-04 - loss: 8.7849
Epoch 16/100
