Model: "sequential"
┏━━━━━━━━━━━━━━━━━━━━━━━━━━━━━━━━━┳━━━━━━━━━━━━━━━━━━━━━━━━┳━━━━━━━━━━━━━━━┓
┃ Layer (type)                    ┃ Output Shape           ┃       Param # ┃
┡━━━━━━━━━━━━━━━━━━━━━━━━━━━━━━━━━╇━━━━━━━━━━━━━━━━━━━━━━━━╇━━━━━━━━━━━━━━━┩
│ conv2d (Conv2D)                 │ (None, 62, 62, 64)     │           640 │
├─────────────────────────────────┼────────────────────────┼───────────────┤
│ max_pooling2d (MaxPooling2D)    │ (None, 31, 31, 64)     │             0 │
├─────────────────────────────────┼────────────────────────┼───────────────┤
│ conv2d_1 (Conv2D)               │ (None, 29, 29, 128)    │        73,856 │
├─────────────────────────────────┼────────────────────────┼───────────────┤
│ max_pooling2d_1 (MaxPooling2D)  │ (None, 14, 14, 128)    │             0 │
├─────────────────────────────────┼────────────────────────┼───────────────┤
│ dropout (Dropout)               │ (None, 14, 14, 128)    │             0 │
├─────────────────────────────────┼────────────────────────┼───────────────┤
│ conv2d_2 (Conv2D)               │ (None, 12, 12, 192)    │       221,376 │
├─────────────────────────────────┼────────────────────────┼───────────────┤
│ max_pooling2d_2 (MaxPooling2D)  │ (None, 6, 6, 192)      │             0 │
├─────────────────────────────────┼────────────────────────┼───────────────┤
│ dropout_1 (Dropout)             │ (None, 6, 6, 192)      │             0 │
├─────────────────────────────────┼────────────────────────┼───────────────┤
│ conv2d_3 (Conv2D)               │ (None, 4, 4, 256)      │       442,624 │
├─────────────────────────────────┼────────────────────────┼───────────────┤
│ max_pooling2d_3 (MaxPooling2D)  │ (None, 2, 2, 256)      │             0 │
├─────────────────────────────────┼────────────────────────┼───────────────┤
│ dropout_2 (Dropout)             │ (None, 2, 2, 256)      │             0 │
├─────────────────────────────────┼────────────────────────┼───────────────┤
│ flatten (Flatten)               │ (None, 1024)           │             0 │
├─────────────────────────────────┼────────────────────────┼───────────────┤
│ dense (Dense)                   │ (None, 2048)           │     2,099,200 │
├─────────────────────────────────┼────────────────────────┼───────────────┤
│ dropout_3 (Dropout)             │ (None, 2048)           │             0 │
├─────────────────────────────────┼────────────────────────┼───────────────┤
│ dense_1 (Dense)                 │ (None, 2048)           │     4,196,352 │
├─────────────────────────────────┼────────────────────────┼───────────────┤
│ dropout_4 (Dropout)             │ (None, 2048)           │             0 │
├─────────────────────────────────┼────────────────────────┼───────────────┤
│ dense_2 (Dense)                 │ (None, 2048)           │     4,196,352 │
├─────────────────────────────────┼────────────────────────┼───────────────┤
│ dropout_5 (Dropout)             │ (None, 2048)           │             0 │
├─────────────────────────────────┼────────────────────────┼───────────────┤
│ dense_3 (Dense)                 │ (None, 6584)           │    13,490,616 │
└─────────────────────────────────┴────────────────────────┴───────────────┘
 Total params: 24,721,016 (94.30 MB)
 Trainable params: 24,721,016 (94.30 MB)
 Non-trainable params: 0 (0.00 B)
None
Epoch 1/100
2761/2761 - 42s - 15ms/step - accuracy: 0.0505 - loss: 7.0901
Epoch 2/100
2761/2761 - 31s - 11ms/step - accuracy: 0.1580 - loss: 5.5383
Epoch 3/100
2761/2761 - 31s - 11ms/step - accuracy: 0.2057 - loss: 4.6581
Epoch 4/100
2761/2761 - 31s - 11ms/step - accuracy: 0.2421 - loss: 4.1469
Epoch 5/100
2761/2761 - 31s - 11ms/step - accuracy: 0.2708 - loss: 3.8165
Epoch 6/100
2761/2761 - 31s - 11ms/step - accuracy: 0.2969 - loss: 3.5689
Epoch 7/100
2761/2761 - 31s - 11ms/step - accuracy: 0.3168 - loss: 3.3901
Epoch 8/100
2761/2761 - 31s - 11ms/step - accuracy: 0.3340 - loss: 3.2478
Epoch 9/100
2761/2761 - 31s - 11ms/step - accuracy: 0.3474 - loss: 3.1483
Epoch 10/100
2761/2761 - 31s - 11ms/step - accuracy: 0.3585 - loss: 3.0465
Epoch 11/100
2761/2761 - 31s - 11ms/step - accuracy: 0.3705 - loss: 2.9570
Epoch 12/100
2761/2761 - 31s - 11ms/step - accuracy: 0.3798 - loss: 2.8845
Epoch 13/100
2761/2761 - 31s - 11ms/step - accuracy: 0.3893 - loss: 2.8231
Epoch 14/100
2761/2761 - 31s - 11ms/step - accuracy: 0.3955 - loss: 2.7811
Epoch 15/100
2761/2761 - 31s - 11ms/step - accuracy: 0.4019 - loss: 2.7337
Epoch 16/100
2761/2761 - 31s - 11ms/step - accuracy: 0.4066 - loss: 2.7043
Epoch 17/100
2761/2761 - 31s - 11ms/step - accuracy: 0.4119 - loss: 2.6697
Epoch 18/100
2761/2761 - 31s - 11ms/step - accuracy: 0.4160 - loss: 2.6407
Epoch 19/100
2761/2761 - 31s - 11ms/step - accuracy: 0.4187 - loss: 2.6279
Epoch 20/100
2761/2761 - 31s - 11ms/step - accuracy: 0.4211 - loss: 2.6072
Epoch 21/100
2761/2761 - 31s - 11ms/step - accuracy: 0.4242 - loss: 2.5922
Epoch 22/100
2761/2761 - 31s - 11ms/step - accuracy: 0.4243 - loss: 2.5875
Epoch 23/100
2761/2761 - 31s - 11ms/step - accuracy: 0.4275 - loss: 2.5719
Epoch 24/100
2761/2761 - 31s - 11ms/step - accuracy: 0.4284 - loss: 2.5653
Epoch 25/100
2761/2761 - 31s - 11ms/step - accuracy: 0.4331 - loss: 2.5454
Epoch 26/100
2761/2761 - 31s - 11ms/step - accuracy: 0.4339 - loss: 2.5410
Epoch 27/100
2761/2761 - 31s - 11ms/step - accuracy: 0.4343 - loss: 2.5395
Epoch 28/100
2761/2761 - 31s - 11ms/step - accuracy: 0.4343 - loss: 2.5346
Epoch 29/100
2761/2761 - 31s - 11ms/step - accuracy: 0.4336 - loss: 2.5380
Epoch 30/100
2761/2761 - 31s - 11ms/step - accuracy: 0.4315 - loss: 2.5521
Epoch 31/100
2761/2761 - 31s - 11ms/step - accuracy: 0.4354 - loss: 2.5399
Epoch 32/100
2761/2761 - 31s - 11ms/step - accuracy: 0.4323 - loss: 2.5639
Epoch 33/100
2761/2761 - 31s - 11ms/step - accuracy: 0.4378 - loss: 2.5290
Epoch 34/100
2761/2761 - 31s - 11ms/step - accuracy: 0.4377 - loss: 2.5303
Epoch 35/100
2761/2761 - 31s - 11ms/step - accuracy: 0.4361 - loss: 2.5335
Epoch 36/100
2761/2761 - 31s - 11ms/step - accuracy: 0.4367 - loss: 2.5462
Epoch 37/100
2761/2761 - 31s - 11ms/step - accuracy: 0.4378 - loss: 2.5328
Epoch 38/100
2761/2761 - 31s - 11ms/step - accuracy: 0.4360 - loss: 2.5492
Epoch 39/100
2761/2761 - 31s - 11ms/step - accuracy: 0.4380 - loss: 2.5387
Epoch 40/100
2761/2761 - 31s - 11ms/step - accuracy: 0.4308 - loss: 2.5826
Epoch 41/100
2761/2761 - 31s - 11ms/step - accuracy: 0.4351 - loss: 2.5520
Epoch 42/100
2761/2761 - 31s - 11ms/step - accuracy: 0.4350 - loss: 2.5582
Epoch 43/100
2761/2761 - 31s - 11ms/step - accuracy: 0.4349 - loss: 2.5653
Epoch 44/100
2761/2761 - 31s - 11ms/step - accuracy: 0.4345 - loss: 2.5701
Epoch 45/100
2761/2761 - 31s - 11ms/step - accuracy: 0.4338 - loss: 2.5727
Epoch 46/100
2761/2761 - 31s - 11ms/step - accuracy: 0.4276 - loss: 2.6100
Epoch 47/100
2761/2761 - 31s - 11ms/step - accuracy: 0.4298 - loss: 2.6016
Epoch 48/100
2761/2761 - 31s - 11ms/step - accuracy: 0.4306 - loss: 2.5999
Epoch 49/100
2761/2761 - 31s - 11ms/step - accuracy: 0.4327 - loss: 2.5908
Epoch 50/100
2761/2761 - 31s - 11ms/step - accuracy: 0.4297 - loss: 2.6071
Epoch 51/100
2761/2761 - 31s - 11ms/step - accuracy: 0.4286 - loss: 2.6169
Epoch 52/100
2761/2761 - 31s - 11ms/step - accuracy: 0.4286 - loss: 2.6122
Epoch 53/100
2761/2761 - 31s - 11ms/step - accuracy: 0.4237 - loss: 2.6570
Epoch 54/100
2761/2761 - 31s - 11ms/step - accuracy: 0.4208 - loss: 2.6716
Epoch 55/100
2761/2761 - 31s - 11ms/step - accuracy: 0.4262 - loss: 2.6447
Epoch 56/100
2761/2761 - 31s - 11ms/step - accuracy: 0.4264 - loss: 2.6356
Epoch 57/100
2761/2761 - 31s - 11ms/step - accuracy: 0.4270 - loss: 2.6365
Epoch 58/100
