Model: "sequential"
┏━━━━━━━━━━━━━━━━━━━━━━━━━━━━━━━━━┳━━━━━━━━━━━━━━━━━━━━━━━━┳━━━━━━━━━━━━━━━┓
┃ Layer (type)                    ┃ Output Shape           ┃       Param # ┃
┡━━━━━━━━━━━━━━━━━━━━━━━━━━━━━━━━━╇━━━━━━━━━━━━━━━━━━━━━━━━╇━━━━━━━━━━━━━━━┩
│ random_contrast                 │ (None, 64, 64, 1)      │             0 │
│ (RandomContrast)                │                        │               │
├─────────────────────────────────┼────────────────────────┼───────────────┤
│ random_zoom (RandomZoom)        │ (None, 64, 64, 1)      │             0 │
├─────────────────────────────────┼────────────────────────┼───────────────┤
│ random_translation              │ (None, 64, 64, 1)      │             0 │
│ (RandomTranslation)             │                        │               │
├─────────────────────────────────┼────────────────────────┼───────────────┤
│ random_rotation                 │ (None, 64, 64, 1)      │             0 │
│ (RandomRotation)                │                        │               │
├─────────────────────────────────┼────────────────────────┼───────────────┤
│ conv2d (Conv2D)                 │ (None, 62, 62, 3)      │            30 │
├─────────────────────────────────┼────────────────────────┼───────────────┤
│ max_pooling2d (MaxPooling2D)    │ (None, 31, 31, 3)      │             0 │
├─────────────────────────────────┼────────────────────────┼───────────────┤
│ conv2d_1 (Conv2D)               │ (None, 29, 29, 3)      │            84 │
├─────────────────────────────────┼────────────────────────┼───────────────┤
│ max_pooling2d_1 (MaxPooling2D)  │ (None, 14, 14, 3)      │             0 │
├─────────────────────────────────┼────────────────────────┼───────────────┤
│ dropout (Dropout)               │ (None, 14, 14, 3)      │             0 │
├─────────────────────────────────┼────────────────────────┼───────────────┤
│ conv2d_2 (Conv2D)               │ (None, 12, 12, 3)      │            84 │
├─────────────────────────────────┼────────────────────────┼───────────────┤
│ max_pooling2d_2 (MaxPooling2D)  │ (None, 6, 6, 3)        │             0 │
├─────────────────────────────────┼────────────────────────┼───────────────┤
│ dropout_1 (Dropout)             │ (None, 6, 6, 3)        │             0 │
├─────────────────────────────────┼────────────────────────┼───────────────┤
│ flatten (Flatten)               │ (None, 108)            │             0 │
├─────────────────────────────────┼────────────────────────┼───────────────┤
│ dense (Dense)                   │ (None, 4096)           │       446,464 │
├─────────────────────────────────┼────────────────────────┼───────────────┤
│ dropout_2 (Dropout)             │ (None, 4096)           │             0 │
├─────────────────────────────────┼────────────────────────┼───────────────┤
│ dense_1 (Dense)                 │ (None, 4096)           │    16,781,312 │
├─────────────────────────────────┼────────────────────────┼───────────────┤
│ dropout_3 (Dropout)             │ (None, 4096)           │             0 │
├─────────────────────────────────┼────────────────────────┼───────────────┤
│ dense_2 (Dense)                 │ (None, 6584)           │    26,974,648 │
└─────────────────────────────────┴────────────────────────┴───────────────┘
 Total params: 44,202,622 (168.62 MB)
 Trainable params: 44,202,622 (168.62 MB)
 Non-trainable params: 0 (0.00 B)
None
Epoch 1/100
2100/2100 - 31s - 15ms/step - accuracy: 0.0032 - loss: 7.6549
Epoch 2/100
2100/2100 - 29s - 14ms/step - accuracy: 0.0046 - loss: 7.3863
Epoch 3/100
2100/2100 - 29s - 14ms/step - accuracy: 0.0066 - loss: 7.2828
Epoch 4/100
2100/2100 - 29s - 14ms/step - accuracy: 0.0089 - loss: 7.1706
Epoch 5/100
2100/2100 - 29s - 14ms/step - accuracy: 0.0105 - loss: 7.0848
Epoch 6/100
2100/2100 - 29s - 14ms/step - accuracy: 0.0121 - loss: 7.0286
Epoch 7/100
2100/2100 - 29s - 14ms/step - accuracy: 0.0129 - loss: 6.9894
Epoch 8/100
2100/2100 - 29s - 14ms/step - accuracy: 0.0138 - loss: 6.9808
Epoch 9/100
2100/2100 - 29s - 14ms/step - accuracy: 0.0159 - loss: 6.9057
Epoch 10/100
2100/2100 - 29s - 14ms/step - accuracy: 0.0174 - loss: 6.8869
Epoch 11/100
2100/2100 - 29s - 14ms/step - accuracy: 0.0183 - loss: 6.8456
Epoch 12/100
2100/2100 - 29s - 14ms/step - accuracy: 0.0192 - loss: 6.8256
Epoch 13/100
2100/2100 - 29s - 14ms/step - accuracy: 0.0206 - loss: 6.7950
Epoch 14/100
2100/2100 - 29s - 14ms/step - accuracy: 0.0211 - loss: 6.7613
Epoch 15/100
2100/2100 - 29s - 14ms/step - accuracy: 0.0221 - loss: 6.7340
Epoch 16/100
2100/2100 - 29s - 14ms/step - accuracy: 0.0211 - loss: 6.8298
Epoch 17/100
2100/2100 - 29s - 14ms/step - accuracy: 0.0237 - loss: 6.7037
Epoch 18/100
2100/2100 - 29s - 14ms/step - accuracy: 0.0244 - loss: 6.6950
Epoch 19/100
2100/2100 - 29s - 14ms/step - accuracy: 0.0255 - loss: 6.6697
Epoch 20/100
2100/2100 - 29s - 14ms/step - accuracy: 0.0266 - loss: 6.6359
Epoch 21/100
2100/2100 - 29s - 14ms/step - accuracy: 0.0280 - loss: 6.6195
Epoch 22/100
2100/2100 - 29s - 14ms/step - accuracy: 0.0274 - loss: 6.6089
Epoch 23/100
2100/2100 - 29s - 14ms/step - accuracy: 0.0283 - loss: 6.6122
Epoch 24/100
2100/2100 - 29s - 14ms/step - accuracy: 0.0292 - loss: 6.5857
Epoch 25/100
2100/2100 - 29s - 14ms/step - accuracy: 0.0297 - loss: 6.5803
Epoch 26/100
2100/2100 - 29s - 14ms/step - accuracy: 0.0296 - loss: 6.5850
Epoch 27/100
2100/2100 - 29s - 14ms/step - accuracy: 0.0305 - loss: 6.5735
Epoch 28/100
2100/2100 - 29s - 14ms/step - accuracy: 0.0308 - loss: 6.5717
Epoch 29/100
2100/2100 - 29s - 14ms/step - accuracy: 0.0313 - loss: 6.5582
Epoch 30/100
2100/2100 - 29s - 14ms/step - accuracy: 0.0320 - loss: 6.5336
Epoch 31/100
