Model: "sequential"
┏━━━━━━━━━━━━━━━━━━━━━━━━━━━━━━━━━┳━━━━━━━━━━━━━━━━━━━━━━━━┳━━━━━━━━━━━━━━━┓
┃ Layer (type)                    ┃ Output Shape           ┃       Param # ┃
┡━━━━━━━━━━━━━━━━━━━━━━━━━━━━━━━━━╇━━━━━━━━━━━━━━━━━━━━━━━━╇━━━━━━━━━━━━━━━┩
│ conv2d (Conv2D)                 │ (None, 62, 62, 64)     │           640 │
├─────────────────────────────────┼────────────────────────┼───────────────┤
│ max_pooling2d (MaxPooling2D)    │ (None, 31, 31, 64)     │             0 │
├─────────────────────────────────┼────────────────────────┼───────────────┤
│ conv2d_1 (Conv2D)               │ (None, 29, 29, 128)    │        73,856 │
├─────────────────────────────────┼────────────────────────┼───────────────┤
│ max_pooling2d_1 (MaxPooling2D)  │ (None, 14, 14, 128)    │             0 │
├─────────────────────────────────┼────────────────────────┼───────────────┤
│ dropout (Dropout)               │ (None, 14, 14, 128)    │             0 │
├─────────────────────────────────┼────────────────────────┼───────────────┤
│ conv2d_2 (Conv2D)               │ (None, 12, 12, 192)    │       221,376 │
├─────────────────────────────────┼────────────────────────┼───────────────┤
│ max_pooling2d_2 (MaxPooling2D)  │ (None, 6, 6, 192)      │             0 │
├─────────────────────────────────┼────────────────────────┼───────────────┤
│ dropout_1 (Dropout)             │ (None, 6, 6, 192)      │             0 │
├─────────────────────────────────┼────────────────────────┼───────────────┤
│ conv2d_3 (Conv2D)               │ (None, 4, 4, 256)      │       442,624 │
├─────────────────────────────────┼────────────────────────┼───────────────┤
│ max_pooling2d_3 (MaxPooling2D)  │ (None, 2, 2, 256)      │             0 │
├─────────────────────────────────┼────────────────────────┼───────────────┤
│ dropout_2 (Dropout)             │ (None, 2, 2, 256)      │             0 │
├─────────────────────────────────┼────────────────────────┼───────────────┤
│ flatten (Flatten)               │ (None, 1024)           │             0 │
├─────────────────────────────────┼────────────────────────┼───────────────┤
│ dense (Dense)                   │ (None, 2048)           │     2,099,200 │
├─────────────────────────────────┼────────────────────────┼───────────────┤
│ dropout_3 (Dropout)             │ (None, 2048)           │             0 │
├─────────────────────────────────┼────────────────────────┼───────────────┤
│ dense_1 (Dense)                 │ (None, 2048)           │     4,196,352 │
├─────────────────────────────────┼────────────────────────┼───────────────┤
│ dropout_4 (Dropout)             │ (None, 2048)           │             0 │
├─────────────────────────────────┼────────────────────────┼───────────────┤
│ dense_2 (Dense)                 │ (None, 2048)           │     4,196,352 │
├─────────────────────────────────┼────────────────────────┼───────────────┤
│ dropout_5 (Dropout)             │ (None, 2048)           │             0 │
├─────────────────────────────────┼────────────────────────┼───────────────┤
│ dense_3 (Dense)                 │ (None, 6583)           │    13,488,567 │
└─────────────────────────────────┴────────────────────────┴───────────────┘
 Total params: 24,718,967 (94.30 MB)
 Trainable params: 24,718,967 (94.30 MB)
 Non-trainable params: 0 (0.00 B)
None
Epoch 1/10
5143/5143 - 73s - 14ms/step - accuracy: 1.4735e-04 - loss: 9.2122
Epoch 2/10
5143/5143 - 57s - 11ms/step - accuracy: 1.3064e-04 - loss: 8.8113
Epoch 3/10
5143/5143 - 57s - 11ms/step - accuracy: 1.2912e-04 - loss: 8.8112
Epoch 4/10
5143/5143 - 57s - 11ms/step - accuracy: 1.2912e-04 - loss: 8.8112
Epoch 5/10
5143/5143 - 57s - 11ms/step - accuracy: 1.2912e-04 - loss: 8.8112
Epoch 6/10
5143/5143 - 57s - 11ms/step - accuracy: 1.2912e-04 - loss: 8.8112
Epoch 7/10
5143/5143 - 57s - 11ms/step - accuracy: 1.2912e-04 - loss: 8.8112
Epoch 8/10
5143/5143 - 57s - 11ms/step - accuracy: 1.2912e-04 - loss: 8.8112
Epoch 9/10
5143/5143 - 57s - 11ms/step - accuracy: 1.2912e-04 - loss: 8.8112
Epoch 10/10
5143/5143 - 57s - 11ms/step - accuracy: 1.2912e-04 - loss: 8.8112
5143/5143 - 22s - 4ms/step - accuracy: 1.7925e-04 - loss: 8.8008
loss: 8.800849914550781
acc: 0.0001792495750123635
