2025-02-18 17:11:09.760053: I tensorflow/core/util/port.cc:153] oneDNN custom operations are on. You may see slightly different numerical results due to floating-point round-off errors from different computation orders. To turn them off, set the environment variable `TF_ENABLE_ONEDNN_OPTS=0`.
2025-02-18 17:11:09.768499: E external/local_xla/xla/stream_executor/cuda/cuda_fft.cc:477] Unable to register cuFFT factory: Attempting to register factory for plugin cuFFT when one has already been registered
WARNING: All log messages before absl::InitializeLog() is called are written to STDERR
E0000 00:00:1739898669.777510   90845 cuda_dnn.cc:8310] Unable to register cuDNN factory: Attempting to register factory for plugin cuDNN when one has already been registered
E0000 00:00:1739898669.780264   90845 cuda_blas.cc:1418] Unable to register cuBLAS factory: Attempting to register factory for plugin cuBLAS when one has already been registered
2025-02-18 17:11:10.069041: I tensorflow/core/platform/cpu_feature_guard.cc:210] This TensorFlow binary is optimized to use available CPU instructions in performance-critical operations.
To enable the following instructions: AVX2 AVX512F AVX512_VNNI FMA, in other operations, rebuild TensorFlow with the appropriate compiler flags.
I0000 00:00:1739898674.530027   90845 gpu_device.cc:2022] Created device /job:localhost/replica:0/task:0/device:GPU:0 with 22497 MB memory:  -> device: 0, name: NVIDIA RTX A5000, pci bus id: 0000:01:00.0, compute capability: 8.6
2025-02-18 17:11:16.151320: E tensorflow/core/util/util.cc:131] oneDNN supports DT_HALF only on platforms with AVX-512. Falling back to the default Eigen-based implementation if present.
WARNING: All log messages before absl::InitializeLog() is called are written to STDERR
I0000 00:00:1739898676.182629   90899 service.cc:148] XLA service 0x7f2af0003e40 initialized for platform CUDA (this does not guarantee that XLA will be used). Devices:
I0000 00:00:1739898676.182654   90899 service.cc:156]   StreamExecutor device (0): NVIDIA RTX A5000, Compute Capability 8.6
2025-02-18 17:11:16.205946: I tensorflow/compiler/mlir/tensorflow/utils/dump_mlir_util.cc:268] disabling MLIR crash reproducer, set env var `MLIR_CRASH_REPRODUCER_DIRECTORY` to enable.
I0000 00:00:1739898676.322367   90899 cuda_dnn.cc:529] Loaded cuDNN version 90501
I0000 00:00:1739898679.071338   90899 device_compiler.h:188] Compiled cluster using XLA!  This line is logged at most once for the lifetime of the process.
2025-02-18 17:16:36.681918: I external/local_xla/xla/stream_executor/cuda/cuda_asm_compiler.cc:397] ptxas warning : Registers are spilled to local memory in function 'gemm_fusion_dot_97', 196 bytes spill stores, 196 bytes spill loads

2025-02-18 17:16:36.874428: I external/local_xla/xla/stream_executor/cuda/cuda_asm_compiler.cc:397] ptxas warning : Registers are spilled to local memory in function 'gemm_fusion_dot_104', 196 bytes spill stores, 196 bytes spill loads

2025-02-18 17:16:36.968206: I external/local_xla/xla/stream_executor/cuda/cuda_asm_compiler.cc:397] ptxas warning : Registers are spilled to local memory in function 'gemm_fusion_dot_97', 760 bytes spill stores, 708 bytes spill loads

2025-02-18 17:16:37.140446: I external/local_xla/xla/stream_executor/cuda/cuda_asm_compiler.cc:397] ptxas warning : Registers are spilled to local memory in function 'gemm_fusion_dot_104', 336 bytes spill stores, 336 bytes spill loads

2025-02-18 17:16:37.559553: I external/local_xla/xla/stream_executor/cuda/cuda_asm_compiler.cc:397] ptxas warning : Registers are spilled to local memory in function 'gemm_fusion_dot_97', 236 bytes spill stores, 236 bytes spill loads

2025-02-18 17:16:37.578430: I external/local_xla/xla/stream_executor/cuda/cuda_asm_compiler.cc:397] ptxas warning : Registers are spilled to local memory in function 'gemm_fusion_dot_104', 364 bytes spill stores, 364 bytes spill loads

2025-02-18 17:16:37.754930: I external/local_xla/xla/stream_executor/cuda/cuda_asm_compiler.cc:397] ptxas warning : Registers are spilled to local memory in function 'gemm_fusion_dot_104', 360 bytes spill stores, 356 bytes spill loads

2025-02-18 17:16:37.760134: I external/local_xla/xla/stream_executor/cuda/cuda_asm_compiler.cc:397] ptxas warning : Registers are spilled to local memory in function 'gemm_fusion_dot_104', 872 bytes spill stores, 872 bytes spill loads

2025-02-18 17:16:47.527980: I external/local_xla/xla/stream_executor/cuda/cuda_asm_compiler.cc:397] ptxas warning : Registers are spilled to local memory in function 'gemm_fusion_dot_104', 568 bytes spill stores, 400 bytes spill loads

2025-02-18 17:16:47.584188: I external/local_xla/xla/stream_executor/cuda/cuda_asm_compiler.cc:397] ptxas warning : Registers are spilled to local memory in function 'gemm_fusion_dot_97', 744 bytes spill stores, 440 bytes spill loads

2025-02-18 17:16:47.700469: I external/local_xla/xla/stream_executor/cuda/cuda_asm_compiler.cc:397] ptxas warning : Registers are spilled to local memory in function 'gemm_fusion_dot_97', 248 bytes spill stores, 248 bytes spill loads

2025-02-18 17:16:47.960988: I external/local_xla/xla/stream_executor/cuda/cuda_asm_compiler.cc:397] ptxas warning : Registers are spilled to local memory in function 'gemm_fusion_dot_97', 244 bytes spill stores, 244 bytes spill loads

2025-02-18 17:16:47.983968: I external/local_xla/xla/stream_executor/cuda/cuda_asm_compiler.cc:397] ptxas warning : Registers are spilled to local memory in function 'gemm_fusion_dot_104', 996 bytes spill stores, 664 bytes spill loads

2025-02-18 17:16:48.097035: I external/local_xla/xla/stream_executor/cuda/cuda_asm_compiler.cc:397] ptxas warning : Registers are spilled to local memory in function 'gemm_fusion_dot_104', 192 bytes spill stores, 192 bytes spill loads

2025-02-18 17:16:48.356572: I external/local_xla/xla/stream_executor/cuda/cuda_asm_compiler.cc:397] ptxas warning : Registers are spilled to local memory in function 'gemm_fusion_dot_104', 540 bytes spill stores, 352 bytes spill loads

2025-02-18 17:16:48.575057: I external/local_xla/xla/stream_executor/cuda/cuda_asm_compiler.cc:397] ptxas warning : Registers are spilled to local memory in function 'gemm_fusion_dot_104', 364 bytes spill stores, 224 bytes spill loads

Traceback (most recent call last):
  File "/dcs/21/u2104990/Documents/324/runondcs/run.py", line 115, in <module>
    model.save('my_model.keras')
  File "/dcs/21/u2104990/.local/lib/python3.12/site-packages/keras/src/utils/traceback_utils.py", line 122, in error_handler
    raise e.with_traceback(filtered_tb) from None
  File "/dcs/21/u2104990/.local/lib/python3.12/site-packages/keras/src/saving/serialization_lib.py", line 372, in _get_class_or_fn_config
    config = obj.get_config()
             ^^^^^^^^^^^^^^^^
TypeError: CategoricalFocalCrossentropy.get_config() missing 1 required positional argument: 'self'
