Model: "sequential"
┏━━━━━━━━━━━━━━━━━━━━━━━━━━━━━━━━━┳━━━━━━━━━━━━━━━━━━━━━━━━┳━━━━━━━━━━━━━━━┓
┃ Layer (type)                    ┃ Output Shape           ┃       Param # ┃
┡━━━━━━━━━━━━━━━━━━━━━━━━━━━━━━━━━╇━━━━━━━━━━━━━━━━━━━━━━━━╇━━━━━━━━━━━━━━━┩
│ conv2d (Conv2D)                 │ (None, 62, 62, 32)     │           320 │
├─────────────────────────────────┼────────────────────────┼───────────────┤
│ max_pooling2d (MaxPooling2D)    │ (None, 31, 31, 32)     │             0 │
├─────────────────────────────────┼────────────────────────┼───────────────┤
│ conv2d_1 (Conv2D)               │ (None, 29, 29, 64)     │        18,496 │
├─────────────────────────────────┼────────────────────────┼───────────────┤
│ max_pooling2d_1 (MaxPooling2D)  │ (None, 14, 14, 64)     │             0 │
├─────────────────────────────────┼────────────────────────┼───────────────┤
│ dropout (Dropout)               │ (None, 14, 14, 64)     │             0 │
├─────────────────────────────────┼────────────────────────┼───────────────┤
│ conv2d_2 (Conv2D)               │ (None, 12, 12, 128)    │        73,856 │
├─────────────────────────────────┼────────────────────────┼───────────────┤
│ max_pooling2d_2 (MaxPooling2D)  │ (None, 6, 6, 128)      │             0 │
├─────────────────────────────────┼────────────────────────┼───────────────┤
│ dropout_1 (Dropout)             │ (None, 6, 6, 128)      │             0 │
├─────────────────────────────────┼────────────────────────┼───────────────┤
│ flatten (Flatten)               │ (None, 4608)           │             0 │
├─────────────────────────────────┼────────────────────────┼───────────────┤
│ dense (Dense)                   │ (None, 4096)           │    18,878,464 │
├─────────────────────────────────┼────────────────────────┼───────────────┤
│ dropout_2 (Dropout)             │ (None, 4096)           │             0 │
├─────────────────────────────────┼────────────────────────┼───────────────┤
│ dense_1 (Dense)                 │ (None, 4096)           │    16,781,312 │
├─────────────────────────────────┼────────────────────────┼───────────────┤
│ dropout_3 (Dropout)             │ (None, 4096)           │             0 │
├─────────────────────────────────┼────────────────────────┼───────────────┤
│ dense_2 (Dense)                 │ (None, 6583)           │    26,970,551 │
└─────────────────────────────────┴────────────────────────┴───────────────┘
 Total params: 62,722,999 (239.27 MB)
 Trainable params: 62,722,999 (239.27 MB)
 Non-trainable params: 0 (0.00 B)
None
Epoch 1/40
643/643 - 44s - 68ms/step - accuracy: 0.0046 - loss: 8.0552
Epoch 2/40
643/643 - 28s - 44ms/step - accuracy: 0.1698 - loss: 4.4941
Epoch 3/40
643/643 - 28s - 44ms/step - accuracy: 0.5093 - loss: 2.1225
Epoch 4/40
643/643 - 28s - 44ms/step - accuracy: 0.6918 - loss: 1.2286
Epoch 5/40
643/643 - 28s - 44ms/step - accuracy: 0.7798 - loss: 0.8387
Epoch 6/40
643/643 - 28s - 44ms/step - accuracy: 0.8305 - loss: 0.6255
Epoch 7/40
643/643 - 28s - 44ms/step - accuracy: 0.8643 - loss: 0.4914
Epoch 8/40
643/643 - 28s - 44ms/step - accuracy: 0.8874 - loss: 0.3977
Epoch 9/40
643/643 - 28s - 44ms/step - accuracy: 0.9063 - loss: 0.3261
Epoch 10/40
643/643 - 28s - 44ms/step - accuracy: 0.9199 - loss: 0.2729
Epoch 11/40
643/643 - 28s - 44ms/step - accuracy: 0.9315 - loss: 0.2291
Epoch 12/40
643/643 - 28s - 44ms/step - accuracy: 0.9406 - loss: 0.1977
Epoch 13/40
643/643 - 28s - 44ms/step - accuracy: 0.9481 - loss: 0.1696
Epoch 14/40
643/643 - 28s - 44ms/step - accuracy: 0.9541 - loss: 0.1484
Epoch 15/40
643/643 - 28s - 44ms/step - accuracy: 0.9597 - loss: 0.1281
Epoch 16/40
643/643 - 28s - 44ms/step - accuracy: 0.9644 - loss: 0.1136
Epoch 17/40
643/643 - 28s - 44ms/step - accuracy: 0.9677 - loss: 0.1016
Epoch 18/40
643/643 - 28s - 44ms/step - accuracy: 0.9707 - loss: 0.0914
Epoch 19/40
643/643 - 28s - 44ms/step - accuracy: 0.9740 - loss: 0.0816
Epoch 20/40
643/643 - 28s - 44ms/step - accuracy: 0.9761 - loss: 0.0740
Epoch 21/40
643/643 - 28s - 44ms/step - accuracy: 0.9783 - loss: 0.0669
Epoch 22/40
643/643 - 28s - 44ms/step - accuracy: 0.9805 - loss: 0.0604
Epoch 23/40
643/643 - 28s - 44ms/step - accuracy: 0.9816 - loss: 0.0563
Epoch 24/40
643/643 - 28s - 44ms/step - accuracy: 0.9832 - loss: 0.0513
Epoch 25/40
643/643 - 28s - 44ms/step - accuracy: 0.9842 - loss: 0.0482
Epoch 26/40
643/643 - 28s - 44ms/step - accuracy: 0.9856 - loss: 0.0444
Epoch 27/40
643/643 - 28s - 44ms/step - accuracy: 0.9864 - loss: 0.0417
Epoch 28/40
643/643 - 28s - 44ms/step - accuracy: 0.9872 - loss: 0.0393
Epoch 29/40
643/643 - 28s - 44ms/step - accuracy: 0.9879 - loss: 0.0370
Epoch 30/40
643/643 - 28s - 44ms/step - accuracy: 0.9886 - loss: 0.0349
Epoch 31/40
643/643 - 28s - 44ms/step - accuracy: 0.9892 - loss: 0.0330
Epoch 32/40
643/643 - 28s - 44ms/step - accuracy: 0.9900 - loss: 0.0305
Epoch 33/40
643/643 - 28s - 44ms/step - accuracy: 0.9904 - loss: 0.0298
Epoch 34/40
643/643 - 28s - 44ms/step - accuracy: 0.9911 - loss: 0.0272
Epoch 35/40
643/643 - 28s - 44ms/step - accuracy: 0.9911 - loss: 0.0273
Epoch 36/40
643/643 - 28s - 44ms/step - accuracy: 0.9921 - loss: 0.0244
Epoch 37/40
643/643 - 28s - 44ms/step - accuracy: 0.9920 - loss: 0.0244
Epoch 38/40
643/643 - 28s - 44ms/step - accuracy: 0.9927 - loss: 0.0229
Epoch 39/40
643/643 - 28s - 44ms/step - accuracy: 0.9928 - loss: 0.0221
Epoch 40/40
643/643 - 28s - 44ms/step - accuracy: 0.9934 - loss: 0.0203
643/643 - 20s - 32ms/step - accuracy: 0.9992 - loss: 0.0030
loss: 0.002979926997795701
acc: 0.9992116093635559
