Model: "sequential"
┏━━━━━━━━━━━━━━━━━━━━━━━━━━━━━━━━━┳━━━━━━━━━━━━━━━━━━━━━━━━┳━━━━━━━━━━━━━━━┓
┃ Layer (type)                    ┃ Output Shape           ┃       Param # ┃
┡━━━━━━━━━━━━━━━━━━━━━━━━━━━━━━━━━╇━━━━━━━━━━━━━━━━━━━━━━━━╇━━━━━━━━━━━━━━━┩
│ efficientnetb0 (Functional)     │ (None, 6512)           │    12,390,863 │
└─────────────────────────────────┴────────────────────────┴───────────────┘
 Total params: 12,390,863 (47.27 MB)
 Trainable params: 12,348,844 (47.11 MB)
 Non-trainable params: 42,019 (164.14 KB)
None
Epoch 1/15
318/318 - 125s - 392ms/step - accuracy: 0.0013 - loss: 8.2201
Epoch 2/15
318/318 - 46s - 143ms/step - accuracy: 0.0632 - loss: 5.5404
Epoch 3/15
318/318 - 46s - 144ms/step - accuracy: 0.4902 - loss: 2.1703
Epoch 4/15
318/318 - 46s - 144ms/step - accuracy: 0.7969 - loss: 0.7805
Epoch 5/15
318/318 - 46s - 144ms/step - accuracy: 0.8815 - loss: 0.4389
Epoch 6/15
318/318 - 46s - 144ms/step - accuracy: 0.9198 - loss: 0.2892
Epoch 7/15
318/318 - 46s - 144ms/step - accuracy: 0.9360 - loss: 0.2254
Epoch 8/15
318/318 - 46s - 144ms/step - accuracy: 0.9524 - loss: 0.1645
Epoch 9/15
318/318 - 46s - 144ms/step - accuracy: 0.9618 - loss: 0.1285
Epoch 10/15
318/318 - 46s - 144ms/step - accuracy: 0.9599 - loss: 0.1329
Epoch 11/15
318/318 - 46s - 144ms/step - accuracy: 0.9654 - loss: 0.1147
Epoch 12/15
318/318 - 46s - 144ms/step - accuracy: 0.9715 - loss: 0.0936
Epoch 13/15
318/318 - 46s - 144ms/step - accuracy: 0.9769 - loss: 0.0769
Epoch 14/15
318/318 - 46s - 144ms/step - accuracy: 0.9684 - loss: 0.1049
Epoch 15/15
318/318 - 46s - 144ms/step - accuracy: 0.9763 - loss: 0.0789
318/318 - 19s - 59ms/step - accuracy: 0.3281 - loss: 5.5557
loss: 5.555665493011475
acc: 0.3281081020832062
