Model: "sequential"
┏━━━━━━━━━━━━━━━━━━━━━━━━━━━━━━━━━┳━━━━━━━━━━━━━━━━━━━━━━━━┳━━━━━━━━━━━━━━━┓
┃ Layer (type)                    ┃ Output Shape           ┃       Param # ┃
┡━━━━━━━━━━━━━━━━━━━━━━━━━━━━━━━━━╇━━━━━━━━━━━━━━━━━━━━━━━━╇━━━━━━━━━━━━━━━┩
│ random_zoom (RandomZoom)        │ (None, 64, 64, 1)      │             0 │
├─────────────────────────────────┼────────────────────────┼───────────────┤
│ random_translation              │ (None, 64, 64, 1)      │             0 │
│ (RandomTranslation)             │                        │               │
├─────────────────────────────────┼────────────────────────┼───────────────┤
│ random_rotation                 │ (None, 64, 64, 1)      │             0 │
│ (RandomRotation)                │                        │               │
├─────────────────────────────────┼────────────────────────┼───────────────┤
│ conv2d (Conv2D)                 │ (None, 62, 62, 9)      │            90 │
├─────────────────────────────────┼────────────────────────┼───────────────┤
│ conv2d_1 (Conv2D)               │ (None, 60, 60, 9)      │           738 │
├─────────────────────────────────┼────────────────────────┼───────────────┤
│ conv2d_2 (Conv2D)               │ (None, 58, 58, 9)      │           738 │
├─────────────────────────────────┼────────────────────────┼───────────────┤
│ max_pooling2d (MaxPooling2D)    │ (None, 29, 29, 9)      │             0 │
├─────────────────────────────────┼────────────────────────┼───────────────┤
│ conv2d_3 (Conv2D)               │ (None, 27, 27, 9)      │           738 │
├─────────────────────────────────┼────────────────────────┼───────────────┤
│ max_pooling2d_1 (MaxPooling2D)  │ (None, 13, 13, 9)      │             0 │
├─────────────────────────────────┼────────────────────────┼───────────────┤
│ dropout (Dropout)               │ (None, 13, 13, 9)      │             0 │
├─────────────────────────────────┼────────────────────────┼───────────────┤
│ conv2d_4 (Conv2D)               │ (None, 11, 11, 9)      │           738 │
├─────────────────────────────────┼────────────────────────┼───────────────┤
│ max_pooling2d_2 (MaxPooling2D)  │ (None, 5, 5, 9)        │             0 │
├─────────────────────────────────┼────────────────────────┼───────────────┤
│ dropout_1 (Dropout)             │ (None, 5, 5, 9)        │             0 │
├─────────────────────────────────┼────────────────────────┼───────────────┤
│ flatten (Flatten)               │ (None, 225)            │             0 │
├─────────────────────────────────┼────────────────────────┼───────────────┤
│ dense (Dense)                   │ (None, 4096)           │       925,696 │
├─────────────────────────────────┼────────────────────────┼───────────────┤
│ dropout_2 (Dropout)             │ (None, 4096)           │             0 │
├─────────────────────────────────┼────────────────────────┼───────────────┤
│ dense_1 (Dense)                 │ (None, 4096)           │    16,781,312 │
├─────────────────────────────────┼────────────────────────┼───────────────┤
│ dropout_3 (Dropout)             │ (None, 4096)           │             0 │
├─────────────────────────────────┼────────────────────────┼───────────────┤
│ dense_2 (Dense)                 │ (None, 6512)           │    26,679,664 │
└─────────────────────────────────┴────────────────────────┴───────────────┘
 Total params: 44,389,714 (169.33 MB)
 Trainable params: 44,389,714 (169.33 MB)
 Non-trainable params: 0 (0.00 B)
None
Epoch 1/100
318/318 - 26s - 83ms/step - accuracy: 1.7199e-04 - loss: 8.8342
Epoch 2/100
318/318 - 21s - 67ms/step - accuracy: 4.1769e-04 - loss: 8.5569
Epoch 3/100
318/318 - 21s - 67ms/step - accuracy: 6.2039e-04 - loss: 8.4661
Epoch 4/100
318/318 - 21s - 67ms/step - accuracy: 8.3845e-04 - loss: 8.3375
Epoch 5/100
318/318 - 21s - 67ms/step - accuracy: 0.0011 - loss: 8.1949
Epoch 6/100
318/318 - 21s - 67ms/step - accuracy: 0.0016 - loss: 8.0583
Epoch 7/100
318/318 - 21s - 67ms/step - accuracy: 0.0021 - loss: 7.9372
Epoch 8/100
318/318 - 21s - 67ms/step - accuracy: 0.0027 - loss: 7.8393
Epoch 9/100
318/318 - 21s - 67ms/step - accuracy: 0.0032 - loss: 7.7433
Epoch 10/100
318/318 - 21s - 67ms/step - accuracy: 0.0041 - loss: 7.6532
Epoch 11/100
318/318 - 21s - 67ms/step - accuracy: 0.0049 - loss: 7.5474
Epoch 12/100
318/318 - 21s - 67ms/step - accuracy: 0.0057 - loss: 7.4960
Epoch 13/100
318/318 - 21s - 67ms/step - accuracy: 0.0067 - loss: 7.3742
Epoch 14/100
318/318 - 21s - 67ms/step - accuracy: 0.0072 - loss: 7.3111
Epoch 15/100
318/318 - 21s - 68ms/step - accuracy: 0.0084 - loss: 7.2256
Epoch 16/100
318/318 - 21s - 67ms/step - accuracy: 0.0093 - loss: 7.1570
Epoch 17/100
318/318 - 22s - 68ms/step - accuracy: 0.0103 - loss: 7.0886
Epoch 18/100
318/318 - 22s - 68ms/step - accuracy: 0.0116 - loss: 7.0188
Epoch 19/100
318/318 - 22s - 68ms/step - accuracy: 0.0130 - loss: 6.9454
Epoch 20/100
318/318 - 22s - 68ms/step - accuracy: 0.0144 - loss: 6.8794
Epoch 21/100
318/318 - 22s - 68ms/step - accuracy: 0.0157 - loss: 6.8130
Epoch 22/100
318/318 - 22s - 68ms/step - accuracy: 0.0175 - loss: 6.7418
Epoch 23/100
318/318 - 22s - 68ms/step - accuracy: 0.0194 - loss: 6.6801
Epoch 24/100
318/318 - 22s - 68ms/step - accuracy: 0.0204 - loss: 6.6351
Epoch 25/100
318/318 - 22s - 68ms/step - accuracy: 0.0219 - loss: 6.5908
Epoch 26/100
318/318 - 22s - 68ms/step - accuracy: 0.0229 - loss: 6.5425
Epoch 27/100
318/318 - 22s - 68ms/step - accuracy: 0.0250 - loss: 6.4956
Epoch 28/100
318/318 - 22s - 68ms/step - accuracy: 0.0265 - loss: 6.4569
Epoch 29/100
318/318 - 22s - 68ms/step - accuracy: 0.0280 - loss: 6.4200
Epoch 30/100
318/318 - 22s - 68ms/step - accuracy: 0.0291 - loss: 6.3806
Epoch 31/100
318/318 - 22s - 68ms/step - accuracy: 0.0301 - loss: 6.3590
Epoch 32/100
318/318 - 22s - 68ms/step - accuracy: 0.0323 - loss: 6.3180
Epoch 33/100
318/318 - 22s - 68ms/step - accuracy: 0.0328 - loss: 6.2901
Epoch 34/100
318/318 - 22s - 68ms/step - accuracy: 0.0343 - loss: 6.2538
Epoch 35/100
318/318 - 22s - 68ms/step - accuracy: 0.0349 - loss: 6.2291
Epoch 36/100
318/318 - 22s - 68ms/step - accuracy: 0.0368 - loss: 6.1963
Epoch 37/100
318/318 - 22s - 68ms/step - accuracy: 0.0378 - loss: 6.1883
Epoch 38/100
318/318 - 22s - 68ms/step - accuracy: 0.0385 - loss: 6.1517
Epoch 39/100
318/318 - 22s - 68ms/step - accuracy: 0.0395 - loss: 6.1360
Epoch 40/100
318/318 - 22s - 68ms/step - accuracy: 0.0416 - loss: 6.0970
Epoch 41/100
318/318 - 22s - 68ms/step - accuracy: 0.0421 - loss: 6.0894
Epoch 42/100
318/318 - 22s - 68ms/step - accuracy: 0.0436 - loss: 6.0594
Epoch 43/100
318/318 - 22s - 68ms/step - accuracy: 0.0444 - loss: 6.0492
Epoch 44/100
318/318 - 22s - 68ms/step - accuracy: 0.0458 - loss: 6.0167
Epoch 45/100
318/318 - 22s - 68ms/step - accuracy: 0.0468 - loss: 6.0001
Epoch 46/100
318/318 - 22s - 68ms/step - accuracy: 0.0468 - loss: 5.9744
Epoch 47/100
318/318 - 22s - 68ms/step - accuracy: 0.0485 - loss: 5.9614
Epoch 48/100
318/318 - 22s - 68ms/step - accuracy: 0.0495 - loss: 5.9405
Epoch 49/100
318/318 - 22s - 68ms/step - accuracy: 0.0504 - loss: 5.9322
Epoch 50/100
318/318 - 22s - 68ms/step - accuracy: 0.0529 - loss: 5.8923
Epoch 51/100
318/318 - 21s - 66ms/step - accuracy: 0.0033 - loss: 8.6476
Epoch 52/100
318/318 - 21s - 67ms/step - accuracy: 0.0041 - loss: 8.2703
Epoch 53/100
318/318 - 22s - 68ms/step - accuracy: 0.0341 - loss: 6.4254
Epoch 54/100
318/318 - 22s - 68ms/step - accuracy: 0.0434 - loss: 6.1181
Epoch 55/100
318/318 - 22s - 68ms/step - accuracy: 0.0472 - loss: 6.0426
Epoch 56/100
318/318 - 22s - 68ms/step - accuracy: 0.0497 - loss: 6.0115
Epoch 57/100
318/318 - 22s - 68ms/step - accuracy: 0.0519 - loss: 5.9419
Epoch 58/100
318/318 - 22s - 68ms/step - accuracy: 0.0530 - loss: 5.9055
Epoch 59/100
318/318 - 22s - 68ms/step - accuracy: 0.0560 - loss: 5.8647
Epoch 60/100
318/318 - 22s - 68ms/step - accuracy: 0.0568 - loss: 5.8373
Epoch 61/100
318/318 - 22s - 68ms/step - accuracy: 0.0578 - loss: 5.8481
Epoch 62/100
318/318 - 22s - 68ms/step - accuracy: 0.0618 - loss: 5.7700
Epoch 63/100
318/318 - 22s - 68ms/step - accuracy: 0.0623 - loss: 5.7445
Epoch 64/100
318/318 - 22s - 68ms/step - accuracy: 0.0634 - loss: 5.7208
Epoch 65/100
318/318 - 22s - 68ms/step - accuracy: 0.0641 - loss: 5.7209
Epoch 66/100
318/318 - 22s - 68ms/step - accuracy: 0.0673 - loss: 5.6596
Epoch 67/100
318/318 - 22s - 68ms/step - accuracy: 0.0680 - loss: 5.6552
Epoch 68/100
318/318 - 22s - 68ms/step - accuracy: 0.0702 - loss: 5.6224
Epoch 69/100
318/318 - 22s - 68ms/step - accuracy: 0.0713 - loss: 5.6164
Epoch 70/100
318/318 - 22s - 68ms/step - accuracy: 0.0722 - loss: 5.5929
Epoch 71/100
318/318 - 21s - 68ms/step - accuracy: 0.0633 - loss: 5.8377
Epoch 72/100
318/318 - 22s - 68ms/step - accuracy: 0.0701 - loss: 5.6661
Epoch 73/100
318/318 - 22s - 68ms/step - accuracy: 0.0714 - loss: 5.6242
Epoch 74/100
318/318 - 22s - 68ms/step - accuracy: 0.0756 - loss: 5.5353
Epoch 75/100
318/318 - 22s - 68ms/step - accuracy: 0.0770 - loss: 5.5167
Epoch 76/100
318/318 - 22s - 68ms/step - accuracy: 0.0779 - loss: 5.5197
Epoch 77/100
318/318 - 22s - 68ms/step - accuracy: 0.0800 - loss: 5.4758
Epoch 78/100
318/318 - 22s - 68ms/step - accuracy: 0.0811 - loss: 5.4703
Epoch 79/100
318/318 - 22s - 68ms/step - accuracy: 0.0797 - loss: 5.5004
Epoch 80/100
318/318 - 22s - 68ms/step - accuracy: 0.0839 - loss: 5.4401
Epoch 81/100
318/318 - 22s - 68ms/step - accuracy: 0.0844 - loss: 5.4315
Epoch 82/100
318/318 - 22s - 68ms/step - accuracy: 0.0858 - loss: 5.3993
Epoch 83/100
318/318 - 22s - 68ms/step - accuracy: 0.0875 - loss: 5.3790
Epoch 84/100
318/318 - 21s - 68ms/step - accuracy: 0.0701 - loss: 5.8208
Epoch 85/100
318/318 - 21s - 68ms/step - accuracy: 0.0873 - loss: 5.3917
Epoch 86/100
318/318 - 22s - 68ms/step - accuracy: 0.0902 - loss: 5.3518
Epoch 87/100
318/318 - 22s - 68ms/step - accuracy: 0.0915 - loss: 5.3255
Epoch 88/100
318/318 - 22s - 68ms/step - accuracy: 0.0918 - loss: 5.3261
Epoch 89/100
318/318 - 22s - 68ms/step - accuracy: 0.0913 - loss: 5.3553
Epoch 90/100
318/318 - 22s - 68ms/step - accuracy: 0.0922 - loss: 5.3376
Epoch 91/100
318/318 - 22s - 68ms/step - accuracy: 0.0955 - loss: 5.2818
Epoch 92/100
318/318 - 21s - 66ms/step - accuracy: 0.0266 - loss: 7.8762
Epoch 93/100
318/318 - 21s - 65ms/step - accuracy: 1.7813e-04 - loss: 8.7878
Epoch 94/100
318/318 - 21s - 65ms/step - accuracy: 1.5049e-04 - loss: 8.7827
Epoch 95/100
318/318 - 21s - 65ms/step - accuracy: 1.7813e-04 - loss: 8.7796
Epoch 96/100
318/318 - 21s - 65ms/step - accuracy: 2.1806e-04 - loss: 8.7778
Epoch 97/100
318/318 - 21s - 65ms/step - accuracy: 2.1806e-04 - loss: 8.7767
Epoch 98/100
318/318 - 21s - 65ms/step - accuracy: 2.0270e-04 - loss: 8.7760
Epoch 99/100
318/318 - 21s - 65ms/step - accuracy: 2.1192e-04 - loss: 8.7756
Epoch 100/100
318/318 - 21s - 65ms/step - accuracy: 2.1499e-04 - loss: 8.7754
318/318 - 8s - 24ms/step - accuracy: 2.2727e-04 - loss: 8.7729
loss: 8.772943496704102
acc: 0.00022727272880729288
