Model: "sequential"
┏━━━━━━━━━━━━━━━━━━━━━━━━━━━━━━━━━┳━━━━━━━━━━━━━━━━━━━━━━━━┳━━━━━━━━━━━━━━━┓
┃ Layer (type)                    ┃ Output Shape           ┃       Param # ┃
┡━━━━━━━━━━━━━━━━━━━━━━━━━━━━━━━━━╇━━━━━━━━━━━━━━━━━━━━━━━━╇━━━━━━━━━━━━━━━┩
│ conv2d (Conv2D)                 │ (None, 62, 62, 16)     │           160 │
├─────────────────────────────────┼────────────────────────┼───────────────┤
│ max_pooling2d (MaxPooling2D)    │ (None, 31, 31, 16)     │             0 │
├─────────────────────────────────┼────────────────────────┼───────────────┤
│ conv2d_1 (Conv2D)               │ (None, 29, 29, 32)     │         4,640 │
├─────────────────────────────────┼────────────────────────┼───────────────┤
│ max_pooling2d_1 (MaxPooling2D)  │ (None, 14, 14, 32)     │             0 │
├─────────────────────────────────┼────────────────────────┼───────────────┤
│ dropout (Dropout)               │ (None, 14, 14, 32)     │             0 │
├─────────────────────────────────┼────────────────────────┼───────────────┤
│ conv2d_2 (Conv2D)               │ (None, 12, 12, 64)     │        18,496 │
├─────────────────────────────────┼────────────────────────┼───────────────┤
│ max_pooling2d_2 (MaxPooling2D)  │ (None, 6, 6, 64)       │             0 │
├─────────────────────────────────┼────────────────────────┼───────────────┤
│ dropout_1 (Dropout)             │ (None, 6, 6, 64)       │             0 │
├─────────────────────────────────┼────────────────────────┼───────────────┤
│ flatten (Flatten)               │ (None, 2304)           │             0 │
├─────────────────────────────────┼────────────────────────┼───────────────┤
│ dense (Dense)                   │ (None, 4096)           │     9,441,280 │
├─────────────────────────────────┼────────────────────────┼───────────────┤
│ dropout_2 (Dropout)             │ (None, 4096)           │             0 │
├─────────────────────────────────┼────────────────────────┼───────────────┤
│ dense_1 (Dense)                 │ (None, 4096)           │    16,781,312 │
├─────────────────────────────────┼────────────────────────┼───────────────┤
│ dropout_3 (Dropout)             │ (None, 4096)           │             0 │
├─────────────────────────────────┼────────────────────────┼───────────────┤
│ dense_2 (Dense)                 │ (None, 6583)           │    26,970,551 │
└─────────────────────────────────┴────────────────────────┴───────────────┘
 Total params: 53,216,439 (203.00 MB)
 Trainable params: 53,216,439 (203.00 MB)
 Non-trainable params: 0 (0.00 B)
None
Epoch 1/20
643/643 - 36s - 55ms/step - accuracy: 0.0069 - loss: 7.9823
Epoch 2/20
643/643 - 19s - 29ms/step - accuracy: 0.1715 - loss: 4.4929
Epoch 3/20
643/643 - 19s - 30ms/step - accuracy: 0.4775 - loss: 2.3082
Epoch 4/20
643/643 - 19s - 30ms/step - accuracy: 0.6550 - loss: 1.4188
Epoch 5/20
643/643 - 19s - 30ms/step - accuracy: 0.7424 - loss: 1.0143
Epoch 6/20
643/643 - 19s - 30ms/step - accuracy: 0.7950 - loss: 0.7828
Epoch 7/20
643/643 - 19s - 30ms/step - accuracy: 0.8310 - loss: 0.6292
Epoch 8/20
643/643 - 19s - 30ms/step - accuracy: 0.8575 - loss: 0.5196
Epoch 9/20
643/643 - 19s - 30ms/step - accuracy: 0.8782 - loss: 0.4353
Epoch 10/20
643/643 - 19s - 30ms/step - accuracy: 0.8948 - loss: 0.3702
Epoch 11/20
643/643 - 19s - 30ms/step - accuracy: 0.9080 - loss: 0.3174
Epoch 12/20
643/643 - 19s - 30ms/step - accuracy: 0.9189 - loss: 0.2771
Epoch 13/20
643/643 - 19s - 30ms/step - accuracy: 0.9281 - loss: 0.2420
Epoch 14/20
643/643 - 19s - 30ms/step - accuracy: 0.9364 - loss: 0.2116
Epoch 15/20
643/643 - 19s - 30ms/step - accuracy: 0.9428 - loss: 0.1881
Epoch 16/20
643/643 - 19s - 30ms/step - accuracy: 0.9487 - loss: 0.1662
Epoch 17/20
643/643 - 19s - 30ms/step - accuracy: 0.9532 - loss: 0.1503
Epoch 18/20
643/643 - 19s - 30ms/step - accuracy: 0.9581 - loss: 0.1341
Epoch 19/20
643/643 - 19s - 30ms/step - accuracy: 0.9617 - loss: 0.1222
Epoch 20/20
643/643 - 19s - 30ms/step - accuracy: 0.9649 - loss: 0.1116
643/643 - 16s - 25ms/step - accuracy: 0.9939 - loss: 0.0237
loss: 0.02368597872555256
acc: 0.9938538670539856
