Model: "sequential"
┏━━━━━━━━━━━━━━━━━━━━━━━━━━━━━━━━━┳━━━━━━━━━━━━━━━━━━━━━━━━┳━━━━━━━━━━━━━━━┓
┃ Layer (type)                    ┃ Output Shape           ┃       Param # ┃
┡━━━━━━━━━━━━━━━━━━━━━━━━━━━━━━━━━╇━━━━━━━━━━━━━━━━━━━━━━━━╇━━━━━━━━━━━━━━━┩
│ conv2d (Conv2D)                 │ (None, 62, 62, 9)      │            90 │
├─────────────────────────────────┼────────────────────────┼───────────────┤
│ max_pooling2d (MaxPooling2D)    │ (None, 31, 31, 9)      │             0 │
├─────────────────────────────────┼────────────────────────┼───────────────┤
│ conv2d_1 (Conv2D)               │ (None, 29, 29, 18)     │         1,476 │
├─────────────────────────────────┼────────────────────────┼───────────────┤
│ max_pooling2d_1 (MaxPooling2D)  │ (None, 14, 14, 18)     │             0 │
├─────────────────────────────────┼────────────────────────┼───────────────┤
│ conv2d_2 (Conv2D)               │ (None, 12, 12, 27)     │         4,401 │
├─────────────────────────────────┼────────────────────────┼───────────────┤
│ max_pooling2d_2 (MaxPooling2D)  │ (None, 6, 6, 27)       │             0 │
├─────────────────────────────────┼────────────────────────┼───────────────┤
│ dropout (Dropout)               │ (None, 6, 6, 27)       │             0 │
├─────────────────────────────────┼────────────────────────┼───────────────┤
│ flatten (Flatten)               │ (None, 972)            │             0 │
├─────────────────────────────────┼────────────────────────┼───────────────┤
│ dense (Dense)                   │ (None, 4096)           │     3,985,408 │
├─────────────────────────────────┼────────────────────────┼───────────────┤
│ dropout_1 (Dropout)             │ (None, 4096)           │             0 │
├─────────────────────────────────┼────────────────────────┼───────────────┤
│ dense_1 (Dense)                 │ (None, 4096)           │    16,781,312 │
├─────────────────────────────────┼────────────────────────┼───────────────┤
│ dropout_2 (Dropout)             │ (None, 4096)           │             0 │
├─────────────────────────────────┼────────────────────────┼───────────────┤
│ dense_2 (Dense)                 │ (None, 6583)           │    26,970,551 │
└─────────────────────────────────┴────────────────────────┴───────────────┘
 Total params: 47,743,238 (182.13 MB)
 Trainable params: 47,743,238 (182.13 MB)
 Non-trainable params: 0 (0.00 B)
None
Epoch 1/20
643/643 - 27s - 43ms/step - accuracy: 0.0053 - loss: 8.0787
Epoch 2/20
643/643 - 15s - 24ms/step - accuracy: 0.1313 - loss: 5.0497
Epoch 3/20
643/643 - 15s - 24ms/step - accuracy: 0.3902 - loss: 2.8829
Epoch 4/20
643/643 - 16s - 24ms/step - accuracy: 0.5806 - loss: 1.8206
Epoch 5/20
643/643 - 16s - 24ms/step - accuracy: 0.6844 - loss: 1.3119
Epoch 6/20
643/643 - 16s - 24ms/step - accuracy: 0.7462 - loss: 1.0222
Epoch 7/20
643/643 - 16s - 24ms/step - accuracy: 0.7876 - loss: 0.8336
Epoch 8/20
643/643 - 16s - 24ms/step - accuracy: 0.8179 - loss: 0.6986
Epoch 9/20
643/643 - 16s - 24ms/step - accuracy: 0.8420 - loss: 0.5969
Epoch 10/20
643/643 - 16s - 24ms/step - accuracy: 0.8611 - loss: 0.5175
Epoch 11/20
643/643 - 16s - 24ms/step - accuracy: 0.8760 - loss: 0.4543
Epoch 12/20
643/643 - 15s - 24ms/step - accuracy: 0.8886 - loss: 0.4030
Epoch 13/20
643/643 - 16s - 24ms/step - accuracy: 0.8993 - loss: 0.3584
Epoch 14/20
643/643 - 16s - 24ms/step - accuracy: 0.9082 - loss: 0.3222
Epoch 15/20
643/643 - 16s - 24ms/step - accuracy: 0.9167 - loss: 0.2905
Epoch 16/20
643/643 - 16s - 24ms/step - accuracy: 0.9243 - loss: 0.2617
Epoch 17/20
643/643 - 16s - 24ms/step - accuracy: 0.9296 - loss: 0.2398
Epoch 18/20
643/643 - 16s - 24ms/step - accuracy: 0.9356 - loss: 0.2191
Epoch 19/20
643/643 - 16s - 24ms/step - accuracy: 0.9404 - loss: 0.2007
Epoch 20/20
643/643 - 16s - 24ms/step - accuracy: 0.9450 - loss: 0.1828
643/643 - 14s - 21ms/step - accuracy: 0.9865 - loss: 0.0556
loss: 0.05564398691058159
acc: 0.9865167737007141
