Model: "sequential"
┏━━━━━━━━━━━━━━━━━━━━━━━━━━━━━━━━━┳━━━━━━━━━━━━━━━━━━━━━━━━┳━━━━━━━━━━━━━━━┓
┃ Layer (type)                    ┃ Output Shape           ┃       Param # ┃
┡━━━━━━━━━━━━━━━━━━━━━━━━━━━━━━━━━╇━━━━━━━━━━━━━━━━━━━━━━━━╇━━━━━━━━━━━━━━━┩
│ efficientnetb0 (Functional)     │ (None, 6512)           │    12,391,443 │
└─────────────────────────────────┴────────────────────────┴───────────────┘
 Total params: 12,391,443 (47.27 MB)
 Trainable params: 12,349,420 (47.11 MB)
 Non-trainable params: 42,023 (164.16 KB)
None
Epoch 1/30
318/318 - 124s - 389ms/step - accuracy: 0.0013 - loss: 8.0607
Epoch 2/30
318/318 - 45s - 143ms/step - accuracy: 0.0332 - loss: 5.7914
Epoch 3/30
318/318 - 46s - 144ms/step - accuracy: 0.2418 - loss: 3.3951
Epoch 4/30
318/318 - 46s - 144ms/step - accuracy: 0.5925 - loss: 1.5805
Epoch 5/30
318/318 - 46s - 145ms/step - accuracy: 0.7658 - loss: 0.8617
Epoch 6/30
318/318 - 46s - 144ms/step - accuracy: 0.8398 - loss: 0.5757
Epoch 7/30
318/318 - 46s - 145ms/step - accuracy: 0.8764 - loss: 0.4315
Epoch 8/30
318/318 - 46s - 145ms/step - accuracy: 0.9101 - loss: 0.3088
Epoch 9/30
318/318 - 46s - 145ms/step - accuracy: 0.9245 - loss: 0.2528
Epoch 10/30
318/318 - 46s - 145ms/step - accuracy: 0.9368 - loss: 0.2085
Epoch 11/30
318/318 - 46s - 145ms/step - accuracy: 0.9470 - loss: 0.1715
Epoch 12/30
318/318 - 46s - 144ms/step - accuracy: 0.9591 - loss: 0.1321
Epoch 13/30
318/318 - 46s - 145ms/step - accuracy: 0.9628 - loss: 0.1189
Epoch 14/30
318/318 - 46s - 145ms/step - accuracy: 0.9684 - loss: 0.1007
Epoch 15/30
318/318 - 46s - 145ms/step - accuracy: 0.9666 - loss: 0.1056
Epoch 16/30
318/318 - 46s - 144ms/step - accuracy: 0.9711 - loss: 0.0915
Epoch 17/30
318/318 - 46s - 145ms/step - accuracy: 0.9730 - loss: 0.0844
Epoch 18/30
318/318 - 46s - 145ms/step - accuracy: 0.9725 - loss: 0.0880
Epoch 19/30
318/318 - 46s - 145ms/step - accuracy: 0.9640 - loss: 0.1146
Epoch 20/30
318/318 - 46s - 145ms/step - accuracy: 0.9754 - loss: 0.0786
Epoch 21/30
318/318 - 46s - 145ms/step - accuracy: 0.9803 - loss: 0.0631
Epoch 22/30
318/318 - 46s - 144ms/step - accuracy: 0.9823 - loss: 0.0574
Epoch 23/30
318/318 - 46s - 145ms/step - accuracy: 0.9816 - loss: 0.0594
Epoch 24/30
318/318 - 46s - 145ms/step - accuracy: 0.9833 - loss: 0.0534
Epoch 25/30
318/318 - 46s - 145ms/step - accuracy: 0.9843 - loss: 0.0500
Epoch 26/30
318/318 - 46s - 145ms/step - accuracy: 0.9653 - loss: 0.1144
Epoch 27/30
318/318 - 46s - 145ms/step - accuracy: 0.9792 - loss: 0.0678
Epoch 28/30
318/318 - 46s - 145ms/step - accuracy: 0.9882 - loss: 0.0387
Epoch 29/30
318/318 - 46s - 145ms/step - accuracy: 0.9888 - loss: 0.0370
Epoch 30/30
318/318 - 46s - 145ms/step - accuracy: 0.9856 - loss: 0.0475
318/318 - 19s - 60ms/step - accuracy: 0.9611 - loss: 0.1286
loss: 0.12855802476406097
acc: 0.9611455798149109
