Model: "sequential"
┏━━━━━━━━━━━━━━━━━━━━━━━━━━━━━━━━━┳━━━━━━━━━━━━━━━━━━━━━━━━┳━━━━━━━━━━━━━━━┓
┃ Layer (type)                    ┃ Output Shape           ┃       Param # ┃
┡━━━━━━━━━━━━━━━━━━━━━━━━━━━━━━━━━╇━━━━━━━━━━━━━━━━━━━━━━━━╇━━━━━━━━━━━━━━━┩
│ conv2d (Conv2D)                 │ (None, 62, 62, 32)     │           320 │
├─────────────────────────────────┼────────────────────────┼───────────────┤
│ max_pooling2d (MaxPooling2D)    │ (None, 31, 31, 32)     │             0 │
├─────────────────────────────────┼────────────────────────┼───────────────┤
│ conv2d_1 (Conv2D)               │ (None, 29, 29, 64)     │        18,496 │
├─────────────────────────────────┼────────────────────────┼───────────────┤
│ max_pooling2d_1 (MaxPooling2D)  │ (None, 14, 14, 64)     │             0 │
├─────────────────────────────────┼────────────────────────┼───────────────┤
│ dropout (Dropout)               │ (None, 14, 14, 64)     │             0 │
├─────────────────────────────────┼────────────────────────┼───────────────┤
│ conv2d_2 (Conv2D)               │ (None, 12, 12, 128)    │        73,856 │
├─────────────────────────────────┼────────────────────────┼───────────────┤
│ max_pooling2d_2 (MaxPooling2D)  │ (None, 6, 6, 128)      │             0 │
├─────────────────────────────────┼────────────────────────┼───────────────┤
│ dropout_1 (Dropout)             │ (None, 6, 6, 128)      │             0 │
├─────────────────────────────────┼────────────────────────┼───────────────┤
│ conv2d_3 (Conv2D)               │ (None, 4, 4, 256)      │       295,168 │
├─────────────────────────────────┼────────────────────────┼───────────────┤
│ max_pooling2d_3 (MaxPooling2D)  │ (None, 2, 2, 256)      │             0 │
├─────────────────────────────────┼────────────────────────┼───────────────┤
│ dropout_2 (Dropout)             │ (None, 2, 2, 256)      │             0 │
├─────────────────────────────────┼────────────────────────┼───────────────┤
│ flatten (Flatten)               │ (None, 1024)           │             0 │
├─────────────────────────────────┼────────────────────────┼───────────────┤
│ dense (Dense)                   │ (None, 4096)           │     4,198,400 │
├─────────────────────────────────┼────────────────────────┼───────────────┤
│ dropout_3 (Dropout)             │ (None, 4096)           │             0 │
├─────────────────────────────────┼────────────────────────┼───────────────┤
│ dense_1 (Dense)                 │ (None, 4096)           │    16,781,312 │
├─────────────────────────────────┼────────────────────────┼───────────────┤
│ dropout_4 (Dropout)             │ (None, 4096)           │             0 │
├─────────────────────────────────┼────────────────────────┼───────────────┤
│ dense_2 (Dense)                 │ (None, 4096)           │    16,781,312 │
├─────────────────────────────────┼────────────────────────┼───────────────┤
│ dropout_5 (Dropout)             │ (None, 4096)           │             0 │
├─────────────────────────────────┼────────────────────────┼───────────────┤
│ dense_3 (Dense)                 │ (None, 6583)           │    26,970,551 │
└─────────────────────────────────┴────────────────────────┴───────────────┘
 Total params: 65,119,415 (248.41 MB)
 Trainable params: 65,119,415 (248.41 MB)
 Non-trainable params: 0 (0.00 B)
None
Epoch 1/40
643/643 - 111s - 172ms/step - accuracy: 3.6458e-04 - loss: 8.5022
Epoch 2/40
643/643 - 30s - 47ms/step - accuracy: 0.0056 - loss: 7.1108
Epoch 3/40
643/643 - 30s - 47ms/step - accuracy: 0.0307 - loss: 5.8146
Epoch 4/40
643/643 - 30s - 47ms/step - accuracy: 0.1249 - loss: 4.3815
Epoch 5/40
643/643 - 30s - 47ms/step - accuracy: 0.2940 - loss: 3.0810
Epoch 6/40
643/643 - 30s - 47ms/step - accuracy: 0.4844 - loss: 2.0762
Epoch 7/40
643/643 - 30s - 47ms/step - accuracy: 0.6155 - loss: 1.4751
Epoch 8/40
643/643 - 30s - 47ms/step - accuracy: 0.6961 - loss: 1.1308
Epoch 9/40
643/643 - 30s - 47ms/step - accuracy: 0.7509 - loss: 0.9049
Epoch 10/40
643/643 - 30s - 47ms/step - accuracy: 0.7914 - loss: 0.7424
Epoch 11/40
643/643 - 30s - 47ms/step - accuracy: 0.8213 - loss: 0.6238
Epoch 12/40
643/643 - 30s - 47ms/step - accuracy: 0.8444 - loss: 0.5345
Epoch 13/40
643/643 - 30s - 47ms/step - accuracy: 0.8640 - loss: 0.4615
Epoch 14/40
643/643 - 30s - 47ms/step - accuracy: 0.8788 - loss: 0.4057
Epoch 15/40
643/643 - 30s - 47ms/step - accuracy: 0.8918 - loss: 0.3598
Epoch 16/40
643/643 - 30s - 47ms/step - accuracy: 0.9027 - loss: 0.3203
Epoch 17/40
643/643 - 30s - 47ms/step - accuracy: 0.9113 - loss: 0.2890
Epoch 18/40
643/643 - 30s - 47ms/step - accuracy: 0.9190 - loss: 0.2615
Epoch 19/40
643/643 - 30s - 47ms/step - accuracy: 0.9256 - loss: 0.2392
Epoch 20/40
643/643 - 30s - 47ms/step - accuracy: 0.9316 - loss: 0.2187
Epoch 21/40
643/643 - 30s - 47ms/step - accuracy: 0.9368 - loss: 0.2006
Epoch 22/40
643/643 - 30s - 47ms/step - accuracy: 0.9413 - loss: 0.1848
Epoch 23/40
643/643 - 30s - 47ms/step - accuracy: 0.9454 - loss: 0.1714
Epoch 24/40
643/643 - 30s - 47ms/step - accuracy: 0.9488 - loss: 0.1591
Epoch 25/40
643/643 - 30s - 47ms/step - accuracy: 0.9520 - loss: 0.1484
Epoch 26/40
643/643 - 30s - 47ms/step - accuracy: 0.9549 - loss: 0.1391
Epoch 27/40
643/643 - 30s - 47ms/step - accuracy: 0.9574 - loss: 0.1301
Epoch 28/40
643/643 - 30s - 47ms/step - accuracy: 0.9604 - loss: 0.1218
Epoch 29/40
643/643 - 30s - 47ms/step - accuracy: 0.9620 - loss: 0.1162
Epoch 30/40
643/643 - 30s - 47ms/step - accuracy: 0.9641 - loss: 0.1091
Epoch 31/40
643/643 - 30s - 47ms/step - accuracy: 0.9659 - loss: 0.1039
Epoch 32/40
643/643 - 30s - 47ms/step - accuracy: 0.9676 - loss: 0.0980
Epoch 33/40
643/643 - 30s - 47ms/step - accuracy: 0.9692 - loss: 0.0930
Epoch 34/40
643/643 - 30s - 47ms/step - accuracy: 0.9706 - loss: 0.0885
Epoch 35/40
643/643 - 30s - 47ms/step - accuracy: 0.9717 - loss: 0.0845
Epoch 36/40
643/643 - 30s - 47ms/step - accuracy: 0.9729 - loss: 0.0806
Epoch 37/40
643/643 - 30s - 47ms/step - accuracy: 0.9737 - loss: 0.0776
Epoch 38/40
643/643 - 30s - 47ms/step - accuracy: 0.9753 - loss: 0.0734
Epoch 39/40
643/643 - 30s - 47ms/step - accuracy: 0.9764 - loss: 0.0700
Epoch 40/40
643/643 - 30s - 47ms/step - accuracy: 0.9769 - loss: 0.0678
643/643 - 16s - 25ms/step - accuracy: 0.9972 - loss: 0.0100
loss: 0.00999995693564415
acc: 0.9972429275512695
