Model: "sequential"
┏━━━━━━━━━━━━━━━━━━━━━━━━━━━━━━━━━┳━━━━━━━━━━━━━━━━━━━━━━━━┳━━━━━━━━━━━━━━━┓
┃ Layer (type)                    ┃ Output Shape           ┃       Param # ┃
┡━━━━━━━━━━━━━━━━━━━━━━━━━━━━━━━━━╇━━━━━━━━━━━━━━━━━━━━━━━━╇━━━━━━━━━━━━━━━┩
│ conv2d (Conv2D)                 │ (None, 62, 62, 9)      │            90 │
├─────────────────────────────────┼────────────────────────┼───────────────┤
│ max_pooling2d (MaxPooling2D)    │ (None, 31, 31, 9)      │             0 │
├─────────────────────────────────┼────────────────────────┼───────────────┤
│ conv2d_1 (Conv2D)               │ (None, 29, 29, 18)     │         1,476 │
├─────────────────────────────────┼────────────────────────┼───────────────┤
│ max_pooling2d_1 (MaxPooling2D)  │ (None, 14, 14, 18)     │             0 │
├─────────────────────────────────┼────────────────────────┼───────────────┤
│ conv2d_2 (Conv2D)               │ (None, 12, 12, 27)     │         4,401 │
├─────────────────────────────────┼────────────────────────┼───────────────┤
│ max_pooling2d_2 (MaxPooling2D)  │ (None, 6, 6, 27)       │             0 │
├─────────────────────────────────┼────────────────────────┼───────────────┤
│ dropout (Dropout)               │ (None, 6, 6, 27)       │             0 │
├─────────────────────────────────┼────────────────────────┼───────────────┤
│ flatten (Flatten)               │ (None, 972)            │             0 │
├─────────────────────────────────┼────────────────────────┼───────────────┤
│ dense (Dense)                   │ (None, 4096)           │     3,985,408 │
├─────────────────────────────────┼────────────────────────┼───────────────┤
│ dropout_1 (Dropout)             │ (None, 4096)           │             0 │
├─────────────────────────────────┼────────────────────────┼───────────────┤
│ dense_1 (Dense)                 │ (None, 4096)           │    16,781,312 │
├─────────────────────────────────┼────────────────────────┼───────────────┤
│ dropout_2 (Dropout)             │ (None, 4096)           │             0 │
├─────────────────────────────────┼────────────────────────┼───────────────┤
│ dense_2 (Dense)                 │ (None, 6583)           │    26,970,551 │
└─────────────────────────────────┴────────────────────────┴───────────────┘
 Total params: 47,743,238 (182.13 MB)
 Trainable params: 47,743,238 (182.13 MB)
 Non-trainable params: 0 (0.00 B)
None
Epoch 1/20
643/643 - 22s - 34ms/step - accuracy: 0.0039 - loss: 2.0399
Epoch 2/20
643/643 - 16s - 24ms/step - accuracy: 0.1303 - loss: 1.2053
Epoch 3/20
643/643 - 16s - 24ms/step - accuracy: 0.4229 - loss: 0.5802
Epoch 4/20
643/643 - 16s - 24ms/step - accuracy: 0.6091 - loss: 0.3335
Epoch 5/20
643/643 - 16s - 25ms/step - accuracy: 0.7065 - loss: 0.2275
Epoch 6/20
643/643 - 16s - 25ms/step - accuracy: 0.7643 - loss: 0.1698
Epoch 7/20
643/643 - 16s - 25ms/step - accuracy: 0.8039 - loss: 0.1336
Epoch 8/20
643/643 - 16s - 25ms/step - accuracy: 0.8327 - loss: 0.1089
Epoch 9/20
643/643 - 16s - 25ms/step - accuracy: 0.8550 - loss: 0.0903
Epoch 10/20
643/643 - 16s - 24ms/step - accuracy: 0.8725 - loss: 0.0763
Epoch 11/20
643/643 - 16s - 24ms/step - accuracy: 0.8867 - loss: 0.0653
Epoch 12/20
643/643 - 16s - 25ms/step - accuracy: 0.8992 - loss: 0.0564
Epoch 13/20
643/643 - 16s - 25ms/step - accuracy: 0.9088 - loss: 0.0494
Epoch 14/20
643/643 - 16s - 25ms/step - accuracy: 0.9173 - loss: 0.0432
Epoch 15/20
643/643 - 16s - 25ms/step - accuracy: 0.9248 - loss: 0.0381
Epoch 16/20
643/643 - 16s - 25ms/step - accuracy: 0.9310 - loss: 0.0338
Epoch 17/20
643/643 - 16s - 25ms/step - accuracy: 0.9368 - loss: 0.0302
Epoch 18/20
643/643 - 16s - 24ms/step - accuracy: 0.9419 - loss: 0.0271
Epoch 19/20
643/643 - 16s - 24ms/step - accuracy: 0.9465 - loss: 0.0242
Epoch 20/20
643/643 - 16s - 24ms/step - accuracy: 0.9505 - loss: 0.0219
643/643 - 13s - 21ms/step - accuracy: 0.9904 - loss: 0.0042
loss: 0.004163009580224752
acc: 0.9903661012649536
