2025-02-18 14:18:40.515436: I tensorflow/core/util/port.cc:153] oneDNN custom operations are on. You may see slightly different numerical results due to floating-point round-off errors from different computation orders. To turn them off, set the environment variable `TF_ENABLE_ONEDNN_OPTS=0`.
2025-02-18 14:18:40.523944: E external/local_xla/xla/stream_executor/cuda/cuda_fft.cc:477] Unable to register cuFFT factory: Attempting to register factory for plugin cuFFT when one has already been registered
WARNING: All log messages before absl::InitializeLog() is called are written to STDERR
E0000 00:00:1739888320.533234  175750 cuda_dnn.cc:8310] Unable to register cuDNN factory: Attempting to register factory for plugin cuDNN when one has already been registered
E0000 00:00:1739888320.536069  175750 cuda_blas.cc:1418] Unable to register cuBLAS factory: Attempting to register factory for plugin cuBLAS when one has already been registered
2025-02-18 14:18:40.547664: I tensorflow/core/platform/cpu_feature_guard.cc:210] This TensorFlow binary is optimized to use available CPU instructions in performance-critical operations.
To enable the following instructions: AVX2 AVX512F AVX512_VNNI FMA, in other operations, rebuild TensorFlow with the appropriate compiler flags.
I0000 00:00:1739888323.623908  175750 gpu_device.cc:2022] Created device /job:localhost/replica:0/task:0/device:GPU:0 with 22494 MB memory:  -> device: 0, name: NVIDIA RTX A5000, pci bus id: 0000:01:00.0, compute capability: 8.6
2025-02-18 14:18:45.277948: E tensorflow/core/util/util.cc:131] oneDNN supports DT_HALF only on platforms with AVX-512. Falling back to the default Eigen-based implementation if present.
WARNING: All log messages before absl::InitializeLog() is called are written to STDERR
I0000 00:00:1739888325.309740  175797 service.cc:148] XLA service 0x7fd86c022a30 initialized for platform CUDA (this does not guarantee that XLA will be used). Devices:
I0000 00:00:1739888325.309763  175797 service.cc:156]   StreamExecutor device (0): NVIDIA RTX A5000, Compute Capability 8.6
2025-02-18 14:18:45.341613: I tensorflow/compiler/mlir/tensorflow/utils/dump_mlir_util.cc:268] disabling MLIR crash reproducer, set env var `MLIR_CRASH_REPRODUCER_DIRECTORY` to enable.
I0000 00:00:1739888325.498626  175797 cuda_dnn.cc:529] Loaded cuDNN version 90501
2025-02-18 14:18:46.413148: I external/local_xla/xla/stream_executor/cuda/cuda_asm_compiler.cc:397] ptxas warning : Registers are spilled to local memory in function 'gemm_fusion_dot_2800', 300 bytes spill stores, 300 bytes spill loads

2025-02-18 14:18:46.540224: I external/local_xla/xla/stream_executor/cuda/cuda_asm_compiler.cc:397] ptxas warning : Registers are spilled to local memory in function 'gemm_fusion_dot_2800', 16 bytes spill stores, 16 bytes spill loads

2025-02-18 14:18:46.540259: I external/local_xla/xla/stream_executor/cuda/cuda_asm_compiler.cc:397] ptxas warning : Registers are spilled to local memory in function 'gemm_fusion_dot_2800', 1196 bytes spill stores, 1200 bytes spill loads

2025-02-18 14:18:46.636178: I external/local_xla/xla/stream_executor/cuda/cuda_asm_compiler.cc:397] ptxas warning : Registers are spilled to local memory in function 'gemm_fusion_dot_2800', 412 bytes spill stores, 412 bytes spill loads

2025-02-18 14:18:46.781483: I external/local_xla/xla/stream_executor/cuda/cuda_asm_compiler.cc:397] ptxas warning : Registers are spilled to local memory in function 'gemm_fusion_dot_3095', 56 bytes spill stores, 56 bytes spill loads

2025-02-18 14:18:46.801019: I external/local_xla/xla/stream_executor/cuda/cuda_asm_compiler.cc:397] ptxas warning : Registers are spilled to local memory in function 'gemm_fusion_dot_2800', 376 bytes spill stores, 396 bytes spill loads

2025-02-18 14:18:46.883420: I external/local_xla/xla/stream_executor/cuda/cuda_asm_compiler.cc:397] ptxas warning : Registers are spilled to local memory in function 'gemm_fusion_dot_2800', 276 bytes spill stores, 276 bytes spill loads

2025-02-18 14:18:46.998701: I external/local_xla/xla/stream_executor/cuda/cuda_asm_compiler.cc:397] ptxas warning : Registers are spilled to local memory in function 'gemm_fusion_dot_2800', 72 bytes spill stores, 72 bytes spill loads

2025-02-18 14:18:47.009164: I external/local_xla/xla/stream_executor/cuda/cuda_asm_compiler.cc:397] ptxas warning : Registers are spilled to local memory in function 'gemm_fusion_dot_3095', 4 bytes spill stores, 4 bytes spill loads

2025-02-18 14:18:47.039449: I external/local_xla/xla/stream_executor/cuda/cuda_asm_compiler.cc:397] ptxas warning : Registers are spilled to local memory in function 'gemm_fusion_dot_2800', 876 bytes spill stores, 880 bytes spill loads

2025-02-18 14:18:47.322106: I external/local_xla/xla/stream_executor/cuda/cuda_asm_compiler.cc:397] ptxas warning : Registers are spilled to local memory in function 'gemm_fusion_dot_2800', 272 bytes spill stores, 276 bytes spill loads

2025-02-18 14:18:47.468665: I external/local_xla/xla/stream_executor/cuda/cuda_asm_compiler.cc:397] ptxas warning : Registers are spilled to local memory in function 'gemm_fusion_dot_3095', 2672 bytes spill stores, 2668 bytes spill loads

2025-02-18 14:18:47.823303: I external/local_xla/xla/stream_executor/cuda/cuda_asm_compiler.cc:397] ptxas warning : Registers are spilled to local memory in function 'gemm_fusion_dot_3095', 2684 bytes spill stores, 2652 bytes spill loads

2025-02-18 14:18:47.881241: I external/local_xla/xla/stream_executor/cuda/cuda_asm_compiler.cc:397] ptxas warning : Registers are spilled to local memory in function 'gemm_fusion_dot_2800', 1196 bytes spill stores, 1200 bytes spill loads

2025-02-18 14:18:47.925085: I external/local_xla/xla/stream_executor/cuda/cuda_asm_compiler.cc:397] ptxas warning : Registers are spilled to local memory in function 'gemm_fusion_dot_3095', 544 bytes spill stores, 544 bytes spill loads

2025-02-18 14:18:48.099568: I external/local_xla/xla/stream_executor/cuda/cuda_asm_compiler.cc:397] ptxas warning : Registers are spilled to local memory in function 'gemm_fusion_dot_3095', 4044 bytes spill stores, 4036 bytes spill loads

2025-02-18 14:18:48.177893: I external/local_xla/xla/stream_executor/cuda/cuda_asm_compiler.cc:397] ptxas warning : Registers are spilled to local memory in function 'gemm_fusion_dot_3095', 692 bytes spill stores, 612 bytes spill loads

2025-02-18 14:18:53.434650: I external/local_xla/xla/stream_executor/cuda/cuda_asm_compiler.cc:397] ptxas warning : Registers are spilled to local memory in function 'input_multiply_reduce_fusion', 8 bytes spill stores, 4 bytes spill loads

I0000 00:00:1739888333.458365  175797 device_compiler.h:188] Compiled cluster using XLA!  This line is logged at most once for the lifetime of the process.
2025-02-18 14:19:23.888348: I external/local_xla/xla/stream_executor/cuda/cuda_asm_compiler.cc:397] ptxas warning : Registers are spilled to local memory in function 'gemm_fusion_dot_2800', 4 bytes spill stores, 4 bytes spill loads

2025-02-18 14:19:24.007791: I external/local_xla/xla/stream_executor/cuda/cuda_asm_compiler.cc:397] ptxas warning : Registers are spilled to local memory in function 'gemm_fusion_dot_2800', 580 bytes spill stores, 432 bytes spill loads

2025-02-18 14:19:24.082504: I external/local_xla/xla/stream_executor/cuda/cuda_asm_compiler.cc:397] ptxas warning : Registers are spilled to local memory in function 'gemm_fusion_dot_2800', 1220 bytes spill stores, 888 bytes spill loads

2025-02-18 14:19:24.223683: I external/local_xla/xla/stream_executor/cuda/cuda_asm_compiler.cc:397] ptxas warning : Registers are spilled to local memory in function 'gemm_fusion_dot_2800', 100 bytes spill stores, 100 bytes spill loads

2025-02-18 14:19:24.296911: I external/local_xla/xla/stream_executor/cuda/cuda_asm_compiler.cc:397] ptxas warning : Registers are spilled to local memory in function 'gemm_fusion_dot_2800', 1744 bytes spill stores, 1212 bytes spill loads

2025-02-18 14:19:24.386788: I external/local_xla/xla/stream_executor/cuda/cuda_asm_compiler.cc:397] ptxas warning : Registers are spilled to local memory in function 'gemm_fusion_dot_2800', 20 bytes spill stores, 20 bytes spill loads

2025-02-18 14:19:24.420111: I external/local_xla/xla/stream_executor/cuda/cuda_asm_compiler.cc:397] ptxas warning : Registers are spilled to local memory in function 'gemm_fusion_dot_2800', 528 bytes spill stores, 516 bytes spill loads

2025-02-18 14:19:24.848739: I external/local_xla/xla/stream_executor/cuda/cuda_asm_compiler.cc:397] ptxas warning : Registers are spilled to local memory in function 'gemm_fusion_dot_2800', 360 bytes spill stores, 284 bytes spill loads

2025-02-18 14:19:24.857622: I external/local_xla/xla/stream_executor/cuda/cuda_asm_compiler.cc:397] ptxas warning : Registers are spilled to local memory in function 'gemm_fusion_dot_2800', 1740 bytes spill stores, 1208 bytes spill loads

2025-02-18 14:19:25.129312: I external/local_xla/xla/stream_executor/cuda/cuda_asm_compiler.cc:397] ptxas warning : Registers are spilled to local memory in function 'gemm_fusion_dot_3095', 112 bytes spill stores, 112 bytes spill loads

2025-02-18 14:19:25.254134: I external/local_xla/xla/stream_executor/cuda/cuda_asm_compiler.cc:397] ptxas warning : Registers are spilled to local memory in function 'gemm_fusion_dot_3095', 672 bytes spill stores, 832 bytes spill loads

2025-02-18 14:19:25.275861: I external/local_xla/xla/stream_executor/cuda/cuda_asm_compiler.cc:397] ptxas warning : Registers are spilled to local memory in function 'gemm_fusion_dot_2800', 304 bytes spill stores, 304 bytes spill loads

2025-02-18 14:19:25.305947: I external/local_xla/xla/stream_executor/cuda/cuda_asm_compiler.cc:397] ptxas warning : Registers are spilled to local memory in function 'gemm_fusion_dot_3095', 44 bytes spill stores, 44 bytes spill loads

2025-02-18 14:19:25.710098: I external/local_xla/xla/stream_executor/cuda/cuda_asm_compiler.cc:397] ptxas warning : Registers are spilled to local memory in function 'gemm_fusion_dot_2800', 452 bytes spill stores, 304 bytes spill loads

2025-02-18 14:19:25.793854: I external/local_xla/xla/stream_executor/cuda/cuda_asm_compiler.cc:397] ptxas warning : Registers are spilled to local memory in function 'gemm_fusion_dot_3095', 492 bytes spill stores, 492 bytes spill loads

2025-02-18 14:19:25.929270: I external/local_xla/xla/stream_executor/cuda/cuda_asm_compiler.cc:397] ptxas warning : Registers are spilled to local memory in function 'gemm_fusion_dot_3095', 36 bytes spill stores, 36 bytes spill loads

2025-02-18 14:19:26.033551: I external/local_xla/xla/stream_executor/cuda/cuda_asm_compiler.cc:397] ptxas warning : Registers are spilled to local memory in function 'gemm_fusion_dot_3095', 412 bytes spill stores, 412 bytes spill loads

2025-02-18 14:19:26.120775: I external/local_xla/xla/stream_executor/cuda/cuda_asm_compiler.cc:397] ptxas warning : Registers are spilled to local memory in function 'gemm_fusion_dot_3095', 324 bytes spill stores, 332 bytes spill loads

2025-02-18 14:19:31.242800: I external/local_xla/xla/stream_executor/cuda/cuda_asm_compiler.cc:397] ptxas warning : Registers are spilled to local memory in function 'input_multiply_reduce_subtract_fusion', 132 bytes spill stores, 132 bytes spill loads

slurmstepd: error: *** JOB 1069993 ON falcon-03 CANCELLED AT 2025-02-18T14:33:47 ***
