2025-02-18 16:16:21.185788: I tensorflow/core/util/port.cc:153] oneDNN custom operations are on. You may see slightly different numerical results due to floating-point round-off errors from different computation orders. To turn them off, set the environment variable `TF_ENABLE_ONEDNN_OPTS=0`.
2025-02-18 16:16:21.194568: E external/local_xla/xla/stream_executor/cuda/cuda_fft.cc:477] Unable to register cuFFT factory: Attempting to register factory for plugin cuFFT when one has already been registered
WARNING: All log messages before absl::InitializeLog() is called are written to STDERR
E0000 00:00:1739895381.203919   87136 cuda_dnn.cc:8310] Unable to register cuDNN factory: Attempting to register factory for plugin cuDNN when one has already been registered
E0000 00:00:1739895381.206805   87136 cuda_blas.cc:1418] Unable to register cuBLAS factory: Attempting to register factory for plugin cuBLAS when one has already been registered
2025-02-18 16:16:21.436863: I tensorflow/core/platform/cpu_feature_guard.cc:210] This TensorFlow binary is optimized to use available CPU instructions in performance-critical operations.
To enable the following instructions: AVX2 AVX512F AVX512_VNNI FMA, in other operations, rebuild TensorFlow with the appropriate compiler flags.
I0000 00:00:1739895387.265675   87136 gpu_device.cc:2022] Created device /job:localhost/replica:0/task:0/device:GPU:0 with 22494 MB memory:  -> device: 0, name: NVIDIA RTX A5000, pci bus id: 0000:01:00.0, compute capability: 8.6
2025-02-18 16:16:28.720869: E tensorflow/core/util/util.cc:131] oneDNN supports DT_HALF only on platforms with AVX-512. Falling back to the default Eigen-based implementation if present.
WARNING: All log messages before absl::InitializeLog() is called are written to STDERR
I0000 00:00:1739895388.752593   87183 service.cc:148] XLA service 0x7fcdb80030f0 initialized for platform CUDA (this does not guarantee that XLA will be used). Devices:
I0000 00:00:1739895388.752618   87183 service.cc:156]   StreamExecutor device (0): NVIDIA RTX A5000, Compute Capability 8.6
2025-02-18 16:16:28.776951: I tensorflow/compiler/mlir/tensorflow/utils/dump_mlir_util.cc:268] disabling MLIR crash reproducer, set env var `MLIR_CRASH_REPRODUCER_DIRECTORY` to enable.
I0000 00:00:1739895388.896459   87183 cuda_dnn.cc:529] Loaded cuDNN version 90501
2025-02-18 16:16:29.761840: I external/local_xla/xla/stream_executor/cuda/cuda_asm_compiler.cc:397] ptxas warning : Registers are spilled to local memory in function 'gemm_fusion_dot_1955', 412 bytes spill stores, 412 bytes spill loads

2025-02-18 16:16:29.930551: I external/local_xla/xla/stream_executor/cuda/cuda_asm_compiler.cc:397] ptxas warning : Registers are spilled to local memory in function 'gemm_fusion_dot_1955', 1196 bytes spill stores, 1200 bytes spill loads

2025-02-18 16:16:29.930695: I external/local_xla/xla/stream_executor/cuda/cuda_asm_compiler.cc:397] ptxas warning : Registers are spilled to local memory in function 'gemm_fusion_dot_1955', 300 bytes spill stores, 300 bytes spill loads

2025-02-18 16:16:30.149605: I external/local_xla/xla/stream_executor/cuda/cuda_asm_compiler.cc:397] ptxas warning : Registers are spilled to local memory in function 'gemm_fusion_dot_1955', 376 bytes spill stores, 396 bytes spill loads

2025-02-18 16:16:30.156946: I external/local_xla/xla/stream_executor/cuda/cuda_asm_compiler.cc:397] ptxas warning : Registers are spilled to local memory in function 'gemm_fusion_dot_1955', 876 bytes spill stores, 880 bytes spill loads

2025-02-18 16:16:30.180121: I external/local_xla/xla/stream_executor/cuda/cuda_asm_compiler.cc:397] ptxas warning : Registers are spilled to local memory in function 'gemm_fusion_dot_2163', 4044 bytes spill stores, 4036 bytes spill loads

2025-02-18 16:16:30.180550: I external/local_xla/xla/stream_executor/cuda/cuda_asm_compiler.cc:397] ptxas warning : Registers are spilled to local memory in function 'gemm_fusion_dot_1955', 276 bytes spill stores, 276 bytes spill loads

2025-02-18 16:16:30.239950: I external/local_xla/xla/stream_executor/cuda/cuda_asm_compiler.cc:397] ptxas warning : Registers are spilled to local memory in function 'gemm_fusion_dot_2163', 544 bytes spill stores, 544 bytes spill loads

2025-02-18 16:16:30.297118: I external/local_xla/xla/stream_executor/cuda/cuda_asm_compiler.cc:397] ptxas warning : Registers are spilled to local memory in function 'gemm_fusion_dot_1955', 16 bytes spill stores, 16 bytes spill loads

2025-02-18 16:16:30.302677: I external/local_xla/xla/stream_executor/cuda/cuda_asm_compiler.cc:397] ptxas warning : Registers are spilled to local memory in function 'gemm_fusion_dot_1955', 72 bytes spill stores, 72 bytes spill loads

2025-02-18 16:16:30.407546: I external/local_xla/xla/stream_executor/cuda/cuda_asm_compiler.cc:397] ptxas warning : Registers are spilled to local memory in function 'gemm_fusion_dot_2163', 4 bytes spill stores, 4 bytes spill loads

2025-02-18 16:16:30.672044: I external/local_xla/xla/stream_executor/cuda/cuda_asm_compiler.cc:397] ptxas warning : Registers are spilled to local memory in function 'gemm_fusion_dot_1955', 1196 bytes spill stores, 1200 bytes spill loads

2025-02-18 16:16:30.964478: I external/local_xla/xla/stream_executor/cuda/cuda_asm_compiler.cc:397] ptxas warning : Registers are spilled to local memory in function 'gemm_fusion_dot_1955', 272 bytes spill stores, 276 bytes spill loads

2025-02-18 16:16:30.979516: I external/local_xla/xla/stream_executor/cuda/cuda_asm_compiler.cc:397] ptxas warning : Registers are spilled to local memory in function 'gemm_fusion_dot_2163', 2684 bytes spill stores, 2652 bytes spill loads

2025-02-18 16:16:31.223024: I external/local_xla/xla/stream_executor/cuda/cuda_asm_compiler.cc:397] ptxas warning : Registers are spilled to local memory in function 'gemm_fusion_dot_2163', 56 bytes spill stores, 56 bytes spill loads

2025-02-18 16:16:31.330008: I external/local_xla/xla/stream_executor/cuda/cuda_asm_compiler.cc:397] ptxas warning : Registers are spilled to local memory in function 'gemm_fusion_dot_2163', 2672 bytes spill stores, 2668 bytes spill loads

2025-02-18 16:16:31.580445: I external/local_xla/xla/stream_executor/cuda/cuda_asm_compiler.cc:397] ptxas warning : Registers are spilled to local memory in function 'gemm_fusion_dot_2163', 692 bytes spill stores, 612 bytes spill loads

2025-02-18 16:16:34.935947: I external/local_xla/xla/stream_executor/cuda/cuda_asm_compiler.cc:397] ptxas warning : Registers are spilled to local memory in function 'input_multiply_reduce_subtract_fusion', 8 bytes spill stores, 4 bytes spill loads

I0000 00:00:1739895394.952141   87183 device_compiler.h:188] Compiled cluster using XLA!  This line is logged at most once for the lifetime of the process.
2025-02-18 16:16:50.855872: I external/local_xla/xla/stream_executor/cuda/cuda_asm_compiler.cc:397] ptxas warning : Registers are spilled to local memory in function 'gemm_fusion_dot_1955', 4 bytes spill stores, 4 bytes spill loads

2025-02-18 16:16:51.381320: I external/local_xla/xla/stream_executor/cuda/cuda_asm_compiler.cc:397] ptxas warning : Registers are spilled to local memory in function 'gemm_fusion_dot_2163', 672 bytes spill stores, 832 bytes spill loads

2025-02-18 16:16:51.459027: I external/local_xla/xla/stream_executor/cuda/cuda_asm_compiler.cc:397] ptxas warning : Registers are spilled to local memory in function 'gemm_fusion_dot_1955', 1220 bytes spill stores, 888 bytes spill loads

2025-02-18 16:16:51.459060: I external/local_xla/xla/stream_executor/cuda/cuda_asm_compiler.cc:397] ptxas warning : Registers are spilled to local memory in function 'gemm_fusion_dot_1955', 100 bytes spill stores, 100 bytes spill loads

2025-02-18 16:16:51.459077: I external/local_xla/xla/stream_executor/cuda/cuda_asm_compiler.cc:397] ptxas warning : Registers are spilled to local memory in function 'gemm_fusion_dot_1955', 20 bytes spill stores, 20 bytes spill loads

2025-02-18 16:16:51.459089: I external/local_xla/xla/stream_executor/cuda/cuda_asm_compiler.cc:397] ptxas warning : Registers are spilled to local memory in function 'gemm_fusion_dot_1955', 528 bytes spill stores, 516 bytes spill loads

2025-02-18 16:16:51.459100: I external/local_xla/xla/stream_executor/cuda/cuda_asm_compiler.cc:397] ptxas warning : Registers are spilled to local memory in function 'gemm_fusion_dot_1955', 452 bytes spill stores, 304 bytes spill loads

2025-02-18 16:16:51.998027: I external/local_xla/xla/stream_executor/cuda/cuda_asm_compiler.cc:397] ptxas warning : Registers are spilled to local memory in function 'gemm_fusion_dot_1955', 360 bytes spill stores, 284 bytes spill loads

2025-02-18 16:16:52.199960: I external/local_xla/xla/stream_executor/cuda/cuda_asm_compiler.cc:397] ptxas warning : Registers are spilled to local memory in function 'gemm_fusion_dot_1955', 1740 bytes spill stores, 1208 bytes spill loads

2025-02-18 16:16:52.235349: I external/local_xla/xla/stream_executor/cuda/cuda_asm_compiler.cc:397] ptxas warning : Registers are spilled to local memory in function 'gemm_fusion_dot_1955', 580 bytes spill stores, 432 bytes spill loads

2025-02-18 16:16:52.780611: I external/local_xla/xla/stream_executor/cuda/cuda_asm_compiler.cc:397] ptxas warning : Registers are spilled to local memory in function 'gemm_fusion_dot_1955', 304 bytes spill stores, 304 bytes spill loads

2025-02-18 16:16:52.948950: I external/local_xla/xla/stream_executor/cuda/cuda_asm_compiler.cc:397] ptxas warning : Registers are spilled to local memory in function 'gemm_fusion_dot_2163', 112 bytes spill stores, 112 bytes spill loads

2025-02-18 16:16:52.981037: I external/local_xla/xla/stream_executor/cuda/cuda_asm_compiler.cc:397] ptxas warning : Registers are spilled to local memory in function 'gemm_fusion_dot_2163', 36 bytes spill stores, 36 bytes spill loads

2025-02-18 16:16:53.036142: I external/local_xla/xla/stream_executor/cuda/cuda_asm_compiler.cc:397] ptxas warning : Registers are spilled to local memory in function 'gemm_fusion_dot_1955', 1744 bytes spill stores, 1212 bytes spill loads

2025-02-18 16:16:53.171140: I external/local_xla/xla/stream_executor/cuda/cuda_asm_compiler.cc:397] ptxas warning : Registers are spilled to local memory in function 'gemm_fusion_dot_2163', 412 bytes spill stores, 412 bytes spill loads

2025-02-18 16:16:53.220371: I external/local_xla/xla/stream_executor/cuda/cuda_asm_compiler.cc:397] ptxas warning : Registers are spilled to local memory in function 'gemm_fusion_dot_2163', 44 bytes spill stores, 44 bytes spill loads

2025-02-18 16:16:53.433028: I external/local_xla/xla/stream_executor/cuda/cuda_asm_compiler.cc:397] ptxas warning : Registers are spilled to local memory in function 'gemm_fusion_dot_2163', 324 bytes spill stores, 332 bytes spill loads

2025-02-18 16:16:53.535889: I external/local_xla/xla/stream_executor/cuda/cuda_asm_compiler.cc:397] ptxas warning : Registers are spilled to local memory in function 'gemm_fusion_dot_2163', 492 bytes spill stores, 492 bytes spill loads

2025-02-18 16:16:56.380362: I external/local_xla/xla/stream_executor/cuda/cuda_asm_compiler.cc:397] ptxas warning : Registers are spilled to local memory in function 'input_multiply_reduce_fusion', 12 bytes spill stores, 12 bytes spill loads

WARNING:absl:You are saving your model as an HDF5 file via `model.save()` or `keras.saving.save_model(model)`. This file format is considered legacy. We recommend using instead the native Keras format, e.g. `model.save('my_model.keras')` or `keras.saving.save_model(model, 'my_model.keras')`. 
2025-02-18 16:22:26.221846: I external/local_xla/xla/stream_executor/cuda/cuda_asm_compiler.cc:397] ptxas warning : Registers are spilled to local memory in function 'gemm_fusion_dot_97', 236 bytes spill stores, 236 bytes spill loads

2025-02-18 16:22:26.315229: I external/local_xla/xla/stream_executor/cuda/cuda_asm_compiler.cc:397] ptxas warning : Registers are spilled to local memory in function 'gemm_fusion_dot_104', 336 bytes spill stores, 336 bytes spill loads

2025-02-18 16:22:26.434640: I external/local_xla/xla/stream_executor/cuda/cuda_asm_compiler.cc:397] ptxas warning : Registers are spilled to local memory in function 'gemm_fusion_dot_104', 872 bytes spill stores, 872 bytes spill loads

2025-02-18 16:22:26.670531: I external/local_xla/xla/stream_executor/cuda/cuda_asm_compiler.cc:397] ptxas warning : Registers are spilled to local memory in function 'gemm_fusion_dot_104', 196 bytes spill stores, 196 bytes spill loads

2025-02-18 16:22:26.672089: I external/local_xla/xla/stream_executor/cuda/cuda_asm_compiler.cc:397] ptxas warning : Registers are spilled to local memory in function 'gemm_fusion_dot_104', 360 bytes spill stores, 356 bytes spill loads

2025-02-18 16:22:26.696582: I external/local_xla/xla/stream_executor/cuda/cuda_asm_compiler.cc:397] ptxas warning : Registers are spilled to local memory in function 'gemm_fusion_dot_97', 760 bytes spill stores, 708 bytes spill loads

2025-02-18 16:22:26.717646: I external/local_xla/xla/stream_executor/cuda/cuda_asm_compiler.cc:397] ptxas warning : Registers are spilled to local memory in function 'gemm_fusion_dot_104', 364 bytes spill stores, 364 bytes spill loads

2025-02-18 16:22:26.992210: I external/local_xla/xla/stream_executor/cuda/cuda_asm_compiler.cc:397] ptxas warning : Registers are spilled to local memory in function 'gemm_fusion_dot_97', 196 bytes spill stores, 196 bytes spill loads

2025-02-18 16:22:36.608929: I external/local_xla/xla/stream_executor/cuda/cuda_asm_compiler.cc:397] ptxas warning : Registers are spilled to local memory in function 'gemm_fusion_dot_97', 248 bytes spill stores, 248 bytes spill loads

2025-02-18 16:22:36.624060: I external/local_xla/xla/stream_executor/cuda/cuda_asm_compiler.cc:397] ptxas warning : Registers are spilled to local memory in function 'gemm_fusion_dot_97', 244 bytes spill stores, 244 bytes spill loads

2025-02-18 16:22:36.875978: I external/local_xla/xla/stream_executor/cuda/cuda_asm_compiler.cc:397] ptxas warning : Registers are spilled to local memory in function 'gemm_fusion_dot_97', 744 bytes spill stores, 440 bytes spill loads

2025-02-18 16:22:36.928571: I external/local_xla/xla/stream_executor/cuda/cuda_asm_compiler.cc:397] ptxas warning : Registers are spilled to local memory in function 'gemm_fusion_dot_104', 568 bytes spill stores, 400 bytes spill loads

2025-02-18 16:22:36.952544: I external/local_xla/xla/stream_executor/cuda/cuda_asm_compiler.cc:397] ptxas warning : Registers are spilled to local memory in function 'gemm_fusion_dot_104', 996 bytes spill stores, 664 bytes spill loads

2025-02-18 16:22:37.160525: I external/local_xla/xla/stream_executor/cuda/cuda_asm_compiler.cc:397] ptxas warning : Registers are spilled to local memory in function 'gemm_fusion_dot_104', 192 bytes spill stores, 192 bytes spill loads

2025-02-18 16:22:37.167780: I external/local_xla/xla/stream_executor/cuda/cuda_asm_compiler.cc:397] ptxas warning : Registers are spilled to local memory in function 'gemm_fusion_dot_104', 364 bytes spill stores, 224 bytes spill loads

2025-02-18 16:22:37.308867: I external/local_xla/xla/stream_executor/cuda/cuda_asm_compiler.cc:397] ptxas warning : Registers are spilled to local memory in function 'gemm_fusion_dot_104', 540 bytes spill stores, 352 bytes spill loads

