Model: "sequential"
┏━━━━━━━━━━━━━━━━━━━━━━━━━━━━━━━━━┳━━━━━━━━━━━━━━━━━━━━━━━━┳━━━━━━━━━━━━━━━┓
┃ Layer (type)                    ┃ Output Shape           ┃       Param # ┃
┡━━━━━━━━━━━━━━━━━━━━━━━━━━━━━━━━━╇━━━━━━━━━━━━━━━━━━━━━━━━╇━━━━━━━━━━━━━━━┩
│ random_contrast                 │ (None, 64, 64, 1)      │             0 │
│ (RandomContrast)                │                        │               │
├─────────────────────────────────┼────────────────────────┼───────────────┤
│ random_zoom (RandomZoom)        │ (None, 64, 64, 1)      │             0 │
├─────────────────────────────────┼────────────────────────┼───────────────┤
│ random_translation              │ (None, 64, 64, 1)      │             0 │
│ (RandomTranslation)             │                        │               │
├─────────────────────────────────┼────────────────────────┼───────────────┤
│ random_rotation                 │ (None, 64, 64, 1)      │             0 │
│ (RandomRotation)                │                        │               │
├─────────────────────────────────┼────────────────────────┼───────────────┤
│ conv2d (Conv2D)                 │ (None, 62, 62, 64)     │           640 │
├─────────────────────────────────┼────────────────────────┼───────────────┤
│ max_pooling2d (MaxPooling2D)    │ (None, 31, 31, 64)     │             0 │
├─────────────────────────────────┼────────────────────────┼───────────────┤
│ conv2d_1 (Conv2D)               │ (None, 29, 29, 128)    │        73,856 │
├─────────────────────────────────┼────────────────────────┼───────────────┤
│ max_pooling2d_1 (MaxPooling2D)  │ (None, 14, 14, 128)    │             0 │
├─────────────────────────────────┼────────────────────────┼───────────────┤
│ dropout (Dropout)               │ (None, 14, 14, 128)    │             0 │
├─────────────────────────────────┼────────────────────────┼───────────────┤
│ conv2d_2 (Conv2D)               │ (None, 12, 12, 192)    │       221,376 │
├─────────────────────────────────┼────────────────────────┼───────────────┤
│ max_pooling2d_2 (MaxPooling2D)  │ (None, 6, 6, 192)      │             0 │
├─────────────────────────────────┼────────────────────────┼───────────────┤
│ dropout_1 (Dropout)             │ (None, 6, 6, 192)      │             0 │
├─────────────────────────────────┼────────────────────────┼───────────────┤
│ conv2d_3 (Conv2D)               │ (None, 4, 4, 256)      │       442,624 │
├─────────────────────────────────┼────────────────────────┼───────────────┤
│ max_pooling2d_3 (MaxPooling2D)  │ (None, 2, 2, 256)      │             0 │
├─────────────────────────────────┼────────────────────────┼───────────────┤
│ dropout_2 (Dropout)             │ (None, 2, 2, 256)      │             0 │
├─────────────────────────────────┼────────────────────────┼───────────────┤
│ flatten (Flatten)               │ (None, 1024)           │             0 │
├─────────────────────────────────┼────────────────────────┼───────────────┤
│ dense (Dense)                   │ (None, 2048)           │     2,099,200 │
├─────────────────────────────────┼────────────────────────┼───────────────┤
│ dropout_3 (Dropout)             │ (None, 2048)           │             0 │
├─────────────────────────────────┼────────────────────────┼───────────────┤
│ dense_1 (Dense)                 │ (None, 2048)           │     4,196,352 │
├─────────────────────────────────┼────────────────────────┼───────────────┤
│ dropout_4 (Dropout)             │ (None, 2048)           │             0 │
├─────────────────────────────────┼────────────────────────┼───────────────┤
│ dense_2 (Dense)                 │ (None, 2048)           │     4,196,352 │
├─────────────────────────────────┼────────────────────────┼───────────────┤
│ dropout_5 (Dropout)             │ (None, 2048)           │             0 │
├─────────────────────────────────┼────────────────────────┼───────────────┤
│ dense_3 (Dense)                 │ (None, 6584)           │    13,490,616 │
└─────────────────────────────────┴────────────────────────┴───────────────┘
 Total params: 24,721,016 (94.30 MB)
 Trainable params: 24,721,016 (94.30 MB)
 Non-trainable params: 0 (0.00 B)
None
Epoch 1/200
2761/2761 - 53s - 19ms/step - accuracy: 0.0024 - loss: 7.8504
Epoch 2/200
2761/2761 - 49s - 18ms/step - accuracy: 0.0077 - loss: 7.2963
Epoch 3/200
2761/2761 - 49s - 18ms/step - accuracy: 0.0242 - loss: 6.8932
Epoch 4/200
2761/2761 - 49s - 18ms/step - accuracy: 0.0558 - loss: 6.5023
Epoch 5/200
2761/2761 - 49s - 18ms/step - accuracy: 0.0837 - loss: 6.0274
Epoch 6/200
2761/2761 - 49s - 18ms/step - accuracy: 0.1063 - loss: 5.6431
Epoch 7/200
2761/2761 - 49s - 18ms/step - accuracy: 0.1254 - loss: 5.3520
Epoch 8/200
2761/2761 - 49s - 18ms/step - accuracy: 0.1425 - loss: 5.0739
Epoch 9/200
2761/2761 - 49s - 18ms/step - accuracy: 0.1603 - loss: 4.8141
Epoch 10/200
2761/2761 - 49s - 18ms/step - accuracy: 0.1755 - loss: 4.5863
Epoch 11/200
2761/2761 - 49s - 18ms/step - accuracy: 0.1902 - loss: 4.3925
Epoch 12/200
2761/2761 - 49s - 18ms/step - accuracy: 0.2053 - loss: 4.2187
Epoch 13/200
2761/2761 - 49s - 18ms/step - accuracy: 0.2195 - loss: 4.0659
Epoch 14/200
2761/2761 - 49s - 18ms/step - accuracy: 0.2351 - loss: 3.9193
Epoch 15/200
2761/2761 - 49s - 18ms/step - accuracy: 0.2505 - loss: 3.7757
Epoch 16/200
2761/2761 - 49s - 18ms/step - accuracy: 0.2676 - loss: 3.6395
Epoch 17/200
2761/2761 - 49s - 18ms/step - accuracy: 0.2830 - loss: 3.5080
Epoch 18/200
2761/2761 - 49s - 18ms/step - accuracy: 0.2965 - loss: 3.3871
Epoch 19/200
2761/2761 - 49s - 18ms/step - accuracy: 0.3130 - loss: 3.2617
Epoch 20/200
2761/2761 - 49s - 18ms/step - accuracy: 0.3279 - loss: 3.1465
Epoch 21/200
2761/2761 - 49s - 18ms/step - accuracy: 0.3422 - loss: 3.0453
Epoch 22/200
2761/2761 - 49s - 18ms/step - accuracy: 0.3535 - loss: 2.9562
Epoch 23/200
2761/2761 - 49s - 18ms/step - accuracy: 0.3677 - loss: 2.8637
Epoch 24/200
2761/2761 - 49s - 18ms/step - accuracy: 0.3779 - loss: 2.7848
Epoch 25/200
2761/2761 - 49s - 18ms/step - accuracy: 0.3905 - loss: 2.7142
Epoch 26/200
2761/2761 - 49s - 18ms/step - accuracy: 0.4014 - loss: 2.6363
Epoch 27/200
2761/2761 - 49s - 18ms/step - accuracy: 0.4128 - loss: 2.5728
Epoch 28/200
2761/2761 - 49s - 18ms/step - accuracy: 0.4241 - loss: 2.5076
Epoch 29/200
2761/2761 - 49s - 18ms/step - accuracy: 0.4340 - loss: 2.4452
Epoch 30/200
2761/2761 - 49s - 18ms/step - accuracy: 0.4440 - loss: 2.3903
Epoch 31/200
2761/2761 - 49s - 18ms/step - accuracy: 0.4533 - loss: 2.3419
Epoch 32/200
2761/2761 - 49s - 18ms/step - accuracy: 0.4627 - loss: 2.2870
Epoch 33/200
2761/2761 - 49s - 18ms/step - accuracy: 0.4718 - loss: 2.2401
Epoch 34/200
2761/2761 - 49s - 18ms/step - accuracy: 0.4801 - loss: 2.1877
Epoch 35/200
2761/2761 - 49s - 18ms/step - accuracy: 0.4888 - loss: 2.1420
Epoch 36/200
2761/2761 - 49s - 18ms/step - accuracy: 0.4958 - loss: 2.1070
Epoch 37/200
2761/2761 - 49s - 18ms/step - accuracy: 0.5039 - loss: 2.0659
Epoch 38/200
