Model: "sequential"
┏━━━━━━━━━━━━━━━━━━━━━━━━━━━━━━━━━┳━━━━━━━━━━━━━━━━━━━━━━━━┳━━━━━━━━━━━━━━━┓
┃ Layer (type)                    ┃ Output Shape           ┃       Param # ┃
┡━━━━━━━━━━━━━━━━━━━━━━━━━━━━━━━━━╇━━━━━━━━━━━━━━━━━━━━━━━━╇━━━━━━━━━━━━━━━┩
│ random_contrast                 │ (None, 64, 64, 1)      │             0 │
│ (RandomContrast)                │                        │               │
├─────────────────────────────────┼────────────────────────┼───────────────┤
│ random_zoom (RandomZoom)        │ (None, 64, 64, 1)      │             0 │
├─────────────────────────────────┼────────────────────────┼───────────────┤
│ random_translation              │ (None, 64, 64, 1)      │             0 │
│ (RandomTranslation)             │                        │               │
├─────────────────────────────────┼────────────────────────┼───────────────┤
│ random_rotation                 │ (None, 64, 64, 1)      │             0 │
│ (RandomRotation)                │                        │               │
├─────────────────────────────────┼────────────────────────┼───────────────┤
│ conv2d (Conv2D)                 │ (None, 62, 62, 3)      │            30 │
├─────────────────────────────────┼────────────────────────┼───────────────┤
│ max_pooling2d (MaxPooling2D)    │ (None, 31, 31, 3)      │             0 │
├─────────────────────────────────┼────────────────────────┼───────────────┤
│ conv2d_1 (Conv2D)               │ (None, 29, 29, 3)      │            84 │
├─────────────────────────────────┼────────────────────────┼───────────────┤
│ max_pooling2d_1 (MaxPooling2D)  │ (None, 14, 14, 3)      │             0 │
├─────────────────────────────────┼────────────────────────┼───────────────┤
│ dropout (Dropout)               │ (None, 14, 14, 3)      │             0 │
├─────────────────────────────────┼────────────────────────┼───────────────┤
│ conv2d_2 (Conv2D)               │ (None, 12, 12, 3)      │            84 │
├─────────────────────────────────┼────────────────────────┼───────────────┤
│ max_pooling2d_2 (MaxPooling2D)  │ (None, 6, 6, 3)        │             0 │
├─────────────────────────────────┼────────────────────────┼───────────────┤
│ dropout_1 (Dropout)             │ (None, 6, 6, 3)        │             0 │
├─────────────────────────────────┼────────────────────────┼───────────────┤
│ flatten (Flatten)               │ (None, 108)            │             0 │
├─────────────────────────────────┼────────────────────────┼───────────────┤
│ dense (Dense)                   │ (None, 4096)           │       446,464 │
├─────────────────────────────────┼────────────────────────┼───────────────┤
│ dropout_2 (Dropout)             │ (None, 4096)           │             0 │
├─────────────────────────────────┼────────────────────────┼───────────────┤
│ dense_1 (Dense)                 │ (None, 4096)           │    16,781,312 │
├─────────────────────────────────┼────────────────────────┼───────────────┤
│ dropout_3 (Dropout)             │ (None, 4096)           │             0 │
├─────────────────────────────────┼────────────────────────┼───────────────┤
│ dense_2 (Dense)                 │ (None, 6584)           │    26,974,648 │
└─────────────────────────────────┴────────────────────────┴───────────────┘
 Total params: 44,202,622 (168.62 MB)
 Trainable params: 44,202,622 (168.62 MB)
 Non-trainable params: 0 (0.00 B)
None
Epoch 1/100
2100/2100 - 32s - 15ms/step - accuracy: 0.0040 - loss: 7.6167
Epoch 2/100
2100/2100 - 29s - 14ms/step - accuracy: 0.0076 - loss: 7.3273
Epoch 3/100
2100/2100 - 29s - 14ms/step - accuracy: 0.0100 - loss: 7.2508
Epoch 4/100
2100/2100 - 29s - 14ms/step - accuracy: 0.0137 - loss: 7.1408
Epoch 5/100
2100/2100 - 29s - 14ms/step - accuracy: 0.0160 - loss: 7.0948
Epoch 6/100
2100/2100 - 29s - 14ms/step - accuracy: 0.0171 - loss: 7.0496
Epoch 7/100
2100/2100 - 29s - 14ms/step - accuracy: 0.0188 - loss: 7.0347
Epoch 8/100
2100/2100 - 29s - 14ms/step - accuracy: 0.0195 - loss: 7.0162
Epoch 9/100
2100/2100 - 29s - 14ms/step - accuracy: 0.0204 - loss: 7.0089
Epoch 10/100
2100/2100 - 29s - 14ms/step - accuracy: 0.0217 - loss: 6.9703
Epoch 11/100
2100/2100 - 29s - 14ms/step - accuracy: 0.0226 - loss: 6.9557
Epoch 12/100
2100/2100 - 29s - 14ms/step - accuracy: 0.0232 - loss: 6.9348
Epoch 13/100
2100/2100 - 29s - 14ms/step - accuracy: 0.0236 - loss: 6.9264
Epoch 14/100
2100/2100 - 29s - 14ms/step - accuracy: 0.0235 - loss: 6.9205
Epoch 15/100
2100/2100 - 29s - 14ms/step - accuracy: 0.0240 - loss: 6.9093
Epoch 16/100
2100/2100 - 29s - 14ms/step - accuracy: 0.0248 - loss: 6.8779
Epoch 17/100
2100/2100 - 29s - 14ms/step - accuracy: 0.0245 - loss: 6.8753
Epoch 18/100
2100/2100 - 29s - 14ms/step - accuracy: 0.0253 - loss: 6.8711
Epoch 19/100
2100/2100 - 29s - 14ms/step - accuracy: 0.0251 - loss: 6.8625
Epoch 20/100
2100/2100 - 29s - 14ms/step - accuracy: 0.0258 - loss: 6.8598
Epoch 21/100
2100/2100 - 29s - 14ms/step - accuracy: 0.0259 - loss: 6.8509
Epoch 22/100
2100/2100 - 29s - 14ms/step - accuracy: 0.0263 - loss: 6.8470
Epoch 23/100
2100/2100 - 29s - 14ms/step - accuracy: 0.0262 - loss: 6.8405
Epoch 24/100
2100/2100 - 29s - 14ms/step - accuracy: 0.0269 - loss: 6.8339
Epoch 25/100
2100/2100 - 29s - 14ms/step - accuracy: 0.0262 - loss: 6.8284
Epoch 26/100
2100/2100 - 29s - 14ms/step - accuracy: 0.0270 - loss: 6.8258
Epoch 27/100
2100/2100 - 29s - 14ms/step - accuracy: 0.0275 - loss: 6.8239
Epoch 28/100
2100/2100 - 29s - 14ms/step - accuracy: 0.0279 - loss: 6.8228
Epoch 29/100
2100/2100 - 29s - 14ms/step - accuracy: 0.0277 - loss: 6.8087
Epoch 30/100
2100/2100 - 29s - 14ms/step - accuracy: 0.0279 - loss: 6.8087
Epoch 31/100
2100/2100 - 29s - 14ms/step - accuracy: 0.0285 - loss: 6.7986
Epoch 32/100
