Model: "sequential"
┏━━━━━━━━━━━━━━━━━━━━━━━━━━━━━━━━━┳━━━━━━━━━━━━━━━━━━━━━━━━┳━━━━━━━━━━━━━━━┓
┃ Layer (type)                    ┃ Output Shape           ┃       Param # ┃
┡━━━━━━━━━━━━━━━━━━━━━━━━━━━━━━━━━╇━━━━━━━━━━━━━━━━━━━━━━━━╇━━━━━━━━━━━━━━━┩
│ random_zoom (RandomZoom)        │ (None, 64, 64, 1)      │             0 │
├─────────────────────────────────┼────────────────────────┼───────────────┤
│ random_translation              │ (None, 64, 64, 1)      │             0 │
│ (RandomTranslation)             │                        │               │
├─────────────────────────────────┼────────────────────────┼───────────────┤
│ random_rotation                 │ (None, 64, 64, 1)      │             0 │
│ (RandomRotation)                │                        │               │
├─────────────────────────────────┼────────────────────────┼───────────────┤
│ conv2d (Conv2D)                 │ (None, 62, 62, 9)      │            90 │
├─────────────────────────────────┼────────────────────────┼───────────────┤
│ conv2d_1 (Conv2D)               │ (None, 60, 60, 9)      │           738 │
├─────────────────────────────────┼────────────────────────┼───────────────┤
│ conv2d_2 (Conv2D)               │ (None, 58, 58, 9)      │           738 │
├─────────────────────────────────┼────────────────────────┼───────────────┤
│ max_pooling2d (MaxPooling2D)    │ (None, 29, 29, 9)      │             0 │
├─────────────────────────────────┼────────────────────────┼───────────────┤
│ conv2d_3 (Conv2D)               │ (None, 27, 27, 9)      │           738 │
├─────────────────────────────────┼────────────────────────┼───────────────┤
│ max_pooling2d_1 (MaxPooling2D)  │ (None, 13, 13, 9)      │             0 │
├─────────────────────────────────┼────────────────────────┼───────────────┤
│ dropout (Dropout)               │ (None, 13, 13, 9)      │             0 │
├─────────────────────────────────┼────────────────────────┼───────────────┤
│ conv2d_4 (Conv2D)               │ (None, 11, 11, 9)      │           738 │
├─────────────────────────────────┼────────────────────────┼───────────────┤
│ max_pooling2d_2 (MaxPooling2D)  │ (None, 5, 5, 9)        │             0 │
├─────────────────────────────────┼────────────────────────┼───────────────┤
│ dropout_1 (Dropout)             │ (None, 5, 5, 9)        │             0 │
├─────────────────────────────────┼────────────────────────┼───────────────┤
│ flatten (Flatten)               │ (None, 225)            │             0 │
├─────────────────────────────────┼────────────────────────┼───────────────┤
│ dense (Dense)                   │ (None, 4096)           │       925,696 │
├─────────────────────────────────┼────────────────────────┼───────────────┤
│ dropout_2 (Dropout)             │ (None, 4096)           │             0 │
├─────────────────────────────────┼────────────────────────┼───────────────┤
│ dense_1 (Dense)                 │ (None, 4096)           │    16,781,312 │
├─────────────────────────────────┼────────────────────────┼───────────────┤
│ dropout_3 (Dropout)             │ (None, 4096)           │             0 │
├─────────────────────────────────┼────────────────────────┼───────────────┤
│ dense_2 (Dense)                 │ (None, 6512)           │    26,679,664 │
└─────────────────────────────────┴────────────────────────┴───────────────┘
 Total params: 44,389,714 (169.33 MB)
 Trainable params: 44,389,714 (169.33 MB)
 Non-trainable params: 0 (0.00 B)
None
Epoch 1/100
318/318 - 27s - 85ms/step - accuracy: 1.6585e-04 - loss: 8.9985
Epoch 2/100
318/318 - 21s - 67ms/step - accuracy: 2.8256e-04 - loss: 8.6913
Epoch 3/100
318/318 - 21s - 67ms/step - accuracy: 3.8391e-04 - loss: 8.5753
Epoch 4/100
318/318 - 21s - 67ms/step - accuracy: 5.6511e-04 - loss: 8.4982
Epoch 5/100
318/318 - 21s - 67ms/step - accuracy: 7.8624e-04 - loss: 8.4098
Epoch 6/100
318/318 - 21s - 67ms/step - accuracy: 8.7531e-04 - loss: 8.3195
Epoch 7/100
318/318 - 21s - 67ms/step - accuracy: 0.0011 - loss: 8.2228
Epoch 8/100
318/318 - 21s - 67ms/step - accuracy: 0.0014 - loss: 8.1163
Epoch 9/100
318/318 - 21s - 67ms/step - accuracy: 0.0021 - loss: 8.0132
Epoch 10/100
318/318 - 21s - 67ms/step - accuracy: 0.0024 - loss: 7.9123
Epoch 11/100
318/318 - 21s - 67ms/step - accuracy: 0.0030 - loss: 7.8355
Epoch 12/100
318/318 - 21s - 67ms/step - accuracy: 0.0035 - loss: 7.7562
Epoch 13/100
318/318 - 21s - 67ms/step - accuracy: 0.0042 - loss: 7.6781
Epoch 14/100
318/318 - 21s - 67ms/step - accuracy: 0.0049 - loss: 7.6001
Epoch 15/100
318/318 - 21s - 67ms/step - accuracy: 0.0057 - loss: 7.5209
Epoch 16/100
318/318 - 21s - 67ms/step - accuracy: 0.0064 - loss: 7.4533
Epoch 17/100
