Model: "sequential"
┏━━━━━━━━━━━━━━━━━━━━━━━━━━━━━━━━━┳━━━━━━━━━━━━━━━━━━━━━━━━┳━━━━━━━━━━━━━━━┓
┃ Layer (type)                    ┃ Output Shape           ┃       Param # ┃
┡━━━━━━━━━━━━━━━━━━━━━━━━━━━━━━━━━╇━━━━━━━━━━━━━━━━━━━━━━━━╇━━━━━━━━━━━━━━━┩
│ conv2d (Conv2D)                 │ (None, 62, 62, 3)      │            30 │
├─────────────────────────────────┼────────────────────────┼───────────────┤
│ max_pooling2d (MaxPooling2D)    │ (None, 31, 31, 3)      │             0 │
├─────────────────────────────────┼────────────────────────┼───────────────┤
│ conv2d_1 (Conv2D)               │ (None, 29, 29, 3)      │            84 │
├─────────────────────────────────┼────────────────────────┼───────────────┤
│ max_pooling2d_1 (MaxPooling2D)  │ (None, 14, 14, 3)      │             0 │
├─────────────────────────────────┼────────────────────────┼───────────────┤
│ dropout (Dropout)               │ (None, 14, 14, 3)      │             0 │
├─────────────────────────────────┼────────────────────────┼───────────────┤
│ conv2d_2 (Conv2D)               │ (None, 12, 12, 3)      │            84 │
├─────────────────────────────────┼────────────────────────┼───────────────┤
│ max_pooling2d_2 (MaxPooling2D)  │ (None, 6, 6, 3)        │             0 │
├─────────────────────────────────┼────────────────────────┼───────────────┤
│ dropout_1 (Dropout)             │ (None, 6, 6, 3)        │             0 │
├─────────────────────────────────┼────────────────────────┼───────────────┤
│ conv2d_3 (Conv2D)               │ (None, 4, 4, 3)        │            84 │
├─────────────────────────────────┼────────────────────────┼───────────────┤
│ max_pooling2d_3 (MaxPooling2D)  │ (None, 2, 2, 3)        │             0 │
├─────────────────────────────────┼────────────────────────┼───────────────┤
│ dropout_2 (Dropout)             │ (None, 2, 2, 3)        │             0 │
├─────────────────────────────────┼────────────────────────┼───────────────┤
│ flatten (Flatten)               │ (None, 12)             │             0 │
├─────────────────────────────────┼────────────────────────┼───────────────┤
│ dense (Dense)                   │ (None, 2048)           │        26,624 │
├─────────────────────────────────┼────────────────────────┼───────────────┤
│ dropout_3 (Dropout)             │ (None, 2048)           │             0 │
├─────────────────────────────────┼────────────────────────┼───────────────┤
│ dense_1 (Dense)                 │ (None, 2048)           │     4,196,352 │
├─────────────────────────────────┼────────────────────────┼───────────────┤
│ dropout_4 (Dropout)             │ (None, 2048)           │             0 │
├─────────────────────────────────┼────────────────────────┼───────────────┤
│ dense_2 (Dense)                 │ (None, 2048)           │     4,196,352 │
├─────────────────────────────────┼────────────────────────┼───────────────┤
│ dropout_5 (Dropout)             │ (None, 2048)           │             0 │
├─────────────────────────────────┼────────────────────────┼───────────────┤
│ dense_3 (Dense)                 │ (None, 6583)           │    13,488,567 │
└─────────────────────────────────┴────────────────────────┴───────────────┘
 Total params: 21,908,177 (83.57 MB)
 Trainable params: 21,908,177 (83.57 MB)
 Non-trainable params: 0 (0.00 B)
None
Epoch 1/1000
643/643 - 86s - 134ms/step - accuracy: 1.4127e-04 - loss: 8.7927
Epoch 2/1000
643/643 - 9s - 14ms/step - accuracy: 1.6862e-04 - loss: 8.7894
Epoch 3/1000
643/643 - 9s - 14ms/step - accuracy: 1.9900e-04 - loss: 8.7861
Epoch 4/1000
643/643 - 9s - 14ms/step - accuracy: 1.8229e-04 - loss: 8.7892
Epoch 5/1000
643/643 - 9s - 14ms/step - accuracy: 1.8381e-04 - loss: 8.7901
Epoch 6/1000
643/643 - 9s - 14ms/step - accuracy: 1.8381e-04 - loss: 8.7876
Epoch 7/1000
643/643 - 9s - 14ms/step - accuracy: 2.0507e-04 - loss: 8.7848
Epoch 8/1000
643/643 - 9s - 14ms/step - accuracy: 1.9292e-04 - loss: 8.7897
Epoch 9/1000
643/643 - 9s - 14ms/step - accuracy: 1.9596e-04 - loss: 8.7896
Epoch 10/1000
643/643 - 9s - 14ms/step - accuracy: 1.8988e-04 - loss: 8.7896
Epoch 11/1000
643/643 - 9s - 14ms/step - accuracy: 2.0811e-04 - loss: 8.7851
Epoch 12/1000
643/643 - 9s - 14ms/step - accuracy: 2.2178e-04 - loss: 8.7844
Epoch 13/1000
643/643 - 9s - 14ms/step - accuracy: 2.0963e-04 - loss: 8.7871
Epoch 14/1000
643/643 - 9s - 14ms/step - accuracy: 1.6710e-04 - loss: 8.7898
Epoch 15/1000
643/643 - 9s - 14ms/step - accuracy: 1.8988e-04 - loss: 8.7896
Epoch 16/1000
643/643 - 9s - 14ms/step - accuracy: 2.1267e-04 - loss: 8.7874
Epoch 17/1000
643/643 - 9s - 14ms/step - accuracy: 2.0052e-04 - loss: 8.7873
Epoch 18/1000
643/643 - 9s - 14ms/step - accuracy: 1.9140e-04 - loss: 8.7896
Epoch 19/1000
643/643 - 9s - 14ms/step - accuracy: 1.9596e-04 - loss: 8.7896
Epoch 20/1000
643/643 - 9s - 14ms/step - accuracy: 1.9596e-04 - loss: 8.7895
Epoch 21/1000
643/643 - 9s - 14ms/step - accuracy: 1.9900e-04 - loss: 8.7895
Epoch 22/1000
643/643 - 9s - 14ms/step - accuracy: 1.9748e-04 - loss: 8.7895
Epoch 23/1000
