2025-02-17 21:13:46.913977: I tensorflow/core/util/port.cc:153] oneDNN custom operations are on. You may see slightly different numerical results due to floating-point round-off errors from different computation orders. To turn them off, set the environment variable `TF_ENABLE_ONEDNN_OPTS=0`.
2025-02-17 21:13:46.923016: E external/local_xla/xla/stream_executor/cuda/cuda_fft.cc:477] Unable to register cuFFT factory: Attempting to register factory for plugin cuFFT when one has already been registered
WARNING: All log messages before absl::InitializeLog() is called are written to STDERR
E0000 00:00:1739826826.932408   92771 cuda_dnn.cc:8310] Unable to register cuDNN factory: Attempting to register factory for plugin cuDNN when one has already been registered
E0000 00:00:1739826826.935319   92771 cuda_blas.cc:1418] Unable to register cuBLAS factory: Attempting to register factory for plugin cuBLAS when one has already been registered
2025-02-17 21:13:46.947988: I tensorflow/core/platform/cpu_feature_guard.cc:210] This TensorFlow binary is optimized to use available CPU instructions in performance-critical operations.
To enable the following instructions: AVX2 AVX512F AVX512_VNNI FMA, in other operations, rebuild TensorFlow with the appropriate compiler flags.
I0000 00:00:1739826830.211979   92771 gpu_device.cc:2022] Created device /job:localhost/replica:0/task:0/device:GPU:0 with 22497 MB memory:  -> device: 0, name: NVIDIA RTX A5000, pci bus id: 0000:01:00.0, compute capability: 8.6
2025-02-17 21:13:51.647370: E tensorflow/core/util/util.cc:131] oneDNN supports DT_HALF only on platforms with AVX-512. Falling back to the default Eigen-based implementation if present.
WARNING: All log messages before absl::InitializeLog() is called are written to STDERR
I0000 00:00:1739826831.661967   92826 service.cc:148] XLA service 0x7f0814005f50 initialized for platform CUDA (this does not guarantee that XLA will be used). Devices:
I0000 00:00:1739826831.661987   92826 service.cc:156]   StreamExecutor device (0): NVIDIA RTX A5000, Compute Capability 8.6
2025-02-17 21:13:51.687917: I tensorflow/compiler/mlir/tensorflow/utils/dump_mlir_util.cc:268] disabling MLIR crash reproducer, set env var `MLIR_CRASH_REPRODUCER_DIRECTORY` to enable.
I0000 00:00:1739826831.820671   92826 cuda_dnn.cc:529] Loaded cuDNN version 90501
2025-02-17 21:13:52.831238: I external/local_xla/xla/stream_executor/cuda/cuda_asm_compiler.cc:397] ptxas warning : Registers are spilled to local memory in function 'gemm_fusion_dot_2349', 72 bytes spill stores, 72 bytes spill loads

2025-02-17 21:13:52.831281: I external/local_xla/xla/stream_executor/cuda/cuda_asm_compiler.cc:397] ptxas warning : Registers are spilled to local memory in function 'gemm_fusion_dot_2349', 16 bytes spill stores, 16 bytes spill loads

2025-02-17 21:13:52.978839: I external/local_xla/xla/stream_executor/cuda/cuda_asm_compiler.cc:397] ptxas warning : Registers are spilled to local memory in function 'gemm_fusion_dot_2349_0', 308 bytes spill stores, 308 bytes spill loads

2025-02-17 21:13:53.009050: I external/local_xla/xla/stream_executor/cuda/cuda_asm_compiler.cc:397] ptxas warning : Registers are spilled to local memory in function 'gemm_fusion_dot_2349', 276 bytes spill stores, 276 bytes spill loads

2025-02-17 21:13:53.149573: I external/local_xla/xla/stream_executor/cuda/cuda_asm_compiler.cc:397] ptxas warning : Registers are spilled to local memory in function 'gemm_fusion_dot_2592', 660 bytes spill stores, 608 bytes spill loads

2025-02-17 21:13:53.392608: I external/local_xla/xla/stream_executor/cuda/cuda_asm_compiler.cc:397] ptxas warning : Registers are spilled to local memory in function 'gemm_fusion_dot_2349', 1196 bytes spill stores, 1200 bytes spill loads

2025-02-17 21:13:53.573995: I external/local_xla/xla/stream_executor/cuda/cuda_asm_compiler.cc:397] ptxas warning : Registers are spilled to local memory in function 'gemm_fusion_dot_2349', 876 bytes spill stores, 880 bytes spill loads

2025-02-17 21:13:53.591809: I external/local_xla/xla/stream_executor/cuda/cuda_asm_compiler.cc:397] ptxas warning : Registers are spilled to local memory in function 'gemm_fusion_dot_2349_0', 292 bytes spill stores, 296 bytes spill loads

2025-02-17 21:13:53.782790: I external/local_xla/xla/stream_executor/cuda/cuda_asm_compiler.cc:397] ptxas warning : Registers are spilled to local memory in function 'gemm_fusion_dot_2349', 300 bytes spill stores, 300 bytes spill loads

2025-02-17 21:13:54.105179: I external/local_xla/xla/stream_executor/cuda/cuda_asm_compiler.cc:397] ptxas warning : Registers are spilled to local memory in function 'gemm_fusion_dot_2349', 204 bytes spill stores, 204 bytes spill loads

2025-02-17 21:13:54.128842: I external/local_xla/xla/stream_executor/cuda/cuda_asm_compiler.cc:397] ptxas warning : Registers are spilled to local memory in function 'gemm_fusion_dot_2592', 56 bytes spill stores, 56 bytes spill loads

I0000 00:00:1739826836.430010   92826 device_compiler.h:188] Compiled cluster using XLA!  This line is logged at most once for the lifetime of the process.
2025-02-17 21:14:45.514463: I external/local_xla/xla/stream_executor/cuda/cuda_asm_compiler.cc:397] ptxas warning : Registers are spilled to local memory in function 'gemm_fusion_dot_2349', 452 bytes spill stores, 304 bytes spill loads

2025-02-17 21:14:45.717581: I external/local_xla/xla/stream_executor/cuda/cuda_asm_compiler.cc:397] ptxas warning : Registers are spilled to local memory in function 'gemm_fusion_dot_2349', 100 bytes spill stores, 100 bytes spill loads

2025-02-17 21:14:45.943483: I external/local_xla/xla/stream_executor/cuda/cuda_asm_compiler.cc:397] ptxas warning : Registers are spilled to local memory in function 'gemm_fusion_dot_2349_0', 572 bytes spill stores, 416 bytes spill loads

2025-02-17 21:14:46.007527: I external/local_xla/xla/stream_executor/cuda/cuda_asm_compiler.cc:397] ptxas warning : Registers are spilled to local memory in function 'gemm_fusion_dot_2349_0', 400 bytes spill stores, 372 bytes spill loads

2025-02-17 21:14:46.197725: I external/local_xla/xla/stream_executor/cuda/cuda_asm_compiler.cc:397] ptxas warning : Registers are spilled to local memory in function 'gemm_fusion_dot_2349', 228 bytes spill stores, 220 bytes spill loads

2025-02-17 21:14:46.281167: I external/local_xla/xla/stream_executor/cuda/cuda_asm_compiler.cc:397] ptxas warning : Registers are spilled to local memory in function 'gemm_fusion_dot_2349', 1740 bytes spill stores, 1208 bytes spill loads

2025-02-17 21:14:46.423166: I external/local_xla/xla/stream_executor/cuda/cuda_asm_compiler.cc:397] ptxas warning : Registers are spilled to local memory in function 'gemm_fusion_dot_2349', 20 bytes spill stores, 20 bytes spill loads

2025-02-17 21:14:46.665651: I external/local_xla/xla/stream_executor/cuda/cuda_asm_compiler.cc:397] ptxas warning : Registers are spilled to local memory in function 'gemm_fusion_dot_2349', 300 bytes spill stores, 300 bytes spill loads

2025-02-17 21:14:46.827302: I external/local_xla/xla/stream_executor/cuda/cuda_asm_compiler.cc:397] ptxas warning : Registers are spilled to local memory in function 'gemm_fusion_dot_2592', 360 bytes spill stores, 376 bytes spill loads

2025-02-17 21:14:46.986016: I external/local_xla/xla/stream_executor/cuda/cuda_asm_compiler.cc:397] ptxas warning : Registers are spilled to local memory in function 'gemm_fusion_dot_2592', 112 bytes spill stores, 112 bytes spill loads

2025-02-17 21:14:47.183934: I external/local_xla/xla/stream_executor/cuda/cuda_asm_compiler.cc:397] ptxas warning : Registers are spilled to local memory in function 'gemm_fusion_dot_2592', 44 bytes spill stores, 44 bytes spill loads

2025-02-17 21:14:47.239561: I external/local_xla/xla/stream_executor/cuda/cuda_asm_compiler.cc:397] ptxas warning : Registers are spilled to local memory in function 'gemm_fusion_dot_2349', 1220 bytes spill stores, 888 bytes spill loads

slurmstepd: error: *** JOB 1069038 ON falcon-02 CANCELLED AT 2025-02-17T21:16:32 ***
