2025-02-23 05:35:04.632775: E external/local_xla/xla/stream_executor/cuda/cuda_fft.cc:477] Unable to register cuFFT factory: Attempting to register factory for plugin cuFFT when one has already been registered
WARNING: All log messages before absl::InitializeLog() is called are written to STDERR
E0000 00:00:1740288904.644255  987880 cuda_dnn.cc:8310] Unable to register cuDNN factory: Attempting to register factory for plugin cuDNN when one has already been registered
E0000 00:00:1740288904.647811  987880 cuda_blas.cc:1418] Unable to register cuBLAS factory: Attempting to register factory for plugin cuBLAS when one has already been registered
2025-02-23 05:35:04.663860: I tensorflow/core/platform/cpu_feature_guard.cc:210] This TensorFlow binary is optimized to use available CPU instructions in performance-critical operations.
To enable the following instructions: AVX2 FMA, in other operations, rebuild TensorFlow with the appropriate compiler flags.
I0000 00:00:1740288908.330574  987880 gpu_device.cc:2022] Created device /job:localhost/replica:0/task:0/device:GPU:0 with 20732 MB memory:  -> device: 0, name: NVIDIA A10, pci bus id: 0000:25:00.0, compute capability: 8.6
WARNING: All log messages before absl::InitializeLog() is called are written to STDERR
I0000 00:00:1740288926.807341  987921 service.cc:148] XLA service 0x7efbe81a7580 initialized for platform CUDA (this does not guarantee that XLA will be used). Devices:
I0000 00:00:1740288926.807692  987921 service.cc:156]   StreamExecutor device (0): NVIDIA A10, Compute Capability 8.6
2025-02-23 05:35:27.366113: I tensorflow/compiler/mlir/tensorflow/utils/dump_mlir_util.cc:268] disabling MLIR crash reproducer, set env var `MLIR_CRASH_REPRODUCER_DIRECTORY` to enable.
I0000 00:00:1740288929.486754  987921 cuda_dnn.cc:529] Loaded cuDNN version 90501
2025-02-23 05:35:31.455909: I external/local_xla/xla/stream_executor/cuda/cuda_asm_compiler.cc:397] ptxas warning : Registers are spilled to local memory in function 'gemm_fusion_dot_21255', 56 bytes spill stores, 56 bytes spill loads

2025-02-23 05:35:31.531835: I external/local_xla/xla/stream_executor/cuda/cuda_asm_compiler.cc:397] ptxas warning : Registers are spilled to local memory in function 'gemm_fusion_dot_21255', 80 bytes spill stores, 80 bytes spill loads

2025-02-23 05:35:31.558058: I external/local_xla/xla/stream_executor/cuda/cuda_asm_compiler.cc:397] ptxas warning : Registers are spilled to local memory in function 'gemm_fusion_dot_21255', 108 bytes spill stores, 108 bytes spill loads

2025-02-23 05:35:31.619898: I external/local_xla/xla/stream_executor/cuda/cuda_asm_compiler.cc:397] ptxas warning : Registers are spilled to local memory in function 'gemm_fusion_dot_21255_0', 692 bytes spill stores, 636 bytes spill loads

2025-02-23 05:35:31.775107: I external/local_xla/xla/stream_executor/cuda/cuda_asm_compiler.cc:397] ptxas warning : Registers are spilled to local memory in function 'gemm_fusion_dot_21290', 732 bytes spill stores, 700 bytes spill loads

2025-02-23 05:35:31.776026: I external/local_xla/xla/stream_executor/cuda/cuda_asm_compiler.cc:397] ptxas warning : Registers are spilled to local memory in function 'gemm_fusion_dot_21255', 312 bytes spill stores, 312 bytes spill loads

2025-02-23 05:35:31.977009: I external/local_xla/xla/stream_executor/cuda/cuda_asm_compiler.cc:397] ptxas warning : Registers are spilled to local memory in function 'gemm_fusion_dot_21290', 2900 bytes spill stores, 2884 bytes spill loads

2025-02-23 05:35:32.053395: I external/local_xla/xla/stream_executor/cuda/cuda_asm_compiler.cc:397] ptxas warning : Registers are spilled to local memory in function 'gemm_fusion_dot_21255', 52 bytes spill stores, 52 bytes spill loads

2025-02-23 05:35:36.187634: I external/local_xla/xla/stream_executor/cuda/cuda_asm_compiler.cc:397] ptxas warning : Registers are spilled to local memory in function 'gemm_fusion_dot_21290', 3496 bytes spill stores, 3492 bytes spill loads

2025-02-23 05:35:36.272248: I external/local_xla/xla/stream_executor/cuda/cuda_asm_compiler.cc:397] ptxas warning : Registers are spilled to local memory in function 'gemm_fusion_dot_21290', 1212 bytes spill stores, 936 bytes spill loads

2025-02-23 05:35:36.573696: I external/local_xla/xla/stream_executor/cuda/cuda_asm_compiler.cc:397] ptxas warning : Registers are spilled to local memory in function 'gemm_fusion_dot_21290', 156 bytes spill stores, 156 bytes spill loads

I0000 00:00:1740288961.976748  987921 device_compiler.h:188] Compiled cluster using XLA!  This line is logged at most once for the lifetime of the process.
2025-02-23 05:36:51.448295: I external/local_xla/xla/stream_executor/cuda/cuda_asm_compiler.cc:397] ptxas warning : Registers are spilled to local memory in function 'gemm_fusion_dot_21255', 80 bytes spill stores, 80 bytes spill loads

2025-02-23 05:36:51.501010: I external/local_xla/xla/stream_executor/cuda/cuda_asm_compiler.cc:397] ptxas warning : Registers are spilled to local memory in function 'gemm_fusion_dot_21255', 312 bytes spill stores, 312 bytes spill loads

2025-02-23 05:36:55.232406: I external/local_xla/xla/stream_executor/cuda/cuda_asm_compiler.cc:397] ptxas warning : Registers are spilled to local memory in function 'gemm_fusion_dot_21255', 128 bytes spill stores, 128 bytes spill loads

2025-02-23 05:36:55.232490: I external/local_xla/xla/stream_executor/cuda/cuda_asm_compiler.cc:397] ptxas warning : Registers are spilled to local memory in function 'gemm_fusion_dot_21255_0', 944 bytes spill stores, 644 bytes spill loads

2025-02-23 05:36:55.650959: I external/local_xla/xla/stream_executor/cuda/cuda_asm_compiler.cc:397] ptxas warning : Registers are spilled to local memory in function 'gemm_fusion_dot_21255', 64 bytes spill stores, 64 bytes spill loads

2025-02-23 05:36:55.880105: I external/local_xla/xla/stream_executor/cuda/cuda_asm_compiler.cc:397] ptxas warning : Registers are spilled to local memory in function 'gemm_fusion_dot_21255', 52 bytes spill stores, 52 bytes spill loads

2025-02-23 05:36:55.961696: I external/local_xla/xla/stream_executor/cuda/cuda_asm_compiler.cc:397] ptxas warning : Registers are spilled to local memory in function 'gemm_fusion_dot_21290', 36 bytes spill stores, 56 bytes spill loads

2025-02-23 05:36:56.104267: I external/local_xla/xla/stream_executor/cuda/cuda_asm_compiler.cc:397] ptxas warning : Registers are spilled to local memory in function 'gemm_fusion_dot_21290', 204 bytes spill stores, 204 bytes spill loads

2025-02-23 05:36:56.395877: I external/local_xla/xla/stream_executor/cuda/cuda_asm_compiler.cc:397] ptxas warning : Registers are spilled to local memory in function 'gemm_fusion_dot_21290', 728 bytes spill stores, 728 bytes spill loads

WARNING:absl:You are saving your model as an HDF5 file via `model.save()` or `keras.saving.save_model(model)`. This file format is considered legacy. We recommend using instead the native Keras format, e.g. `model.save('my_model.keras')` or `keras.saving.save_model(model, 'my_model.keras')`. 
2025-02-23 05:59:37.132613: I external/local_xla/xla/stream_executor/cuda/cuda_asm_compiler.cc:397] ptxas warning : Registers are spilled to local memory in function 'gemm_fusion_dot_2054', 8 bytes spill stores, 8 bytes spill loads

2025-02-23 05:59:37.604360: I external/local_xla/xla/stream_executor/cuda/cuda_asm_compiler.cc:397] ptxas warning : Registers are spilled to local memory in function 'gemm_fusion_dot_2054', 232 bytes spill stores, 232 bytes spill loads

2025-02-23 05:59:37.641246: I external/local_xla/xla/stream_executor/cuda/cuda_asm_compiler.cc:397] ptxas warning : Registers are spilled to local memory in function 'gemm_fusion_dot_2054', 228 bytes spill stores, 228 bytes spill loads

2025-02-23 05:59:37.667418: I external/local_xla/xla/stream_executor/cuda/cuda_asm_compiler.cc:397] ptxas warning : Registers are spilled to local memory in function 'gemm_fusion_dot_2054', 744 bytes spill stores, 692 bytes spill loads

2025-02-23 05:59:51.574741: I external/local_xla/xla/stream_executor/cuda/cuda_asm_compiler.cc:397] ptxas warning : Registers are spilled to local memory in function 'gemm_fusion_dot_2054', 232 bytes spill stores, 232 bytes spill loads

2025-02-23 05:59:51.671997: I external/local_xla/xla/stream_executor/cuda/cuda_asm_compiler.cc:397] ptxas warning : Registers are spilled to local memory in function 'gemm_fusion_dot_2054', 228 bytes spill stores, 228 bytes spill loads

2025-02-23 05:59:52.386436: I external/local_xla/xla/stream_executor/cuda/cuda_asm_compiler.cc:397] ptxas warning : Registers are spilled to local memory in function 'gemm_fusion_dot_2054', 712 bytes spill stores, 424 bytes spill loads

