Model: "sequential"
┏━━━━━━━━━━━━━━━━━━━━━━━━━━━━━━━━━┳━━━━━━━━━━━━━━━━━━━━━━━━┳━━━━━━━━━━━━━━━┓
┃ Layer (type)                    ┃ Output Shape           ┃       Param # ┃
┡━━━━━━━━━━━━━━━━━━━━━━━━━━━━━━━━━╇━━━━━━━━━━━━━━━━━━━━━━━━╇━━━━━━━━━━━━━━━┩
│ conv2d (Conv2D)                 │ (None, 62, 62, 64)     │           640 │
├─────────────────────────────────┼────────────────────────┼───────────────┤
│ max_pooling2d (MaxPooling2D)    │ (None, 31, 31, 64)     │             0 │
├─────────────────────────────────┼────────────────────────┼───────────────┤
│ conv2d_1 (Conv2D)               │ (None, 29, 29, 128)    │        73,856 │
├─────────────────────────────────┼────────────────────────┼───────────────┤
│ max_pooling2d_1 (MaxPooling2D)  │ (None, 14, 14, 128)    │             0 │
├─────────────────────────────────┼────────────────────────┼───────────────┤
│ dropout (Dropout)               │ (None, 14, 14, 128)    │             0 │
├─────────────────────────────────┼────────────────────────┼───────────────┤
│ conv2d_2 (Conv2D)               │ (None, 12, 12, 192)    │       221,376 │
├─────────────────────────────────┼────────────────────────┼───────────────┤
│ max_pooling2d_2 (MaxPooling2D)  │ (None, 6, 6, 192)      │             0 │
├─────────────────────────────────┼────────────────────────┼───────────────┤
│ dropout_1 (Dropout)             │ (None, 6, 6, 192)      │             0 │
├─────────────────────────────────┼────────────────────────┼───────────────┤
│ conv2d_3 (Conv2D)               │ (None, 4, 4, 256)      │       442,624 │
├─────────────────────────────────┼────────────────────────┼───────────────┤
│ max_pooling2d_3 (MaxPooling2D)  │ (None, 2, 2, 256)      │             0 │
├─────────────────────────────────┼────────────────────────┼───────────────┤
│ dropout_2 (Dropout)             │ (None, 2, 2, 256)      │             0 │
├─────────────────────────────────┼────────────────────────┼───────────────┤
│ flatten (Flatten)               │ (None, 1024)           │             0 │
├─────────────────────────────────┼────────────────────────┼───────────────┤
│ dense (Dense)                   │ (None, 1024)           │     1,049,600 │
├─────────────────────────────────┼────────────────────────┼───────────────┤
│ dropout_3 (Dropout)             │ (None, 1024)           │             0 │
├─────────────────────────────────┼────────────────────────┼───────────────┤
│ dense_1 (Dense)                 │ (None, 1024)           │     1,049,600 │
├─────────────────────────────────┼────────────────────────┼───────────────┤
│ dropout_4 (Dropout)             │ (None, 1024)           │             0 │
├─────────────────────────────────┼────────────────────────┼───────────────┤
│ dense_2 (Dense)                 │ (None, 3192)           │     3,271,800 │
└─────────────────────────────────┴────────────────────────┴───────────────┘
 Total params: 6,109,496 (23.31 MB)
 Trainable params: 6,109,496 (23.31 MB)
 Non-trainable params: 0 (0.00 B)
None
Epoch 1/100
1835/1835 - 39s - 21ms/step - accuracy: 0.1035 - loss: 6.3553 - val_accuracy: 0.2627 - val_loss: 5.0166
Epoch 2/100
1835/1835 - 22s - 12ms/step - accuracy: 0.2353 - loss: 4.5832 - val_accuracy: 0.4424 - val_loss: 2.9780
Epoch 3/100
1835/1835 - 22s - 12ms/step - accuracy: 0.3329 - loss: 3.3200 - val_accuracy: 0.5791 - val_loss: 2.0051
Epoch 4/100
1835/1835 - 22s - 12ms/step - accuracy: 0.3909 - loss: 2.8287 - val_accuracy: 0.6988 - val_loss: 1.3814
Epoch 5/100
1835/1835 - 22s - 12ms/step - accuracy: 0.4726 - loss: 2.2295 - val_accuracy: 0.7818 - val_loss: 0.9816
Epoch 6/100
1835/1835 - 21s - 12ms/step - accuracy: 0.5234 - loss: 1.9339 - val_accuracy: 0.7902 - val_loss: 0.8808
Epoch 7/100
1835/1835 - 22s - 12ms/step - accuracy: 0.5555 - loss: 1.7618 - val_accuracy: 0.8058 - val_loss: 0.7643
Epoch 8/100
1835/1835 - 22s - 12ms/step - accuracy: 0.5877 - loss: 1.6042 - val_accuracy: 0.8630 - val_loss: 0.5726
Epoch 9/100
1835/1835 - 22s - 12ms/step - accuracy: 0.6071 - loss: 1.5137 - val_accuracy: 0.8796 - val_loss: 0.4748
Epoch 10/100
1835/1835 - 22s - 12ms/step - accuracy: 0.6067 - loss: 1.5422 - val_accuracy: 0.8840 - val_loss: 0.4622
Epoch 11/100
1835/1835 - 22s - 12ms/step - accuracy: 0.6280 - loss: 1.4260 - val_accuracy: 0.8925 - val_loss: 0.4332
Epoch 12/100
1835/1835 - 22s - 12ms/step - accuracy: 0.6274 - loss: 1.4372 - val_accuracy: 0.8955 - val_loss: 0.4291
Epoch 13/100
1835/1835 - 22s - 12ms/step - accuracy: 0.6456 - loss: 1.3497 - val_accuracy: 0.8789 - val_loss: 0.4758
Epoch 14/100
1835/1835 - 22s - 12ms/step - accuracy: 0.6284 - loss: 1.5509 - val_accuracy: 0.0041 - val_loss: 7.8152
Epoch 15/100
1835/1835 - 21s - 12ms/step - accuracy: 0.5894 - loss: 1.8183 - val_accuracy: 0.9065 - val_loss: 0.3775
Epoch 16/100
1835/1835 - 22s - 12ms/step - accuracy: 0.6610 - loss: 1.2924 - val_accuracy: 0.8730 - val_loss: 0.5037
Epoch 17/100
1835/1835 - 22s - 12ms/step - accuracy: 0.6535 - loss: 1.3454 - val_accuracy: 0.8766 - val_loss: 0.5072
Epoch 18/100
1835/1835 - 22s - 12ms/step - accuracy: 0.6592 - loss: 1.3106 - val_accuracy: 0.9171 - val_loss: 0.3303
Epoch 19/100
1835/1835 - 22s - 12ms/step - accuracy: 0.6743 - loss: 1.2320 - val_accuracy: 0.9134 - val_loss: 0.3485
Epoch 20/100
1835/1835 - 22s - 12ms/step - accuracy: 0.6724 - loss: 1.2581 - val_accuracy: 0.9152 - val_loss: 0.3392
Epoch 21/100
1835/1835 - 22s - 12ms/step - accuracy: 0.6801 - loss: 1.2132 - val_accuracy: 0.9100 - val_loss: 0.3531
Epoch 22/100
1835/1835 - 21s - 12ms/step - accuracy: 0.6842 - loss: 1.2053 - val_accuracy: 0.9185 - val_loss: 0.3244
Epoch 23/100
1835/1835 - 22s - 12ms/step - accuracy: 0.6616 - loss: 1.3342 - val_accuracy: 0.9154 - val_loss: 0.3255
Epoch 24/100
1835/1835 - 21s - 12ms/step - accuracy: 0.6958 - loss: 1.1523 - val_accuracy: 0.8683 - val_loss: 0.5737
Epoch 25/100
1835/1835 - 22s - 12ms/step - accuracy: 0.6895 - loss: 1.1892 - val_accuracy: 0.9243 - val_loss: 0.2986
Epoch 26/100
1835/1835 - 21s - 12ms/step - accuracy: 0.5948 - loss: 1.6794 - val_accuracy: 0.8842 - val_loss: 0.4865
Epoch 27/100
1835/1835 - 22s - 12ms/step - accuracy: 0.6246 - loss: 1.5099 - val_accuracy: 0.8949 - val_loss: 0.4266
Epoch 28/100
1835/1835 - 22s - 12ms/step - accuracy: 0.6058 - loss: 1.7430 - val_accuracy: 0.8758 - val_loss: 0.5181
Epoch 29/100
1835/1835 - 22s - 12ms/step - accuracy: 0.6447 - loss: 1.4023 - val_accuracy: 0.9024 - val_loss: 0.3924
Epoch 30/100
1835/1835 - 21s - 12ms/step - accuracy: 0.6440 - loss: 1.4285 - val_accuracy: 0.8834 - val_loss: 0.4957
Epoch 31/100
1835/1835 - 21s - 12ms/step - accuracy: 0.6453 - loss: 1.4354 - val_accuracy: 0.8939 - val_loss: 0.4311
Epoch 32/100
1835/1835 - 22s - 12ms/step - accuracy: 0.4982 - loss: 2.9445 - val_accuracy: 0.0040 - val_loss: 7.7149
Epoch 33/100
1835/1835 - 22s - 12ms/step - accuracy: 0.0038 - loss: 7.7242 - val_accuracy: 0.0041 - val_loss: 7.6437
Epoch 34/100
1835/1835 - 22s - 12ms/step - accuracy: 0.0039 - loss: 7.6774 - val_accuracy: 0.0041 - val_loss: 7.6363
Epoch 35/100
1835/1835 - 21s - 12ms/step - accuracy: 0.0041 - loss: 7.6637 - val_accuracy: 0.0041 - val_loss: 7.6340
Epoch 36/100
1835/1835 - 21s - 12ms/step - accuracy: 0.0040 - loss: 7.6574 - val_accuracy: 0.0041 - val_loss: 7.6331
Epoch 37/100
1835/1835 - 22s - 12ms/step - accuracy: 0.0039 - loss: 7.6568 - val_accuracy: 0.0041 - val_loss: 7.6328
Epoch 38/100
1835/1835 - 22s - 12ms/step - accuracy: 0.0039 - loss: 7.6542 - val_accuracy: 0.0041 - val_loss: 7.6330
Epoch 39/100
1835/1835 - 21s - 12ms/step - accuracy: 0.0042 - loss: 7.6539 - val_accuracy: 0.0041 - val_loss: 7.6336
Epoch 40/100
1835/1835 - 21s - 12ms/step - accuracy: 0.0038 - loss: 7.6533 - val_accuracy: 0.0041 - val_loss: 7.6324
Epoch 41/100
1835/1835 - 22s - 12ms/step - accuracy: 0.0039 - loss: 7.6512 - val_accuracy: 0.0041 - val_loss: 7.6332
Epoch 42/100
1835/1835 - 21s - 12ms/step - accuracy: 0.0042 - loss: 7.6501 - val_accuracy: 0.0041 - val_loss: 7.6339
Epoch 43/100
1835/1835 - 22s - 12ms/step - accuracy: 0.0041 - loss: 7.6513 - val_accuracy: 0.0041 - val_loss: 7.6335
Epoch 44/100
1835/1835 - 22s - 12ms/step - accuracy: 0.0040 - loss: 7.6501 - val_accuracy: 0.0041 - val_loss: 7.6336
Epoch 45/100
1835/1835 - 21s - 12ms/step - accuracy: 0.0041 - loss: 7.6505 - val_accuracy: 0.0041 - val_loss: 7.6333
Epoch 46/100
1835/1835 - 21s - 12ms/step - accuracy: 0.0041 - loss: 7.6501 - val_accuracy: 0.0041 - val_loss: 7.6331
Epoch 47/100
1835/1835 - 22s - 12ms/step - accuracy: 0.0042 - loss: 7.6483 - val_accuracy: 0.0041 - val_loss: 7.6334
Epoch 48/100
1835/1835 - 21s - 12ms/step - accuracy: 0.0041 - loss: 7.6482 - val_accuracy: 0.0041 - val_loss: 7.6363
Epoch 49/100
1835/1835 - 21s - 12ms/step - accuracy: 0.0041 - loss: 7.6477 - val_accuracy: 0.0041 - val_loss: 7.6331
Epoch 50/100
1835/1835 - 21s - 12ms/step - accuracy: 0.0042 - loss: 7.6493 - val_accuracy: 0.0041 - val_loss: 7.6337
Epoch 51/100
1835/1835 - 22s - 12ms/step - accuracy: 0.0041 - loss: 7.6478 - val_accuracy: 0.0041 - val_loss: 7.6335
Epoch 52/100
1835/1835 - 21s - 12ms/step - accuracy: 0.0039 - loss: 7.6469 - val_accuracy: 0.0041 - val_loss: 7.6333
Epoch 53/100
1835/1835 - 21s - 12ms/step - accuracy: 0.0039 - loss: 7.6461 - val_accuracy: 0.0041 - val_loss: 7.6338
Epoch 54/100
1835/1835 - 21s - 12ms/step - accuracy: 0.0041 - loss: 7.6446 - val_accuracy: 0.0041 - val_loss: 7.6330
Epoch 55/100
1835/1835 - 21s - 12ms/step - accuracy: 0.0039 - loss: 7.6462 - val_accuracy: 0.0041 - val_loss: 7.6326
Epoch 56/100
1835/1835 - 21s - 12ms/step - accuracy: 0.0041 - loss: 7.6439 - val_accuracy: 0.0041 - val_loss: 7.6343
Epoch 57/100
1835/1835 - 21s - 12ms/step - accuracy: 0.0041 - loss: 7.6450 - val_accuracy: 0.0041 - val_loss: 7.6337
Epoch 58/100
1835/1835 - 22s - 12ms/step - accuracy: 0.0041 - loss: 7.6458 - val_accuracy: 0.0041 - val_loss: 7.6324
Epoch 59/100
1835/1835 - 22s - 12ms/step - accuracy: 0.0040 - loss: 7.6447 - val_accuracy: 0.0041 - val_loss: 7.6316
Epoch 60/100
1835/1835 - 21s - 12ms/step - accuracy: 0.0039 - loss: 7.6433 - val_accuracy: 0.0041 - val_loss: 7.6328
Epoch 61/100
1835/1835 - 21s - 12ms/step - accuracy: 0.0040 - loss: 7.6442 - val_accuracy: 0.0041 - val_loss: 7.6324
Epoch 62/100
1835/1835 - 22s - 12ms/step - accuracy: 0.0042 - loss: 7.6430 - val_accuracy: 0.0041 - val_loss: 7.6324
Epoch 63/100
1835/1835 - 21s - 12ms/step - accuracy: 0.0040 - loss: 7.6412 - val_accuracy: 0.0041 - val_loss: 7.6331
Epoch 64/100
1835/1835 - 22s - 12ms/step - accuracy: 0.0041 - loss: 7.6428 - val_accuracy: 0.0041 - val_loss: 7.6318
Epoch 65/100
1835/1835 - 22s - 12ms/step - accuracy: 0.0042 - loss: 7.6410 - val_accuracy: 0.0041 - val_loss: 7.6319
Epoch 66/100
1835/1835 - 22s - 12ms/step - accuracy: 0.0042 - loss: 7.6400 - val_accuracy: 0.0041 - val_loss: 7.6316
Epoch 67/100
1835/1835 - 22s - 12ms/step - accuracy: 0.0040 - loss: 7.6387 - val_accuracy: 0.0041 - val_loss: 7.6324
Epoch 68/100
1835/1835 - 21s - 12ms/step - accuracy: 0.0041 - loss: 7.6396 - val_accuracy: 0.0041 - val_loss: 7.6323
Epoch 69/100
1835/1835 - 21s - 12ms/step - accuracy: 0.0043 - loss: 7.6377 - val_accuracy: 0.0041 - val_loss: 7.6316
Epoch 70/100
1835/1835 - 21s - 12ms/step - accuracy: 0.0041 - loss: 7.6393 - val_accuracy: 0.0041 - val_loss: 7.6318
Epoch 71/100
1835/1835 - 21s - 12ms/step - accuracy: 0.0040 - loss: 7.6385 - val_accuracy: 0.0041 - val_loss: 7.6310
Epoch 72/100
1835/1835 - 21s - 12ms/step - accuracy: 0.0039 - loss: 7.6363 - val_accuracy: 0.0041 - val_loss: 7.6317
Epoch 73/100
1835/1835 - 21s - 12ms/step - accuracy: 0.0040 - loss: 7.6354 - val_accuracy: 0.0041 - val_loss: 7.6318
Epoch 74/100
1835/1835 - 21s - 12ms/step - accuracy: 0.0042 - loss: 7.6375 - val_accuracy: 0.0041 - val_loss: 7.6319
Epoch 75/100
1835/1835 - 21s - 12ms/step - accuracy: 0.0041 - loss: 7.6368 - val_accuracy: 0.0041 - val_loss: 7.6320
Epoch 76/100
1835/1835 - 21s - 12ms/step - accuracy: 0.0041 - loss: 7.6362 - val_accuracy: 0.0041 - val_loss: 7.6309
Epoch 77/100
1835/1835 - 21s - 12ms/step - accuracy: 0.0040 - loss: 7.6355 - val_accuracy: 0.0041 - val_loss: 7.6311
Epoch 78/100
1835/1835 - 22s - 12ms/step - accuracy: 0.0038 - loss: 7.6342 - val_accuracy: 0.0041 - val_loss: 7.6305
Epoch 79/100
1835/1835 - 21s - 12ms/step - accuracy: 0.0040 - loss: 7.6333 - val_accuracy: 0.0041 - val_loss: 7.6303
Epoch 80/100
1835/1835 - 21s - 12ms/step - accuracy: 0.0040 - loss: 7.6332 - val_accuracy: 0.0041 - val_loss: 7.6303
Epoch 81/100
1835/1835 - 21s - 12ms/step - accuracy: 0.0039 - loss: 7.6332 - val_accuracy: 0.0041 - val_loss: 7.6306
Epoch 82/100
1835/1835 - 21s - 12ms/step - accuracy: 0.0040 - loss: 7.6324 - val_accuracy: 0.0041 - val_loss: 7.6301
Epoch 83/100
1835/1835 - 22s - 12ms/step - accuracy: 0.0040 - loss: 7.6321 - val_accuracy: 0.0041 - val_loss: 7.6300
Epoch 84/100
1835/1835 - 21s - 12ms/step - accuracy: 0.0040 - loss: 7.6320 - val_accuracy: 0.0041 - val_loss: 7.6299
Epoch 85/100
1835/1835 - 21s - 12ms/step - accuracy: 0.0040 - loss: 7.6320 - val_accuracy: 0.0041 - val_loss: 7.6299
Epoch 86/100
1835/1835 - 21s - 12ms/step - accuracy: 0.0040 - loss: 7.6319 - val_accuracy: 0.0041 - val_loss: 7.6298
Epoch 87/100
1835/1835 - 21s - 12ms/step - accuracy: 0.0040 - loss: 7.6319 - val_accuracy: 0.0041 - val_loss: 7.6298
Epoch 88/100
1835/1835 - 21s - 12ms/step - accuracy: 0.0040 - loss: 7.6319 - val_accuracy: 0.0041 - val_loss: 7.6298
Epoch 89/100
1835/1835 - 21s - 12ms/step - accuracy: 0.0040 - loss: 7.6319 - val_accuracy: 0.0041 - val_loss: 7.6298
Epoch 90/100
1835/1835 - 21s - 12ms/step - accuracy: 0.0040 - loss: 7.6319 - val_accuracy: 0.0041 - val_loss: 7.6298
Epoch 91/100
1835/1835 - 21s - 12ms/step - accuracy: 0.0040 - loss: 7.6319 - val_accuracy: 0.0041 - val_loss: 7.6298
Epoch 92/100
1835/1835 - 21s - 12ms/step - accuracy: 0.0040 - loss: 7.6319 - val_accuracy: 0.0041 - val_loss: 7.6298
Epoch 93/100
1835/1835 - 21s - 12ms/step - accuracy: 0.0040 - loss: 7.6319 - val_accuracy: 0.0041 - val_loss: 7.6298
Epoch 94/100
1835/1835 - 21s - 12ms/step - accuracy: 0.0040 - loss: 7.6319 - val_accuracy: 0.0041 - val_loss: 7.6298
Epoch 95/100
1835/1835 - 21s - 12ms/step - accuracy: 0.0040 - loss: 7.6319 - val_accuracy: 0.0041 - val_loss: 7.6298
Epoch 96/100
1835/1835 - 21s - 12ms/step - accuracy: 0.0040 - loss: 7.6319 - val_accuracy: 0.0041 - val_loss: 7.6298
Epoch 97/100
1835/1835 - 21s - 12ms/step - accuracy: 0.0040 - loss: 7.6319 - val_accuracy: 0.0041 - val_loss: 7.6298
Epoch 98/100
1835/1835 - 21s - 12ms/step - accuracy: 0.0040 - loss: 7.6319 - val_accuracy: 0.0041 - val_loss: 7.6298
Epoch 99/100
1835/1835 - 22s - 12ms/step - accuracy: 0.0040 - loss: 7.6319 - val_accuracy: 0.0041 - val_loss: 7.6298
Epoch 100/100
1835/1835 - 21s - 12ms/step - accuracy: 0.0040 - loss: 7.6319 - val_accuracy: 0.0041 - val_loss: 7.6298
918/918 - 5s - 5ms/step - accuracy: 0.0041 - loss: 7.6298
Test Loss: 7.629828929901123
Test Accuracy: 0.004075097851455212
