Model: "sequential"
┏━━━━━━━━━━━━━━━━━━━━━━━━━━━━━━━━━┳━━━━━━━━━━━━━━━━━━━━━━━━┳━━━━━━━━━━━━━━━┓
┃ Layer (type)                    ┃ Output Shape           ┃       Param # ┃
┡━━━━━━━━━━━━━━━━━━━━━━━━━━━━━━━━━╇━━━━━━━━━━━━━━━━━━━━━━━━╇━━━━━━━━━━━━━━━┩
│ conv2d (Conv2D)                 │ (None, 62, 62, 9)      │            90 │
├─────────────────────────────────┼────────────────────────┼───────────────┤
│ conv2d_1 (Conv2D)               │ (None, 60, 60, 9)      │           738 │
├─────────────────────────────────┼────────────────────────┼───────────────┤
│ max_pooling2d (MaxPooling2D)    │ (None, 30, 30, 9)      │             0 │
├─────────────────────────────────┼────────────────────────┼───────────────┤
│ conv2d_2 (Conv2D)               │ (None, 28, 28, 9)      │           738 │
├─────────────────────────────────┼────────────────────────┼───────────────┤
│ max_pooling2d_1 (MaxPooling2D)  │ (None, 14, 14, 9)      │             0 │
├─────────────────────────────────┼────────────────────────┼───────────────┤
│ dropout (Dropout)               │ (None, 14, 14, 9)      │             0 │
├─────────────────────────────────┼────────────────────────┼───────────────┤
│ conv2d_3 (Conv2D)               │ (None, 12, 12, 9)      │           738 │
├─────────────────────────────────┼────────────────────────┼───────────────┤
│ max_pooling2d_2 (MaxPooling2D)  │ (None, 6, 6, 9)        │             0 │
├─────────────────────────────────┼────────────────────────┼───────────────┤
│ dropout_1 (Dropout)             │ (None, 6, 6, 9)        │             0 │
├─────────────────────────────────┼────────────────────────┼───────────────┤
│ flatten (Flatten)               │ (None, 324)            │             0 │
├─────────────────────────────────┼────────────────────────┼───────────────┤
│ dense (Dense)                   │ (None, 4096)           │     1,331,200 │
├─────────────────────────────────┼────────────────────────┼───────────────┤
│ dropout_2 (Dropout)             │ (None, 4096)           │             0 │
├─────────────────────────────────┼────────────────────────┼───────────────┤
│ dense_1 (Dense)                 │ (None, 4096)           │    16,781,312 │
├─────────────────────────────────┼────────────────────────┼───────────────┤
│ dropout_3 (Dropout)             │ (None, 4096)           │             0 │
├─────────────────────────────────┼────────────────────────┼───────────────┤
│ dense_2 (Dense)                 │ (None, 6512)           │    26,679,664 │
└─────────────────────────────────┴────────────────────────┴───────────────┘
 Total params: 44,794,480 (170.88 MB)
 Trainable params: 44,794,480 (170.88 MB)
 Non-trainable params: 0 (0.00 B)
None
Epoch 1/100
446/446 - 25s - 55ms/step - accuracy: 3.1809e-04 - loss: 8.8815
Epoch 2/100
446/446 - 13s - 30ms/step - accuracy: 0.0060 - loss: 7.4445
Epoch 3/100
446/446 - 14s - 30ms/step - accuracy: 0.0291 - loss: 6.1936
Epoch 4/100
446/446 - 14s - 30ms/step - accuracy: 0.0732 - loss: 5.3015
Epoch 5/100
446/446 - 14s - 31ms/step - accuracy: 0.1304 - loss: 4.5861
Epoch 6/100
446/446 - 14s - 31ms/step - accuracy: 0.1797 - loss: 4.1001
Epoch 7/100
446/446 - 14s - 31ms/step - accuracy: 0.2245 - loss: 3.7398
Epoch 8/100
446/446 - 14s - 31ms/step - accuracy: 0.2613 - loss: 3.4687
Epoch 9/100
446/446 - 14s - 31ms/step - accuracy: 0.2962 - loss: 3.2333
Epoch 10/100
446/446 - 14s - 31ms/step - accuracy: 0.3230 - loss: 3.0548
Epoch 11/100
446/446 - 14s - 31ms/step - accuracy: 0.3489 - loss: 2.8967
Epoch 12/100
446/446 - 14s - 31ms/step - accuracy: 0.3706 - loss: 2.7636
Epoch 13/100
446/446 - 14s - 31ms/step - accuracy: 0.3909 - loss: 2.6477
Epoch 14/100
446/446 - 14s - 31ms/step - accuracy: 0.4092 - loss: 2.5398
Epoch 15/100
446/446 - 14s - 31ms/step - accuracy: 0.4251 - loss: 2.4497
Epoch 16/100
446/446 - 14s - 31ms/step - accuracy: 0.4403 - loss: 2.3545
Epoch 17/100
446/446 - 14s - 31ms/step - accuracy: 0.4544 - loss: 2.2829
Epoch 18/100
446/446 - 14s - 31ms/step - accuracy: 0.4695 - loss: 2.2049
Epoch 19/100
446/446 - 14s - 31ms/step - accuracy: 0.4844 - loss: 2.1258
Epoch 20/100
446/446 - 14s - 31ms/step - accuracy: 0.4960 - loss: 2.0643
Epoch 21/100
446/446 - 14s - 31ms/step - accuracy: 0.5084 - loss: 1.9937
Epoch 22/100
446/446 - 14s - 31ms/step - accuracy: 0.5201 - loss: 1.9323
Epoch 23/100
446/446 - 14s - 31ms/step - accuracy: 0.5329 - loss: 1.8760
Epoch 24/100
446/446 - 14s - 31ms/step - accuracy: 0.5393 - loss: 1.8398
Epoch 25/100
446/446 - 14s - 31ms/step - accuracy: 0.5534 - loss: 1.7691
Epoch 26/100
446/446 - 14s - 31ms/step - accuracy: 0.5648 - loss: 1.7148
Epoch 27/100
446/446 - 14s - 31ms/step - accuracy: 0.5764 - loss: 1.6530
Epoch 28/100
446/446 - 14s - 31ms/step - accuracy: 0.5853 - loss: 1.6138
Epoch 29/100
446/446 - 14s - 31ms/step - accuracy: 0.5940 - loss: 1.5659
Epoch 30/100
446/446 - 14s - 31ms/step - accuracy: 0.6057 - loss: 1.5143
Epoch 31/100
446/446 - 14s - 31ms/step - accuracy: 0.6167 - loss: 1.4620
Epoch 32/100
446/446 - 14s - 31ms/step - accuracy: 0.6271 - loss: 1.4181
Epoch 33/100
446/446 - 14s - 31ms/step - accuracy: 0.6356 - loss: 1.3758
Epoch 34/100
446/446 - 14s - 31ms/step - accuracy: 0.6468 - loss: 1.3269
Epoch 35/100
446/446 - 14s - 31ms/step - accuracy: 0.6556 - loss: 1.2815
Epoch 36/100
446/446 - 14s - 30ms/step - accuracy: 0.6651 - loss: 1.2410
Epoch 37/100
446/446 - 14s - 31ms/step - accuracy: 0.6734 - loss: 1.2039
Epoch 38/100
446/446 - 14s - 31ms/step - accuracy: 0.6818 - loss: 1.1680
Epoch 39/100
446/446 - 14s - 31ms/step - accuracy: 0.6893 - loss: 1.1358
Epoch 40/100
446/446 - 14s - 31ms/step - accuracy: 0.6932 - loss: 1.1169
Epoch 41/100
446/446 - 14s - 31ms/step - accuracy: 0.7060 - loss: 1.0650
Epoch 42/100
446/446 - 14s - 31ms/step - accuracy: 0.7128 - loss: 1.0333
Epoch 43/100
446/446 - 14s - 30ms/step - accuracy: 0.7226 - loss: 0.9941
Epoch 44/100
446/446 - 14s - 31ms/step - accuracy: 0.7297 - loss: 0.9636
Epoch 45/100
446/446 - 14s - 31ms/step - accuracy: 0.7349 - loss: 0.9390
Epoch 46/100
446/446 - 14s - 31ms/step - accuracy: 0.7420 - loss: 0.9114
Epoch 47/100
446/446 - 14s - 31ms/step - accuracy: 0.7491 - loss: 0.8842
Epoch 48/100
446/446 - 14s - 30ms/step - accuracy: 0.7546 - loss: 0.8620
Epoch 49/100
446/446 - 14s - 31ms/step - accuracy: 0.7581 - loss: 0.8468
Epoch 50/100
446/446 - 14s - 31ms/step - accuracy: 0.7619 - loss: 0.8311
Epoch 51/100
446/446 - 14s - 31ms/step - accuracy: 0.7688 - loss: 0.8032
Epoch 52/100
446/446 - 14s - 30ms/step - accuracy: 0.7776 - loss: 0.7689
Epoch 53/100
446/446 - 14s - 31ms/step - accuracy: 0.7827 - loss: 0.7485
Epoch 54/100
446/446 - 14s - 31ms/step - accuracy: 0.7906 - loss: 0.7202
Epoch 55/100
446/446 - 14s - 31ms/step - accuracy: 0.7935 - loss: 0.7095
Epoch 56/100
446/446 - 14s - 31ms/step - accuracy: 0.8008 - loss: 0.6811
Epoch 57/100
446/446 - 14s - 31ms/step - accuracy: 0.8039 - loss: 0.6683
Epoch 58/100
446/446 - 14s - 31ms/step - accuracy: 0.8077 - loss: 0.6540
Epoch 59/100
446/446 - 14s - 31ms/step - accuracy: 0.8102 - loss: 0.6432
Epoch 60/100
446/446 - 14s - 31ms/step - accuracy: 0.8125 - loss: 0.6370
Epoch 61/100
446/446 - 14s - 30ms/step - accuracy: 0.8127 - loss: 0.6331
Epoch 62/100
446/446 - 14s - 31ms/step - accuracy: 0.8140 - loss: 0.6294
Epoch 63/100
446/446 - 14s - 31ms/step - accuracy: 0.8220 - loss: 0.6003
Epoch 64/100
446/446 - 14s - 31ms/step - accuracy: 0.8265 - loss: 0.5859
Epoch 65/100
446/446 - 14s - 31ms/step - accuracy: 0.8293 - loss: 0.5717
Epoch 66/100
446/446 - 14s - 31ms/step - accuracy: 0.8336 - loss: 0.5574
Epoch 67/100
446/446 - 14s - 31ms/step - accuracy: 0.8363 - loss: 0.5484
Epoch 68/100
446/446 - 14s - 31ms/step - accuracy: 0.8367 - loss: 0.5437
Epoch 69/100
446/446 - 14s - 31ms/step - accuracy: 0.8395 - loss: 0.5354
Epoch 70/100
446/446 - 14s - 31ms/step - accuracy: 0.8420 - loss: 0.5253
Epoch 71/100
446/446 - 14s - 31ms/step - accuracy: 0.8449 - loss: 0.5171
Epoch 72/100
446/446 - 14s - 31ms/step - accuracy: 0.8442 - loss: 0.5189
Epoch 73/100
446/446 - 14s - 30ms/step - accuracy: 0.8454 - loss: 0.5152
Epoch 74/100
446/446 - 14s - 31ms/step - accuracy: 0.8471 - loss: 0.5085
Epoch 75/100
446/446 - 14s - 31ms/step - accuracy: 0.8483 - loss: 0.5038
Epoch 76/100
446/446 - 14s - 31ms/step - accuracy: 0.8539 - loss: 0.4841
Epoch 77/100
446/446 - 14s - 31ms/step - accuracy: 0.8566 - loss: 0.4739
Epoch 78/100
446/446 - 14s - 31ms/step - accuracy: 0.8611 - loss: 0.4595
Epoch 79/100
446/446 - 14s - 30ms/step - accuracy: 0.8632 - loss: 0.4489
Epoch 80/100
446/446 - 14s - 31ms/step - accuracy: 0.8643 - loss: 0.4474
Epoch 81/100
446/446 - 14s - 31ms/step - accuracy: 0.8673 - loss: 0.4330
Epoch 82/100
446/446 - 14s - 31ms/step - accuracy: 0.8684 - loss: 0.4335
Epoch 83/100
446/446 - 14s - 31ms/step - accuracy: 0.8705 - loss: 0.4265
Epoch 84/100
446/446 - 14s - 31ms/step - accuracy: 0.8705 - loss: 0.4249
Epoch 85/100
446/446 - 14s - 31ms/step - accuracy: 0.8669 - loss: 0.4408
Epoch 86/100
446/446 - 14s - 31ms/step - accuracy: 0.8681 - loss: 0.4346
Epoch 87/100
446/446 - 14s - 31ms/step - accuracy: 0.8736 - loss: 0.4153
Epoch 88/100
446/446 - 14s - 31ms/step - accuracy: 0.8754 - loss: 0.4089
Epoch 89/100
446/446 - 14s - 31ms/step - accuracy: 0.8765 - loss: 0.4052
Epoch 90/100
446/446 - 14s - 31ms/step - accuracy: 0.8768 - loss: 0.4030
Epoch 91/100
446/446 - 14s - 31ms/step - accuracy: 0.8774 - loss: 0.4021
Epoch 92/100
446/446 - 14s - 31ms/step - accuracy: 0.8803 - loss: 0.3911
Epoch 93/100
446/446 - 14s - 31ms/step - accuracy: 0.8809 - loss: 0.3916
Epoch 94/100
446/446 - 14s - 31ms/step - accuracy: 0.8754 - loss: 0.4105
Epoch 95/100
446/446 - 14s - 31ms/step - accuracy: 0.8761 - loss: 0.4085
Epoch 96/100
446/446 - 14s - 31ms/step - accuracy: 0.8808 - loss: 0.3920
Epoch 97/100
446/446 - 14s - 31ms/step - accuracy: 0.8834 - loss: 0.3817
Epoch 98/100
446/446 - 14s - 31ms/step - accuracy: 0.8844 - loss: 0.3778
Epoch 99/100
446/446 - 14s - 31ms/step - accuracy: 0.8867 - loss: 0.3710
Epoch 100/100
446/446 - 14s - 31ms/step - accuracy: 0.8699 - loss: 0.4416
446/446 - 12s - 28ms/step - accuracy: 0.9777 - loss: 0.0772
loss: 0.0771569013595581
acc: 0.9776763916015625
