Model: "sequential"
┏━━━━━━━━━━━━━━━━━━━━━━━━━━━━━━━━━┳━━━━━━━━━━━━━━━━━━━━━━━━┳━━━━━━━━━━━━━━━┓
┃ Layer (type)                    ┃ Output Shape           ┃       Param # ┃
┡━━━━━━━━━━━━━━━━━━━━━━━━━━━━━━━━━╇━━━━━━━━━━━━━━━━━━━━━━━━╇━━━━━━━━━━━━━━━┩
│ conv2d (Conv2D)                 │ (None, 62, 62, 64)     │           640 │
├─────────────────────────────────┼────────────────────────┼───────────────┤
│ max_pooling2d (MaxPooling2D)    │ (None, 31, 31, 64)     │             0 │
├─────────────────────────────────┼────────────────────────┼───────────────┤
│ conv2d_1 (Conv2D)               │ (None, 29, 29, 128)    │        73,856 │
├─────────────────────────────────┼────────────────────────┼───────────────┤
│ max_pooling2d_1 (MaxPooling2D)  │ (None, 14, 14, 128)    │             0 │
├─────────────────────────────────┼────────────────────────┼───────────────┤
│ dropout (Dropout)               │ (None, 14, 14, 128)    │             0 │
├─────────────────────────────────┼────────────────────────┼───────────────┤
│ conv2d_2 (Conv2D)               │ (None, 12, 12, 192)    │       221,376 │
├─────────────────────────────────┼────────────────────────┼───────────────┤
│ max_pooling2d_2 (MaxPooling2D)  │ (None, 6, 6, 192)      │             0 │
├─────────────────────────────────┼────────────────────────┼───────────────┤
│ dropout_1 (Dropout)             │ (None, 6, 6, 192)      │             0 │
├─────────────────────────────────┼────────────────────────┼───────────────┤
│ conv2d_3 (Conv2D)               │ (None, 4, 4, 256)      │       442,624 │
├─────────────────────────────────┼────────────────────────┼───────────────┤
│ max_pooling2d_3 (MaxPooling2D)  │ (None, 2, 2, 256)      │             0 │
├─────────────────────────────────┼────────────────────────┼───────────────┤
│ dropout_2 (Dropout)             │ (None, 2, 2, 256)      │             0 │
├─────────────────────────────────┼────────────────────────┼───────────────┤
│ flatten (Flatten)               │ (None, 1024)           │             0 │
├─────────────────────────────────┼────────────────────────┼───────────────┤
│ dense (Dense)                   │ (None, 2048)           │     2,099,200 │
├─────────────────────────────────┼────────────────────────┼───────────────┤
│ dropout_3 (Dropout)             │ (None, 2048)           │             0 │
├─────────────────────────────────┼────────────────────────┼───────────────┤
│ dense_1 (Dense)                 │ (None, 2048)           │     4,196,352 │
├─────────────────────────────────┼────────────────────────┼───────────────┤
│ dropout_4 (Dropout)             │ (None, 2048)           │             0 │
├─────────────────────────────────┼────────────────────────┼───────────────┤
│ dense_2 (Dense)                 │ (None, 2048)           │     4,196,352 │
├─────────────────────────────────┼────────────────────────┼───────────────┤
│ dropout_5 (Dropout)             │ (None, 2048)           │             0 │
├─────────────────────────────────┼────────────────────────┼───────────────┤
│ dense_3 (Dense)                 │ (None, 6584)           │    13,490,616 │
└─────────────────────────────────┴────────────────────────┴───────────────┘
 Total params: 24,721,016 (94.30 MB)
 Trainable params: 24,721,016 (94.30 MB)
 Non-trainable params: 0 (0.00 B)
None
Epoch 1/100
2761/2761 - 55s - 20ms/step - accuracy: 0.0095 - loss: 7.5798
Epoch 2/100
2761/2761 - 31s - 11ms/step - accuracy: 0.1158 - loss: 5.9879
Epoch 3/100
2761/2761 - 31s - 11ms/step - accuracy: 0.2137 - loss: 4.5323
Epoch 4/100
2761/2761 - 31s - 11ms/step - accuracy: 0.2998 - loss: 3.5855
Epoch 5/100
2761/2761 - 32s - 11ms/step - accuracy: 0.3779 - loss: 2.9266
Epoch 6/100
2761/2761 - 31s - 11ms/step - accuracy: 0.4480 - loss: 2.4458
Epoch 7/100
2761/2761 - 32s - 11ms/step - accuracy: 0.5101 - loss: 2.0740
Epoch 8/100
2761/2761 - 32s - 11ms/step - accuracy: 0.5611 - loss: 1.7842
Epoch 9/100
2761/2761 - 31s - 11ms/step - accuracy: 0.6080 - loss: 1.5388
Epoch 10/100
2761/2761 - 32s - 11ms/step - accuracy: 0.6478 - loss: 1.3409
Epoch 11/100
2761/2761 - 32s - 11ms/step - accuracy: 0.6809 - loss: 1.1816
Epoch 12/100
2761/2761 - 32s - 11ms/step - accuracy: 0.7114 - loss: 1.0443
Epoch 13/100
2761/2761 - 31s - 11ms/step - accuracy: 0.7363 - loss: 0.9380
Epoch 14/100
2761/2761 - 31s - 11ms/step - accuracy: 0.7583 - loss: 0.8456
Epoch 15/100
2761/2761 - 32s - 11ms/step - accuracy: 0.7777 - loss: 0.7669
Epoch 16/100
2761/2761 - 32s - 11ms/step - accuracy: 0.7933 - loss: 0.7020
Epoch 17/100
2761/2761 - 31s - 11ms/step - accuracy: 0.8093 - loss: 0.6417
Epoch 18/100
2761/2761 - 32s - 11ms/step - accuracy: 0.8216 - loss: 0.5954
Epoch 19/100
2761/2761 - 31s - 11ms/step - accuracy: 0.8321 - loss: 0.5549
Epoch 20/100
2761/2761 - 32s - 11ms/step - accuracy: 0.8424 - loss: 0.5190
Epoch 21/100
2761/2761 - 31s - 11ms/step - accuracy: 0.8513 - loss: 0.4860
Epoch 22/100
2761/2761 - 32s - 11ms/step - accuracy: 0.8590 - loss: 0.4572
Epoch 23/100
2761/2761 - 32s - 11ms/step - accuracy: 0.8665 - loss: 0.4308
Epoch 24/100
2761/2761 - 31s - 11ms/step - accuracy: 0.8726 - loss: 0.4093
Epoch 25/100
2761/2761 - 31s - 11ms/step - accuracy: 0.8790 - loss: 0.3850
Epoch 26/100
2761/2761 - 31s - 11ms/step - accuracy: 0.8832 - loss: 0.3721
Epoch 27/100
2761/2761 - 31s - 11ms/step - accuracy: 0.8882 - loss: 0.3550
Epoch 28/100
2761/2761 - 31s - 11ms/step - accuracy: 0.8925 - loss: 0.3391
Epoch 29/100
2761/2761 - 31s - 11ms/step - accuracy: 0.8964 - loss: 0.3271
Epoch 30/100
2761/2761 - 31s - 11ms/step - accuracy: 0.9007 - loss: 0.3128
Epoch 31/100
2761/2761 - 31s - 11ms/step - accuracy: 0.9031 - loss: 0.3047
Epoch 32/100
2761/2761 - 31s - 11ms/step - accuracy: 0.9070 - loss: 0.2926
Epoch 33/100
2761/2761 - 31s - 11ms/step - accuracy: 0.9093 - loss: 0.2819
Epoch 34/100
2761/2761 - 32s - 11ms/step - accuracy: 0.9132 - loss: 0.2721
Epoch 35/100
2761/2761 - 31s - 11ms/step - accuracy: 0.9146 - loss: 0.2640
Epoch 36/100
2761/2761 - 31s - 11ms/step - accuracy: 0.9169 - loss: 0.2585
Epoch 37/100
2761/2761 - 31s - 11ms/step - accuracy: 0.9190 - loss: 0.2518
Epoch 38/100
2761/2761 - 31s - 11ms/step - accuracy: 0.9205 - loss: 0.2454
Epoch 39/100
2761/2761 - 31s - 11ms/step - accuracy: 0.9231 - loss: 0.2379
Epoch 40/100
2761/2761 - 32s - 11ms/step - accuracy: 0.9246 - loss: 0.2319
Epoch 41/100
2761/2761 - 31s - 11ms/step - accuracy: 0.9270 - loss: 0.2251
Epoch 42/100
2761/2761 - 32s - 11ms/step - accuracy: 0.9293 - loss: 0.2174
Epoch 43/100
2761/2761 - 32s - 11ms/step - accuracy: 0.9301 - loss: 0.2151
Epoch 44/100
2761/2761 - 31s - 11ms/step - accuracy: 0.9315 - loss: 0.2107
Epoch 45/100
2761/2761 - 31s - 11ms/step - accuracy: 0.9330 - loss: 0.2053
Epoch 46/100
2761/2761 - 31s - 11ms/step - accuracy: 0.9346 - loss: 0.2019
Epoch 47/100
2761/2761 - 31s - 11ms/step - accuracy: 0.9355 - loss: 0.1978
Epoch 48/100
2761/2761 - 31s - 11ms/step - accuracy: 0.9372 - loss: 0.1925
Epoch 49/100
2761/2761 - 32s - 11ms/step - accuracy: 0.9374 - loss: 0.1914
Epoch 50/100
2761/2761 - 31s - 11ms/step - accuracy: 0.9392 - loss: 0.1861
Epoch 51/100
2761/2761 - 31s - 11ms/step - accuracy: 0.9396 - loss: 0.1844
Epoch 52/100
2761/2761 - 31s - 11ms/step - accuracy: 0.9407 - loss: 0.1816
Epoch 53/100
2761/2761 - 32s - 11ms/step - accuracy: 0.9419 - loss: 0.1776
Epoch 54/100
2761/2761 - 31s - 11ms/step - accuracy: 0.9426 - loss: 0.1745
Epoch 55/100
2761/2761 - 31s - 11ms/step - accuracy: 0.9435 - loss: 0.1716
Epoch 56/100
2761/2761 - 32s - 11ms/step - accuracy: 0.9448 - loss: 0.1688
Epoch 57/100
2761/2761 - 31s - 11ms/step - accuracy: 0.9451 - loss: 0.1660
Epoch 58/100
2761/2761 - 31s - 11ms/step - accuracy: 0.9454 - loss: 0.1648
Epoch 59/100
2761/2761 - 31s - 11ms/step - accuracy: 0.9464 - loss: 0.1633
Epoch 60/100
2761/2761 - 31s - 11ms/step - accuracy: 0.9479 - loss: 0.1590
Epoch 61/100
2761/2761 - 31s - 11ms/step - accuracy: 0.9472 - loss: 0.1603
Epoch 62/100
2761/2761 - 31s - 11ms/step - accuracy: 0.9488 - loss: 0.1555
Epoch 63/100
2761/2761 - 31s - 11ms/step - accuracy: 0.9496 - loss: 0.1521
Epoch 64/100
2761/2761 - 32s - 11ms/step - accuracy: 0.9501 - loss: 0.1508
Epoch 65/100
2761/2761 - 31s - 11ms/step - accuracy: 0.9501 - loss: 0.1509
Epoch 66/100
2761/2761 - 32s - 11ms/step - accuracy: 0.9513 - loss: 0.1471
Epoch 67/100
2761/2761 - 32s - 11ms/step - accuracy: 0.9518 - loss: 0.1460
Epoch 68/100
2761/2761 - 31s - 11ms/step - accuracy: 0.9525 - loss: 0.1437
Epoch 69/100
2761/2761 - 31s - 11ms/step - accuracy: 0.9522 - loss: 0.1438
Epoch 70/100
2761/2761 - 31s - 11ms/step - accuracy: 0.9531 - loss: 0.1436
Epoch 71/100
2761/2761 - 32s - 11ms/step - accuracy: 0.9536 - loss: 0.1397
Epoch 72/100
2761/2761 - 31s - 11ms/step - accuracy: 0.9543 - loss: 0.1378
Epoch 73/100
2761/2761 - 31s - 11ms/step - accuracy: 0.9543 - loss: 0.1388
Epoch 74/100
2761/2761 - 31s - 11ms/step - accuracy: 0.9550 - loss: 0.1371
Epoch 75/100
2761/2761 - 32s - 11ms/step - accuracy: 0.9554 - loss: 0.1352
Epoch 76/100
2761/2761 - 31s - 11ms/step - accuracy: 0.9566 - loss: 0.1319
Epoch 77/100
2761/2761 - 31s - 11ms/step - accuracy: 0.9565 - loss: 0.1323
Epoch 78/100
2761/2761 - 31s - 11ms/step - accuracy: 0.9569 - loss: 0.1305
Epoch 79/100
2761/2761 - 31s - 11ms/step - accuracy: 0.9572 - loss: 0.1286
Epoch 80/100
2761/2761 - 32s - 11ms/step - accuracy: 0.9575 - loss: 0.1286
Epoch 81/100
2761/2761 - 31s - 11ms/step - accuracy: 0.9575 - loss: 0.1291
Epoch 82/100
2761/2761 - 32s - 11ms/step - accuracy: 0.9583 - loss: 0.1261
Epoch 83/100
2761/2761 - 31s - 11ms/step - accuracy: 0.9586 - loss: 0.1258
Epoch 84/100
2761/2761 - 32s - 11ms/step - accuracy: 0.9592 - loss: 0.1229
Epoch 85/100
2761/2761 - 32s - 11ms/step - accuracy: 0.9592 - loss: 0.1234
Epoch 86/100
2761/2761 - 31s - 11ms/step - accuracy: 0.9594 - loss: 0.1223
Epoch 87/100
2761/2761 - 31s - 11ms/step - accuracy: 0.9596 - loss: 0.1232
Epoch 88/100
2761/2761 - 31s - 11ms/step - accuracy: 0.9605 - loss: 0.1201
Epoch 89/100
2761/2761 - 32s - 11ms/step - accuracy: 0.9602 - loss: 0.1193
Epoch 90/100
2761/2761 - 31s - 11ms/step - accuracy: 0.9609 - loss: 0.1180
Epoch 91/100
2761/2761 - 31s - 11ms/step - accuracy: 0.9608 - loss: 0.1183
Epoch 92/100
2761/2761 - 31s - 11ms/step - accuracy: 0.9612 - loss: 0.1173
Epoch 93/100
2761/2761 - 31s - 11ms/step - accuracy: 0.9617 - loss: 0.1153
Epoch 94/100
2761/2761 - 31s - 11ms/step - accuracy: 0.9614 - loss: 0.1166
Epoch 95/100
2761/2761 - 31s - 11ms/step - accuracy: 0.9623 - loss: 0.1147
Epoch 96/100
2761/2761 - 31s - 11ms/step - accuracy: 0.9628 - loss: 0.1119
Epoch 97/100
2761/2761 - 31s - 11ms/step - accuracy: 0.9622 - loss: 0.1139
Epoch 98/100
2761/2761 - 31s - 11ms/step - accuracy: 0.9629 - loss: 0.1120
Epoch 99/100
2761/2761 - 31s - 11ms/step - accuracy: 0.9632 - loss: 0.1116
Epoch 100/100
2761/2761 - 31s - 11ms/step - accuracy: 0.9631 - loss: 0.1116
2761/2761 - 14s - 5ms/step - accuracy: 0.9973 - loss: 0.0093
loss: 0.009310515597462654
acc: 0.9972803592681885
