2025-02-19 12:47:57.080923: E external/local_xla/xla/stream_executor/cuda/cuda_fft.cc:477] Unable to register cuFFT factory: Attempting to register factory for plugin cuFFT when one has already been registered
WARNING: All log messages before absl::InitializeLog() is called are written to STDERR
E0000 00:00:1739969277.168139  120348 cuda_dnn.cc:8310] Unable to register cuDNN factory: Attempting to register factory for plugin cuDNN when one has already been registered
E0000 00:00:1739969277.192512  120348 cuda_blas.cc:1418] Unable to register cuBLAS factory: Attempting to register factory for plugin cuBLAS when one has already been registered
2025-02-19 12:47:57.413901: I tensorflow/core/platform/cpu_feature_guard.cc:210] This TensorFlow binary is optimized to use available CPU instructions in performance-critical operations.
To enable the following instructions: AVX2 FMA, in other operations, rebuild TensorFlow with the appropriate compiler flags.
I0000 00:00:1739969283.271011  120348 gpu_device.cc:2022] Created device /job:localhost/replica:0/task:0/device:GPU:0 with 20732 MB memory:  -> device: 0, name: NVIDIA A10, pci bus id: 0000:81:00.0, compute capability: 8.6
WARNING: All log messages before absl::InitializeLog() is called are written to STDERR
I0000 00:00:1739969285.416781  120392 service.cc:148] XLA service 0x7f4f1c011010 initialized for platform CUDA (this does not guarantee that XLA will be used). Devices:
I0000 00:00:1739969285.417095  120392 service.cc:156]   StreamExecutor device (0): NVIDIA A10, Compute Capability 8.6
2025-02-19 12:48:05.464076: I tensorflow/compiler/mlir/tensorflow/utils/dump_mlir_util.cc:268] disabling MLIR crash reproducer, set env var `MLIR_CRASH_REPRODUCER_DIRECTORY` to enable.
I0000 00:00:1739969285.677505  120392 cuda_dnn.cc:529] Loaded cuDNN version 90501
2025-02-19 12:48:06.446684: I external/local_xla/xla/stream_executor/cuda/cuda_asm_compiler.cc:397] ptxas warning : Registers are spilled to local memory in function 'gemm_fusion_dot_2328', 156 bytes spill stores, 156 bytes spill loads

2025-02-19 12:48:06.607172: I external/local_xla/xla/stream_executor/cuda/cuda_asm_compiler.cc:397] ptxas warning : Registers are spilled to local memory in function 'gemm_fusion_dot_2090', 52 bytes spill stores, 52 bytes spill loads

2025-02-19 12:48:06.607231: I external/local_xla/xla/stream_executor/cuda/cuda_asm_compiler.cc:397] ptxas warning : Registers are spilled to local memory in function 'gemm_fusion_dot_2090', 312 bytes spill stores, 312 bytes spill loads

2025-02-19 12:48:06.804172: I external/local_xla/xla/stream_executor/cuda/cuda_asm_compiler.cc:397] ptxas warning : Registers are spilled to local memory in function 'gemm_fusion_dot_2090', 80 bytes spill stores, 80 bytes spill loads

2025-02-19 12:48:06.880671: I external/local_xla/xla/stream_executor/cuda/cuda_asm_compiler.cc:397] ptxas warning : Registers are spilled to local memory in function 'gemm_fusion_dot_2090', 664 bytes spill stores, 632 bytes spill loads

2025-02-19 12:48:07.194285: I external/local_xla/xla/stream_executor/cuda/cuda_asm_compiler.cc:397] ptxas warning : Registers are spilled to local memory in function 'gemm_fusion_dot_2328', 3496 bytes spill stores, 3492 bytes spill loads

2025-02-19 12:48:07.203396: I external/local_xla/xla/stream_executor/cuda/cuda_asm_compiler.cc:397] ptxas warning : Registers are spilled to local memory in function 'gemm_fusion_dot_2090', 108 bytes spill stores, 108 bytes spill loads

2025-02-19 12:48:07.299953: I external/local_xla/xla/stream_executor/cuda/cuda_asm_compiler.cc:397] ptxas warning : Registers are spilled to local memory in function 'gemm_fusion_dot_2090', 88 bytes spill stores, 88 bytes spill loads

2025-02-19 12:48:07.546298: I external/local_xla/xla/stream_executor/cuda/cuda_asm_compiler.cc:397] ptxas warning : Registers are spilled to local memory in function 'gemm_fusion_dot_2328', 732 bytes spill stores, 700 bytes spill loads

2025-02-19 12:48:07.600000: I external/local_xla/xla/stream_executor/cuda/cuda_asm_compiler.cc:397] ptxas warning : Registers are spilled to local memory in function 'gemm_fusion_dot_2328', 2900 bytes spill stores, 2884 bytes spill loads

2025-02-19 12:48:07.832884: I external/local_xla/xla/stream_executor/cuda/cuda_asm_compiler.cc:397] ptxas warning : Registers are spilled to local memory in function 'gemm_fusion_dot_2328', 1212 bytes spill stores, 936 bytes spill loads

I0000 00:00:1739969295.692588  120392 device_compiler.h:188] Compiled cluster using XLA!  This line is logged at most once for the lifetime of the process.
2025-02-19 12:48:34.999342: I external/local_xla/xla/stream_executor/cuda/cuda_asm_compiler.cc:397] ptxas warning : Registers are spilled to local memory in function 'gemm_fusion_dot_2090', 80 bytes spill stores, 80 bytes spill loads

2025-02-19 12:48:35.018238: I external/local_xla/xla/stream_executor/cuda/cuda_asm_compiler.cc:397] ptxas warning : Registers are spilled to local memory in function 'gemm_fusion_dot_2090', 128 bytes spill stores, 128 bytes spill loads

2025-02-19 12:48:35.062976: I external/local_xla/xla/stream_executor/cuda/cuda_asm_compiler.cc:397] ptxas warning : Registers are spilled to local memory in function 'gemm_fusion_dot_2090', 64 bytes spill stores, 64 bytes spill loads

2025-02-19 12:48:35.227333: I external/local_xla/xla/stream_executor/cuda/cuda_asm_compiler.cc:397] ptxas warning : Registers are spilled to local memory in function 'gemm_fusion_dot_2090', 928 bytes spill stores, 640 bytes spill loads

2025-02-19 12:48:35.418214: I external/local_xla/xla/stream_executor/cuda/cuda_asm_compiler.cc:397] ptxas warning : Registers are spilled to local memory in function 'gemm_fusion_dot_2090', 312 bytes spill stores, 312 bytes spill loads

2025-02-19 12:48:35.774759: I external/local_xla/xla/stream_executor/cuda/cuda_asm_compiler.cc:397] ptxas warning : Registers are spilled to local memory in function 'gemm_fusion_dot_2090', 52 bytes spill stores, 52 bytes spill loads

2025-02-19 12:48:36.004314: I external/local_xla/xla/stream_executor/cuda/cuda_asm_compiler.cc:397] ptxas warning : Registers are spilled to local memory in function 'gemm_fusion_dot_2328', 204 bytes spill stores, 204 bytes spill loads

2025-02-19 12:48:36.426015: I external/local_xla/xla/stream_executor/cuda/cuda_asm_compiler.cc:397] ptxas warning : Registers are spilled to local memory in function 'gemm_fusion_dot_2328', 36 bytes spill stores, 56 bytes spill loads

2025-02-19 12:48:36.571744: I external/local_xla/xla/stream_executor/cuda/cuda_asm_compiler.cc:397] ptxas warning : Registers are spilled to local memory in function 'gemm_fusion_dot_2328', 728 bytes spill stores, 728 bytes spill loads

WARNING:absl:You are saving your model as an HDF5 file via `model.save()` or `keras.saving.save_model(model)`. This file format is considered legacy. We recommend using instead the native Keras format, e.g. `model.save('my_model.keras')` or `keras.saving.save_model(model, 'my_model.keras')`. 
2025-02-19 13:12:14.013712: I external/local_xla/xla/stream_executor/cuda/cuda_asm_compiler.cc:397] ptxas warning : Registers are spilled to local memory in function 'gemm_fusion_dot_116', 196 bytes spill stores, 196 bytes spill loads

2025-02-19 13:12:14.032199: I external/local_xla/xla/stream_executor/cuda/cuda_asm_compiler.cc:397] ptxas warning : Registers are spilled to local memory in function 'gemm_fusion_dot_123', 196 bytes spill stores, 196 bytes spill loads

2025-02-19 13:12:14.187183: I external/local_xla/xla/stream_executor/cuda/cuda_asm_compiler.cc:397] ptxas warning : Registers are spilled to local memory in function 'gemm_fusion_dot_123', 248 bytes spill stores, 248 bytes spill loads

2025-02-19 13:12:14.265355: I external/local_xla/xla/stream_executor/cuda/cuda_asm_compiler.cc:397] ptxas warning : Registers are spilled to local memory in function 'gemm_fusion_dot_116', 760 bytes spill stores, 708 bytes spill loads

2025-02-19 13:12:14.304550: I external/local_xla/xla/stream_executor/cuda/cuda_asm_compiler.cc:397] ptxas warning : Registers are spilled to local memory in function 'gemm_fusion_dot_123', 760 bytes spill stores, 708 bytes spill loads

2025-02-19 13:12:14.396922: I external/local_xla/xla/stream_executor/cuda/cuda_asm_compiler.cc:397] ptxas warning : Registers are spilled to local memory in function 'gemm_fusion_dot_116', 236 bytes spill stores, 236 bytes spill loads

2025-02-19 13:12:23.892914: I external/local_xla/xla/stream_executor/cuda/cuda_asm_compiler.cc:397] ptxas warning : Registers are spilled to local memory in function 'gemm_fusion_dot_116', 236 bytes spill stores, 236 bytes spill loads

2025-02-19 13:12:23.895330: I external/local_xla/xla/stream_executor/cuda/cuda_asm_compiler.cc:397] ptxas warning : Registers are spilled to local memory in function 'gemm_fusion_dot_116', 196 bytes spill stores, 196 bytes spill loads

2025-02-19 13:12:24.134724: I external/local_xla/xla/stream_executor/cuda/cuda_asm_compiler.cc:397] ptxas warning : Registers are spilled to local memory in function 'gemm_fusion_dot_123', 248 bytes spill stores, 248 bytes spill loads

2025-02-19 13:12:24.370526: I external/local_xla/xla/stream_executor/cuda/cuda_asm_compiler.cc:397] ptxas warning : Registers are spilled to local memory in function 'gemm_fusion_dot_123', 196 bytes spill stores, 196 bytes spill loads

2025-02-19 13:12:24.433358: I external/local_xla/xla/stream_executor/cuda/cuda_asm_compiler.cc:397] ptxas warning : Registers are spilled to local memory in function 'gemm_fusion_dot_116', 744 bytes spill stores, 440 bytes spill loads

2025-02-19 13:12:24.438512: I external/local_xla/xla/stream_executor/cuda/cuda_asm_compiler.cc:397] ptxas warning : Registers are spilled to local memory in function 'gemm_fusion_dot_123', 744 bytes spill stores, 440 bytes spill loads

