Model: "sequential"
┏━━━━━━━━━━━━━━━━━━━━━━━━━━━━━━━━━┳━━━━━━━━━━━━━━━━━━━━━━━━┳━━━━━━━━━━━━━━━┓
┃ Layer (type)                    ┃ Output Shape           ┃       Param # ┃
┡━━━━━━━━━━━━━━━━━━━━━━━━━━━━━━━━━╇━━━━━━━━━━━━━━━━━━━━━━━━╇━━━━━━━━━━━━━━━┩
│ conv2d (Conv2D)                 │ (None, 62, 62, 32)     │           320 │
├─────────────────────────────────┼────────────────────────┼───────────────┤
│ max_pooling2d (MaxPooling2D)    │ (None, 31, 31, 32)     │             0 │
├─────────────────────────────────┼────────────────────────┼───────────────┤
│ conv2d_1 (Conv2D)               │ (None, 29, 29, 64)     │        18,496 │
├─────────────────────────────────┼────────────────────────┼───────────────┤
│ max_pooling2d_1 (MaxPooling2D)  │ (None, 14, 14, 64)     │             0 │
├─────────────────────────────────┼────────────────────────┼───────────────┤
│ dropout (Dropout)               │ (None, 14, 14, 64)     │             0 │
├─────────────────────────────────┼────────────────────────┼───────────────┤
│ conv2d_2 (Conv2D)               │ (None, 12, 12, 128)    │        73,856 │
├─────────────────────────────────┼────────────────────────┼───────────────┤
│ max_pooling2d_2 (MaxPooling2D)  │ (None, 6, 6, 128)      │             0 │
├─────────────────────────────────┼────────────────────────┼───────────────┤
│ dropout_1 (Dropout)             │ (None, 6, 6, 128)      │             0 │
├─────────────────────────────────┼────────────────────────┼───────────────┤
│ conv2d_3 (Conv2D)               │ (None, 4, 4, 256)      │       295,168 │
├─────────────────────────────────┼────────────────────────┼───────────────┤
│ max_pooling2d_3 (MaxPooling2D)  │ (None, 2, 2, 256)      │             0 │
├─────────────────────────────────┼────────────────────────┼───────────────┤
│ dropout_2 (Dropout)             │ (None, 2, 2, 256)      │             0 │
├─────────────────────────────────┼────────────────────────┼───────────────┤
│ flatten (Flatten)               │ (None, 1024)           │             0 │
├─────────────────────────────────┼────────────────────────┼───────────────┤
│ dense (Dense)                   │ (None, 4096)           │     4,198,400 │
├─────────────────────────────────┼────────────────────────┼───────────────┤
│ dropout_3 (Dropout)             │ (None, 4096)           │             0 │
├─────────────────────────────────┼────────────────────────┼───────────────┤
│ dense_1 (Dense)                 │ (None, 4096)           │    16,781,312 │
├─────────────────────────────────┼────────────────────────┼───────────────┤
│ dropout_4 (Dropout)             │ (None, 4096)           │             0 │
├─────────────────────────────────┼────────────────────────┼───────────────┤
│ dense_2 (Dense)                 │ (None, 4096)           │    16,781,312 │
├─────────────────────────────────┼────────────────────────┼───────────────┤
│ dropout_5 (Dropout)             │ (None, 4096)           │             0 │
├─────────────────────────────────┼────────────────────────┼───────────────┤
│ dense_3 (Dense)                 │ (None, 6583)           │    26,970,551 │
└─────────────────────────────────┴────────────────────────┴───────────────┘
 Total params: 65,119,415 (248.41 MB)
 Trainable params: 65,119,415 (248.41 MB)
 Non-trainable params: 0 (0.00 B)
None
Epoch 1/1000
643/643 - 47s - 73ms/step - accuracy: 3.6913e-04 - loss: 8.4710
Epoch 2/1000
643/643 - 30s - 47ms/step - accuracy: 0.0065 - loss: 7.0294
Epoch 3/1000
643/643 - 30s - 47ms/step - accuracy: 0.0380 - loss: 5.6579
Epoch 4/1000
643/643 - 30s - 47ms/step - accuracy: 0.1558 - loss: 4.0979
Epoch 5/1000
643/643 - 30s - 47ms/step - accuracy: 0.3471 - loss: 2.7789
Epoch 6/1000
643/643 - 30s - 47ms/step - accuracy: 0.5114 - loss: 1.9411
Epoch 7/1000
643/643 - 30s - 47ms/step - accuracy: 0.6241 - loss: 1.4371
Epoch 8/1000
643/643 - 30s - 47ms/step - accuracy: 0.7004 - loss: 1.1151
Epoch 9/1000
643/643 - 30s - 47ms/step - accuracy: 0.7521 - loss: 0.8995
Epoch 10/1000
643/643 - 30s - 47ms/step - accuracy: 0.7914 - loss: 0.7412
Epoch 11/1000
643/643 - 30s - 47ms/step - accuracy: 0.8203 - loss: 0.6269
Epoch 12/1000
643/643 - 30s - 47ms/step - accuracy: 0.8434 - loss: 0.5375
Epoch 13/1000
643/643 - 30s - 47ms/step - accuracy: 0.8626 - loss: 0.4671
Epoch 14/1000
643/643 - 30s - 47ms/step - accuracy: 0.8779 - loss: 0.4101
Epoch 15/1000
643/643 - 30s - 47ms/step - accuracy: 0.8906 - loss: 0.3625
Epoch 16/1000
643/643 - 30s - 47ms/step - accuracy: 0.9017 - loss: 0.3243
Epoch 17/1000
643/643 - 30s - 47ms/step - accuracy: 0.9107 - loss: 0.2913
Epoch 18/1000
643/643 - 30s - 47ms/step - accuracy: 0.9182 - loss: 0.2644
Epoch 19/1000
643/643 - 30s - 47ms/step - accuracy: 0.9248 - loss: 0.2404
Epoch 20/1000
643/643 - 30s - 47ms/step - accuracy: 0.9310 - loss: 0.2195
Epoch 21/1000
643/643 - 30s - 47ms/step - accuracy: 0.9362 - loss: 0.2019
Epoch 22/1000
643/643 - 30s - 47ms/step - accuracy: 0.9401 - loss: 0.1863
Epoch 23/1000
643/643 - 30s - 47ms/step - accuracy: 0.9448 - loss: 0.1718
Epoch 24/1000
643/643 - 30s - 47ms/step - accuracy: 0.9484 - loss: 0.1598
Epoch 25/1000
643/643 - 30s - 47ms/step - accuracy: 0.9522 - loss: 0.1478
Epoch 26/1000
643/643 - 30s - 47ms/step - accuracy: 0.9550 - loss: 0.1378
Epoch 27/1000
643/643 - 30s - 47ms/step - accuracy: 0.9576 - loss: 0.1297
Epoch 28/1000
643/643 - 30s - 47ms/step - accuracy: 0.9601 - loss: 0.1222
Epoch 29/1000
643/643 - 30s - 47ms/step - accuracy: 0.9625 - loss: 0.1142
Epoch 30/1000
