Model: "sequential"
┏━━━━━━━━━━━━━━━━━━━━━━━━━━━━━━━━━┳━━━━━━━━━━━━━━━━━━━━━━━━┳━━━━━━━━━━━━━━━┓
┃ Layer (type)                    ┃ Output Shape           ┃       Param # ┃
┡━━━━━━━━━━━━━━━━━━━━━━━━━━━━━━━━━╇━━━━━━━━━━━━━━━━━━━━━━━━╇━━━━━━━━━━━━━━━┩
│ conv2d (Conv2D)                 │ (None, 62, 62, 3)      │            30 │
├─────────────────────────────────┼────────────────────────┼───────────────┤
│ max_pooling2d (MaxPooling2D)    │ (None, 31, 31, 3)      │             0 │
├─────────────────────────────────┼────────────────────────┼───────────────┤
│ conv2d_1 (Conv2D)               │ (None, 29, 29, 3)      │            84 │
├─────────────────────────────────┼────────────────────────┼───────────────┤
│ max_pooling2d_1 (MaxPooling2D)  │ (None, 14, 14, 3)      │             0 │
├─────────────────────────────────┼────────────────────────┼───────────────┤
│ dropout (Dropout)               │ (None, 14, 14, 3)      │             0 │
├─────────────────────────────────┼────────────────────────┼───────────────┤
│ conv2d_2 (Conv2D)               │ (None, 12, 12, 3)      │            84 │
├─────────────────────────────────┼────────────────────────┼───────────────┤
│ max_pooling2d_2 (MaxPooling2D)  │ (None, 6, 6, 3)        │             0 │
├─────────────────────────────────┼────────────────────────┼───────────────┤
│ dropout_1 (Dropout)             │ (None, 6, 6, 3)        │             0 │
├─────────────────────────────────┼────────────────────────┼───────────────┤
│ flatten (Flatten)               │ (None, 108)            │             0 │
├─────────────────────────────────┼────────────────────────┼───────────────┤
│ dense (Dense)                   │ (None, 4096)           │       446,464 │
├─────────────────────────────────┼────────────────────────┼───────────────┤
│ dropout_2 (Dropout)             │ (None, 4096)           │             0 │
├─────────────────────────────────┼────────────────────────┼───────────────┤
│ dense_1 (Dense)                 │ (None, 4096)           │    16,781,312 │
├─────────────────────────────────┼────────────────────────┼───────────────┤
│ dropout_3 (Dropout)             │ (None, 4096)           │             0 │
├─────────────────────────────────┼────────────────────────┼───────────────┤
│ dense_2 (Dense)                 │ (None, 6583)           │    26,970,551 │
└─────────────────────────────────┴────────────────────────┴───────────────┘
 Total params: 44,198,525 (168.60 MB)
 Trainable params: 44,198,525 (168.60 MB)
 Non-trainable params: 0 (0.00 B)
None
Epoch 1/10
322/322 - 33s - 101ms/step - accuracy: 8.9625e-04 - loss: 8.7435
Epoch 2/10
322/322 - 10s - 30ms/step - accuracy: 0.0052 - loss: 7.9990
Epoch 3/10
322/322 - 9s - 27ms/step - accuracy: 0.0138 - loss: 7.3686
Epoch 4/10
322/322 - 8s - 24ms/step - accuracy: 0.0293 - loss: 6.6550
Epoch 5/10
322/322 - 9s - 28ms/step - accuracy: 0.0573 - loss: 5.9252
Epoch 6/10
322/322 - 8s - 25ms/step - accuracy: 0.0913 - loss: 5.3205
Epoch 7/10
322/322 - 9s - 29ms/step - accuracy: 0.1261 - loss: 4.8581
Epoch 8/10
322/322 - 9s - 29ms/step - accuracy: 0.1605 - loss: 4.4866
Epoch 9/10
322/322 - 8s - 26ms/step - accuracy: 0.1904 - loss: 4.1920
Epoch 10/10
322/322 - 8s - 23ms/step - accuracy: 0.2179 - loss: 3.9512
322/322 - 13s - 41ms/step - accuracy: 0.5947 - loss: 2.3184
loss: 2.318418264389038
acc: 0.5946650505065918
