2025-02-18 22:36:49.877727: E external/local_xla/xla/stream_executor/cuda/cuda_fft.cc:477] Unable to register cuFFT factory: Attempting to register factory for plugin cuFFT when one has already been registered
WARNING: All log messages before absl::InitializeLog() is called are written to STDERR
E0000 00:00:1739918209.889548  107278 cuda_dnn.cc:8310] Unable to register cuDNN factory: Attempting to register factory for plugin cuDNN when one has already been registered
E0000 00:00:1739918209.893187  107278 cuda_blas.cc:1418] Unable to register cuBLAS factory: Attempting to register factory for plugin cuBLAS when one has already been registered
2025-02-18 22:36:49.922973: I tensorflow/core/platform/cpu_feature_guard.cc:210] This TensorFlow binary is optimized to use available CPU instructions in performance-critical operations.
To enable the following instructions: AVX2 FMA, in other operations, rebuild TensorFlow with the appropriate compiler flags.
I0000 00:00:1739918213.549074  107278 gpu_device.cc:2022] Created device /job:localhost/replica:0/task:0/device:GPU:0 with 20732 MB memory:  -> device: 0, name: NVIDIA A10, pci bus id: 0000:25:00.0, compute capability: 8.6
WARNING: All log messages before absl::InitializeLog() is called are written to STDERR
I0000 00:00:1739918215.153340  107322 service.cc:148] XLA service 0x7fe820002700 initialized for platform CUDA (this does not guarantee that XLA will be used). Devices:
I0000 00:00:1739918215.153392  107322 service.cc:156]   StreamExecutor device (0): NVIDIA A10, Compute Capability 8.6
2025-02-18 22:36:55.182553: I tensorflow/compiler/mlir/tensorflow/utils/dump_mlir_util.cc:268] disabling MLIR crash reproducer, set env var `MLIR_CRASH_REPRODUCER_DIRECTORY` to enable.
I0000 00:00:1739918215.328367  107322 cuda_dnn.cc:529] Loaded cuDNN version 90501
2025-02-18 22:36:55.980276: I external/local_xla/xla/stream_executor/cuda/cuda_asm_compiler.cc:397] ptxas warning : Registers are spilled to local memory in function 'gemm_fusion_dot_2162', 4 bytes spill stores, 4 bytes spill loads

2025-02-18 22:36:56.198178: I external/local_xla/xla/stream_executor/cuda/cuda_asm_compiler.cc:397] ptxas warning : Registers are spilled to local memory in function 'gemm_fusion_dot_1954', 300 bytes spill stores, 300 bytes spill loads

2025-02-18 22:36:56.201077: I external/local_xla/xla/stream_executor/cuda/cuda_asm_compiler.cc:397] ptxas warning : Registers are spilled to local memory in function 'gemm_fusion_dot_1954', 72 bytes spill stores, 72 bytes spill loads

2025-02-18 22:36:56.279271: I external/local_xla/xla/stream_executor/cuda/cuda_asm_compiler.cc:397] ptxas warning : Registers are spilled to local memory in function 'gemm_fusion_dot_1954', 376 bytes spill stores, 396 bytes spill loads

2025-02-18 22:36:56.424940: I external/local_xla/xla/stream_executor/cuda/cuda_asm_compiler.cc:397] ptxas warning : Registers are spilled to local memory in function 'gemm_fusion_dot_1954', 276 bytes spill stores, 276 bytes spill loads

2025-02-18 22:36:56.489501: I external/local_xla/xla/stream_executor/cuda/cuda_asm_compiler.cc:397] ptxas warning : Registers are spilled to local memory in function 'gemm_fusion_dot_1954', 1196 bytes spill stores, 1200 bytes spill loads

2025-02-18 22:36:56.541961: I external/local_xla/xla/stream_executor/cuda/cuda_asm_compiler.cc:397] ptxas warning : Registers are spilled to local memory in function 'gemm_fusion_dot_2162', 4044 bytes spill stores, 4036 bytes spill loads

2025-02-18 22:36:56.772714: I external/local_xla/xla/stream_executor/cuda/cuda_asm_compiler.cc:397] ptxas warning : Registers are spilled to local memory in function 'gemm_fusion_dot_1954', 16 bytes spill stores, 16 bytes spill loads

2025-02-18 22:36:56.774492: I external/local_xla/xla/stream_executor/cuda/cuda_asm_compiler.cc:397] ptxas warning : Registers are spilled to local memory in function 'gemm_fusion_dot_1954', 876 bytes spill stores, 880 bytes spill loads

2025-02-18 22:36:56.791890: I external/local_xla/xla/stream_executor/cuda/cuda_asm_compiler.cc:397] ptxas warning : Registers are spilled to local memory in function 'gemm_fusion_dot_2162', 544 bytes spill stores, 544 bytes spill loads

2025-02-18 22:36:56.792811: I external/local_xla/xla/stream_executor/cuda/cuda_asm_compiler.cc:397] ptxas warning : Registers are spilled to local memory in function 'gemm_fusion_dot_1954', 1196 bytes spill stores, 1200 bytes spill loads

2025-02-18 22:36:56.821541: I external/local_xla/xla/stream_executor/cuda/cuda_asm_compiler.cc:397] ptxas warning : Registers are spilled to local memory in function 'gemm_fusion_dot_2162', 56 bytes spill stores, 56 bytes spill loads

2025-02-18 22:36:56.982747: I external/local_xla/xla/stream_executor/cuda/cuda_asm_compiler.cc:397] ptxas warning : Registers are spilled to local memory in function 'gemm_fusion_dot_1954', 412 bytes spill stores, 412 bytes spill loads

2025-02-18 22:36:57.374484: I external/local_xla/xla/stream_executor/cuda/cuda_asm_compiler.cc:397] ptxas warning : Registers are spilled to local memory in function 'gemm_fusion_dot_2162', 2684 bytes spill stores, 2652 bytes spill loads

2025-02-18 22:36:57.427332: I external/local_xla/xla/stream_executor/cuda/cuda_asm_compiler.cc:397] ptxas warning : Registers are spilled to local memory in function 'gemm_fusion_dot_1954', 272 bytes spill stores, 276 bytes spill loads

2025-02-18 22:36:57.467318: I external/local_xla/xla/stream_executor/cuda/cuda_asm_compiler.cc:397] ptxas warning : Registers are spilled to local memory in function 'gemm_fusion_dot_2162', 2672 bytes spill stores, 2668 bytes spill loads

2025-02-18 22:36:57.761664: I external/local_xla/xla/stream_executor/cuda/cuda_asm_compiler.cc:397] ptxas warning : Registers are spilled to local memory in function 'gemm_fusion_dot_2162', 692 bytes spill stores, 612 bytes spill loads

I0000 00:00:1739918221.463116  107322 device_compiler.h:188] Compiled cluster using XLA!  This line is logged at most once for the lifetime of the process.
2025-02-18 22:37:10.009411: I external/local_xla/xla/stream_executor/cuda/cuda_asm_compiler.cc:397] ptxas warning : Registers are spilled to local memory in function 'gemm_fusion_dot_1954', 4 bytes spill stores, 4 bytes spill loads

2025-02-18 22:37:10.357599: I external/local_xla/xla/stream_executor/cuda/cuda_asm_compiler.cc:397] ptxas warning : Registers are spilled to local memory in function 'gemm_fusion_dot_1954', 580 bytes spill stores, 432 bytes spill loads

2025-02-18 22:37:10.530893: I external/local_xla/xla/stream_executor/cuda/cuda_asm_compiler.cc:397] ptxas warning : Registers are spilled to local memory in function 'gemm_fusion_dot_1954', 100 bytes spill stores, 100 bytes spill loads

2025-02-18 22:37:10.717499: I external/local_xla/xla/stream_executor/cuda/cuda_asm_compiler.cc:397] ptxas warning : Registers are spilled to local memory in function 'gemm_fusion_dot_1954_0', 584 bytes spill stores, 568 bytes spill loads

2025-02-18 22:37:10.745454: I external/local_xla/xla/stream_executor/cuda/cuda_asm_compiler.cc:397] ptxas warning : Registers are spilled to local memory in function 'gemm_fusion_dot_1954', 1744 bytes spill stores, 1212 bytes spill loads

2025-02-18 22:37:10.859227: I external/local_xla/xla/stream_executor/cuda/cuda_asm_compiler.cc:397] ptxas warning : Registers are spilled to local memory in function 'gemm_fusion_dot_1954_0', 572 bytes spill stores, 416 bytes spill loads

2025-02-18 22:37:10.920919: I external/local_xla/xla/stream_executor/cuda/cuda_asm_compiler.cc:397] ptxas warning : Registers are spilled to local memory in function 'gemm_fusion_dot_1954', 1220 bytes spill stores, 888 bytes spill loads

2025-02-18 22:37:10.921379: I external/local_xla/xla/stream_executor/cuda/cuda_asm_compiler.cc:397] ptxas warning : Registers are spilled to local memory in function 'gemm_fusion_dot_1954', 452 bytes spill stores, 304 bytes spill loads

2025-02-18 22:37:11.023651: I external/local_xla/xla/stream_executor/cuda/cuda_asm_compiler.cc:397] ptxas warning : Registers are spilled to local memory in function 'gemm_fusion_dot_2162', 104 bytes spill stores, 104 bytes spill loads

2025-02-18 22:37:11.203989: I external/local_xla/xla/stream_executor/cuda/cuda_asm_compiler.cc:397] ptxas warning : Registers are spilled to local memory in function 'gemm_fusion_dot_2162', 324 bytes spill stores, 332 bytes spill loads

2025-02-18 22:37:11.314225: I external/local_xla/xla/stream_executor/cuda/cuda_asm_compiler.cc:397] ptxas warning : Registers are spilled to local memory in function 'gemm_fusion_dot_1954', 304 bytes spill stores, 304 bytes spill loads

2025-02-18 22:37:11.434871: I external/local_xla/xla/stream_executor/cuda/cuda_asm_compiler.cc:397] ptxas warning : Registers are spilled to local memory in function 'gemm_fusion_dot_1954', 1740 bytes spill stores, 1208 bytes spill loads

2025-02-18 22:37:11.474293: I external/local_xla/xla/stream_executor/cuda/cuda_asm_compiler.cc:397] ptxas warning : Registers are spilled to local memory in function 'gemm_fusion_dot_2162', 64 bytes spill stores, 64 bytes spill loads

2025-02-18 22:37:11.956785: I external/local_xla/xla/stream_executor/cuda/cuda_asm_compiler.cc:397] ptxas warning : Registers are spilled to local memory in function 'gemm_fusion_dot_2162', 44 bytes spill stores, 44 bytes spill loads

2025-02-18 22:37:12.001211: I external/local_xla/xla/stream_executor/cuda/cuda_asm_compiler.cc:397] ptxas warning : Registers are spilled to local memory in function 'gemm_fusion_dot_2162', 304 bytes spill stores, 304 bytes spill loads

2025-02-18 22:37:12.024646: I external/local_xla/xla/stream_executor/cuda/cuda_asm_compiler.cc:397] ptxas warning : Registers are spilled to local memory in function 'gemm_fusion_dot_1954', 20 bytes spill stores, 20 bytes spill loads

WARNING:absl:You are saving your model as an HDF5 file via `model.save()` or `keras.saving.save_model(model)`. This file format is considered legacy. We recommend using instead the native Keras format, e.g. `model.save('my_model.keras')` or `keras.saving.save_model(model, 'my_model.keras')`. 
2025-02-18 22:51:08.756444: I external/local_xla/xla/stream_executor/cuda/cuda_asm_compiler.cc:397] ptxas warning : Registers are spilled to local memory in function 'gemm_fusion_dot_103', 336 bytes spill stores, 336 bytes spill loads

2025-02-18 22:51:08.958266: I external/local_xla/xla/stream_executor/cuda/cuda_asm_compiler.cc:397] ptxas warning : Registers are spilled to local memory in function 'gemm_fusion_dot_96', 760 bytes spill stores, 708 bytes spill loads

2025-02-18 22:51:09.106558: I external/local_xla/xla/stream_executor/cuda/cuda_asm_compiler.cc:397] ptxas warning : Registers are spilled to local memory in function 'gemm_fusion_dot_96', 196 bytes spill stores, 196 bytes spill loads

2025-02-18 22:51:09.238297: I external/local_xla/xla/stream_executor/cuda/cuda_asm_compiler.cc:397] ptxas warning : Registers are spilled to local memory in function 'gemm_fusion_dot_103', 364 bytes spill stores, 364 bytes spill loads

2025-02-18 22:51:09.322953: I external/local_xla/xla/stream_executor/cuda/cuda_asm_compiler.cc:397] ptxas warning : Registers are spilled to local memory in function 'gemm_fusion_dot_96', 236 bytes spill stores, 236 bytes spill loads

2025-02-18 22:51:09.415257: I external/local_xla/xla/stream_executor/cuda/cuda_asm_compiler.cc:397] ptxas warning : Registers are spilled to local memory in function 'gemm_fusion_dot_103', 360 bytes spill stores, 356 bytes spill loads

2025-02-18 22:51:09.640058: I external/local_xla/xla/stream_executor/cuda/cuda_asm_compiler.cc:397] ptxas warning : Registers are spilled to local memory in function 'gemm_fusion_dot_103', 872 bytes spill stores, 872 bytes spill loads

2025-02-18 22:51:09.697789: I external/local_xla/xla/stream_executor/cuda/cuda_asm_compiler.cc:397] ptxas warning : Registers are spilled to local memory in function 'gemm_fusion_dot_103', 196 bytes spill stores, 196 bytes spill loads

2025-02-18 22:51:18.429409: I external/local_xla/xla/stream_executor/cuda/cuda_asm_compiler.cc:397] ptxas warning : Registers are spilled to local memory in function 'gemm_fusion_dot_103', 996 bytes spill stores, 664 bytes spill loads

2025-02-18 22:51:18.488915: I external/local_xla/xla/stream_executor/cuda/cuda_asm_compiler.cc:397] ptxas warning : Registers are spilled to local memory in function 'gemm_fusion_dot_103', 540 bytes spill stores, 352 bytes spill loads

2025-02-18 22:51:18.524111: I external/local_xla/xla/stream_executor/cuda/cuda_asm_compiler.cc:397] ptxas warning : Registers are spilled to local memory in function 'gemm_fusion_dot_96_0', 756 bytes spill stores, 444 bytes spill loads

2025-02-18 22:51:18.628987: I external/local_xla/xla/stream_executor/cuda/cuda_asm_compiler.cc:397] ptxas warning : Registers are spilled to local memory in function 'gemm_fusion_dot_96', 244 bytes spill stores, 244 bytes spill loads

2025-02-18 22:51:18.820806: I external/local_xla/xla/stream_executor/cuda/cuda_asm_compiler.cc:397] ptxas warning : Registers are spilled to local memory in function 'gemm_fusion_dot_103_0', 388 bytes spill stores, 240 bytes spill loads

2025-02-18 22:51:19.094916: I external/local_xla/xla/stream_executor/cuda/cuda_asm_compiler.cc:397] ptxas warning : Registers are spilled to local memory in function 'gemm_fusion_dot_96', 248 bytes spill stores, 248 bytes spill loads

2025-02-18 22:51:19.130022: I external/local_xla/xla/stream_executor/cuda/cuda_asm_compiler.cc:397] ptxas warning : Registers are spilled to local memory in function 'gemm_fusion_dot_103', 568 bytes spill stores, 400 bytes spill loads

2025-02-18 22:51:19.214403: I external/local_xla/xla/stream_executor/cuda/cuda_asm_compiler.cc:397] ptxas warning : Registers are spilled to local memory in function 'gemm_fusion_dot_103', 192 bytes spill stores, 192 bytes spill loads

