2025-02-16 11:45:03.114905: I tensorflow/core/util/port.cc:153] oneDNN custom operations are on. You may see slightly different numerical results due to floating-point round-off errors from different computation orders. To turn them off, set the environment variable `TF_ENABLE_ONEDNN_OPTS=0`.
2025-02-16 11:45:03.496708: E external/local_xla/xla/stream_executor/cuda/cuda_fft.cc:477] Unable to register cuFFT factory: Attempting to register factory for plugin cuFFT when one has already been registered
WARNING: All log messages before absl::InitializeLog() is called are written to STDERR
E0000 00:00:1739706303.633464  228871 cuda_dnn.cc:8310] Unable to register cuDNN factory: Attempting to register factory for plugin cuDNN when one has already been registered
E0000 00:00:1739706303.672318  228871 cuda_blas.cc:1418] Unable to register cuBLAS factory: Attempting to register factory for plugin cuBLAS when one has already been registered
2025-02-16 11:45:04.043451: I tensorflow/core/platform/cpu_feature_guard.cc:210] This TensorFlow binary is optimized to use available CPU instructions in performance-critical operations.
To enable the following instructions: AVX2 AVX512F AVX512_VNNI FMA, in other operations, rebuild TensorFlow with the appropriate compiler flags.
I0000 00:00:1739706309.152083  228871 gpu_device.cc:2022] Created device /job:localhost/replica:0/task:0/device:GPU:0 with 22494 MB memory:  -> device: 0, name: NVIDIA RTX A5000, pci bus id: 0000:01:00.0, compute capability: 8.6
2025-02-16 11:45:11.069494: E tensorflow/core/util/util.cc:131] oneDNN supports DT_HALF only on platforms with AVX-512. Falling back to the default Eigen-based implementation if present.
WARNING: All log messages before absl::InitializeLog() is called are written to STDERR
I0000 00:00:1739706311.098284  228983 service.cc:148] XLA service 0x7faf440122a0 initialized for platform CUDA (this does not guarantee that XLA will be used). Devices:
I0000 00:00:1739706311.099183  228983 service.cc:156]   StreamExecutor device (0): NVIDIA RTX A5000, Compute Capability 8.6
2025-02-16 11:45:11.173354: I tensorflow/compiler/mlir/tensorflow/utils/dump_mlir_util.cc:268] disabling MLIR crash reproducer, set env var `MLIR_CRASH_REPRODUCER_DIRECTORY` to enable.
I0000 00:00:1739706311.363592  228983 cuda_dnn.cc:529] Loaded cuDNN version 90501
2025-02-16 11:45:12.214404: I external/local_xla/xla/stream_executor/cuda/cuda_asm_compiler.cc:397] ptxas warning : Registers are spilled to local memory in function 'gemm_fusion_dot_2800', 80 bytes spill stores, 80 bytes spill loads

2025-02-16 11:45:12.334627: I external/local_xla/xla/stream_executor/cuda/cuda_asm_compiler.cc:397] ptxas warning : Registers are spilled to local memory in function 'gemm_fusion_dot_2800', 312 bytes spill stores, 312 bytes spill loads

2025-02-16 11:45:12.339738: I external/local_xla/xla/stream_executor/cuda/cuda_asm_compiler.cc:397] ptxas warning : Registers are spilled to local memory in function 'gemm_fusion_dot_2800_0', 692 bytes spill stores, 636 bytes spill loads

2025-02-16 11:45:12.674344: I external/local_xla/xla/stream_executor/cuda/cuda_asm_compiler.cc:397] ptxas warning : Registers are spilled to local memory in function 'gemm_fusion_dot_2800', 88 bytes spill stores, 88 bytes spill loads

2025-02-16 11:45:12.916405: I external/local_xla/xla/stream_executor/cuda/cuda_asm_compiler.cc:397] ptxas warning : Registers are spilled to local memory in function 'gemm_fusion_dot_2800_0', 44 bytes spill stores, 44 bytes spill loads

2025-02-16 11:45:13.067678: I external/local_xla/xla/stream_executor/cuda/cuda_asm_compiler.cc:397] ptxas warning : Registers are spilled to local memory in function 'gemm_fusion_dot_2800', 1140 bytes spill stores, 1112 bytes spill loads

2025-02-16 11:45:13.100886: I external/local_xla/xla/stream_executor/cuda/cuda_asm_compiler.cc:397] ptxas warning : Registers are spilled to local memory in function 'gemm_fusion_dot_3095', 1204 bytes spill stores, 932 bytes spill loads

I0000 00:00:1739706316.647012  228983 device_compiler.h:188] Compiled cluster using XLA!  This line is logged at most once for the lifetime of the process.
2025-02-16 11:46:08.209849: I external/local_xla/xla/stream_executor/cuda/cuda_asm_compiler.cc:397] ptxas warning : Registers are spilled to local memory in function 'gemm_fusion_dot_2800', 80 bytes spill stores, 80 bytes spill loads

2025-02-16 11:46:08.361410: I external/local_xla/xla/stream_executor/cuda/cuda_asm_compiler.cc:397] ptxas warning : Registers are spilled to local memory in function 'gemm_fusion_dot_2800_0', 944 bytes spill stores, 644 bytes spill loads

2025-02-16 11:46:08.510789: I external/local_xla/xla/stream_executor/cuda/cuda_asm_compiler.cc:397] ptxas warning : Registers are spilled to local memory in function 'gemm_fusion_dot_2800', 1524 bytes spill stores, 1108 bytes spill loads

2025-02-16 11:46:08.578703: I external/local_xla/xla/stream_executor/cuda/cuda_asm_compiler.cc:397] ptxas warning : Registers are spilled to local memory in function 'gemm_fusion_dot_2800', 68 bytes spill stores, 68 bytes spill loads

2025-02-16 11:46:08.599643: I external/local_xla/xla/stream_executor/cuda/cuda_asm_compiler.cc:397] ptxas warning : Registers are spilled to local memory in function 'gemm_fusion_dot_3095', 48 bytes spill stores, 48 bytes spill loads

2025-02-16 11:46:08.844050: I external/local_xla/xla/stream_executor/cuda/cuda_asm_compiler.cc:397] ptxas warning : Registers are spilled to local memory in function 'gemm_fusion_dot_3095', 68 bytes spill stores, 68 bytes spill loads

2025-02-16 11:46:09.054836: I external/local_xla/xla/stream_executor/cuda/cuda_asm_compiler.cc:397] ptxas warning : Registers are spilled to local memory in function 'gemm_fusion_dot_2800', 340 bytes spill stores, 340 bytes spill loads

2025-02-16 11:46:09.055569: I external/local_xla/xla/stream_executor/cuda/cuda_asm_compiler.cc:397] ptxas warning : Registers are spilled to local memory in function 'gemm_fusion_dot_2800_0', 52 bytes spill stores, 52 bytes spill loads

2025-02-16 11:46:09.094523: I external/local_xla/xla/stream_executor/cuda/cuda_asm_compiler.cc:397] ptxas warning : Registers are spilled to local memory in function 'gemm_fusion_dot_3095', 4 bytes spill stores, 4 bytes spill loads

2025-02-16 11:46:09.376986: I external/local_xla/xla/stream_executor/cuda/cuda_asm_compiler.cc:397] ptxas warning : Registers are spilled to local memory in function 'gemm_fusion_dot_3095', 736 bytes spill stores, 744 bytes spill loads

slurmstepd: error: *** JOB 1067911 ON falcon-03 CANCELLED AT 2025-02-16T12:01:56 ***
