Model: "sequential"
┏━━━━━━━━━━━━━━━━━━━━━━━━━━━━━━━━━┳━━━━━━━━━━━━━━━━━━━━━━━━┳━━━━━━━━━━━━━━━┓
┃ Layer (type)                    ┃ Output Shape           ┃       Param # ┃
┡━━━━━━━━━━━━━━━━━━━━━━━━━━━━━━━━━╇━━━━━━━━━━━━━━━━━━━━━━━━╇━━━━━━━━━━━━━━━┩
│ random_contrast                 │ (None, 64, 64, 1)      │             0 │
│ (RandomContrast)                │                        │               │
├─────────────────────────────────┼────────────────────────┼───────────────┤
│ conv2d (Conv2D)                 │ (None, 62, 62, 128)    │         1,280 │
├─────────────────────────────────┼────────────────────────┼───────────────┤
│ max_pooling2d (MaxPooling2D)    │ (None, 31, 31, 128)    │             0 │
├─────────────────────────────────┼────────────────────────┼───────────────┤
│ conv2d_1 (Conv2D)               │ (None, 29, 29, 192)    │       221,376 │
├─────────────────────────────────┼────────────────────────┼───────────────┤
│ max_pooling2d_1 (MaxPooling2D)  │ (None, 14, 14, 192)    │             0 │
├─────────────────────────────────┼────────────────────────┼───────────────┤
│ dropout (Dropout)               │ (None, 14, 14, 192)    │             0 │
├─────────────────────────────────┼────────────────────────┼───────────────┤
│ conv2d_2 (Conv2D)               │ (None, 12, 12, 256)    │       442,624 │
├─────────────────────────────────┼────────────────────────┼───────────────┤
│ max_pooling2d_2 (MaxPooling2D)  │ (None, 6, 6, 256)      │             0 │
├─────────────────────────────────┼────────────────────────┼───────────────┤
│ dropout_1 (Dropout)             │ (None, 6, 6, 256)      │             0 │
├─────────────────────────────────┼────────────────────────┼───────────────┤
│ conv2d_3 (Conv2D)               │ (None, 4, 4, 256)      │       590,080 │
├─────────────────────────────────┼────────────────────────┼───────────────┤
│ max_pooling2d_3 (MaxPooling2D)  │ (None, 2, 2, 256)      │             0 │
├─────────────────────────────────┼────────────────────────┼───────────────┤
│ dropout_2 (Dropout)             │ (None, 2, 2, 256)      │             0 │
├─────────────────────────────────┼────────────────────────┼───────────────┤
│ flatten (Flatten)               │ (None, 1024)           │             0 │
├─────────────────────────────────┼────────────────────────┼───────────────┤
│ dense (Dense)                   │ (None, 4096)           │     4,198,400 │
├─────────────────────────────────┼────────────────────────┼───────────────┤
│ dropout_3 (Dropout)             │ (None, 4096)           │             0 │
├─────────────────────────────────┼────────────────────────┼───────────────┤
│ dense_1 (Dense)                 │ (None, 4096)           │    16,781,312 │
├─────────────────────────────────┼────────────────────────┼───────────────┤
│ dropout_4 (Dropout)             │ (None, 4096)           │             0 │
├─────────────────────────────────┼────────────────────────┼───────────────┤
│ dense_2 (Dense)                 │ (None, 4096)           │    16,781,312 │
├─────────────────────────────────┼────────────────────────┼───────────────┤
│ dropout_5 (Dropout)             │ (None, 4096)           │             0 │
├─────────────────────────────────┼────────────────────────┼───────────────┤
│ dense_3 (Dense)                 │ (None, 6584)           │    26,974,648 │
└─────────────────────────────────┴────────────────────────┴───────────────┘
 Total params: 65,991,032 (251.74 MB)
 Trainable params: 65,991,032 (251.74 MB)
 Non-trainable params: 0 (0.00 B)
None
Epoch 1/100
2100/2100 - 57s - 27ms/step - accuracy: 0.0372 - loss: 6.7659
Epoch 2/100
2100/2100 - 45s - 21ms/step - accuracy: 0.1649 - loss: 5.0266
Epoch 3/100
2100/2100 - 44s - 21ms/step - accuracy: 0.2328 - loss: 4.2075
Epoch 4/100
2100/2100 - 44s - 21ms/step - accuracy: 0.2766 - loss: 3.7942
Epoch 5/100
2100/2100 - 44s - 21ms/step - accuracy: 0.3093 - loss: 3.5348
Epoch 6/100
2100/2100 - 44s - 21ms/step - accuracy: 0.3355 - loss: 3.3638
Epoch 7/100
2100/2100 - 44s - 21ms/step - accuracy: 0.3569 - loss: 3.2406
Epoch 8/100
2100/2100 - 44s - 21ms/step - accuracy: 0.3732 - loss: 3.1452
Epoch 9/100
2100/2100 - 44s - 21ms/step - accuracy: 0.3853 - loss: 3.0769
Epoch 10/100
2100/2100 - 44s - 21ms/step - accuracy: 0.3922 - loss: 3.0430
Epoch 11/100
2100/2100 - 44s - 21ms/step - accuracy: 0.4015 - loss: 2.9947
Epoch 12/100
2100/2100 - 44s - 21ms/step - accuracy: 0.4061 - loss: 2.9703
Epoch 13/100
2100/2100 - 44s - 21ms/step - accuracy: 0.4136 - loss: 2.9404
Epoch 14/100
2100/2100 - 44s - 21ms/step - accuracy: 0.4157 - loss: 2.9370
Epoch 15/100
2100/2100 - 44s - 21ms/step - accuracy: 0.4204 - loss: 2.9158
Epoch 16/100
2100/2100 - 44s - 21ms/step - accuracy: 0.4202 - loss: 2.9228
Epoch 17/100
2100/2100 - 44s - 21ms/step - accuracy: 0.4246 - loss: 2.9032
Epoch 18/100
